mode: set
clinic/internal/platform/config/memory_repository.go:9.61,11.32 2 1
clinic/internal/platform/config/memory_repository.go:11.32,13.3 1 1
clinic/internal/platform/config/memory_repository.go:14.2,14.43 1 1
clinic/internal/platform/config/memory_repository.go:17.74,20.2 2 1
clinic/internal/platform/config/memory_repository.go:22.43,24.34 2 1
clinic/internal/platform/config/memory_repository.go:24.34,26.3 1 1
clinic/internal/platform/config/memory_repository.go:27.2,27.42 1 1
clinic/internal/platform/config/memory_repository.go:27.42,28.39 1 1
clinic/internal/platform/config/memory_repository.go:28.39,29.44 1 0
clinic/internal/platform/config/memory_repository.go:29.44,31.5 1 0
clinic/internal/platform/config/memory_repository.go:32.4,32.46 1 0
clinic/internal/platform/config/memory_repository.go:34.3,34.41 1 1
clinic/internal/platform/config/memory_repository.go:36.2,36.16 1 1
clinic/internal/platform/config/memory_repository.go:39.52,42.2 2 1
clinic/internal/platform/config/memory_repository.go:44.55,46.2 1 1
clinic/internal/platform/config/postgres_repository.go:13.60,15.2 1 0
clinic/internal/platform/config/postgres_repository.go:17.76,37.16 4 0
clinic/internal/platform/config/postgres_repository.go:37.16,39.3 1 0
clinic/internal/platform/config/postgres_repository.go:40.2,41.20 2 0
clinic/internal/platform/config/postgres_repository.go:44.45,50.16 3 0
clinic/internal/platform/config/postgres_repository.go:50.16,52.3 1 0
clinic/internal/platform/config/postgres_repository.go:53.2,55.18 3 0
clinic/internal/platform/config/postgres_repository.go:55.18,60.180 2 0
clinic/internal/platform/config/postgres_repository.go:60.180,61.12 1 0
clinic/internal/platform/config/postgres_repository.go:63.3,64.31 2 0
clinic/internal/platform/config/postgres_repository.go:66.2,66.14 1 0
clinic/internal/platform/config/postgres_repository.go:69.54,71.16 2 0
clinic/internal/platform/config/postgres_repository.go:71.16,73.3 1 0
clinic/internal/platform/config/postgres_repository.go:74.2,86.12 3 0
clinic/internal/platform/config/service.go:54.28,56.43 2 1
clinic/internal/platform/config/service.go:56.43,58.3 1 1
clinic/internal/platform/config/service.go:59.2,60.44 2 1
clinic/internal/platform/config/service.go:60.44,62.3 1 1
clinic/internal/platform/config/service.go:63.2,63.12 1 1
clinic/internal/platform/config/service.go:66.57,68.43 2 1
clinic/internal/platform/config/service.go:68.43,70.3 1 1
clinic/internal/platform/config/service.go:71.2,71.12 1 1
clinic/internal/platform/config/service.go:74.40,165.2 1 1
clinic/internal/platform/config/service.go:167.44,235.2 1 1
clinic/internal/platform/config/service.go:237.60,238.38 1 1
clinic/internal/platform/config/service.go:238.38,240.3 1 0
clinic/internal/platform/config/service.go:241.2,241.44 1 1
clinic/internal/platform/config/service.go:241.44,243.3 1 0
clinic/internal/platform/config/service.go:244.2,244.33 1 1
clinic/internal/platform/config/service.go:244.33,246.3 1 0
clinic/internal/platform/config/service.go:247.2,247.29 1 1
clinic/internal/platform/config/service.go:247.29,249.3 1 0
clinic/internal/platform/config/service.go:250.2,251.12 2 1
clinic/internal/platform/config/service.go:254.61,257.2 2 1
clinic/internal/platform/config/service.go:259.46,261.36 2 1
clinic/internal/platform/config/service.go:261.36,263.3 1 1
clinic/internal/platform/config/service.go:264.2,264.40 1 1
clinic/internal/platform/config/service.go:264.40,264.78 1 1
clinic/internal/platform/config/service.go:265.2,265.14 1 1
clinic/internal/platform/config/service.go:268.49,270.2 1 1
clinic/internal/platform/config/service.go:272.35,274.33 2 1
clinic/internal/platform/config/service.go:274.33,276.3 1 1
clinic/internal/platform/config/service.go:277.2,278.13 2 1
clinic/internal/platform/config/service.go:281.37,283.2 1 1
clinic/internal/platform/config/service.go:285.43,287.9 2 1
clinic/internal/platform/config/service.go:287.9,289.3 1 1
clinic/internal/platform/config/service.go:290.2,290.23 1 1
clinic/internal/platform/config/service.go:290.23,292.3 1 0
clinic/internal/platform/config/service.go:293.2,293.52 1 1
clinic/internal/platform/config/service.go:293.52,295.3 1 1
clinic/internal/platform/config/service.go:296.2,296.63 1 1
clinic/internal/platform/config/service.go:296.63,298.3 1 1
clinic/internal/platform/config/service.go:299.2,299.27 1 1
clinic/internal/platform/config/service.go:299.27,301.3 1 0
clinic/internal/platform/config/service.go:302.2,302.26 1 1
clinic/internal/platform/config/service.go:302.26,304.3 1 0
clinic/internal/platform/config/service.go:305.2,305.30 1 1
clinic/internal/platform/config/service.go:305.30,307.3 1 0
clinic/internal/platform/config/service.go:308.2,308.27 1 1
clinic/internal/platform/config/service.go:308.27,310.3 1 0
clinic/internal/platform/config/service.go:311.2,311.24 1 1
clinic/internal/platform/config/service.go:311.24,313.3 1 0
clinic/internal/platform/config/service.go:314.2,314.27 1 1
clinic/internal/platform/config/service.go:317.90,319.9 2 1
clinic/internal/platform/config/service.go:319.9,321.3 1 0
clinic/internal/platform/config/service.go:322.2,332.4 4 1
clinic/internal/platform/config/service.go:332.4,333.65 1 1
clinic/internal/platform/config/service.go:333.65,334.12 1 1
clinic/internal/platform/config/service.go:336.3,336.57 1 1
clinic/internal/platform/config/service.go:336.57,337.12 1 1
clinic/internal/platform/config/service.go:339.3,340.10 2 1
clinic/internal/platform/config/service.go:340.10,341.12 1 1
clinic/internal/platform/config/service.go:343.3,345.36 3 1
clinic/internal/platform/config/service.go:347.2,355.9 1 1
clinic/internal/platform/config/service.go:358.82,361.27 3 1
clinic/internal/platform/config/service.go:361.27,362.66 1 1
clinic/internal/platform/config/service.go:362.66,364.4 1 1
clinic/internal/platform/config/service.go:366.2,366.14 1 1
clinic/internal/platform/config/service.go:369.43,378.9 3 1
clinic/internal/platform/config/service.go:378.9,380.3 1 0
clinic/internal/platform/config/service.go:381.2,381.66 1 1
clinic/internal/platform/config/service.go:381.66,383.3 1 1
clinic/internal/platform/config/service.go:384.2,384.66 1 1
clinic/internal/platform/config/service.go:384.66,386.3 1 1
clinic/internal/platform/config/service.go:387.2,387.77 1 1
clinic/internal/platform/config/service.go:387.77,389.3 1 1
clinic/internal/platform/config/service.go:390.2,390.72 1 1
clinic/internal/platform/config/service.go:390.72,392.3 1 1
clinic/internal/platform/config/service.go:393.2,393.78 1 1
clinic/internal/platform/config/service.go:393.78,395.3 1 1
clinic/internal/platform/config/service.go:396.2,397.15 2 1
clinic/internal/platform/config/service.go:400.53,402.60 2 0
clinic/internal/platform/config/service.go:402.60,406.75 4 0
clinic/internal/platform/config/service.go:406.75,408.4 1 0
clinic/internal/platform/config/service.go:410.2,410.15 1 0
clinic/internal/platform/config/service.go:413.43,415.57 2 1
clinic/internal/platform/config/service.go:415.57,418.95 3 1
clinic/internal/platform/config/service.go:418.95,420.4 1 1
clinic/internal/platform/config/service.go:421.3,422.75 2 1
clinic/internal/platform/config/service.go:422.75,424.4 1 1
clinic/internal/platform/config/service.go:426.2,426.15 1 1
clinic/internal/platform/config/service.go:429.53,431.60 2 0
clinic/internal/platform/config/service.go:431.60,432.94 1 0
clinic/internal/platform/config/service.go:432.94,434.4 1 0
clinic/internal/platform/config/service.go:435.3,435.76 1 0
clinic/internal/platform/config/service.go:435.76,437.4 1 0
clinic/internal/platform/config/service.go:439.2,439.15 1 0
clinic/internal/platform/config/service.go:442.74,443.31 1 1
clinic/internal/platform/config/service.go:443.31,445.28 2 1
clinic/internal/platform/config/service.go:445.28,446.12 1 1
clinic/internal/platform/config/service.go:448.3,448.10 1 1
clinic/internal/platform/config/service.go:448.10,449.12 1 0
clinic/internal/platform/config/service.go:451.3,451.21 1 1
clinic/internal/platform/config/service.go:452.14,453.117 1 1
clinic/internal/platform/config/service.go:453.117,455.5 1 1
clinic/internal/platform/config/service.go:456.15,457.36 1 1
clinic/internal/platform/config/service.go:457.36,459.5 1 0
clinic/internal/platform/config/service.go:460.17,461.38 1 1
clinic/internal/platform/config/service.go:461.38,463.5 1 1
clinic/internal/platform/config/service.go:464.22,465.81 1 1
clinic/internal/platform/config/service.go:465.81,466.36 1 1
clinic/internal/platform/config/service.go:467.19,468.15 1 1
clinic/internal/platform/config/service.go:469.16,470.15 1 0
clinic/internal/platform/config/service.go:471.13,472.86 1 1
clinic/internal/platform/config/service.go:476.3,476.26 1 1
clinic/internal/platform/config/service.go:476.26,478.55 2 0
clinic/internal/platform/config/service.go:478.55,480.5 1 0
clinic/internal/platform/config/service.go:483.2,483.12 1 1
clinic/internal/platform/config/service.go:486.30,487.31 1 1
clinic/internal/platform/config/service.go:488.11,489.15 1 1
clinic/internal/platform/config/service.go:490.13,491.20 1 0
clinic/internal/platform/config/service.go:492.13,493.20 1 0
clinic/internal/platform/config/service.go:494.15,495.20 1 0
clinic/internal/platform/config/service.go:496.15,497.20 1 0
clinic/internal/platform/config/service.go:498.10,499.11 1 1
clinic/internal/platform/config/service.go:503.34,505.2 1 1
clinic/internal/platform/config/service.go:507.36,508.31 1 1
clinic/internal/platform/config/service.go:509.12,510.15 1 1
clinic/internal/platform/config/service.go:511.14,512.61 1 0
clinic/internal/platform/config/service.go:513.10,514.15 1 0
clinic/internal/platform/config/service.go:518.40,519.36 1 1
clinic/internal/platform/config/service.go:519.36,521.3 1 1
clinic/internal/platform/config/service.go:522.2,522.11 1 0
clinic/internal/platform/config/service.go:525.43,526.31 1 1
clinic/internal/platform/config/service.go:527.16,528.41 1 1
clinic/internal/platform/config/service.go:529.13,531.30 2 1
clinic/internal/platform/config/service.go:531.30,532.51 1 1
clinic/internal/platform/config/service.go:532.51,534.5 1 1
clinic/internal/platform/config/service.go:536.3,536.15 1 1
clinic/internal/platform/config/service.go:537.10,538.13 1 1
clinic/internal/platform/config/service.go:542.56,544.2 1 1
clinic/internal/platform/config/service.go:546.60,547.29 1 1
clinic/internal/platform/config/service.go:547.29,548.24 1 1
clinic/internal/platform/config/service.go:548.24,550.4 1 1
clinic/internal/platform/config/service.go:552.2,552.14 1 1
clinic/internal/platform/config/service.go:555.52,556.21 1 1
clinic/internal/platform/config/service.go:556.21,558.3 1 0
clinic/internal/platform/config/service.go:559.2,560.32 2 1
clinic/internal/platform/config/service.go:560.32,562.3 1 1
clinic/internal/platform/config/service.go:563.2,563.15 1 1
clinic/internal/platform/config/service.go:566.46,567.33 1 1
clinic/internal/platform/config/service.go:567.33,569.3 1 1
clinic/internal/platform/document/memory_repository.go:18.46,27.2 1 1
clinic/internal/platform/document/memory_repository.go:29.65,30.50 1 1
clinic/internal/platform/document/memory_repository.go:30.50,32.3 1 0
clinic/internal/platform/document/memory_repository.go:33.2,34.12 2 1
clinic/internal/platform/document/memory_repository.go:37.82,40.2 2 1
clinic/internal/platform/document/memory_repository.go:42.59,44.36 2 0
clinic/internal/platform/document/memory_repository.go:44.36,46.3 1 0
clinic/internal/platform/document/memory_repository.go:47.2,47.39 1 0
clinic/internal/platform/document/memory_repository.go:47.39,49.3 1 0
clinic/internal/platform/document/memory_repository.go:50.2,50.13 1 0
clinic/internal/platform/document/memory_repository.go:53.83,54.43 1 1
clinic/internal/platform/document/memory_repository.go:54.43,56.3 1 1
clinic/internal/platform/document/memory_repository.go:57.2,57.72 1 1
clinic/internal/platform/document/memory_repository.go:57.72,59.3 1 0
clinic/internal/platform/document/memory_repository.go:60.2,61.12 2 1
clinic/internal/platform/document/memory_repository.go:64.96,66.49 2 1
clinic/internal/platform/document/memory_repository.go:66.49,68.3 1 1
clinic/internal/platform/document/memory_repository.go:69.2,69.40 1 1
clinic/internal/platform/document/memory_repository.go:69.40,69.90 1 0
clinic/internal/platform/document/memory_repository.go:70.2,70.14 1 1
clinic/internal/platform/document/memory_repository.go:73.60,79.2 5 1
clinic/internal/platform/document/memory_repository.go:81.72,83.8 2 1
clinic/internal/platform/document/memory_repository.go:83.8,87.3 3 1
clinic/internal/platform/document/memory_repository.go:88.2,88.19 1 1
clinic/internal/platform/document/memory_repository.go:91.51,93.35 2 0
clinic/internal/platform/document/memory_repository.go:93.35,95.3 1 0
clinic/internal/platform/document/memory_repository.go:96.2,96.42 1 0
clinic/internal/platform/document/memory_repository.go:96.42,98.3 1 0
clinic/internal/platform/document/memory_repository.go:99.2,99.16 1 0
clinic/internal/platform/document/memory_repository.go:102.77,104.40 2 1
clinic/internal/platform/document/memory_repository.go:104.40,104.84 1 1
clinic/internal/platform/document/memory_repository.go:105.2,106.45 2 1
clinic/internal/platform/document/memory_repository.go:106.45,109.3 2 1
clinic/internal/platform/document/memory_repository.go:110.2,110.12 1 1
clinic/internal/platform/document/memory_repository.go:113.64,115.2 1 0
clinic/internal/platform/document/memory_repository.go:117.77,119.40 2 1
clinic/internal/platform/document/memory_repository.go:119.40,119.96 1 0
clinic/internal/platform/document/memory_repository.go:120.2,121.45 2 1
clinic/internal/platform/document/memory_repository.go:121.45,124.3 2 1
clinic/internal/platform/document/memory_repository.go:125.2,125.12 1 1
clinic/internal/platform/document/memory_repository.go:128.64,130.2 1 1
clinic/internal/platform/document/memory_repository.go:132.95,134.40 2 1
clinic/internal/platform/document/memory_repository.go:134.40,134.96 1 0
clinic/internal/platform/document/memory_repository.go:135.2,136.45 2 1
clinic/internal/platform/document/memory_repository.go:136.45,139.3 2 1
clinic/internal/platform/document/memory_repository.go:140.2,140.12 1 1
clinic/internal/platform/document/memory_repository.go:143.76,145.2 1 1
clinic/internal/platform/document/postgres_repository.go:16.60,18.2 1 1
clinic/internal/platform/document/postgres_repository.go:20.67,27.16 3 1
clinic/internal/platform/document/postgres_repository.go:27.16,29.3 1 0
clinic/internal/platform/document/postgres_repository.go:30.2,31.16 2 1
clinic/internal/platform/document/postgres_repository.go:31.16,33.3 1 0
clinic/internal/platform/document/postgres_repository.go:35.2,45.16 2 1
clinic/internal/platform/document/postgres_repository.go:45.16,47.3 1 0
clinic/internal/platform/document/postgres_repository.go:48.2,48.12 1 1
clinic/internal/platform/document/postgres_repository.go:51.84,71.16 6 1
clinic/internal/platform/document/postgres_repository.go:71.16,73.3 1 0
clinic/internal/platform/document/postgres_repository.go:74.2,76.18 3 1
clinic/internal/platform/document/postgres_repository.go:79.61,87.16 3 1
clinic/internal/platform/document/postgres_repository.go:87.16,89.3 1 0
clinic/internal/platform/document/postgres_repository.go:90.2,93.18 3 1
clinic/internal/platform/document/postgres_repository.go:93.18,97.194 4 1
clinic/internal/platform/document/postgres_repository.go:97.194,98.12 1 0
clinic/internal/platform/document/postgres_repository.go:100.3,102.27 3 1
clinic/internal/platform/document/postgres_repository.go:104.2,104.13 1 1
clinic/internal/platform/document/postgres_repository.go:107.85,113.16 3 1
clinic/internal/platform/document/postgres_repository.go:113.16,115.3 1 0
clinic/internal/platform/document/postgres_repository.go:116.2,116.12 1 1
clinic/internal/platform/document/postgres_repository.go:119.98,126.16 3 1
clinic/internal/platform/document/postgres_repository.go:126.16,128.3 1 0
clinic/internal/platform/document/postgres_repository.go:129.2,131.18 3 1
clinic/internal/platform/document/postgres_repository.go:131.18,133.163 2 1
clinic/internal/platform/document/postgres_repository.go:133.163,134.12 1 0
clinic/internal/platform/document/postgres_repository.go:136.3,136.30 1 1
clinic/internal/platform/document/postgres_repository.go:138.2,138.14 1 1
clinic/internal/platform/document/postgres_repository.go:141.62,143.16 2 1
clinic/internal/platform/document/postgres_repository.go:143.16,145.3 1 0
clinic/internal/platform/document/postgres_repository.go:147.2,194.12 3 1
clinic/internal/platform/document/postgres_repository.go:197.74,235.16 4 1
clinic/internal/platform/document/postgres_repository.go:235.16,237.3 1 0
clinic/internal/platform/document/postgres_repository.go:238.2,238.23 1 1
clinic/internal/platform/document/postgres_repository.go:238.23,240.3 1 0
clinic/internal/platform/document/postgres_repository.go:241.2,243.70 3 1
clinic/internal/platform/document/postgres_repository.go:243.70,245.3 1 0
clinic/internal/platform/document/postgres_repository.go:246.2,249.21 4 1
clinic/internal/platform/document/postgres_repository.go:252.53,262.16 3 1
clinic/internal/platform/document/postgres_repository.go:262.16,264.3 1 0
clinic/internal/platform/document/postgres_repository.go:265.2,268.18 3 1
clinic/internal/platform/document/postgres_repository.go:268.18,295.17 2 1
clinic/internal/platform/document/postgres_repository.go:295.17,296.12 1 0
clinic/internal/platform/document/postgres_repository.go:298.3,298.24 1 1
clinic/internal/platform/document/postgres_repository.go:298.24,300.4 1 0
clinic/internal/platform/document/postgres_repository.go:301.3,303.71 3 1
clinic/internal/platform/document/postgres_repository.go:303.71,304.12 1 0
clinic/internal/platform/document/postgres_repository.go:306.3,309.36 4 1
clinic/internal/platform/document/postgres_repository.go:311.2,311.42 1 1
clinic/internal/platform/document/postgres_repository.go:311.42,313.3 1 0
clinic/internal/platform/document/postgres_repository.go:314.2,314.16 1 1
clinic/internal/platform/document/postgres_repository.go:317.53,318.16 1 1
clinic/internal/platform/document/postgres_repository.go:318.16,320.3 1 1
clinic/internal/platform/document/postgres_repository.go:321.2,321.10 1 0
clinic/internal/platform/document/postgres_repository.go:324.79,326.16 2 1
clinic/internal/platform/document/postgres_repository.go:326.16,328.3 1 0
clinic/internal/platform/document/postgres_repository.go:329.2,329.15 1 1
clinic/internal/platform/document/postgres_repository.go:329.15,329.36 1 1
clinic/internal/platform/document/postgres_repository.go:330.2,330.129 1 1
clinic/internal/platform/document/postgres_repository.go:330.129,332.3 1 0
clinic/internal/platform/document/postgres_repository.go:333.2,333.29 1 1
clinic/internal/platform/document/postgres_repository.go:333.29,335.17 2 1
clinic/internal/platform/document/postgres_repository.go:335.17,337.4 1 0
clinic/internal/platform/document/postgres_repository.go:338.3,343.17 1 1
clinic/internal/platform/document/postgres_repository.go:343.17,345.4 1 0
clinic/internal/platform/document/postgres_repository.go:347.2,347.20 1 1
clinic/internal/platform/document/postgres_repository.go:350.66,356.16 2 1
clinic/internal/platform/document/postgres_repository.go:356.16,358.3 1 1
clinic/internal/platform/document/postgres_repository.go:359.2,361.18 3 1
clinic/internal/platform/document/postgres_repository.go:361.18,364.169 3 1
clinic/internal/platform/document/postgres_repository.go:364.169,365.12 1 0
clinic/internal/platform/document/postgres_repository.go:367.3,368.30 2 1
clinic/internal/platform/document/postgres_repository.go:370.2,370.14 1 1
clinic/internal/platform/document/postgres_repository.go:373.79,375.16 2 1
clinic/internal/platform/document/postgres_repository.go:375.16,377.3 1 0
clinic/internal/platform/document/postgres_repository.go:378.2,378.15 1 1
clinic/internal/platform/document/postgres_repository.go:378.15,378.36 1 1
clinic/internal/platform/document/postgres_repository.go:379.2,379.129 1 1
clinic/internal/platform/document/postgres_repository.go:379.129,381.3 1 0
clinic/internal/platform/document/postgres_repository.go:382.2,382.29 1 1
clinic/internal/platform/document/postgres_repository.go:382.29,384.17 2 1
clinic/internal/platform/document/postgres_repository.go:384.17,386.4 1 0
clinic/internal/platform/document/postgres_repository.go:387.3,392.17 1 1
clinic/internal/platform/document/postgres_repository.go:392.17,394.4 1 0
clinic/internal/platform/document/postgres_repository.go:396.2,396.20 1 1
clinic/internal/platform/document/postgres_repository.go:399.66,405.16 2 1
clinic/internal/platform/document/postgres_repository.go:405.16,407.3 1 1
clinic/internal/platform/document/postgres_repository.go:408.2,410.18 3 1
clinic/internal/platform/document/postgres_repository.go:410.18,413.131 3 1
clinic/internal/platform/document/postgres_repository.go:413.131,414.12 1 0
clinic/internal/platform/document/postgres_repository.go:416.3,417.30 2 1
clinic/internal/platform/document/postgres_repository.go:419.2,419.14 1 1
clinic/internal/platform/document/postgres_repository.go:422.97,424.16 2 1
clinic/internal/platform/document/postgres_repository.go:424.16,426.3 1 0
clinic/internal/platform/document/postgres_repository.go:427.2,427.15 1 1
clinic/internal/platform/document/postgres_repository.go:427.15,427.36 1 1
clinic/internal/platform/document/postgres_repository.go:428.2,428.135 1 1
clinic/internal/platform/document/postgres_repository.go:428.135,430.3 1 0
clinic/internal/platform/document/postgres_repository.go:431.2,431.41 1 1
clinic/internal/platform/document/postgres_repository.go:431.41,437.17 1 1
clinic/internal/platform/document/postgres_repository.go:437.17,439.4 1 0
clinic/internal/platform/document/postgres_repository.go:441.2,441.20 1 1
clinic/internal/platform/document/postgres_repository.go:444.78,450.16 2 1
clinic/internal/platform/document/postgres_repository.go:450.16,452.3 1 1
clinic/internal/platform/document/postgres_repository.go:453.2,455.18 3 1
clinic/internal/platform/document/postgres_repository.go:455.18,457.172 2 1
clinic/internal/platform/document/postgres_repository.go:457.172,458.12 1 0
clinic/internal/platform/document/postgres_repository.go:460.3,460.30 1 1
clinic/internal/platform/document/postgres_repository.go:462.2,462.14 1 1
clinic/internal/platform/document/service.go:17.28,29.2 3 1
clinic/internal/platform/document/service.go:31.57,33.2 1 1
clinic/internal/platform/document/service.go:35.50,36.20 1 1
clinic/internal/platform/document/service.go:36.20,38.3 1 0
clinic/internal/platform/document/service.go:39.2,39.35 1 1
clinic/internal/platform/document/service.go:42.68,43.28 1 1
clinic/internal/platform/document/service.go:43.28,45.3 1 0
clinic/internal/platform/document/service.go:46.2,46.25 1 1
clinic/internal/platform/document/service.go:46.25,48.3 1 0
clinic/internal/platform/document/service.go:49.2,49.58 1 1
clinic/internal/platform/document/service.go:49.58,51.3 1 0
clinic/internal/platform/document/service.go:52.2,52.44 1 1
clinic/internal/platform/document/service.go:55.44,58.27 3 0
clinic/internal/platform/document/service.go:58.27,60.3 1 0
clinic/internal/platform/document/service.go:61.2,61.13 1 0
clinic/internal/platform/document/service.go:64.35,66.2 1 0
clinic/internal/platform/document/service.go:68.58,70.9 2 1
clinic/internal/platform/document/service.go:70.9,72.3 1 0
clinic/internal/platform/document/service.go:73.2,73.20 1 1
clinic/internal/platform/document/service.go:76.71,78.9 2 1
clinic/internal/platform/document/service.go:78.9,80.3 1 0
clinic/internal/platform/document/service.go:81.2,81.17 1 1
clinic/internal/platform/document/service.go:84.83,86.2 1 0
clinic/internal/platform/document/service.go:88.45,90.2 1 0
clinic/internal/platform/document/service.go:92.124,94.9 2 1
clinic/internal/platform/document/service.go:94.9,96.3 1 0
clinic/internal/platform/document/service.go:97.2,122.50 5 1
clinic/internal/platform/document/service.go:122.50,124.3 1 0
clinic/internal/platform/document/service.go:125.2,125.20 1 1
clinic/internal/platform/document/service.go:128.115,130.16 2 1
clinic/internal/platform/document/service.go:130.16,132.3 1 0
clinic/internal/platform/document/service.go:133.2,133.93 1 1
clinic/internal/platform/document/service.go:133.93,135.3 1 0
clinic/internal/platform/document/service.go:136.2,138.50 3 1
clinic/internal/platform/document/service.go:138.50,140.3 1 0
clinic/internal/platform/document/service.go:141.2,141.20 1 1
clinic/internal/platform/document/service.go:144.95,147.2 2 1
clinic/internal/platform/document/service.go:149.71,151.16 2 1
clinic/internal/platform/document/service.go:151.16,153.3 1 0
clinic/internal/platform/document/service.go:154.2,154.23 1 1
clinic/internal/platform/document/service.go:154.23,155.24 1 1
clinic/internal/platform/document/service.go:155.24,157.4 1 1
clinic/internal/platform/document/service.go:158.3,159.27 2 1
clinic/internal/platform/document/service.go:159.27,161.4 1 1
clinic/internal/platform/document/service.go:162.3,162.52 1 1
clinic/internal/platform/document/service.go:162.52,164.4 1 0
clinic/internal/platform/document/service.go:166.2,166.60 1 1
clinic/internal/platform/document/service.go:166.60,168.3 1 0
clinic/internal/platform/document/service.go:169.2,170.34 2 1
clinic/internal/platform/document/service.go:173.113,175.16 2 1
clinic/internal/platform/document/service.go:175.16,177.3 1 0
clinic/internal/platform/document/service.go:178.2,179.16 2 1
clinic/internal/platform/document/service.go:179.16,181.3 1 0
clinic/internal/platform/document/service.go:182.2,182.47 1 1
clinic/internal/platform/document/service.go:182.47,184.3 1 1
clinic/internal/platform/document/service.go:185.2,195.60 4 1
clinic/internal/platform/document/service.go:195.60,197.3 1 0
clinic/internal/platform/document/service.go:198.2,199.40 2 1
clinic/internal/platform/document/service.go:202.140,204.16 2 1
clinic/internal/platform/document/service.go:204.16,206.3 1 0
clinic/internal/platform/document/service.go:207.2,208.16 2 1
clinic/internal/platform/document/service.go:208.16,210.3 1 0
clinic/internal/platform/document/service.go:211.2,211.59 1 1
clinic/internal/platform/document/service.go:211.59,213.3 1 0
clinic/internal/platform/document/service.go:214.2,226.72 4 1
clinic/internal/platform/document/service.go:226.72,228.3 1 0
clinic/internal/platform/document/service.go:229.2,230.46 2 1
clinic/internal/platform/document/service.go:233.55,234.31 1 1
clinic/internal/platform/document/service.go:234.31,235.25 1 1
clinic/internal/platform/document/service.go:235.25,237.4 1 1
clinic/internal/platform/document/service.go:239.2,239.14 1 1
clinic/internal/platform/document/service.go:242.49,245.2 2 1
clinic/internal/platform/document/service.go:247.62,249.23 2 1
clinic/internal/platform/document/service.go:249.23,251.3 1 0
clinic/internal/platform/document/service.go:252.2,254.19 3 1
clinic/internal/platform/document/service.go:257.116,263.2 5 1
clinic/internal/platform/document/service.go:265.107,267.14 2 1
clinic/internal/platform/document/service.go:268.15,269.20 1 1
clinic/internal/platform/document/service.go:270.20,273.14 3 1
clinic/internal/platform/document/service.go:274.10,277.14 3 1
clinic/internal/platform/document/service.go:281.80,283.63 2 1
clinic/internal/platform/document/service.go:283.63,285.3 1 1
clinic/internal/platform/document/service.go:286.2,286.12 1 1
clinic/internal/platform/document/service.go:289.52,290.18 1 1
clinic/internal/platform/document/service.go:290.18,292.3 1 0
clinic/internal/platform/document/service.go:293.2,294.32 2 1
clinic/internal/platform/document/service.go:294.32,296.3 1 1
clinic/internal/platform/document/service.go:297.2,297.15 1 1
clinic/internal/platform/document/service.go:300.31,301.31 1 1
clinic/internal/platform/document/service.go:302.22,303.25 1 1
clinic/internal/platform/document/service.go:304.13,306.30 2 0
clinic/internal/platform/document/service.go:306.30,308.4 1 0
clinic/internal/platform/document/service.go:309.3,309.15 1 0
clinic/internal/platform/document/service.go:310.10,311.15 1 1
clinic/internal/platform/document/service.go:315.58,316.20 1 1
clinic/internal/platform/document/service.go:316.20,318.3 1 0
clinic/internal/platform/document/service.go:319.2,320.8 2 1
clinic/internal/platform/document/service.go:320.8,322.3 1 1
clinic/internal/platform/document/service.go:323.2,323.25 1 1
clinic/internal/platform/document/service.go:326.97,327.26 1 1
clinic/internal/platform/document/service.go:327.26,329.3 1 0
clinic/internal/platform/document/service.go:330.2,331.43 2 1
clinic/internal/platform/document/service.go:331.43,332.57 1 1
clinic/internal/platform/document/service.go:332.57,334.4 1 1
clinic/internal/platform/document/service.go:336.2,336.17 1 1
clinic/internal/platform/document/service.go:339.80,340.27 1 1
clinic/internal/platform/document/service.go:340.27,341.33 1 1
clinic/internal/platform/document/service.go:341.33,343.4 1 1
clinic/internal/platform/document/service.go:345.2,345.14 1 0
clinic/internal/platform/document/service.go:348.69,350.27 2 0
clinic/internal/platform/document/service.go:350.27,352.3 1 0
clinic/internal/platform/document/service.go:353.2,354.13 2 0
clinic/internal/platform/activity/service.go:57.28,63.2 1 1
clinic/internal/platform/activity/service.go:65.117,66.111 1 1
clinic/internal/platform/activity/service.go:66.111,68.3 1 0
clinic/internal/platform/activity/service.go:69.2,80.18 4 1
clinic/internal/platform/activity/service.go:83.82,84.114 1 0
clinic/internal/platform/activity/service.go:84.114,86.3 1 0
clinic/internal/platform/activity/service.go:87.2,90.18 4 0
clinic/internal/platform/activity/service.go:93.113,94.114 1 1
clinic/internal/platform/activity/service.go:94.114,96.3 1 0
clinic/internal/platform/activity/service.go:97.2,109.18 4 1
clinic/internal/platform/activity/service.go:112.65,113.30 1 1
clinic/internal/platform/activity/service.go:113.30,114.50 1 1
clinic/internal/platform/activity/service.go:114.50,115.12 1 0
clinic/internal/platform/activity/service.go:117.3,119.30 3 1
clinic/internal/platform/activity/service.go:121.2,121.58 1 0
clinic/internal/platform/activity/service.go:124.73,126.34 2 1
clinic/internal/platform/activity/service.go:126.34,127.65 1 1
clinic/internal/platform/activity/service.go:127.65,128.12 1 0
clinic/internal/platform/activity/service.go:130.3,133.5 1 1
clinic/internal/platform/activity/service.go:135.2,135.36 1 1
clinic/internal/platform/activity/service.go:135.36,136.65 1 1
clinic/internal/platform/activity/service.go:136.65,137.12 1 0
clinic/internal/platform/activity/service.go:139.3,142.5 1 1
clinic/internal/platform/activity/service.go:144.2,144.40 1 1
clinic/internal/platform/activity/service.go:144.40,144.98 1 1
clinic/internal/platform/activity/service.go:145.2,145.14 1 1
clinic/internal/platform/activity/service.go:148.43,149.38 1 1
clinic/internal/platform/activity/service.go:149.38,151.3 1 0
clinic/internal/platform/activity/service.go:152.2,152.35 1 1
clinic/internal/platform/activity/service.go:155.52,156.21 1 1
clinic/internal/platform/activity/service.go:156.21,158.3 1 1
clinic/internal/platform/activity/service.go:159.2,160.32 2 0
clinic/internal/platform/activity/service.go:160.32,162.3 1 0
clinic/internal/platform/activity/service.go:163.2,163.15 1 0
clinic/internal/platform/identity/memory_repository.go:17.231,29.2 1 1
clinic/internal/platform/identity/memory_repository.go:31.43,33.2 1 1
clinic/internal/platform/identity/memory_repository.go:35.43,37.2 1 1
clinic/internal/platform/identity/memory_repository.go:39.55,41.2 1 1
clinic/internal/platform/identity/memory_repository.go:43.57,45.2 1 1
clinic/internal/platform/identity/memory_repository.go:47.63,49.2 1 1
clinic/internal/platform/identity/memory_repository.go:51.55,53.2 1 1
clinic/internal/platform/identity/memory_repository.go:55.49,57.2 1 1
clinic/internal/platform/identity/memory_repository.go:59.67,61.2 1 1
clinic/internal/platform/identity/memory_repository.go:63.54,64.34 1 1
clinic/internal/platform/identity/memory_repository.go:64.34,65.28 1 1
clinic/internal/platform/identity/memory_repository.go:65.28,68.4 2 1
clinic/internal/platform/identity/memory_repository.go:70.2,71.12 2 1
clinic/internal/platform/identity/memory_repository.go:74.54,75.34 1 0
clinic/internal/platform/identity/memory_repository.go:75.34,76.28 1 0
clinic/internal/platform/identity/memory_repository.go:76.28,79.4 2 0
clinic/internal/platform/identity/memory_repository.go:81.2,82.12 2 0
clinic/internal/platform/identity/memory_repository.go:85.72,86.40 1 0
clinic/internal/platform/identity/memory_repository.go:86.40,87.36 1 0
clinic/internal/platform/identity/memory_repository.go:87.36,90.4 2 0
clinic/internal/platform/identity/memory_repository.go:92.2,93.12 2 0
clinic/internal/platform/identity/memory_repository.go:96.71,97.37 1 1
clinic/internal/platform/identity/memory_repository.go:97.37,98.31 1 1
clinic/internal/platform/identity/memory_repository.go:98.31,101.4 2 0
clinic/internal/platform/identity/memory_repository.go:103.2,104.12 2 1
clinic/internal/platform/identity/memory_repository.go:107.75,108.35 1 0
clinic/internal/platform/identity/memory_repository.go:108.35,109.85 1 0
clinic/internal/platform/identity/memory_repository.go:109.85,112.4 2 0
clinic/internal/platform/identity/memory_repository.go:114.2,115.12 2 0
clinic/internal/platform/identity/memory_repository.go:118.61,119.31 1 1
clinic/internal/platform/identity/memory_repository.go:119.31,120.20 1 1
clinic/internal/platform/identity/memory_repository.go:120.20,122.4 1 1
clinic/internal/platform/identity/memory_repository.go:124.2,124.22 1 0
clinic/internal/platform/identity/memory_repository.go:127.77,128.31 1 1
clinic/internal/platform/identity/memory_repository.go:128.31,129.32 1 1
clinic/internal/platform/identity/memory_repository.go:129.32,131.4 1 1
clinic/internal/platform/identity/memory_repository.go:133.2,133.22 1 1
clinic/internal/platform/identity/memory_repository.go:136.67,137.37 1 1
clinic/internal/platform/identity/memory_repository.go:137.37,138.23 1 1
clinic/internal/platform/identity/memory_repository.go:138.23,140.4 1 1
clinic/internal/platform/identity/memory_repository.go:142.2,142.25 1 0
clinic/internal/platform/identity/memory_repository.go:145.85,146.43 1 1
clinic/internal/platform/identity/memory_repository.go:146.43,147.34 1 1
clinic/internal/platform/identity/memory_repository.go:147.34,149.4 1 1
clinic/internal/platform/identity/memory_repository.go:151.2,151.28 1 0
clinic/internal/platform/identity/memory_repository.go:154.85,155.48 1 1
clinic/internal/platform/identity/memory_repository.go:155.48,156.25 1 1
clinic/internal/platform/identity/memory_repository.go:156.25,158.4 1 1
clinic/internal/platform/identity/memory_repository.go:160.2,160.34 1 0
clinic/internal/platform/identity/memory_repository.go:163.83,164.46 1 0
clinic/internal/platform/identity/memory_repository.go:164.46,165.33 1 0
clinic/internal/platform/identity/memory_repository.go:165.33,168.4 2 0
clinic/internal/platform/identity/memory_repository.go:170.2,171.12 2 0
clinic/internal/platform/identity/memory_repository.go:174.72,175.40 1 1
clinic/internal/platform/identity/memory_repository.go:175.40,176.42 1 1
clinic/internal/platform/identity/memory_repository.go:176.42,179.4 2 1
clinic/internal/platform/identity/memory_repository.go:181.2,182.12 2 1
clinic/internal/platform/identity/memory_repository.go:185.63,186.37 1 1
clinic/internal/platform/identity/memory_repository.go:186.37,187.31 1 1
clinic/internal/platform/identity/memory_repository.go:187.31,190.4 2 1
clinic/internal/platform/identity/memory_repository.go:192.2,193.12 2 1
clinic/internal/platform/identity/memory_repository.go:196.86,198.24 2 1
clinic/internal/platform/identity/memory_repository.go:198.24,200.3 1 1
clinic/internal/platform/identity/memory_repository.go:201.2,202.39 2 1
clinic/internal/platform/identity/memory_repository.go:202.39,203.33 1 1
clinic/internal/platform/identity/memory_repository.go:203.33,205.4 1 1
clinic/internal/platform/identity/memory_repository.go:207.2,207.24 1 1
clinic/internal/platform/identity/memory_repository.go:207.24,210.3 2 0
clinic/internal/platform/identity/memory_repository.go:211.2,212.22 2 1
clinic/internal/platform/identity/memory_repository.go:215.88,218.2 2 1
clinic/internal/platform/identity/memory_repository.go:220.65,223.2 2 1
clinic/internal/platform/identity/memory_repository.go:225.73,226.45 1 1
clinic/internal/platform/identity/memory_repository.go:226.45,228.40 2 1
clinic/internal/platform/identity/memory_repository.go:228.40,229.35 1 1
clinic/internal/platform/identity/memory_repository.go:229.35,231.5 1 1
clinic/internal/platform/identity/memory_repository.go:233.3,233.25 1 1
clinic/internal/platform/identity/memory_repository.go:233.25,235.12 2 0
clinic/internal/platform/identity/memory_repository.go:237.3,237.34 1 1
clinic/internal/platform/identity/memory_repository.go:239.2,239.12 1 1
clinic/internal/platform/identity/password.go:22.52,24.43 2 1
clinic/internal/platform/identity/password.go:24.43,26.3 1 0
clinic/internal/platform/identity/password.go:27.2,36.8 2 1
clinic/internal/platform/identity/password.go:39.65,41.47 2 1
clinic/internal/platform/identity/password.go:41.47,43.3 1 0
clinic/internal/platform/identity/password.go:44.2,45.66 2 1
clinic/internal/platform/identity/password.go:45.66,47.3 1 0
clinic/internal/platform/identity/password.go:48.2,48.31 1 1
clinic/internal/platform/identity/password.go:48.31,50.3 1 0
clinic/internal/platform/identity/password.go:51.2,52.22 2 1
clinic/internal/platform/identity/password.go:52.22,54.3 1 0
clinic/internal/platform/identity/password.go:55.2,56.16 2 1
clinic/internal/platform/identity/password.go:56.16,58.3 1 0
clinic/internal/platform/identity/password.go:59.2,60.16 2 1
clinic/internal/platform/identity/password.go:60.16,62.3 1 0
clinic/internal/platform/identity/password.go:63.2,64.16 2 1
clinic/internal/platform/identity/password.go:64.16,66.3 1 0
clinic/internal/platform/identity/password.go:67.2,68.16 2 1
clinic/internal/platform/identity/password.go:68.16,70.3 1 0
clinic/internal/platform/identity/password.go:71.2,72.16 2 1
clinic/internal/platform/identity/password.go:72.16,74.3 1 0
clinic/internal/platform/identity/password.go:75.2,76.68 2 1
clinic/internal/platform/identity/password.go:79.61,82.16 3 1
clinic/internal/platform/identity/password.go:82.16,84.3 1 0
clinic/internal/platform/identity/password.go:85.2,85.28 1 1
clinic/internal/platform/identity/password.go:88.59,91.16 3 1
clinic/internal/platform/identity/password.go:91.16,93.3 1 0
clinic/internal/platform/identity/password.go:94.2,94.27 1 1
clinic/internal/platform/identity/postgres_repository.go:14.60,16.2 1 1
clinic/internal/platform/identity/postgres_repository.go:18.45,25.16 3 1
clinic/internal/platform/identity/postgres_repository.go:25.16,27.3 1 0
clinic/internal/platform/identity/postgres_repository.go:28.2,31.18 3 1
clinic/internal/platform/identity/postgres_repository.go:31.18,33.134 2 1
clinic/internal/platform/identity/postgres_repository.go:33.134,34.12 1 0
clinic/internal/platform/identity/postgres_repository.go:36.3,36.30 1 1
clinic/internal/platform/identity/postgres_repository.go:38.2,38.14 1 1
clinic/internal/platform/identity/postgres_repository.go:41.45,48.16 3 1
clinic/internal/platform/identity/postgres_repository.go:48.16,50.3 1 0
clinic/internal/platform/identity/postgres_repository.go:51.2,54.18 3 1
clinic/internal/platform/identity/postgres_repository.go:54.18,56.119 2 1
clinic/internal/platform/identity/postgres_repository.go:56.119,57.12 1 0
clinic/internal/platform/identity/postgres_repository.go:59.3,59.30 1 1
clinic/internal/platform/identity/postgres_repository.go:61.2,61.14 1 1
clinic/internal/platform/identity/postgres_repository.go:64.57,71.16 3 1
clinic/internal/platform/identity/postgres_repository.go:71.16,73.3 1 0
clinic/internal/platform/identity/postgres_repository.go:74.2,77.18 3 1
clinic/internal/platform/identity/postgres_repository.go:77.18,79.109 2 1
clinic/internal/platform/identity/postgres_repository.go:79.109,80.12 1 0
clinic/internal/platform/identity/postgres_repository.go:82.3,82.30 1 1
clinic/internal/platform/identity/postgres_repository.go:84.2,84.14 1 1
clinic/internal/platform/identity/postgres_repository.go:87.59,93.16 3 1
clinic/internal/platform/identity/postgres_repository.go:93.16,95.3 1 0
clinic/internal/platform/identity/postgres_repository.go:96.2,98.18 3 1
clinic/internal/platform/identity/postgres_repository.go:98.18,101.154 3 1
clinic/internal/platform/identity/postgres_repository.go:101.154,102.12 1 0
clinic/internal/platform/identity/postgres_repository.go:104.3,104.24 1 1
clinic/internal/platform/identity/postgres_repository.go:104.24,106.4 1 0
clinic/internal/platform/identity/postgres_repository.go:107.3,107.30 1 1
clinic/internal/platform/identity/postgres_repository.go:109.2,109.14 1 1
clinic/internal/platform/identity/postgres_repository.go:112.65,118.16 3 1
clinic/internal/platform/identity/postgres_repository.go:118.16,120.3 1 0
clinic/internal/platform/identity/postgres_repository.go:121.2,123.18 3 1
clinic/internal/platform/identity/postgres_repository.go:123.18,125.70 2 1
clinic/internal/platform/identity/postgres_repository.go:125.70,126.12 1 0
clinic/internal/platform/identity/postgres_repository.go:128.3,128.30 1 1
clinic/internal/platform/identity/postgres_repository.go:130.2,130.14 1 1
clinic/internal/platform/identity/postgres_repository.go:133.57,140.16 3 1
clinic/internal/platform/identity/postgres_repository.go:140.16,142.3 1 0
clinic/internal/platform/identity/postgres_repository.go:143.2,146.18 3 1
clinic/internal/platform/identity/postgres_repository.go:146.18,151.151 2 1
clinic/internal/platform/identity/postgres_repository.go:151.151,152.12 1 0
clinic/internal/platform/identity/postgres_repository.go:154.3,154.24 1 1
clinic/internal/platform/identity/postgres_repository.go:154.24,156.4 1 0
clinic/internal/platform/identity/postgres_repository.go:157.3,157.30 1 1
clinic/internal/platform/identity/postgres_repository.go:159.2,159.14 1 1
clinic/internal/platform/identity/postgres_repository.go:162.63,177.16 4 1
clinic/internal/platform/identity/postgres_repository.go:177.16,179.3 1 0
clinic/internal/platform/identity/postgres_repository.go:180.2,180.19 1 1
clinic/internal/platform/identity/postgres_repository.go:183.79,198.16 4 1
clinic/internal/platform/identity/postgres_repository.go:198.16,200.3 1 0
clinic/internal/platform/identity/postgres_repository.go:201.2,201.19 1 1
clinic/internal/platform/identity/postgres_repository.go:204.87,222.16 4 1
clinic/internal/platform/identity/postgres_repository.go:222.16,224.3 1 0
clinic/internal/platform/identity/postgres_repository.go:225.2,225.23 1 1
clinic/internal/platform/identity/postgres_repository.go:225.23,227.3 1 0
clinic/internal/platform/identity/postgres_repository.go:228.2,228.19 1 1
clinic/internal/platform/identity/postgres_repository.go:231.51,239.16 3 1
clinic/internal/platform/identity/postgres_repository.go:239.16,241.3 1 0
clinic/internal/platform/identity/postgres_repository.go:242.2,245.18 3 1
clinic/internal/platform/identity/postgres_repository.go:245.18,251.204 2 1
clinic/internal/platform/identity/postgres_repository.go:251.204,252.12 1 0
clinic/internal/platform/identity/postgres_repository.go:254.3,254.22 1 1
clinic/internal/platform/identity/postgres_repository.go:254.22,256.4 1 0
clinic/internal/platform/identity/postgres_repository.go:257.3,258.30 2 1
clinic/internal/platform/identity/postgres_repository.go:260.2,260.14 1 1
clinic/internal/platform/identity/postgres_repository.go:263.69,271.16 3 1
clinic/internal/platform/identity/postgres_repository.go:271.16,273.3 1 0
clinic/internal/platform/identity/postgres_repository.go:274.2,277.18 3 1
clinic/internal/platform/identity/postgres_repository.go:277.18,282.138 2 1
clinic/internal/platform/identity/postgres_repository.go:282.138,283.12 1 0
clinic/internal/platform/identity/postgres_repository.go:285.3,286.30 2 1
clinic/internal/platform/identity/postgres_repository.go:288.2,288.14 1 1
clinic/internal/platform/identity/postgres_repository.go:291.56,312.2 3 1
clinic/internal/platform/identity/postgres_repository.go:314.56,335.2 3 0
clinic/internal/platform/identity/postgres_repository.go:337.74,357.2 3 0
clinic/internal/platform/identity/postgres_repository.go:359.73,372.35 3 1
clinic/internal/platform/identity/postgres_repository.go:372.35,374.3 1 0
clinic/internal/platform/identity/postgres_repository.go:375.2,387.12 2 1
clinic/internal/platform/identity/postgres_repository.go:390.77,397.2 3 0
clinic/internal/platform/identity/postgres_repository.go:399.69,423.16 4 1
clinic/internal/platform/identity/postgres_repository.go:423.16,425.3 1 0
clinic/internal/platform/identity/postgres_repository.go:426.2,426.21 1 1
clinic/internal/platform/identity/postgres_repository.go:426.21,428.3 1 0
clinic/internal/platform/identity/postgres_repository.go:429.2,430.19 2 1
clinic/internal/platform/identity/postgres_repository.go:433.87,453.16 4 1
clinic/internal/platform/identity/postgres_repository.go:453.16,455.3 1 0
clinic/internal/platform/identity/postgres_repository.go:456.2,457.19 2 1
clinic/internal/platform/identity/postgres_repository.go:460.85,472.16 3 0
clinic/internal/platform/identity/postgres_repository.go:472.16,474.3 1 0
clinic/internal/platform/identity/postgres_repository.go:475.2,486.12 2 0
clinic/internal/platform/identity/postgres_repository.go:489.88,495.99 3 1
clinic/internal/platform/identity/postgres_repository.go:495.99,497.3 1 0
clinic/internal/platform/identity/postgres_repository.go:498.2,498.14 1 1
clinic/internal/platform/identity/postgres_repository.go:501.90,507.2 3 1
clinic/internal/platform/identity/postgres_repository.go:509.67,515.2 3 1
clinic/internal/platform/identity/postgres_repository.go:517.75,523.2 3 1
clinic/internal/platform/identity/postgres_repository.go:525.65,540.16 3 1
clinic/internal/platform/identity/postgres_repository.go:540.16,542.3 1 0
clinic/internal/platform/identity/postgres_repository.go:543.2,544.33 2 1
clinic/internal/platform/identity/postgres_repository.go:544.33,546.3 1 0
clinic/internal/platform/identity/postgres_repository.go:547.2,561.12 2 1
clinic/internal/platform/identity/postgres_repository.go:564.74,576.38 3 1
clinic/internal/platform/identity/postgres_repository.go:576.38,578.3 1 0
clinic/internal/platform/identity/postgres_repository.go:579.2,589.12 2 1
clinic/internal/platform/identity/service.go:36.53,40.2 3 1
clinic/internal/platform/identity/service.go:42.82,191.29 5 1
clinic/internal/platform/identity/service.go:191.29,193.17 2 1
clinic/internal/platform/identity/service.go:193.17,200.4 1 1
clinic/internal/platform/identity/service.go:202.2,318.3 5 1
clinic/internal/platform/identity/service.go:321.84,323.2 1 1
clinic/internal/platform/identity/service.go:325.60,328.34 3 0
clinic/internal/platform/identity/service.go:328.34,329.47 1 0
clinic/internal/platform/identity/service.go:329.47,331.4 1 0
clinic/internal/platform/identity/service.go:333.2,333.46 1 0
clinic/internal/platform/identity/service.go:333.46,334.59 1 0
clinic/internal/platform/identity/service.go:334.59,336.4 1 0
clinic/internal/platform/identity/service.go:338.2,338.34 1 0
clinic/internal/platform/identity/service.go:338.34,339.47 1 0
clinic/internal/platform/identity/service.go:339.47,341.4 1 0
clinic/internal/platform/identity/service.go:343.2,343.40 1 0
clinic/internal/platform/identity/service.go:343.40,344.57 1 0
clinic/internal/platform/identity/service.go:344.57,346.4 1 0
clinic/internal/platform/identity/service.go:348.2,348.36 1 0
clinic/internal/platform/identity/service.go:348.36,349.58 1 0
clinic/internal/platform/identity/service.go:349.58,351.4 1 0
clinic/internal/platform/identity/service.go:353.2,353.46 1 0
clinic/internal/platform/identity/service.go:353.46,354.59 1 0
clinic/internal/platform/identity/service.go:354.59,356.4 1 0
clinic/internal/platform/identity/service.go:358.2,358.40 1 0
clinic/internal/platform/identity/service.go:358.40,359.53 1 0
clinic/internal/platform/identity/service.go:359.53,361.4 1 0
clinic/internal/platform/identity/service.go:363.2,363.51 1 0
clinic/internal/platform/identity/service.go:363.51,364.64 1 0
clinic/internal/platform/identity/service.go:364.64,366.4 1 0
clinic/internal/platform/identity/service.go:368.2,368.12 1 0
clinic/internal/platform/identity/service.go:371.34,373.2 1 1
clinic/internal/platform/identity/service.go:375.46,377.2 1 0
clinic/internal/platform/identity/service.go:379.54,381.2 1 0
clinic/internal/platform/identity/service.go:383.34,385.2 1 1
clinic/internal/platform/identity/service.go:387.52,389.2 1 1
clinic/internal/platform/identity/service.go:391.44,393.2 1 1
clinic/internal/platform/identity/service.go:395.40,397.2 1 1
clinic/internal/platform/identity/service.go:399.46,401.2 1 1
clinic/internal/platform/identity/service.go:403.58,405.2 1 1
clinic/internal/platform/identity/service.go:407.58,409.2 1 1
clinic/internal/platform/identity/service.go:411.68,413.2 1 1
clinic/internal/platform/identity/service.go:415.76,417.2 1 1
clinic/internal/platform/identity/service.go:419.76,421.2 1 1
clinic/internal/platform/identity/service.go:423.77,425.2 1 1
clinic/internal/platform/identity/service.go:427.79,429.2 1 1
clinic/internal/platform/identity/service.go:431.56,433.2 1 1
clinic/internal/platform/identity/service.go:435.64,437.2 1 1
clinic/internal/platform/identity/service.go:439.118,441.2 1 1
clinic/internal/platform/identity/service.go:443.159,445.20 2 1
clinic/internal/platform/identity/service.go:445.20,447.3 1 0
clinic/internal/platform/identity/service.go:448.2,448.54 1 1
clinic/internal/platform/identity/service.go:448.54,450.3 1 0
clinic/internal/platform/identity/service.go:451.2,451.73 1 1
clinic/internal/platform/identity/service.go:451.73,453.3 1 0
clinic/internal/platform/identity/service.go:454.2,454.18 1 1
clinic/internal/platform/identity/service.go:454.18,456.3 1 0
clinic/internal/platform/identity/service.go:457.2,457.27 1 1
clinic/internal/platform/identity/service.go:457.27,459.3 1 0
clinic/internal/platform/identity/service.go:460.2,460.21 1 1
clinic/internal/platform/identity/service.go:460.21,462.3 1 0
clinic/internal/platform/identity/service.go:463.2,472.46 3 1
clinic/internal/platform/identity/service.go:472.46,474.3 1 0
clinic/internal/platform/identity/service.go:475.2,476.16 2 1
clinic/internal/platform/identity/service.go:476.16,478.3 1 0
clinic/internal/platform/identity/service.go:479.2,484.17 1 1
clinic/internal/platform/identity/service.go:484.17,486.3 1 0
clinic/internal/platform/identity/service.go:487.2,495.17 1 1
clinic/internal/platform/identity/service.go:495.17,497.3 1 0
clinic/internal/platform/identity/service.go:498.2,498.18 1 1
clinic/internal/platform/identity/service.go:501.146,503.9 2 1
clinic/internal/platform/identity/service.go:503.9,505.3 1 0
clinic/internal/platform/identity/service.go:506.2,506.29 1 1
clinic/internal/platform/identity/service.go:506.29,508.3 1 1
clinic/internal/platform/identity/service.go:509.2,510.9 2 1
clinic/internal/platform/identity/service.go:510.9,512.3 1 0
clinic/internal/platform/identity/service.go:513.2,514.75 2 1
clinic/internal/platform/identity/service.go:514.75,516.3 1 1
clinic/internal/platform/identity/service.go:517.2,518.16 2 1
clinic/internal/platform/identity/service.go:518.16,520.3 1 0
clinic/internal/platform/identity/service.go:521.2,521.15 1 1
clinic/internal/platform/identity/service.go:521.15,523.64 2 1
clinic/internal/platform/identity/service.go:523.64,526.4 2 1
clinic/internal/platform/identity/service.go:527.3,528.67 2 1
clinic/internal/platform/identity/service.go:528.67,530.4 1 0
clinic/internal/platform/identity/service.go:531.3,531.63 1 1
clinic/internal/platform/identity/service.go:533.2,536.58 4 1
clinic/internal/platform/identity/service.go:536.58,538.3 1 0
clinic/internal/platform/identity/service.go:539.2,539.78 1 1
clinic/internal/platform/identity/service.go:542.150,544.9 2 1
clinic/internal/platform/identity/service.go:544.9,546.3 1 0
clinic/internal/platform/identity/service.go:547.2,547.29 1 1
clinic/internal/platform/identity/service.go:547.29,549.3 1 0
clinic/internal/platform/identity/service.go:550.2,550.14 1 1
clinic/internal/platform/identity/service.go:550.14,552.3 1 0
clinic/internal/platform/identity/service.go:553.2,553.22 1 1
clinic/internal/platform/identity/service.go:553.22,555.3 1 0
clinic/internal/platform/identity/service.go:556.2,568.52 3 1
clinic/internal/platform/identity/service.go:568.52,570.3 1 0
clinic/internal/platform/identity/service.go:571.2,571.21 1 1
clinic/internal/platform/identity/service.go:574.85,576.2 1 1
clinic/internal/platform/identity/service.go:578.118,579.76 1 1
clinic/internal/platform/identity/service.go:579.76,581.3 1 0
clinic/internal/platform/identity/service.go:582.2,583.9 2 1
clinic/internal/platform/identity/service.go:583.9,585.3 1 0
clinic/internal/platform/identity/service.go:586.2,587.9 2 1
clinic/internal/platform/identity/service.go:587.9,589.3 1 0
clinic/internal/platform/identity/service.go:590.2,591.16 2 1
clinic/internal/platform/identity/service.go:591.16,593.3 1 0
clinic/internal/platform/identity/service.go:594.2,594.15 1 1
clinic/internal/platform/identity/service.go:594.15,596.3 1 0
clinic/internal/platform/identity/service.go:597.2,598.16 2 1
clinic/internal/platform/identity/service.go:598.16,600.3 1 0
clinic/internal/platform/identity/service.go:601.2,607.58 7 1
clinic/internal/platform/identity/service.go:607.58,609.3 1 0
clinic/internal/platform/identity/service.go:610.2,610.43 1 1
clinic/internal/platform/identity/service.go:613.67,615.2 1 1
clinic/internal/platform/identity/service.go:617.100,618.76 1 1
clinic/internal/platform/identity/service.go:618.76,620.3 1 0
clinic/internal/platform/identity/service.go:621.2,622.9 2 1
clinic/internal/platform/identity/service.go:622.9,624.3 1 0
clinic/internal/platform/identity/service.go:625.2,626.9 2 1
clinic/internal/platform/identity/service.go:626.9,628.3 1 0
clinic/internal/platform/identity/service.go:629.2,630.16 2 1
clinic/internal/platform/identity/service.go:630.16,632.3 1 0
clinic/internal/platform/identity/service.go:633.2,639.58 7 1
clinic/internal/platform/identity/service.go:639.58,641.3 1 0
clinic/internal/platform/identity/service.go:642.2,642.43 1 1
clinic/internal/platform/identity/service.go:645.73,647.20 2 1
clinic/internal/platform/identity/service.go:647.20,649.3 1 0
clinic/internal/platform/identity/service.go:650.2,651.9 2 1
clinic/internal/platform/identity/service.go:651.9,653.3 1 0
clinic/internal/platform/identity/service.go:654.2,655.16 2 1
clinic/internal/platform/identity/service.go:655.16,657.3 1 0
clinic/internal/platform/identity/service.go:658.2,665.64 3 1
clinic/internal/platform/identity/service.go:665.64,670.3 4 1
clinic/internal/platform/identity/service.go:671.2,671.42 1 1
clinic/internal/platform/identity/service.go:674.47,675.113 1 0
clinic/internal/platform/identity/service.go:675.113,677.3 1 0
clinic/internal/platform/identity/service.go:678.2,679.29 2 0
clinic/internal/platform/identity/service.go:679.29,681.3 1 0
clinic/internal/platform/identity/service.go:682.2,683.30 2 0
clinic/internal/platform/identity/service.go:686.65,687.139 1 0
clinic/internal/platform/identity/service.go:687.139,689.3 1 0
clinic/internal/platform/identity/service.go:690.2,690.42 1 0
clinic/internal/platform/identity/service.go:693.67,694.91 1 0
clinic/internal/platform/identity/service.go:694.91,696.3 1 0
clinic/internal/platform/identity/service.go:697.2,697.41 1 0
clinic/internal/platform/identity/service.go:700.88,702.2 1 1
clinic/internal/platform/identity/service.go:704.87,706.9 2 1
clinic/internal/platform/identity/service.go:706.9,708.3 1 0
clinic/internal/platform/identity/service.go:709.2,709.63 1 1
clinic/internal/platform/identity/service.go:709.63,711.3 1 0
clinic/internal/platform/identity/service.go:712.2,712.14 1 1
clinic/internal/platform/identity/service.go:712.14,714.3 1 0
clinic/internal/platform/identity/service.go:715.2,719.52 5 1
clinic/internal/platform/identity/service.go:719.52,721.3 1 0
clinic/internal/platform/identity/service.go:722.2,733.52 2 1
clinic/internal/platform/identity/service.go:733.52,735.3 1 0
clinic/internal/platform/identity/service.go:736.2,736.21 1 1
clinic/internal/platform/identity/service.go:739.70,741.9 2 1
clinic/internal/platform/identity/service.go:741.9,743.3 1 0
clinic/internal/platform/identity/service.go:744.2,745.16 2 1
clinic/internal/platform/identity/service.go:746.28,746.28 0 1
clinic/internal/platform/identity/service.go:747.10,748.72 1 0
clinic/internal/platform/identity/service.go:750.2,753.46 4 1
clinic/internal/platform/identity/service.go:753.46,755.3 1 0
clinic/internal/platform/identity/service.go:756.2,756.24 1 1
clinic/internal/platform/identity/service.go:756.24,757.60 1 1
clinic/internal/platform/identity/service.go:757.60,759.4 1 0
clinic/internal/platform/identity/service.go:761.2,761.18 1 1
clinic/internal/platform/identity/service.go:764.85,766.9 2 1
clinic/internal/platform/identity/service.go:766.9,768.3 1 0
clinic/internal/platform/identity/service.go:769.2,769.21 1 1
clinic/internal/platform/identity/service.go:769.21,771.3 1 0
clinic/internal/platform/identity/service.go:772.2,773.52 2 1
clinic/internal/platform/identity/service.go:773.52,775.3 1 0
clinic/internal/platform/identity/service.go:776.2,776.21 1 1
clinic/internal/platform/identity/service.go:779.89,781.9 2 1
clinic/internal/platform/identity/service.go:781.9,783.3 1 0
clinic/internal/platform/identity/service.go:784.2,784.24 1 1
clinic/internal/platform/identity/service.go:784.24,786.3 1 0
clinic/internal/platform/identity/service.go:787.2,790.52 4 1
clinic/internal/platform/identity/service.go:790.52,792.3 1 0
clinic/internal/platform/identity/service.go:793.2,793.21 1 1
clinic/internal/platform/identity/service.go:796.77,797.18 1 1
clinic/internal/platform/identity/service.go:797.18,799.3 1 1
clinic/internal/platform/identity/service.go:800.2,800.25 1 1
clinic/internal/platform/identity/service.go:800.25,802.3 1 0
clinic/internal/platform/identity/service.go:803.2,804.36 2 1
clinic/internal/platform/identity/service.go:804.36,806.3 1 0
clinic/internal/platform/identity/service.go:807.2,807.61 1 1
clinic/internal/platform/identity/service.go:807.61,809.3 1 1
clinic/internal/platform/identity/service.go:810.2,812.46 3 1
clinic/internal/platform/identity/service.go:812.46,814.3 1 0
clinic/internal/platform/identity/service.go:815.2,815.17 1 1
clinic/internal/platform/identity/service.go:818.87,819.21 1 1
clinic/internal/platform/identity/service.go:819.21,821.3 1 0
clinic/internal/platform/identity/service.go:822.2,823.9 2 1
clinic/internal/platform/identity/service.go:823.9,825.3 1 0
clinic/internal/platform/identity/service.go:826.2,826.32 1 1
clinic/internal/platform/identity/service.go:826.32,828.3 1 0
clinic/internal/platform/identity/service.go:829.2,829.33 1 1
clinic/internal/platform/identity/service.go:829.33,831.3 1 0
clinic/internal/platform/identity/service.go:832.2,832.79 1 1
clinic/internal/platform/identity/service.go:832.79,834.3 1 1
clinic/internal/platform/identity/service.go:835.2,835.22 1 1
clinic/internal/platform/identity/service.go:835.22,837.3 1 1
clinic/internal/platform/identity/service.go:838.2,838.60 1 1
clinic/internal/platform/identity/service.go:841.86,842.23 1 1
clinic/internal/platform/identity/service.go:842.23,844.3 1 0
clinic/internal/platform/identity/service.go:845.2,845.25 1 1
clinic/internal/platform/identity/service.go:845.25,847.3 1 0
clinic/internal/platform/identity/service.go:848.2,849.9 2 1
clinic/internal/platform/identity/service.go:849.9,851.3 1 0
clinic/internal/platform/identity/service.go:852.2,852.34 1 1
clinic/internal/platform/identity/service.go:852.34,854.3 1 0
clinic/internal/platform/identity/service.go:855.2,855.58 1 1
clinic/internal/platform/identity/service.go:855.58,856.31 1 1
clinic/internal/platform/identity/service.go:856.31,858.4 1 1
clinic/internal/platform/identity/service.go:860.2,860.66 1 1
clinic/internal/platform/identity/service.go:863.84,866.48 3 1
clinic/internal/platform/identity/service.go:866.48,867.61 1 1
clinic/internal/platform/identity/service.go:867.61,868.12 1 0
clinic/internal/platform/identity/service.go:870.3,870.39 1 1
clinic/internal/platform/identity/service.go:870.39,871.12 1 0
clinic/internal/platform/identity/service.go:873.3,873.71 1 1
clinic/internal/platform/identity/service.go:873.71,874.12 1 0
clinic/internal/platform/identity/service.go:876.3,876.116 1 1
clinic/internal/platform/identity/service.go:876.116,877.12 1 0
clinic/internal/platform/identity/service.go:879.3,879.46 1 1
clinic/internal/platform/identity/service.go:881.2,881.30 1 1
clinic/internal/platform/identity/service.go:881.30,883.3 1 0
clinic/internal/platform/identity/service.go:884.2,884.49 1 1
clinic/internal/platform/identity/service.go:884.49,885.43 1 1
clinic/internal/platform/identity/service.go:885.43,886.12 1 0
clinic/internal/platform/identity/service.go:888.3,888.48 1 1
clinic/internal/platform/identity/service.go:888.48,890.4 1 1
clinic/internal/platform/identity/service.go:892.2,892.14 1 1
clinic/internal/platform/identity/service.go:895.60,896.24 1 1
clinic/internal/platform/identity/service.go:896.24,898.3 1 1
clinic/internal/platform/identity/service.go:899.2,900.35 2 1
clinic/internal/platform/identity/service.go:900.35,902.3 1 1
clinic/internal/platform/identity/service.go:903.2,903.15 1 1
clinic/internal/platform/identity/service.go:906.45,908.55 2 1
clinic/internal/platform/identity/service.go:908.55,910.3 1 1
clinic/internal/platform/identity/service.go:911.2,911.17 1 1
clinic/internal/platform/identity/service.go:914.43,915.66 1 1
clinic/internal/platform/identity/service.go:916.40,917.14 1 1
clinic/internal/platform/identity/service.go:918.10,919.15 1 0
clinic/internal/platform/identity/service.go:923.64,924.39 1 1
clinic/internal/platform/identity/service.go:924.39,926.3 1 0
clinic/internal/platform/identity/service.go:927.2,927.20 1 1
clinic/internal/platform/identity/service.go:927.20,929.3 1 0
clinic/internal/platform/identity/service.go:930.2,930.31 1 1
clinic/internal/platform/identity/service.go:930.31,932.3 1 0
clinic/internal/platform/identity/service.go:933.2,933.12 1 1
clinic/internal/platform/identity/service.go:936.50,937.38 1 1
clinic/internal/platform/identity/service.go:937.38,938.24 1 1
clinic/internal/platform/identity/service.go:938.24,940.4 1 1
clinic/internal/platform/identity/service.go:942.2,942.14 1 0
clinic/internal/platform/identity/service.go:945.80,946.44 1 1
clinic/internal/platform/identity/service.go:946.44,947.92 1 1
clinic/internal/platform/identity/service.go:947.92,948.12 1 1
clinic/internal/platform/identity/service.go:950.3,953.53 4 1
clinic/internal/platform/identity/service.go:953.53,955.4 1 0
clinic/internal/platform/identity/service.go:957.2,957.12 1 1
clinic/internal/platform/identity/service.go:960.73,962.9 2 1
clinic/internal/platform/identity/service.go:962.9,964.3 1 0
clinic/internal/platform/identity/service.go:965.2,968.46 4 1
clinic/internal/platform/identity/service.go:968.46,969.71 1 1
clinic/internal/platform/identity/service.go:969.71,970.12 1 1
clinic/internal/platform/identity/service.go:972.3,972.67 1 1
clinic/internal/platform/identity/service.go:972.67,974.4 1 1
clinic/internal/platform/identity/service.go:975.3,975.23 1 1
clinic/internal/platform/identity/service.go:975.23,976.122 1 1
clinic/internal/platform/identity/service.go:976.122,978.5 1 1
clinic/internal/platform/identity/service.go:980.3,980.22 1 1
clinic/internal/platform/identity/service.go:980.22,981.117 1 1
clinic/internal/platform/identity/service.go:981.117,983.5 1 1
clinic/internal/platform/identity/service.go:986.2,986.41 1 1
clinic/internal/platform/identity/service.go:986.41,988.3 1 1
clinic/internal/platform/identity/service.go:989.2,989.21 1 1
clinic/internal/platform/identity/service.go:992.61,993.29 1 1
clinic/internal/platform/identity/service.go:993.29,994.20 1 1
clinic/internal/platform/identity/service.go:994.20,996.4 1 1
clinic/internal/platform/identity/service.go:998.2,998.29 1 1
clinic/internal/platform/identity/token.go:30.45,32.18 2 1
clinic/internal/platform/identity/token.go:32.18,34.3 1 0
clinic/internal/platform/identity/token.go:35.2,38.28 1 1
clinic/internal/platform/identity/token.go:38.28,38.55 1 0
clinic/internal/platform/identity/token.go:42.75,43.46 1 1
clinic/internal/platform/identity/token.go:43.46,45.3 1 0
clinic/internal/platform/identity/token.go:46.2,53.4 1 1
clinic/internal/platform/identity/token.go:56.114,57.24 1 1
clinic/internal/platform/identity/token.go:57.24,59.3 1 0
clinic/internal/platform/identity/token.go:60.2,60.14 1 1
clinic/internal/platform/identity/token.go:60.14,62.3 1 0
clinic/internal/platform/identity/token.go:63.2,71.4 2 1
clinic/internal/platform/identity/token.go:74.65,75.24 1 1
clinic/internal/platform/identity/token.go:75.24,77.3 1 0
clinic/internal/platform/identity/token.go:78.2,79.21 2 1
clinic/internal/platform/identity/token.go:79.21,81.3 1 0
clinic/internal/platform/identity/token.go:82.2,84.53 3 1
clinic/internal/platform/identity/token.go:84.53,86.3 1 1
clinic/internal/platform/identity/token.go:87.2,88.16 2 1
clinic/internal/platform/identity/token.go:88.16,90.3 1 0
clinic/internal/platform/identity/token.go:91.2,92.57 2 1
clinic/internal/platform/identity/token.go:92.57,94.3 1 0
clinic/internal/platform/identity/token.go:95.2,95.31 1 1
clinic/internal/platform/identity/token.go:95.31,97.3 1 0
clinic/internal/platform/identity/token.go:98.2,98.63 1 1
clinic/internal/platform/identity/token.go:98.63,100.3 1 1
clinic/internal/platform/identity/token.go:101.2,101.20 1 1
clinic/internal/platform/identity/token.go:104.66,105.24 1 1
clinic/internal/platform/identity/token.go:105.24,107.3 1 0
clinic/internal/platform/identity/token.go:108.2,109.16 2 1
clinic/internal/platform/identity/token.go:109.16,111.3 1 0
clinic/internal/platform/identity/token.go:112.2,113.16 2 1
clinic/internal/platform/identity/token.go:113.16,115.3 1 0
clinic/internal/platform/identity/token.go:116.2,120.44 5 1
clinic/internal/platform/identity/token.go:123.47,127.2 3 1
clinic/internal/platform/audit/memory_repository.go:9.46,11.2 1 1
clinic/internal/platform/audit/memory_repository.go:13.52,16.2 2 1
clinic/internal/platform/audit/memory_repository.go:18.43,20.40 2 1
clinic/internal/platform/audit/memory_repository.go:20.40,22.3 1 0
clinic/internal/platform/audit/memory_repository.go:23.2,23.14 1 1
clinic/internal/platform/audit/postgres_repository.go:14.60,16.2 1 1
clinic/internal/platform/audit/postgres_repository.go:18.54,20.16 2 1
clinic/internal/platform/audit/postgres_repository.go:20.16,22.3 1 0
clinic/internal/platform/audit/postgres_repository.go:23.2,40.12 3 1
clinic/internal/platform/audit/postgres_repository.go:43.45,50.16 3 1
clinic/internal/platform/audit/postgres_repository.go:50.16,52.3 1 0
clinic/internal/platform/audit/postgres_repository.go:53.2,55.18 3 1
clinic/internal/platform/audit/postgres_repository.go:55.18,58.190 3 1
clinic/internal/platform/audit/postgres_repository.go:58.190,59.12 1 0
clinic/internal/platform/audit/postgres_repository.go:61.3,62.30 2 1
clinic/internal/platform/audit/postgres_repository.go:64.2,64.40 1 1
clinic/internal/platform/audit/postgres_repository.go:64.40,66.3 1 0
clinic/internal/platform/audit/postgres_repository.go:67.2,67.14 1 1
clinic/internal/platform/audit/service.go:7.28,9.2 1 1
clinic/internal/platform/audit/service.go:11.57,13.2 1 1
clinic/internal/platform/audit/service.go:15.45,17.2 1 1
clinic/internal/platform/audit/service.go:19.34,21.2 1 1
clinic/internal/platform/integration/memory_repository.go:10.46,15.2 1 1
clinic/internal/platform/integration/memory_repository.go:17.68,18.28 1 1
clinic/internal/platform/integration/memory_repository.go:18.28,20.3 1 1
clinic/internal/platform/integration/memory_repository.go:21.2,22.12 2 1
clinic/internal/platform/integration/memory_repository.go:25.59,27.33 2 0
clinic/internal/platform/integration/memory_repository.go:27.33,29.3 1 0
clinic/internal/platform/integration/memory_repository.go:30.2,30.40 1 0
clinic/internal/platform/integration/memory_repository.go:30.40,30.78 1 0
clinic/internal/platform/integration/memory_repository.go:31.2,31.14 1 0
clinic/internal/platform/integration/memory_repository.go:34.73,37.2 2 1
clinic/internal/platform/integration/memory_repository.go:39.74,40.27 1 1
clinic/internal/platform/integration/memory_repository.go:40.27,42.3 1 0
clinic/internal/platform/integration/memory_repository.go:43.2,43.26 1 1
clinic/internal/platform/integration/memory_repository.go:43.26,45.3 1 1
clinic/internal/platform/integration/memory_repository.go:46.2,47.12 2 1
clinic/internal/platform/integration/memory_repository.go:50.65,52.37 2 0
clinic/internal/platform/integration/memory_repository.go:52.37,54.3 1 0
clinic/internal/platform/integration/memory_repository.go:55.2,55.40 1 0
clinic/internal/platform/integration/memory_repository.go:55.40,55.96 1 0
clinic/internal/platform/integration/memory_repository.go:56.2,56.14 1 0
clinic/internal/platform/integration/memory_repository.go:59.78,62.2 2 1
clinic/internal/platform/integration/postgres_repository.go:15.60,17.2 1 1
clinic/internal/platform/integration/postgres_repository.go:19.70,34.2 4 1
clinic/internal/platform/integration/postgres_repository.go:36.61,39.16 3 0
clinic/internal/platform/integration/postgres_repository.go:39.16,41.3 1 0
clinic/internal/platform/integration/postgres_repository.go:42.2,44.18 3 0
clinic/internal/platform/integration/postgres_repository.go:44.18,47.151 3 0
clinic/internal/platform/integration/postgres_repository.go:47.151,48.12 1 0
clinic/internal/platform/integration/postgres_repository.go:50.3,51.30 2 0
clinic/internal/platform/integration/postgres_repository.go:53.2,53.14 1 0
clinic/internal/platform/integration/postgres_repository.go:56.75,60.200 4 1
clinic/internal/platform/integration/postgres_repository.go:60.200,62.3 1 0
clinic/internal/platform/integration/postgres_repository.go:63.2,64.19 2 1
clinic/internal/platform/integration/postgres_repository.go:67.76,91.2 5 1
clinic/internal/platform/integration/postgres_repository.go:93.67,96.16 3 0
clinic/internal/platform/integration/postgres_repository.go:96.16,98.3 1 0
clinic/internal/platform/integration/postgres_repository.go:99.2,101.18 3 0
clinic/internal/platform/integration/postgres_repository.go:101.18,106.271 5 0
clinic/internal/platform/integration/postgres_repository.go:106.271,107.12 1 0
clinic/internal/platform/integration/postgres_repository.go:109.3,109.22 1 0
clinic/internal/platform/integration/postgres_repository.go:109.22,111.4 1 0
clinic/internal/platform/integration/postgres_repository.go:112.3,114.30 3 0
clinic/internal/platform/integration/postgres_repository.go:116.2,116.40 1 0
clinic/internal/platform/integration/postgres_repository.go:116.40,116.96 1 0
clinic/internal/platform/integration/postgres_repository.go:117.2,117.14 1 0
clinic/internal/platform/integration/postgres_repository.go:120.80,126.319 6 1
clinic/internal/platform/integration/postgres_repository.go:126.319,128.3 1 0
clinic/internal/platform/integration/postgres_repository.go:129.2,129.21 1 1
clinic/internal/platform/integration/postgres_repository.go:129.21,131.3 1 0
clinic/internal/platform/integration/postgres_repository.go:132.2,134.19 3 1
clinic/internal/platform/integration/postgres_repository.go:137.40,138.20 1 1
clinic/internal/platform/integration/postgres_repository.go:138.20,140.3 1 1
clinic/internal/platform/integration/postgres_repository.go:141.2,141.14 1 0
clinic/internal/platform/integration/service.go:26.79,28.2 1 1
clinic/internal/platform/integration/service.go:30.110,60.2 7 1
clinic/internal/platform/integration/service.go:62.59,64.2 1 1
clinic/internal/platform/integration/service.go:66.64,67.52 1 1
clinic/internal/platform/integration/service.go:67.52,69.3 1 0
clinic/internal/platform/integration/service.go:70.2,70.46 1 1
clinic/internal/platform/integration/service.go:73.63,74.84 1 1
clinic/internal/platform/integration/service.go:74.84,76.3 1 0
clinic/internal/platform/integration/service.go:77.2,77.46 1 1
clinic/internal/platform/integration/service.go:77.46,79.3 1 0
clinic/internal/platform/integration/service.go:80.2,81.31 2 1
clinic/internal/platform/integration/service.go:81.31,83.3 1 0
clinic/internal/platform/integration/service.go:84.2,85.44 2 1
clinic/internal/platform/integration/service.go:85.44,87.3 1 0
clinic/internal/platform/integration/service.go:88.2,88.34 1 1
clinic/internal/platform/integration/service.go:91.50,93.2 1 0
clinic/internal/platform/integration/service.go:95.56,97.2 1 0
clinic/internal/platform/integration/service.go:99.69,101.2 1 0
clinic/internal/platform/integration/service.go:103.146,105.9 2 1
clinic/internal/platform/integration/service.go:105.9,107.3 1 0
clinic/internal/platform/integration/service.go:108.2,108.31 1 1
clinic/internal/platform/integration/service.go:108.31,110.3 1 0
clinic/internal/platform/integration/service.go:111.2,111.44 1 1
clinic/internal/platform/integration/service.go:111.44,113.3 1 0
clinic/internal/platform/integration/service.go:114.2,114.21 1 1
clinic/internal/platform/integration/service.go:114.21,124.24 2 1
clinic/internal/platform/integration/service.go:124.24,126.4 1 1
clinic/internal/platform/integration/service.go:128.2,140.54 3 1
clinic/internal/platform/integration/service.go:140.54,142.3 1 0
clinic/internal/platform/integration/service.go:143.2,144.20 2 1
clinic/internal/platform/integration/service.go:147.74,149.9 2 1
clinic/internal/platform/integration/service.go:149.9,151.3 1 0
clinic/internal/platform/integration/service.go:152.2,153.9 2 1
clinic/internal/platform/integration/service.go:153.9,155.3 1 0
clinic/internal/platform/integration/service.go:156.2,157.9 2 1
clinic/internal/platform/integration/service.go:157.9,159.3 1 0
clinic/internal/platform/integration/service.go:160.2,163.54 4 1
clinic/internal/platform/integration/service.go:163.54,165.3 1 0
clinic/internal/platform/integration/service.go:166.2,168.16 3 1
clinic/internal/platform/integration/service.go:168.16,171.31 3 1
clinic/internal/platform/integration/service.go:171.31,173.4 1 0
clinic/internal/platform/integration/service.go:173.9,175.4 1 1
clinic/internal/platform/integration/service.go:176.3,184.21 4 1
clinic/internal/platform/integration/service.go:186.2,191.54 6 1
clinic/internal/platform/integration/service.go:191.54,193.3 1 0
clinic/internal/platform/integration/service.go:194.2,201.20 3 1
clinic/internal/platform/integration/service.go:204.72,206.9 2 1
clinic/internal/platform/integration/service.go:206.9,208.3 1 0
clinic/internal/platform/integration/service.go:209.2,212.54 4 1
clinic/internal/platform/integration/service.go:212.54,214.3 1 0
clinic/internal/platform/integration/service.go:215.2,215.39 1 1
clinic/internal/platform/integration/service.go:218.45,219.18 1 1
clinic/internal/platform/integration/service.go:219.18,221.3 1 0
clinic/internal/platform/integration/service.go:222.2,222.53 1 1
clinic/internal/platform/integration/service.go:225.62,226.18 1 1
clinic/internal/platform/integration/service.go:226.18,228.3 1 1
clinic/internal/platform/integration/service.go:229.2,229.21 1 1
clinic/internal/platform/integration/service.go:229.21,231.3 1 1
clinic/internal/platform/integration/service.go:234.52,235.21 1 1
clinic/internal/platform/integration/service.go:235.21,237.3 1 0
clinic/internal/platform/integration/service.go:238.2,239.32 2 1
clinic/internal/platform/integration/service.go:239.32,241.3 1 1
clinic/internal/platform/integration/service.go:242.2,242.15 1 1
clinic/internal/platform/integration/service.go:247.103,248.62 1 1
clinic/internal/platform/integration/service.go:248.62,250.3 1 1
clinic/internal/platform/integration/service.go:251.2,257.8 1 1
clinic/internal/platform/integration/service.go:264.105,265.21 1 1
clinic/internal/platform/integration/service.go:265.21,267.3 1 0
clinic/internal/platform/integration/service.go:268.2,270.18 3 1
clinic/internal/platform/integration/service.go:270.18,272.3 1 0
clinic/internal/platform/integration/service.go:273.2,274.37 2 1
clinic/internal/platform/integration/service.go:274.37,276.3 1 1
clinic/internal/platform/integration/service.go:277.2,278.16 2 1
clinic/internal/platform/integration/service.go:278.16,280.3 1 0
clinic/internal/platform/integration/service.go:281.2,282.16 2 1
clinic/internal/platform/integration/service.go:282.16,284.3 1 0
clinic/internal/platform/integration/service.go:285.2,286.90 2 1
clinic/internal/platform/integration/service.go:286.90,288.3 1 1
clinic/internal/platform/integration/service.go:289.2,290.16 2 1
clinic/internal/platform/integration/service.go:290.16,292.3 1 0
clinic/internal/platform/integration/service.go:293.2,295.28 3 1
clinic/internal/platform/integration/service.go:295.28,297.3 1 1
clinic/internal/platform/integration/service.go:298.2,299.27 2 1
clinic/internal/platform/integration/service.go:299.27,301.52 2 1
clinic/internal/platform/integration/service.go:301.52,304.4 2 1
clinic/internal/platform/integration/service.go:306.2,309.8 1 1
clinic/internal/platform/integration/service.go:312.61,313.69 1 1
clinic/internal/platform/integration/service.go:313.69,315.3 1 1
clinic/internal/platform/integration/service.go:316.2,316.17 1 0
clinic/internal/platform/logging/service.go:21.28,23.2 1 0
clinic/internal/platform/logging/service.go:25.54,26.19 1 1
clinic/internal/platform/logging/service.go:26.19,28.3 1 0
clinic/internal/platform/logging/service.go:29.2,29.33 1 1
clinic/internal/platform/logging/service.go:32.63,34.2 1 1
clinic/internal/platform/logging/service.go:36.64,38.2 1 0
clinic/internal/platform/logging/service.go:40.69,46.33 2 1
clinic/internal/platform/logging/service.go:46.33,48.3 1 1
clinic/internal/platform/logging/service.go:49.2,50.16 2 1
clinic/internal/platform/logging/service.go:50.16,52.3 1 0
clinic/internal/platform/logging/service.go:53.2,55.46 3 1
clinic/internal/platform/logging/service.go:58.83,60.2 1 1
clinic/internal/platform/logging/service.go:62.48,65.2 2 1
clinic/internal/platform/model/memory_repository.go:13.46,18.2 1 1
clinic/internal/platform/model/memory_repository.go:20.65,23.2 2 1
clinic/internal/platform/model/memory_repository.go:25.59,27.37 2 1
clinic/internal/platform/model/memory_repository.go:27.37,29.3 1 1
clinic/internal/platform/model/memory_repository.go:30.2,30.40 1 1
clinic/internal/platform/model/memory_repository.go:30.40,30.78 1 0
clinic/internal/platform/model/memory_repository.go:31.2,31.14 1 1
clinic/internal/platform/model/memory_repository.go:34.73,37.2 2 1
clinic/internal/platform/model/memory_repository.go:39.60,40.46 1 1
clinic/internal/platform/model/memory_repository.go:40.46,42.3 1 1
clinic/internal/platform/model/memory_repository.go:43.2,44.12 2 1
clinic/internal/platform/model/memory_repository.go:47.68,48.39 1 1
clinic/internal/platform/model/memory_repository.go:48.39,50.3 1 0
clinic/internal/platform/model/memory_repository.go:51.2,52.12 2 1
clinic/internal/platform/model/memory_repository.go:55.74,57.9 2 1
clinic/internal/platform/model/memory_repository.go:57.9,59.3 1 0
clinic/internal/platform/model/memory_repository.go:60.2,61.17 2 1
clinic/internal/platform/model/memory_repository.go:64.66,66.43 2 1
clinic/internal/platform/model/memory_repository.go:66.43,68.3 1 1
clinic/internal/platform/model/memory_repository.go:69.2,69.40 1 1
clinic/internal/platform/model/memory_repository.go:69.40,69.76 1 1
clinic/internal/platform/model/memory_repository.go:70.2,70.14 1 1
[...]
clinic/internal/platform/httpx/ops.go:561.3,561.16 1 0
clinic/internal/platform/httpx/ops.go:563.2,563.54 1 1
clinic/internal/platform/httpx/ops.go:563.54,565.17 2 1
clinic/internal/platform/httpx/ops.go:565.17,567.4 1 0
clinic/internal/platform/httpx/ops.go:568.3,568.19 1 1
clinic/internal/platform/httpx/ops.go:570.2,570.15 1 1
clinic/internal/platform/httpx/router.go:34.639,39.78 4 1
clinic/internal/platform/httpx/router.go:39.78,44.3 1 1
clinic/internal/platform/httpx/router.go:46.2,46.87 1 1
clinic/internal/platform/httpx/router.go:46.87,47.108 1 1
clinic/internal/platform/httpx/router.go:47.108,49.4 1 1
clinic/internal/platform/httpx/router.go:50.3,56.5 1 1
clinic/internal/platform/httpx/router.go:59.2,67.102 8 1
clinic/internal/platform/httpx/router.go:70.66,74.2 3 1
clinic/internal/platform/httpx/router.go:76.53,82.34 5 1
clinic/internal/platform/httpx/router.go:82.34,85.27 3 1
clinic/internal/platform/httpx/router.go:86.30,87.34 1 1
clinic/internal/platform/httpx/router.go:88.28,89.32 1 1
clinic/internal/platform/httpx/router.go:90.29,91.33 1 1
clinic/internal/platform/httpx/router.go:92.32,93.36 1 1
clinic/internal/platform/httpx/router.go:94.28,95.32 1 1
clinic/internal/platform/httpx/router.go:99.2,104.4 1 1
clinic/internal/platform/httpx/router.go:107.109,108.16 1 1
clinic/internal/platform/httpx/router.go:108.16,110.3 1 0
clinic/internal/platform/httpx/router.go:111.2,111.71 1 1
clinic/internal/platform/httpx/router.go:111.71,114.26 3 1
clinic/internal/platform/httpx/router.go:114.26,116.4 1 1
clinic/internal/platform/httpx/router.go:117.3,134.20 13 1
clinic/internal/platform/httpx/router.go:134.20,142.4 1 1
clinic/internal/platform/httpx/router.go:151.48,154.2 2 1
clinic/internal/platform/httpx/search.go:14.121,15.85 1 1
clinic/internal/platform/httpx/search.go:15.85,17.10 2 1
clinic/internal/platform/httpx/search.go:17.10,19.4 1 0
clinic/internal/platform/httpx/search.go:20.3,21.52 2 1
clinic/internal/platform/httpx/search.go:21.52,22.61 1 1
clinic/internal/platform/httpx/search.go:22.61,24.5 1 1
clinic/internal/platform/httpx/search.go:26.3,26.64 1 1
clinic/internal/platform/httpx/search.go:29.2,29.86 1 1
clinic/internal/platform/httpx/search.go:29.86,30.137 1 0
clinic/internal/platform/httpx/search.go:30.137,32.11 2 0
clinic/internal/platform/httpx/search.go:32.11,34.5 1 0
clinic/internal/platform/httpx/search.go:35.4,37.14 3 0
clinic/internal/platform/httpx/search.go:37.14,40.5 2 0
clinic/internal/platform/httpx/search.go:41.4,41.62 1 0
clinic/internal/platform/httpx/search.go:41.62,44.5 2 0
clinic/internal/platform/httpx/search.go:45.4,46.10 2 0
clinic/internal/platform/httpx/search.go:50.2,57.4 1 1
clinic/internal/platform/httpx/search.go:57.4,59.78 2 1
clinic/internal/platform/httpx/search.go:59.78,61.11 2 1
clinic/internal/platform/httpx/search.go:61.11,63.5 1 0
clinic/internal/platform/httpx/search.go:64.4,66.14 3 1
clinic/internal/platform/httpx/search.go:66.14,69.5 2 0
clinic/internal/platform/httpx/search.go:70.4,70.62 1 1
clinic/internal/platform/httpx/search.go:70.62,73.5 2 0
clinic/internal/platform/httpx/search.go:74.4,75.21 2 1
clinic/internal/platform/httpx/search.go:75.21,77.5 1 1
clinic/internal/platform/httpx/search.go:78.4,80.18 3 1
clinic/internal/platform/httpx/search.go:80.18,83.5 2 0
clinic/internal/platform/httpx/search.go:84.4,84.41 1 1
clinic/internal/platform/httpx/search.go:88.2,88.89 1 1
clinic/internal/platform/httpx/search.go:88.89,89.92 1 1
clinic/internal/platform/httpx/search.go:89.92,91.4 1 0
clinic/internal/platform/httpx/search.go:92.3,92.87 1 1
clinic/internal/platform/httpx/search.go:95.2,95.90 1 1
clinic/internal/platform/httpx/search.go:95.90,96.49 1 0
clinic/internal/platform/httpx/search.go:96.49,97.93 1 0
clinic/internal/platform/httpx/search.go:97.93,99.5 1 0
clinic/internal/platform/httpx/search.go:100.4,102.14 3 0
clinic/internal/platform/httpx/search.go:102.14,105.5 2 0
clinic/internal/platform/httpx/search.go:106.4,107.10 2 0
clinic/internal/platform/httpx/search.go:111.2,111.91 1 1
clinic/internal/platform/httpx/search.go:111.91,112.49 1 1
clinic/internal/platform/httpx/search.go:112.49,115.4 2 0
clinic/internal/platform/httpx/search.go:116.3,116.92 1 1
clinic/internal/platform/httpx/search.go:116.92,118.4 1 0
clinic/internal/platform/httpx/search.go:119.3,120.20 2 1
clinic/internal/platform/httpx/search.go:120.20,122.18 2 0
clinic/internal/platform/httpx/search.go:122.18,125.5 2 0
clinic/internal/platform/httpx/search.go:126.4,127.10 2 0
clinic/internal/platform/httpx/search.go:129.3,130.17 2 1
clinic/internal/platform/httpx/search.go:130.17,133.4 2 0
clinic/internal/platform/httpx/search.go:134.3,134.43 1 1
clinic/internal/platform/httpx/search.go:138.49,141.21 3 1
clinic/internal/platform/httpx/search.go:141.21,143.3 1 0
clinic/internal/platform/httpx/search.go:144.2,144.36 1 1
clinic/internal/platform/httpx/search.go:147.53,148.31 1 1
clinic/internal/platform/httpx/search.go:148.31,150.3 1 1
clinic/internal/platform/httpx/search.go:151.2,151.22 1 0
clinic/internal/platform/httpx/ui.go:23.364,24.73 1 1
clinic/internal/platform/httpx/ui.go:24.73,25.54 1 0
clinic/internal/platform/httpx/ui.go:25.54,27.4 1 0
clinic/internal/platform/httpx/ui.go:28.3,29.38 2 0
clinic/internal/platform/httpx/ui.go:32.2,32.83 1 1
clinic/internal/platform/httpx/ui.go:32.83,34.10 2 1
clinic/internal/platform/httpx/ui.go:34.10,36.4 1 0
clinic/internal/platform/httpx/ui.go:37.3,39.21 3 1
clinic/internal/platform/httpx/ui.go:39.21,40.35 1 1
clinic/internal/platform/httpx/ui.go:40.35,41.41 1 1
clinic/internal/platform/httpx/ui.go:41.41,43.11 2 1
clinic/internal/platform/httpx/ui.go:47.3,52.5 1 1
clinic/internal/platform/httpx/ui.go:55.2,55.79 1 1
clinic/internal/platform/httpx/ui.go:55.79,57.10 2 0
clinic/internal/platform/httpx/ui.go:57.10,59.4 1 0
clinic/internal/platform/httpx/ui.go:60.3,61.64 2 0
clinic/internal/platform/httpx/ui.go:64.2,64.81 1 1
clinic/internal/platform/httpx/ui.go:64.81,66.10 2 0
clinic/internal/platform/httpx/ui.go:66.10,68.4 1 0
clinic/internal/platform/httpx/ui.go:69.3,70.66 2 0
clinic/internal/platform/httpx/ui.go:73.2,73.88 1 1
clinic/internal/platform/httpx/ui.go:73.88,75.10 2 1
clinic/internal/platform/httpx/ui.go:75.10,77.4 1 0
clinic/internal/platform/httpx/ui.go:78.3,80.39 3 1
clinic/internal/platform/httpx/ui.go:80.39,83.4 2 0
clinic/internal/platform/httpx/ui.go:84.3,85.17 2 1
clinic/internal/platform/httpx/ui.go:85.17,88.4 2 1
clinic/internal/platform/httpx/ui.go:89.3,90.23 2 0
clinic/internal/platform/httpx/ui.go:90.23,103.4 1 0
clinic/internal/platform/httpx/ui.go:104.3,104.42 1 0
clinic/internal/platform/httpx/ui.go:107.2,107.80 1 1
clinic/internal/platform/httpx/ui.go:107.80,109.10 2 1
clinic/internal/platform/httpx/ui.go:109.10,111.4 1 0
clinic/internal/platform/httpx/ui.go:112.3,113.20 2 1
clinic/internal/platform/httpx/ui.go:113.20,116.4 2 0
clinic/internal/platform/httpx/ui.go:117.3,118.30 2 1
clinic/internal/platform/httpx/ui.go:118.30,119.27 1 1
clinic/internal/platform/httpx/ui.go:119.27,122.5 2 1
clinic/internal/platform/httpx/ui.go:124.3,124.53 1 0
clinic/internal/platform/httpx/ui.go:127.2,127.88 1 1
clinic/internal/platform/httpx/ui.go:127.88,129.10 2 1
clinic/internal/platform/httpx/ui.go:129.10,131.4 1 0
clinic/internal/platform/httpx/ui.go:132.3,133.17 2 1
clinic/internal/platform/httpx/ui.go:133.17,136.4 2 0
clinic/internal/platform/httpx/ui.go:137.3,138.10 2 1
clinic/internal/platform/httpx/ui.go:138.10,141.4 2 1
clinic/internal/platform/httpx/ui.go:142.3,142.75 1 1
clinic/internal/platform/httpx/ui.go:142.75,145.4 2 0
clinic/internal/platform/httpx/ui.go:146.3,146.99 1 1
clinic/internal/platform/httpx/ui.go:146.99,149.4 2 0
clinic/internal/platform/httpx/ui.go:150.3,150.113 1 1
clinic/internal/platform/httpx/ui.go:150.113,153.4 2 0
clinic/internal/platform/httpx/ui.go:154.3,154.44 1 1
clinic/internal/platform/httpx/ui.go:157.2,157.89 1 1
clinic/internal/platform/httpx/ui.go:157.89,158.54 1 1
clinic/internal/platform/httpx/ui.go:158.54,160.4 1 0
clinic/internal/platform/httpx/ui.go:161.3,162.22 2 1
clinic/internal/platform/httpx/ui.go:162.22,165.4 2 0
clinic/internal/platform/httpx/ui.go:166.3,166.41 1 1
clinic/internal/platform/httpx/ui.go:166.41,167.33 1 1
clinic/internal/platform/httpx/ui.go:167.33,168.13 1 1
clinic/internal/platform/httpx/ui.go:170.4,170.51 1 1
clinic/internal/platform/httpx/ui.go:170.51,171.32 1 1
clinic/internal/platform/httpx/ui.go:171.32,172.14 1 0
clinic/internal/platform/httpx/ui.go:174.5,176.11 3 1
clinic/internal/platform/httpx/ui.go:179.3,179.62 1 1
clinic/internal/platform/httpx/ui.go:182.2,182.88 1 1
clinic/internal/platform/httpx/ui.go:182.88,184.10 2 0
clinic/internal/platform/httpx/ui.go:184.10,186.4 1 0
clinic/internal/platform/httpx/ui.go:187.3,187.63 1 0
clinic/internal/platform/httpx/ui.go:187.63,190.4 2 0
clinic/internal/platform/httpx/ui.go:191.3,196.30 6 0
clinic/internal/platform/httpx/ui.go:196.30,197.63 1 0
clinic/internal/platform/httpx/ui.go:197.63,198.13 1 0
clinic/internal/platform/httpx/ui.go:200.4,200.57 1 0
clinic/internal/platform/httpx/ui.go:200.57,201.13 1 0
clinic/internal/platform/httpx/ui.go:203.4,203.100 1 0
clinic/internal/platform/httpx/ui.go:203.100,204.13 1 0
clinic/internal/platform/httpx/ui.go:206.4,217.6 1 0
clinic/internal/platform/httpx/ui.go:219.3,219.44 1 0
clinic/internal/platform/httpx/ui.go:219.44,222.19 3 0
clinic/internal/platform/httpx/ui.go:223.18,224.62 1 0
clinic/internal/platform/httpx/ui.go:225.22,226.81 1 0
clinic/internal/platform/httpx/ui.go:227.12,228.54 1 0
clinic/internal/platform/httpx/ui.go:231.3,231.67 1 0
clinic/internal/platform/httpx/ui.go:234.2,234.89 1 1
clinic/internal/platform/httpx/ui.go:234.89,236.10 2 1
clinic/internal/platform/httpx/ui.go:236.10,238.4 1 0
clinic/internal/platform/httpx/ui.go:239.3,239.63 1 1
clinic/internal/platform/httpx/ui.go:239.63,242.4 2 0
clinic/internal/platform/httpx/ui.go:243.3,244.23 2 1
clinic/internal/platform/httpx/ui.go:244.23,247.4 2 0
clinic/internal/platform/httpx/ui.go:248.3,249.17 2 1
clinic/internal/platform/httpx/ui.go:249.17,252.4 2 0
clinic/internal/platform/httpx/ui.go:253.3,253.117 1 1
clinic/internal/platform/httpx/ui.go:253.117,256.4 2 0
clinic/internal/platform/httpx/ui.go:257.3,266.5 4 1
clinic/internal/platform/httpx/ui.go:269.2,269.100 1 1
clinic/internal/platform/httpx/ui.go:269.100,271.10 2 0
clinic/internal/platform/httpx/ui.go:271.10,273.4 1 0
clinic/internal/platform/httpx/ui.go:274.3,274.63 1 0
clinic/internal/platform/httpx/ui.go:274.63,277.4 2 0
clinic/internal/platform/httpx/ui.go:278.3,280.30 3 0
clinic/internal/platform/httpx/ui.go:280.30,281.100 1 0
clinic/internal/platform/httpx/ui.go:281.100,282.13 1 0
clinic/internal/platform/httpx/ui.go:284.4,295.6 1 0
clinic/internal/platform/httpx/ui.go:297.3,297.67 1 0
clinic/internal/platform/httpx/ui.go:300.2,300.97 1 1
clinic/internal/platform/httpx/ui.go:300.97,302.10 2 0
clinic/internal/platform/httpx/ui.go:302.10,304.4 1 0
clinic/internal/platform/httpx/ui.go:305.3,305.64 1 0
clinic/internal/platform/httpx/ui.go:305.64,308.4 2 0
clinic/internal/platform/httpx/ui.go:309.3,309.57 1 0
clinic/internal/platform/httpx/ui.go:312.2,312.97 1 1
clinic/internal/platform/httpx/ui.go:312.97,314.10 2 0
clinic/internal/platform/httpx/ui.go:314.10,316.4 1 0
clinic/internal/platform/httpx/ui.go:317.3,317.65 1 0
clinic/internal/platform/httpx/ui.go:317.65,320.4 2 0
clinic/internal/platform/httpx/ui.go:321.3,321.57 1 0
clinic/internal/platform/httpx/ui.go:324.2,324.85 1 1
clinic/internal/platform/httpx/ui.go:324.85,326.10 2 1
clinic/internal/platform/httpx/ui.go:326.10,328.4 1 0
clinic/internal/platform/httpx/ui.go:329.3,331.13 3 1
clinic/internal/platform/httpx/ui.go:331.13,334.4 2 0
clinic/internal/platform/httpx/ui.go:335.3,335.69 1 1
clinic/internal/platform/httpx/ui.go:335.69,338.4 2 0
clinic/internal/platform/httpx/ui.go:339.3,348.93 2 1
clinic/internal/platform/httpx/ui.go:348.93,351.4 2 0
clinic/internal/platform/httpx/ui.go:352.3,353.17 2 1
clinic/internal/platform/httpx/ui.go:353.17,356.4 2 0
clinic/internal/platform/httpx/ui.go:357.3,358.99 2 1
clinic/internal/platform/httpx/ui.go:361.2,361.86 1 1
clinic/internal/platform/httpx/ui.go:361.86,363.10 2 1
clinic/internal/platform/httpx/ui.go:363.10,365.4 1 0
clinic/internal/platform/httpx/ui.go:366.3,367.28 2 1
clinic/internal/platform/httpx/ui.go:367.28,370.4 2 0
clinic/internal/platform/httpx/ui.go:371.3,372.13 2 1
clinic/internal/platform/httpx/ui.go:372.13,375.4 2 0
clinic/internal/platform/httpx/ui.go:376.3,376.69 1 1
clinic/internal/platform/httpx/ui.go:376.69,379.4 2 0
clinic/internal/platform/httpx/ui.go:380.3,381.17 2 1
clinic/internal/platform/httpx/ui.go:381.17,384.4 2 0
clinic/internal/platform/httpx/ui.go:385.3,388.42 4 1
clinic/internal/platform/httpx/ui.go:388.42,390.18 2 1
clinic/internal/platform/httpx/ui.go:390.18,392.32 2 1
clinic/internal/platform/httpx/ui.go:392.32,394.6 1 0
clinic/internal/platform/httpx/ui.go:395.5,395.39 1 1
clinic/internal/platform/httpx/ui.go:397.4,397.71 1 1
clinic/internal/platform/httpx/ui.go:397.71,399.5 1 1
clinic/internal/platform/httpx/ui.go:401.3,402.41 2 1
clinic/internal/platform/httpx/ui.go:405.2,405.98 1 1
clinic/internal/platform/httpx/ui.go:405.98,407.10 2 0
clinic/internal/platform/httpx/ui.go:407.10,409.4 1 0
clinic/internal/platform/httpx/ui.go:410.3,410.64 1 0
clinic/internal/platform/httpx/ui.go:410.64,413.4 2 0
clinic/internal/platform/httpx/ui.go:414.3,415.23 2 0
clinic/internal/platform/httpx/ui.go:415.23,418.4 2 0
clinic/internal/platform/httpx/ui.go:419.3,422.100 4 0
clinic/internal/platform/httpx/ui.go:422.100,424.14 2 0
clinic/internal/platform/httpx/ui.go:424.14,427.5 2 0
clinic/internal/platform/httpx/ui.go:428.4,430.18 3 0
clinic/internal/platform/httpx/ui.go:430.18,433.5 2 0
clinic/internal/platform/httpx/ui.go:434.9,434.111 1 0
clinic/internal/platform/httpx/ui.go:434.111,436.22 2 0
clinic/internal/platform/httpx/ui.go:436.22,441.19 5 0
clinic/internal/platform/httpx/ui.go:441.19,444.6 2 0
clinic/internal/platform/httpx/ui.go:445.5,445.29 1 0
clinic/internal/platform/httpx/ui.go:445.29,446.47 1 0
clinic/internal/platform/httpx/ui.go:446.47,448.7 1 0
clinic/internal/platform/httpx/ui.go:450.5,450.27 1 0
clinic/internal/platform/httpx/ui.go:450.27,451.45 1 0
clinic/internal/platform/httpx/ui.go:451.45,453.7 1 0
clinic/internal/platform/httpx/ui.go:457.3,465.17 2 0
clinic/internal/platform/httpx/ui.go:465.17,468.4 2 0
clinic/internal/platform/httpx/ui.go:469.3,469.41 1 0
clinic/internal/platform/httpx/ui.go:472.2,472.96 1 1
clinic/internal/platform/httpx/ui.go:472.96,474.10 2 0
clinic/internal/platform/httpx/ui.go:474.10,476.4 1 0
clinic/internal/platform/httpx/ui.go:477.3,477.64 1 0
clinic/internal/platform/httpx/ui.go:477.64,480.4 2 0
clinic/internal/platform/httpx/ui.go:481.3,482.21 2 0
clinic/internal/platform/httpx/ui.go:482.21,485.4 2 0
clinic/internal/platform/httpx/ui.go:486.3,487.13 2 0
clinic/internal/platform/httpx/ui.go:487.13,490.4 2 0
clinic/internal/platform/httpx/ui.go:491.3,492.17 2 0
clinic/internal/platform/httpx/ui.go:492.17,495.4 2 0
clinic/internal/platform/httpx/ui.go:496.3,505.17 2 0
clinic/internal/platform/httpx/ui.go:505.17,508.4 2 0
clinic/internal/platform/httpx/ui.go:509.3,509.41 1 0
clinic/internal/platform/httpx/ui.go:512.2,512.94 1 1
clinic/internal/platform/httpx/ui.go:512.94,514.10 2 1
clinic/internal/platform/httpx/ui.go:514.10,516.4 1 0
clinic/internal/platform/httpx/ui.go:517.3,517.64 1 1
clinic/internal/platform/httpx/ui.go:517.64,520.4 2 0
clinic/internal/platform/httpx/ui.go:521.3,522.19 2 1
clinic/internal/platform/httpx/ui.go:522.19,525.4 2 0
clinic/internal/platform/httpx/ui.go:526.3,529.43 4 1
clinic/internal/platform/httpx/ui.go:529.43,532.14 3 1
clinic/internal/platform/httpx/ui.go:532.14,535.5 2 0
clinic/internal/platform/httpx/ui.go:536.4,538.18 3 1
clinic/internal/platform/httpx/ui.go:538.18,541.5 2 1
clinic/internal/platform/httpx/ui.go:542.9,542.35 1 1
clinic/internal/platform/httpx/ui.go:542.35,544.22 2 1
clinic/internal/platform/httpx/ui.go:544.22,547.19 3 1
clinic/internal/platform/httpx/ui.go:547.19,550.6 2 1
clinic/internal/platform/httpx/ui.go:553.3,562.17 2 1
clinic/internal/platform/httpx/ui.go:562.17,565.4 2 0
clinic/internal/platform/httpx/ui.go:566.3,566.41 1 1
clinic/internal/platform/httpx/ui.go:570.114,571.41 1 0
clinic/internal/platform/httpx/ui.go:571.41,572.34 1 0
clinic/internal/platform/httpx/ui.go:572.34,573.12 1 0
clinic/internal/platform/httpx/ui.go:575.3,576.17 2 0
clinic/internal/platform/httpx/ui.go:576.17,578.4 1 0
clinic/internal/platform/httpx/ui.go:579.3,579.15 1 0
clinic/internal/platform/httpx/ui.go:581.2,581.12 1 0
clinic/internal/platform/httpx/ui.go:584.36,586.19 2 1
clinic/internal/platform/httpx/ui.go:586.19,588.3 1 0
clinic/internal/platform/httpx/ui.go:589.2,591.29 3 1
clinic/internal/platform/httpx/ui.go:591.29,593.17 2 1
clinic/internal/platform/httpx/ui.go:593.17,595.4 1 1
clinic/internal/platform/httpx/ui.go:597.2,597.12 1 1
clinic/internal/platform/httpx/ui.go:600.92,601.37 1 1
clinic/internal/platform/httpx/ui.go:601.37,604.3 2 0
clinic/internal/platform/httpx/ui.go:605.2,606.9 2 1
clinic/internal/platform/httpx/ui.go:606.9,609.3 2 0
clinic/internal/platform/httpx/ui.go:610.2,610.29 1 1
clinic/internal/platform/httpx/ui.go:610.29,613.3 2 0
clinic/internal/platform/httpx/ui.go:614.2,614.16 1 1
clinic/internal/platform/httpx/ui.go:617.90,618.41 1 1
clinic/internal/platform/httpx/ui.go:618.41,619.42 1 1
clinic/internal/platform/httpx/ui.go:619.42,620.12 1 0
clinic/internal/platform/httpx/ui.go:622.3,622.103 1 1
clinic/internal/platform/httpx/ui.go:622.103,624.4 1 0
clinic/internal/platform/httpx/ui.go:626.2,626.13 1 1
clinic/internal/platform/httpx/ui.go:629.166,636.40 6 1
clinic/internal/platform/httpx/ui.go:636.40,637.32 1 1
clinic/internal/platform/httpx/ui.go:637.32,638.12 1 1
clinic/internal/platform/httpx/ui.go:640.3,640.59 1 1
clinic/internal/platform/httpx/ui.go:640.59,641.65 1 1
clinic/internal/platform/httpx/ui.go:641.65,642.13 1 0
clinic/internal/platform/httpx/ui.go:644.4,644.29 1 1
clinic/internal/platform/httpx/ui.go:645.34,646.29 1 1
clinic/internal/platform/httpx/ui.go:646.29,648.72 2 1
clinic/internal/platform/httpx/ui.go:648.72,649.15 1 0
clinic/internal/platform/httpx/ui.go:651.6,651.29 1 1
clinic/internal/platform/httpx/ui.go:651.29,654.7 2 1
clinic/internal/platform/httpx/ui.go:656.33,658.66 2 1
clinic/internal/platform/httpx/ui.go:658.66,659.103 1 1
clinic/internal/platform/httpx/ui.go:659.103,661.12 2 1
clinic/internal/platform/httpx/ui.go:664.5,664.22 1 1
clinic/internal/platform/httpx/ui.go:664.22,665.14 1 0
clinic/internal/platform/httpx/ui.go:668.4,668.31 1 1
clinic/internal/platform/httpx/ui.go:668.31,671.5 2 1
clinic/internal/platform/httpx/ui.go:675.2,675.40 1 1
clinic/internal/platform/httpx/ui.go:675.40,676.32 1 1
clinic/internal/platform/httpx/ui.go:676.32,677.12 1 1
clinic/internal/platform/httpx/ui.go:679.3,679.58 1 1
clinic/internal/platform/httpx/ui.go:679.58,680.100 1 1
clinic/internal/platform/httpx/ui.go:680.100,681.13 1 0
clinic/internal/platform/httpx/ui.go:683.4,683.48 1 1
clinic/internal/platform/httpx/ui.go:687.2,687.47 1 1
clinic/internal/platform/httpx/ui.go:687.47,688.53 1 1
clinic/internal/platform/httpx/ui.go:688.53,690.4 1 0
clinic/internal/platform/httpx/ui.go:691.3,691.55 1 1
clinic/internal/platform/httpx/ui.go:693.2,693.49 1 1
clinic/internal/platform/httpx/ui.go:693.49,693.105 1 1
clinic/internal/platform/httpx/ui.go:694.2,694.47 1 1
clinic/internal/platform/httpx/ui.go:694.47,694.99 1 1
clinic/internal/platform/httpx/ui.go:696.2,696.51 1 1
clinic/internal/platform/httpx/ui.go:699.42,701.38 2 1
clinic/internal/platform/httpx/ui.go:701.38,703.3 1 0
clinic/internal/platform/httpx/ui.go:704.2,704.60 1 1
clinic/internal/platform/httpx/ui.go:707.44,709.38 2 1
clinic/internal/platform/httpx/ui.go:709.38,711.3 1 0
clinic/internal/platform/httpx/ui.go:712.2,712.87 1 1
clinic/internal/platform/httpx/ui.go:1442.38,1463.2 1 1
