mode: set
orbyte/internal/platform/activity/service.go:57.28,63.2 1 1
orbyte/internal/platform/activity/service.go:65.117,66.111 1 1
orbyte/internal/platform/activity/service.go:66.111,68.3 1 0
orbyte/internal/platform/activity/service.go:69.2,80.18 4 1
orbyte/internal/platform/activity/service.go:83.82,84.114 1 1
orbyte/internal/platform/activity/service.go:84.114,86.3 1 1
orbyte/internal/platform/activity/service.go:87.2,90.18 4 1
orbyte/internal/platform/activity/service.go:93.113,94.114 1 1
orbyte/internal/platform/activity/service.go:94.114,96.3 1 0
orbyte/internal/platform/activity/service.go:97.2,109.18 4 1
orbyte/internal/platform/activity/service.go:112.65,113.30 1 1
orbyte/internal/platform/activity/service.go:113.30,114.50 1 1
orbyte/internal/platform/activity/service.go:114.50,115.12 1 0
orbyte/internal/platform/activity/service.go:117.3,119.30 3 1
orbyte/internal/platform/activity/service.go:121.2,121.58 1 0
orbyte/internal/platform/activity/service.go:124.73,126.34 2 1
orbyte/internal/platform/activity/service.go:126.34,127.65 1 1
orbyte/internal/platform/activity/service.go:127.65,128.12 1 0
orbyte/internal/platform/activity/service.go:130.3,133.5 1 1
orbyte/internal/platform/activity/service.go:135.2,135.36 1 1
orbyte/internal/platform/activity/service.go:135.36,136.65 1 1
orbyte/internal/platform/activity/service.go:136.65,137.12 1 0
orbyte/internal/platform/activity/service.go:139.3,142.5 1 1
orbyte/internal/platform/activity/service.go:144.2,144.40 1 1
orbyte/internal/platform/activity/service.go:144.40,144.98 1 1
orbyte/internal/platform/activity/service.go:145.2,145.14 1 1
orbyte/internal/platform/activity/service.go:148.43,149.38 1 1
orbyte/internal/platform/activity/service.go:149.38,151.3 1 1
orbyte/internal/platform/activity/service.go:152.2,152.35 1 0
orbyte/internal/platform/activity/service.go:155.52,156.21 1 1
orbyte/internal/platform/activity/service.go:156.21,158.3 1 0
orbyte/internal/platform/activity/service.go:159.2,160.32 2 1
orbyte/internal/platform/activity/service.go:160.32,162.3 1 1
orbyte/internal/platform/activity/service.go:163.2,163.15 1 1
orbyte/internal/platform/audit/memory_repository.go:9.46,11.2 1 1
orbyte/internal/platform/audit/memory_repository.go:13.52,16.2 2 1
orbyte/internal/platform/audit/memory_repository.go:18.43,20.40 2 1
orbyte/internal/platform/audit/memory_repository.go:20.40,22.3 1 0
orbyte/internal/platform/audit/memory_repository.go:23.2,23.14 1 1
orbyte/internal/platform/audit/memory_repository.go:26.56,28.32 2 1
orbyte/internal/platform/audit/memory_repository.go:28.32,29.70 1 1
orbyte/internal/platform/audit/memory_repository.go:29.70,30.12 1 0
orbyte/internal/platform/audit/memory_repository.go:32.3,32.64 1 1
orbyte/internal/platform/audit/memory_repository.go:32.64,33.12 1 0
orbyte/internal/platform/audit/memory_repository.go:35.3,35.61 1 1
orbyte/internal/platform/audit/memory_repository.go:35.61,36.12 1 0
orbyte/internal/platform/audit/memory_repository.go:38.3,38.67 1 1
orbyte/internal/platform/audit/memory_repository.go:38.67,39.12 1 1
orbyte/internal/platform/audit/memory_repository.go:41.3,41.88 1 1
orbyte/internal/platform/audit/memory_repository.go:41.88,42.12 1 0
orbyte/internal/platform/audit/memory_repository.go:44.3,44.58 1 1
orbyte/internal/platform/audit/memory_repository.go:44.58,45.12 1 0
orbyte/internal/platform/audit/memory_repository.go:47.3,47.79 1 1
orbyte/internal/platform/audit/memory_repository.go:47.79,48.12 1 0
orbyte/internal/platform/audit/memory_repository.go:50.3,50.82 1 1
orbyte/internal/platform/audit/memory_repository.go:50.82,51.12 1 0
orbyte/internal/platform/audit/memory_repository.go:53.3,53.70 1 1
orbyte/internal/platform/audit/memory_repository.go:53.70,54.12 1 0
orbyte/internal/platform/audit/memory_repository.go:56.3,56.85 1 1
orbyte/internal/platform/audit/memory_repository.go:56.85,57.12 1 0
orbyte/internal/platform/audit/memory_repository.go:59.3,59.83 1 1
orbyte/internal/platform/audit/memory_repository.go:59.83,60.12 1 0
orbyte/internal/platform/audit/memory_repository.go:62.3,62.78 1 1
orbyte/internal/platform/audit/memory_repository.go:62.78,63.12 1 0
orbyte/internal/platform/audit/memory_repository.go:65.3,65.30 1 1
orbyte/internal/platform/audit/memory_repository.go:67.2,67.40 1 1
orbyte/internal/platform/audit/memory_repository.go:67.40,69.3 1 0
orbyte/internal/platform/audit/memory_repository.go:70.2,70.14 1 1
orbyte/internal/platform/audit/postgres_repository.go:15.60,17.2 1 1
orbyte/internal/platform/audit/postgres_repository.go:19.54,21.16 2 1
orbyte/internal/platform/audit/postgres_repository.go:21.16,23.3 1 0
orbyte/internal/platform/audit/postgres_repository.go:24.2,25.16 2 1
orbyte/internal/platform/audit/postgres_repository.go:25.16,27.3 1 0
orbyte/internal/platform/audit/postgres_repository.go:28.2,54.12 3 1
orbyte/internal/platform/audit/postgres_repository.go:57.45,59.2 1 1
orbyte/internal/platform/audit/postgres_repository.go:61.58,87.16 3 1
orbyte/internal/platform/audit/postgres_repository.go:87.16,89.3 1 0
orbyte/internal/platform/audit/postgres_repository.go:90.2,92.18 3 1
orbyte/internal/platform/audit/postgres_repository.go:92.18,96.352 4 1
orbyte/internal/platform/audit/postgres_repository.go:96.352,97.12 1 0
orbyte/internal/platform/audit/postgres_repository.go:99.3,101.30 3 1
orbyte/internal/platform/audit/postgres_repository.go:103.2,103.40 1 1
orbyte/internal/platform/audit/postgres_repository.go:103.40,105.3 1 0
orbyte/internal/platform/audit/postgres_repository.go:106.2,106.14 1 1
orbyte/internal/platform/audit/postgres_repository.go:109.40,110.20 1 1
orbyte/internal/platform/audit/postgres_repository.go:110.20,112.3 1 1
orbyte/internal/platform/audit/postgres_repository.go:113.2,113.14 1 0
orbyte/internal/platform/audit/service.go:7.28,9.2 1 1
orbyte/internal/platform/audit/service.go:11.57,13.2 1 1
orbyte/internal/platform/audit/service.go:15.45,17.2 1 1
orbyte/internal/platform/audit/service.go:19.34,21.2 1 1
orbyte/internal/platform/audit/service.go:23.47,24.31 1 1
orbyte/internal/platform/audit/service.go:24.31,26.3 1 1
orbyte/internal/platform/audit/service.go:27.2,27.29 1 1
orbyte/cmd/migrate/main.go:18.13,19.22 1 0
orbyte/cmd/migrate/main.go:19.22,21.3 1 0
orbyte/cmd/migrate/main.go:22.2,23.16 2 0
orbyte/cmd/migrate/main.go:23.16,25.3 1 0
orbyte/cmd/migrate/main.go:26.2,26.43 1 0
orbyte/cmd/migrate/main.go:26.43,28.3 1 0
orbyte/cmd/migrate/main.go:29.2,29.15 1 0
orbyte/cmd/migrate/main.go:29.15,29.39 1 0
orbyte/cmd/migrate/main.go:31.2,31.20 1 0
orbyte/cmd/migrate/main.go:32.12,33.62 1 0
orbyte/cmd/migrate/main.go:33.62,35.4 1 0
orbyte/cmd/migrate/main.go:36.16,37.64 1 0
orbyte/cmd/migrate/main.go:37.64,39.4 1 0
orbyte/cmd/migrate/main.go:40.10,41.47 1 0
orbyte/cmd/migrate/main.go:45.46,46.49 1 1
orbyte/cmd/migrate/main.go:46.49,48.3 1 0
orbyte/cmd/migrate/main.go:49.2,50.16 2 1
orbyte/cmd/migrate/main.go:50.16,52.3 1 0
orbyte/cmd/migrate/main.go:53.2,54.16 2 1
orbyte/cmd/migrate/main.go:54.16,56.3 1 0
orbyte/cmd/migrate/main.go:57.2,57.29 1 1
orbyte/cmd/migrate/main.go:57.29,59.17 2 1
orbyte/cmd/migrate/main.go:59.17,61.4 1 0
orbyte/cmd/migrate/main.go:62.3,64.32 3 1
orbyte/cmd/migrate/main.go:64.32,66.12 2 0
orbyte/cmd/migrate/main.go:68.3,68.55 1 1
orbyte/cmd/migrate/main.go:68.55,70.4 1 0
orbyte/cmd/migrate/main.go:71.3,72.17 2 1
orbyte/cmd/migrate/main.go:72.17,74.4 1 0
orbyte/cmd/migrate/main.go:75.3,75.82 1 1
orbyte/cmd/migrate/main.go:75.82,78.4 2 0
orbyte/cmd/migrate/main.go:79.3,82.52 1 1
orbyte/cmd/migrate/main.go:82.52,85.4 2 0
orbyte/cmd/migrate/main.go:86.3,86.37 1 1
orbyte/cmd/migrate/main.go:86.37,88.4 1 0
orbyte/cmd/migrate/main.go:89.3,89.35 1 1
orbyte/cmd/migrate/main.go:91.2,91.12 1 1
orbyte/cmd/migrate/main.go:94.48,95.49 1 1
orbyte/cmd/migrate/main.go:95.49,97.3 1 0
orbyte/cmd/migrate/main.go:98.2,99.16 2 1
orbyte/cmd/migrate/main.go:99.16,101.3 1 0
orbyte/cmd/migrate/main.go:102.2,103.16 2 1
orbyte/cmd/migrate/main.go:103.16,105.3 1 0
orbyte/cmd/migrate/main.go:106.2,106.29 1 1
orbyte/cmd/migrate/main.go:106.29,109.26 3 1
orbyte/cmd/migrate/main.go:109.26,111.4 1 1
orbyte/cmd/migrate/main.go:112.3,112.37 1 1
orbyte/cmd/migrate/main.go:114.2,114.12 1 1
orbyte/cmd/migrate/main.go:117.45,126.2 2 1
orbyte/cmd/migrate/main.go:128.63,130.16 2 1
orbyte/cmd/migrate/main.go:130.16,132.3 1 0
orbyte/cmd/migrate/main.go:133.2,135.18 3 1
orbyte/cmd/migrate/main.go:135.18,138.57 3 1
orbyte/cmd/migrate/main.go:138.57,140.4 1 0
orbyte/cmd/migrate/main.go:141.3,141.29 1 1
orbyte/cmd/migrate/main.go:143.2,143.19 1 1
orbyte/cmd/migrate/main.go:146.51,148.16 2 1
orbyte/cmd/migrate/main.go:148.16,150.3 1 0
orbyte/cmd/migrate/main.go:151.2,152.32 2 1
orbyte/cmd/migrate/main.go:152.32,153.64 1 1
orbyte/cmd/migrate/main.go:153.64,154.12 1 1
orbyte/cmd/migrate/main.go:156.3,156.58 1 1
orbyte/cmd/migrate/main.go:158.2,159.19 2 1
orbyte/cmd/migrate/main.go:162.41,165.2 2 1
orbyte/cmd/migrate/main.go:167.41,170.2 2 0
orbyte/internal/platform/featureflags/memory_repository.go:10.46,15.2 1 1
orbyte/internal/platform/featureflags/memory_repository.go:17.65,20.2 2 1
orbyte/internal/platform/featureflags/memory_repository.go:22.73,25.2 2 1
orbyte/internal/platform/featureflags/memory_repository.go:27.59,29.37 2 0
orbyte/internal/platform/featureflags/memory_repository.go:29.37,31.3 1 0
orbyte/internal/platform/featureflags/memory_repository.go:32.2,32.40 1 0
orbyte/internal/platform/featureflags/memory_repository.go:32.40,32.78 1 0
orbyte/internal/platform/featureflags/memory_repository.go:33.2,33.14 1 0
orbyte/internal/platform/featureflags/memory_repository.go:36.57,39.2 2 1
orbyte/internal/platform/featureflags/memory_repository.go:41.83,44.2 2 1
orbyte/internal/platform/featureflags/memory_repository.go:46.49,48.32 2 0
orbyte/internal/platform/featureflags/memory_repository.go:48.32,50.3 1 0
orbyte/internal/platform/featureflags/memory_repository.go:51.2,51.40 1 0
orbyte/internal/platform/featureflags/memory_repository.go:51.40,52.43 1 0
orbyte/internal/platform/featureflags/memory_repository.go:52.43,53.40 1 0
orbyte/internal/platform/featureflags/memory_repository.go:53.40,55.5 1 0
orbyte/internal/platform/featureflags/memory_repository.go:56.4,56.42 1 0
orbyte/internal/platform/featureflags/memory_repository.go:58.3,58.45 1 0
orbyte/internal/platform/featureflags/memory_repository.go:60.2,60.14 1 0
orbyte/internal/platform/featureflags/memory_repository.go:63.59,65.2 1 1
orbyte/internal/platform/featureflags/postgres_repository.go:14.60,16.2 1 0
orbyte/internal/platform/featureflags/postgres_repository.go:18.67,32.2 4 0
orbyte/internal/platform/featureflags/postgres_repository.go:34.75,38.194 4 0
orbyte/internal/platform/featureflags/postgres_repository.go:38.194,40.3 1 0
orbyte/internal/platform/featureflags/postgres_repository.go:41.2,42.19 2 0
orbyte/internal/platform/featureflags/postgres_repository.go:45.61,48.16 3 0
orbyte/internal/platform/featureflags/postgres_repository.go:48.16,50.3 1 0
orbyte/internal/platform/featureflags/postgres_repository.go:51.2,53.18 3 0
orbyte/internal/platform/featureflags/postgres_repository.go:53.18,56.145 3 0
orbyte/internal/platform/featureflags/postgres_repository.go:56.145,57.12 1 0
orbyte/internal/platform/featureflags/postgres_repository.go:59.3,60.30 2 0
orbyte/internal/platform/featureflags/postgres_repository.go:62.2,62.14 1 0
orbyte/internal/platform/featureflags/postgres_repository.go:65.59,82.2 3 0
orbyte/internal/platform/featureflags/postgres_repository.go:84.85,91.240 3 0
orbyte/internal/platform/featureflags/postgres_repository.go:91.240,93.3 1 0
orbyte/internal/platform/featureflags/postgres_repository.go:94.2,94.25 1 0
orbyte/internal/platform/featureflags/postgres_repository.go:94.25,96.3 1 0
orbyte/internal/platform/featureflags/postgres_repository.go:97.2,97.23 1 0
orbyte/internal/platform/featureflags/postgres_repository.go:97.23,99.3 1 0
orbyte/internal/platform/featureflags/postgres_repository.go:100.2,100.19 1 0
orbyte/internal/platform/featureflags/postgres_repository.go:103.51,106.16 3 0
orbyte/internal/platform/featureflags/postgres_repository.go:106.16,108.3 1 0
orbyte/internal/platform/featureflags/postgres_repository.go:109.2,111.18 3 0
orbyte/internal/platform/featureflags/postgres_repository.go:111.18,117.171 2 0
orbyte/internal/platform/featureflags/postgres_repository.go:117.171,118.12 1 0
orbyte/internal/platform/featureflags/postgres_repository.go:120.3,120.26 1 0
orbyte/internal/platform/featureflags/postgres_repository.go:120.26,122.4 1 0
orbyte/internal/platform/featureflags/postgres_repository.go:123.3,123.24 1 0
orbyte/internal/platform/featureflags/postgres_repository.go:123.24,125.4 1 0
orbyte/internal/platform/featureflags/postgres_repository.go:126.3,126.30 1 0
orbyte/internal/platform/featureflags/postgres_repository.go:128.2,128.14 1 0
orbyte/internal/platform/featureflags/postgres_repository.go:131.40,132.20 1 0
orbyte/internal/platform/featureflags/postgres_repository.go:132.20,134.3 1 0
orbyte/internal/platform/featureflags/postgres_repository.go:135.2,135.14 1 0
orbyte/internal/platform/featureflags/service.go:15.28,17.2 1 1
orbyte/internal/platform/featureflags/service.go:19.57,25.4 3 1
orbyte/internal/platform/featureflags/service.go:25.4,27.3 1 1
orbyte/internal/platform/featureflags/service.go:28.2,28.12 1 1
orbyte/internal/platform/featureflags/service.go:31.60,32.38 1 1
orbyte/internal/platform/featureflags/service.go:32.38,34.3 1 0
orbyte/internal/platform/featureflags/service.go:35.2,35.44 1 1
orbyte/internal/platform/featureflags/service.go:35.44,37.3 1 0
orbyte/internal/platform/featureflags/service.go:38.2,38.33 1 1
orbyte/internal/platform/featureflags/service.go:38.33,40.3 1 0
orbyte/internal/platform/featureflags/service.go:41.2,42.28 2 1
orbyte/internal/platform/featureflags/service.go:42.28,44.3 1 1
orbyte/internal/platform/featureflags/service.go:45.2,46.35 2 1
orbyte/internal/platform/featureflags/service.go:49.46,51.2 1 0
orbyte/internal/platform/featureflags/service.go:53.36,55.2 1 0
orbyte/internal/platform/featureflags/service.go:57.50,59.9 2 1
orbyte/internal/platform/featureflags/service.go:59.9,61.3 1 0
orbyte/internal/platform/featureflags/service.go:62.2,62.23 1 1
orbyte/internal/platform/featureflags/service.go:62.23,64.3 1 0
orbyte/internal/platform/featureflags/service.go:65.2,65.52 1 1
orbyte/internal/platform/featureflags/service.go:65.52,67.3 1 0
orbyte/internal/platform/featureflags/service.go:68.2,68.24 1 1
orbyte/internal/platform/featureflags/service.go:68.24,70.3 1 0
orbyte/internal/platform/featureflags/service.go:71.2,73.27 3 1
orbyte/internal/platform/featureflags/service.go:73.27,75.3 1 1
orbyte/internal/platform/featureflags/service.go:76.2,76.32 1 1
orbyte/internal/platform/featureflags/service.go:79.104,81.2 1 1
orbyte/internal/platform/featureflags/service.go:83.138,85.9 2 1
orbyte/internal/platform/featureflags/service.go:85.9,87.3 1 0
orbyte/internal/platform/featureflags/service.go:88.2,88.17 1 1
orbyte/internal/platform/featureflags/service.go:88.17,90.3 1 0
orbyte/internal/platform/featureflags/service.go:91.2,102.4 4 1
orbyte/internal/platform/featureflags/service.go:102.4,103.65 1 1
orbyte/internal/platform/featureflags/service.go:103.65,104.12 1 1
orbyte/internal/platform/featureflags/service.go:106.3,106.57 1 1
orbyte/internal/platform/featureflags/service.go:106.57,107.12 1 0
orbyte/internal/platform/featureflags/service.go:109.3,110.38 2 1
orbyte/internal/platform/featureflags/service.go:110.38,111.12 1 1
orbyte/internal/platform/featureflags/service.go:113.3,113.70 1 1
orbyte/internal/platform/featureflags/service.go:113.70,114.12 1 0
orbyte/internal/platform/featureflags/service.go:116.3,116.65 1 1
orbyte/internal/platform/featureflags/service.go:116.65,117.12 1 0
orbyte/internal/platform/featureflags/service.go:119.3,121.36 3 1
orbyte/internal/platform/featureflags/service.go:123.2,130.9 1 1
orbyte/internal/platform/featureflags/service.go:133.96,135.2 1 0
orbyte/internal/platform/featureflags/service.go:137.130,140.27 3 0
orbyte/internal/platform/featureflags/service.go:140.27,141.108 1 0
orbyte/internal/platform/featureflags/service.go:141.108,143.4 1 0
orbyte/internal/platform/featureflags/service.go:145.2,145.40 1 0
orbyte/internal/platform/featureflags/service.go:145.40,145.78 1 0
orbyte/internal/platform/featureflags/service.go:146.2,146.14 1 0
orbyte/internal/platform/featureflags/service.go:149.60,150.31 1 1
orbyte/internal/platform/featureflags/service.go:150.31,151.25 1 1
orbyte/internal/platform/featureflags/service.go:151.25,153.4 1 1
orbyte/internal/platform/featureflags/service.go:155.2,155.14 1 0
orbyte/internal/platform/i18n/i18n.go:15.34,19.2 3 0
orbyte/internal/platform/i18n/i18n.go:21.44,23.17 2 1
orbyte/internal/platform/i18n/i18n.go:23.17,25.3 1 0
orbyte/internal/platform/i18n/i18n.go:26.2,27.45 2 1
orbyte/internal/platform/i18n/i18n.go:27.45,28.68 1 1
orbyte/internal/platform/i18n/i18n.go:28.68,30.4 1 1
orbyte/internal/platform/i18n/i18n.go:32.2,32.13 1 1
orbyte/internal/platform/i18n/i18n.go:35.78,36.81 1 1
orbyte/internal/platform/i18n/i18n.go:36.81,38.3 1 1
orbyte/internal/platform/i18n/i18n.go:39.2,39.62 1 1
orbyte/internal/platform/i18n/i18n.go:39.62,41.3 1 0
orbyte/internal/platform/i18n/i18n.go:42.2,42.62 1 1
orbyte/internal/platform/i18n/i18n.go:42.62,44.3 1 0
orbyte/internal/platform/i18n/i18n.go:45.2,45.17 1 1
orbyte/internal/platform/i18n/i18n.go:48.42,49.14 1 1
orbyte/internal/platform/i18n/i18n.go:49.14,51.3 1 0
orbyte/internal/platform/i18n/i18n.go:52.2,52.59 1 1
orbyte/internal/platform/i18n/i18n.go:52.59,53.58 1 1
orbyte/internal/platform/i18n/i18n.go:53.58,55.4 1 1
orbyte/internal/platform/i18n/i18n.go:57.2,57.75 1 1
orbyte/internal/platform/i18n/i18n.go:57.75,59.18 2 1
orbyte/internal/platform/i18n/i18n.go:59.18,60.12 1 0
orbyte/internal/platform/i18n/i18n.go:62.3,62.32 1 1
orbyte/internal/platform/i18n/i18n.go:64.2,64.13 1 0
orbyte/internal/platform/i18n/i18n.go:67.54,68.14 1 1
orbyte/internal/platform/i18n/i18n.go:68.14,70.3 1 0
orbyte/internal/platform/i18n/i18n.go:71.2,78.4 1 1
orbyte/internal/platform/idempotency/memory_repository.go:9.46,11.2 1 1
orbyte/internal/platform/idempotency/memory_repository.go:13.70,16.2 2 1
orbyte/internal/platform/idempotency/memory_repository.go:18.44,20.33 2 1
orbyte/internal/platform/idempotency/memory_repository.go:20.33,22.3 1 1
orbyte/internal/platform/idempotency/memory_repository.go:23.2,23.40 1 1
orbyte/internal/platform/idempotency/memory_repository.go:23.40,24.47 1 1
orbyte/internal/platform/idempotency/memory_repository.go:24.47,26.4 1 0
orbyte/internal/platform/idempotency/memory_repository.go:27.3,27.49 1 1
orbyte/internal/platform/idempotency/memory_repository.go:29.2,29.14 1 1
orbyte/internal/platform/idempotency/memory_repository.go:32.54,35.2 2 1
orbyte/internal/platform/idempotency/memory_repository.go:37.45,39.2 1 1
orbyte/internal/platform/idempotency/postgres_repository.go:13.60,15.2 1 1
orbyte/internal/platform/idempotency/postgres_repository.go:17.72,40.16 4 1
orbyte/internal/platform/idempotency/postgres_repository.go:40.16,42.3 1 0
orbyte/internal/platform/idempotency/postgres_repository.go:43.2,43.19 1 1
orbyte/internal/platform/idempotency/postgres_repository.go:43.19,45.3 1 1
orbyte/internal/platform/idempotency/postgres_repository.go:46.2,47.21 2 1
orbyte/internal/platform/idempotency/postgres_repository.go:50.46,57.16 3 1
orbyte/internal/platform/idempotency/postgres_repository.go:57.16,59.3 1 0
orbyte/internal/platform/idempotency/postgres_repository.go:60.2,62.18 3 1
orbyte/internal/platform/idempotency/postgres_repository.go:62.18,68.204 2 1
orbyte/internal/platform/idempotency/postgres_repository.go:68.204,69.12 1 0
orbyte/internal/platform/idempotency/postgres_repository.go:71.3,71.20 1 1
orbyte/internal/platform/idempotency/postgres_repository.go:71.20,73.4 1 1
orbyte/internal/platform/idempotency/postgres_repository.go:74.3,75.32 2 1
orbyte/internal/platform/idempotency/postgres_repository.go:77.2,77.14 1 1
orbyte/internal/platform/idempotency/postgres_repository.go:80.56,82.16 2 1
orbyte/internal/platform/idempotency/postgres_repository.go:82.16,84.3 1 0
orbyte/internal/platform/idempotency/postgres_repository.go:85.2,102.12 3 1
orbyte/internal/platform/idempotency/service.go:19.28,21.2 1 1
orbyte/internal/platform/idempotency/service.go:23.57,26.26 1 1
orbyte/internal/platform/idempotency/service.go:26.26,26.53 1 1
orbyte/internal/platform/idempotency/service.go:30.35,31.31 1 1
orbyte/internal/platform/idempotency/service.go:31.31,33.3 1 0
orbyte/internal/platform/idempotency/service.go:34.2,34.22 1 1
orbyte/internal/platform/idempotency/service.go:37.117,38.63 1 1
orbyte/internal/platform/idempotency/service.go:38.63,40.3 1 1
orbyte/internal/platform/idempotency/service.go:41.2,44.16 4 1
orbyte/internal/platform/idempotency/service.go:44.16,46.3 1 0
orbyte/internal/platform/idempotency/service.go:47.2,47.52 1 1
orbyte/internal/platform/idempotency/service.go:47.52,48.42 1 1
orbyte/internal/platform/idempotency/service.go:48.42,50.4 1 1
orbyte/internal/platform/idempotency/service.go:51.3,54.9 1 1
orbyte/internal/platform/idempotency/service.go:56.2,68.16 3 1
orbyte/internal/platform/idempotency/service.go:68.16,73.53 5 1
orbyte/internal/platform/idempotency/service.go:73.53,75.4 1 0
orbyte/internal/platform/idempotency/service.go:76.3,76.24 1 1
orbyte/internal/platform/idempotency/service.go:78.2,78.29 1 1
orbyte/internal/platform/idempotency/service.go:78.29,80.3 1 0
orbyte/internal/platform/idempotency/service.go:81.2,81.52 1 1
orbyte/internal/platform/idempotency/service.go:81.52,83.3 1 0
orbyte/internal/platform/idempotency/service.go:84.2,84.21 1 1
orbyte/internal/platform/idempotency/service.go:87.47,89.16 2 1
orbyte/internal/platform/idempotency/service.go:89.16,91.3 1 0
orbyte/internal/platform/idempotency/service.go:92.2,93.40 2 1
orbyte/internal/platform/idempotency/service.go:96.40,98.34 2 1
orbyte/internal/platform/idempotency/service.go:98.34,99.27 1 1
orbyte/internal/platform/idempotency/service.go:100.30,101.14 1 1
orbyte/internal/platform/idempotency/service.go:102.32,103.14 1 0
orbyte/internal/platform/idempotency/service.go:104.29,105.14 1 1
orbyte/internal/platform/idempotency/service.go:106.28,107.14 1 1
orbyte/internal/platform/idempotency/service.go:108.28,109.14 1 0
orbyte/internal/platform/idempotency/service.go:110.11,111.14 1 0
orbyte/internal/platform/idempotency/service.go:114.2,114.12 1 1
orbyte/internal/platform/idempotency/service.go:117.53,118.19 1 1
orbyte/internal/platform/idempotency/service.go:118.19,120.3 1 1
orbyte/internal/platform/idempotency/service.go:121.2,122.33 2 1
orbyte/internal/platform/idempotency/service.go:122.33,124.3 1 1
orbyte/internal/platform/idempotency/service.go:125.2,125.15 1 1
orbyte/internal/platform/logging/service.go:21.28,23.2 1 0
orbyte/internal/platform/logging/service.go:25.54,26.19 1 1
orbyte/internal/platform/logging/service.go:26.19,28.3 1 0
orbyte/internal/platform/logging/service.go:29.2,29.33 1 1
orbyte/internal/platform/logging/service.go:32.63,34.2 1 1
orbyte/internal/platform/logging/service.go:36.64,38.2 1 0
orbyte/internal/platform/logging/service.go:40.69,46.33 2 1
orbyte/internal/platform/logging/service.go:46.33,48.3 1 1
orbyte/internal/platform/logging/service.go:49.2,50.16 2 1
orbyte/internal/platform/logging/service.go:50.16,52.3 1 0
orbyte/internal/platform/logging/service.go:53.2,55.46 3 1
orbyte/internal/platform/logging/service.go:58.83,60.2 1 1
orbyte/internal/platform/logging/service.go:62.48,65.2 2 1
orbyte/internal/platform/config/memory_repository.go:9.61,11.32 2 1
orbyte/internal/platform/config/memory_repository.go:11.32,13.3 1 1
orbyte/internal/platform/config/memory_repository.go:14.2,14.43 1 1
orbyte/internal/platform/config/memory_repository.go:17.74,20.2 2 1
orbyte/internal/platform/config/memory_repository.go:22.43,24.34 2 1
orbyte/internal/platform/config/memory_repository.go:24.34,26.3 1 1
orbyte/internal/platform/config/memory_repository.go:27.2,27.42 1 1
orbyte/internal/platform/config/memory_repository.go:27.42,28.39 1 1
orbyte/internal/platform/config/memory_repository.go:28.39,29.44 1 0
orbyte/internal/platform/config/memory_repository.go:29.44,31.5 1 0
orbyte/internal/platform/config/memory_repository.go:32.4,32.46 1 0
orbyte/internal/platform/config/memory_repository.go:34.3,34.41 1 1
orbyte/internal/platform/config/memory_repository.go:36.2,36.16 1 1
orbyte/internal/platform/config/memory_repository.go:39.52,42.2 2 1
orbyte/internal/platform/config/memory_repository.go:44.55,46.2 1 1
orbyte/internal/platform/config/postgres_repository.go:13.60,15.2 1 0
orbyte/internal/platform/config/postgres_repository.go:17.76,37.16 4 0
orbyte/internal/platform/config/postgres_repository.go:37.16,39.3 1 0
orbyte/internal/platform/config/postgres_repository.go:40.2,41.20 2 0
orbyte/internal/platform/config/postgres_repository.go:44.45,50.16 3 0
orbyte/internal/platform/config/postgres_repository.go:50.16,52.3 1 0
orbyte/internal/platform/config/postgres_repository.go:53.2,55.18 3 0
orbyte/internal/platform/config/postgres_repository.go:55.18,60.180 2 0
orbyte/internal/platform/config/postgres_repository.go:60.180,61.12 1 0
orbyte/internal/platform/config/postgres_repository.go:63.3,64.31 2 0
orbyte/internal/platform/config/postgres_repository.go:66.2,66.14 1 0
orbyte/internal/platform/config/postgres_repository.go:69.54,71.16 2 0
orbyte/internal/platform/config/postgres_repository.go:71.16,73.3 1 0
orbyte/internal/platform/config/postgres_repository.go:74.2,86.12 3 0
orbyte/internal/platform/config/service.go:77.28,79.43 2 1
orbyte/internal/platform/config/service.go:79.43,81.3 1 1
orbyte/internal/platform/config/service.go:82.2,83.44 2 1
orbyte/internal/platform/config/service.go:83.44,85.3 1 1
orbyte/internal/platform/config/service.go:86.2,86.12 1 1
orbyte/internal/platform/config/service.go:89.57,91.2 1 1
orbyte/internal/platform/config/service.go:93.97,95.43 2 1
orbyte/internal/platform/config/service.go:95.43,97.3 1 1
orbyte/internal/platform/config/service.go:98.2,98.12 1 1
orbyte/internal/platform/config/service.go:101.40,242.2 1 1
orbyte/internal/platform/config/service.go:244.44,332.2 1 1
orbyte/internal/platform/config/service.go:334.60,335.38 1 1
orbyte/internal/platform/config/service.go:335.38,337.3 1 0
orbyte/internal/platform/config/service.go:338.2,338.44 1 1
orbyte/internal/platform/config/service.go:338.44,340.3 1 0
orbyte/internal/platform/config/service.go:341.2,341.33 1 1
orbyte/internal/platform/config/service.go:341.33,343.3 1 0
orbyte/internal/platform/config/service.go:344.2,344.29 1 1
orbyte/internal/platform/config/service.go:344.29,346.3 1 0
orbyte/internal/platform/config/service.go:347.2,348.12 2 1
orbyte/internal/platform/config/service.go:351.61,354.2 2 1
orbyte/internal/platform/config/service.go:356.46,358.36 2 1
orbyte/internal/platform/config/service.go:358.36,360.3 1 1
orbyte/internal/platform/config/service.go:361.2,361.40 1 1
orbyte/internal/platform/config/service.go:361.40,361.78 1 1
orbyte/internal/platform/config/service.go:362.2,362.14 1 1
orbyte/internal/platform/config/service.go:365.49,367.2 1 1
orbyte/internal/platform/config/service.go:369.35,371.33 2 1
orbyte/internal/platform/config/service.go:371.33,373.3 1 1
orbyte/internal/platform/config/service.go:374.2,375.13 2 1
orbyte/internal/platform/config/service.go:378.37,380.2 1 1
orbyte/internal/platform/config/service.go:382.43,384.9 2 1
orbyte/internal/platform/config/service.go:384.9,386.3 1 1
orbyte/internal/platform/config/service.go:387.2,387.23 1 1
orbyte/internal/platform/config/service.go:387.23,389.3 1 0
orbyte/internal/platform/config/service.go:390.2,390.52 1 1
orbyte/internal/platform/config/service.go:390.52,392.3 1 1
orbyte/internal/platform/config/service.go:393.2,393.63 1 1
orbyte/internal/platform/config/service.go:393.63,395.3 1 1
orbyte/internal/platform/config/service.go:396.2,396.27 1 1
orbyte/internal/platform/config/service.go:396.27,398.3 1 1
orbyte/internal/platform/config/service.go:399.2,399.26 1 1
orbyte/internal/platform/config/service.go:399.26,401.3 1 0
orbyte/internal/platform/config/service.go:402.2,402.30 1 1
orbyte/internal/platform/config/service.go:402.30,404.3 1 1
orbyte/internal/platform/config/service.go:405.2,405.27 1 1
orbyte/internal/platform/config/service.go:405.27,407.3 1 1
orbyte/internal/platform/config/service.go:408.2,408.24 1 1
orbyte/internal/platform/config/service.go:408.24,410.3 1 0
orbyte/internal/platform/config/service.go:411.2,412.27 2 1
orbyte/internal/platform/config/service.go:415.90,417.9 2 1
orbyte/internal/platform/config/service.go:417.9,419.3 1 0
orbyte/internal/platform/config/service.go:420.2,430.4 4 1
orbyte/internal/platform/config/service.go:430.4,431.65 1 1
orbyte/internal/platform/config/service.go:431.65,432.12 1 1
orbyte/internal/platform/config/service.go:434.3,434.57 1 1
orbyte/internal/platform/config/service.go:434.57,435.12 1 1
orbyte/internal/platform/config/service.go:437.3,438.10 2 1
orbyte/internal/platform/config/service.go:438.10,439.12 1 1
orbyte/internal/platform/config/service.go:441.3,443.36 3 1
orbyte/internal/platform/config/service.go:445.2,453.9 1 1
orbyte/internal/platform/config/service.go:456.82,458.35 2 1
orbyte/internal/platform/config/service.go:458.35,459.23 1 1
orbyte/internal/platform/config/service.go:459.23,460.12 1 1
orbyte/internal/platform/config/service.go:462.3,463.10 2 1
orbyte/internal/platform/config/service.go:463.10,464.12 1 0
orbyte/internal/platform/config/service.go:466.3,466.48 1 1
orbyte/internal/platform/config/service.go:466.48,468.12 2 0
orbyte/internal/platform/config/service.go:470.3,471.10 2 1
orbyte/internal/platform/config/service.go:471.10,472.12 1 0
orbyte/internal/platform/config/service.go:474.3,476.17 3 1
orbyte/internal/platform/config/service.go:476.17,477.12 1 0
orbyte/internal/platform/config/service.go:479.3,479.63 1 1
orbyte/internal/platform/config/service.go:481.2,481.15 1 1
orbyte/internal/platform/config/service.go:484.87,486.35 2 1
orbyte/internal/platform/config/service.go:486.35,487.23 1 1
orbyte/internal/platform/config/service.go:487.23,488.12 1 1
orbyte/internal/platform/config/service.go:490.3,491.10 2 1
orbyte/internal/platform/config/service.go:491.10,492.12 1 1
orbyte/internal/platform/config/service.go:494.3,495.16 2 1
orbyte/internal/platform/config/service.go:495.16,496.12 1 1
orbyte/internal/platform/config/service.go:498.3,498.47 1 1
orbyte/internal/platform/config/service.go:498.47,500.4 1 1
orbyte/internal/platform/config/service.go:502.2,502.17 1 1
orbyte/internal/platform/config/service.go:505.41,506.29 1 1
orbyte/internal/platform/config/service.go:507.22,508.75 1 1
orbyte/internal/platform/config/service.go:508.75,510.4 1 1
orbyte/internal/platform/config/service.go:512.2,512.11 1 1
orbyte/internal/platform/config/service.go:515.82,518.27 3 1
orbyte/internal/platform/config/service.go:518.27,519.66 1 1
orbyte/internal/platform/config/service.go:519.66,521.4 1 1
orbyte/internal/platform/config/service.go:523.2,523.14 1 1
orbyte/internal/platform/config/service.go:526.83,528.38 2 1
orbyte/internal/platform/config/service.go:528.38,530.10 2 1
orbyte/internal/platform/config/service.go:530.10,537.12 3 0
orbyte/internal/platform/config/service.go:539.3,539.64 1 1
orbyte/internal/platform/config/service.go:539.64,546.4 2 0
orbyte/internal/platform/config/service.go:547.3,547.36 1 1
orbyte/internal/platform/config/service.go:547.36,548.23 1 1
orbyte/internal/platform/config/service.go:548.23,549.13 1 1
orbyte/internal/platform/config/service.go:551.4,552.40 2 1
orbyte/internal/platform/config/service.go:552.40,560.5 2 0
orbyte/internal/platform/config/service.go:562.3,562.81 1 1
orbyte/internal/platform/config/service.go:562.81,563.81 1 1
orbyte/internal/platform/config/service.go:563.81,566.5 2 1
orbyte/internal/platform/config/service.go:567.4,567.157 1 1
orbyte/internal/platform/config/service.go:567.157,570.5 2 1
orbyte/internal/platform/config/service.go:571.4,571.85 1 1
orbyte/internal/platform/config/service.go:571.85,574.5 2 1
orbyte/internal/platform/config/service.go:575.4,575.84 1 1
orbyte/internal/platform/config/service.go:575.84,578.5 2 1
orbyte/internal/platform/config/service.go:579.4,579.80 1 1
orbyte/internal/platform/config/service.go:579.80,582.5 2 0
orbyte/internal/platform/config/service.go:583.4,583.81 1 1
orbyte/internal/platform/config/service.go:583.81,586.5 2 0
orbyte/internal/platform/config/service.go:587.4,587.80 1 1
orbyte/internal/platform/config/service.go:587.80,590.5 2 0
orbyte/internal/platform/config/service.go:593.2,593.15 1 1
orbyte/internal/platform/config/service.go:596.43,615.9 3 1
orbyte/internal/platform/config/service.go:615.9,617.3 1 0
orbyte/internal/platform/config/service.go:618.2,618.66 1 1
orbyte/internal/platform/config/service.go:618.66,620.3 1 1
orbyte/internal/platform/config/service.go:621.2,621.66 1 1
orbyte/internal/platform/config/service.go:621.66,623.3 1 1
orbyte/internal/platform/config/service.go:624.2,624.77 1 1
orbyte/internal/platform/config/service.go:624.77,626.3 1 1
orbyte/internal/platform/config/service.go:627.2,627.72 1 1
orbyte/internal/platform/config/service.go:627.72,629.3 1 1
orbyte/internal/platform/config/service.go:630.2,630.78 1 1
orbyte/internal/platform/config/service.go:630.78,632.3 1 1
orbyte/internal/platform/config/service.go:633.2,635.90 3 1
orbyte/internal/platform/config/service.go:635.90,637.3 1 1
orbyte/internal/platform/config/service.go:638.2,638.99 1 1
orbyte/internal/platform/config/service.go:638.99,640.3 1 1
orbyte/internal/platform/config/service.go:641.2,641.98 1 1
orbyte/internal/platform/config/service.go:641.98,643.3 1 1
orbyte/internal/platform/config/service.go:644.2,648.119 5 1
orbyte/internal/platform/config/service.go:648.119,650.3 1 1
orbyte/internal/platform/config/service.go:651.2,661.69 11 1
orbyte/internal/platform/config/service.go:661.69,663.3 1 1
orbyte/internal/platform/config/service.go:664.2,664.15 1 1
orbyte/internal/platform/config/service.go:667.53,669.60 2 0
orbyte/internal/platform/config/service.go:669.60,673.75 4 0
orbyte/internal/platform/config/service.go:673.75,675.4 1 0
orbyte/internal/platform/config/service.go:677.2,677.15 1 0
orbyte/internal/platform/config/service.go:680.43,682.57 2 1
orbyte/internal/platform/config/service.go:682.57,685.95 3 1
orbyte/internal/platform/config/service.go:685.95,687.4 1 1
orbyte/internal/platform/config/service.go:688.3,689.75 2 1
orbyte/internal/platform/config/service.go:689.75,691.4 1 1
orbyte/internal/platform/config/service.go:693.2,693.15 1 1
orbyte/internal/platform/config/service.go:696.53,698.60 2 0
orbyte/internal/platform/config/service.go:698.60,699.94 1 0
orbyte/internal/platform/config/service.go:699.94,701.4 1 0
orbyte/internal/platform/config/service.go:702.3,702.76 1 0
orbyte/internal/platform/config/service.go:702.76,704.4 1 0
orbyte/internal/platform/config/service.go:706.2,706.15 1 0
orbyte/internal/platform/config/service.go:709.74,710.31 1 1
orbyte/internal/platform/config/service.go:710.31,712.28 2 1
orbyte/internal/platform/config/service.go:712.28,713.12 1 1
orbyte/internal/platform/config/service.go:715.3,715.10 1 1
orbyte/internal/platform/config/service.go:715.10,716.12 1 1
orbyte/internal/platform/config/service.go:718.3,718.21 1 1
orbyte/internal/platform/config/service.go:719.14,720.117 1 1
orbyte/internal/platform/config/service.go:720.117,722.5 1 1
orbyte/internal/platform/config/service.go:723.15,724.36 1 1
orbyte/internal/platform/config/service.go:724.36,726.5 1 0
orbyte/internal/platform/config/service.go:727.17,728.38 1 1
orbyte/internal/platform/config/service.go:728.38,730.5 1 1
orbyte/internal/platform/config/service.go:731.22,732.81 1 1
orbyte/internal/platform/config/service.go:732.81,733.36 1 1
orbyte/internal/platform/config/service.go:734.19,735.15 1 1
orbyte/internal/platform/config/service.go:736.16,737.15 1 0
orbyte/internal/platform/config/service.go:738.13,739.86 1 1
orbyte/internal/platform/config/service.go:743.3,743.26 1 1
orbyte/internal/platform/config/service.go:743.26,745.55 2 0
orbyte/internal/platform/config/service.go:745.55,747.5 1 0
orbyte/internal/platform/config/service.go:750.2,750.12 1 1
orbyte/internal/platform/config/service.go:753.30,754.31 1 1
orbyte/internal/platform/config/service.go:755.11,756.15 1 1
orbyte/internal/platform/config/service.go:757.13,758.20 1 0
orbyte/internal/platform/config/service.go:759.13,760.20 1 0
orbyte/internal/platform/config/service.go:761.15,762.20 1 0
orbyte/internal/platform/config/service.go:763.15,764.20 1 0
orbyte/internal/platform/config/service.go:765.10,766.11 1 1
orbyte/internal/platform/config/service.go:770.34,772.2 1 1
orbyte/internal/platform/config/service.go:774.36,775.31 1 1
orbyte/internal/platform/config/service.go:776.12,777.15 1 1
orbyte/internal/platform/config/service.go:778.14,779.61 1 0
orbyte/internal/platform/config/service.go:780.10,781.15 1 0
orbyte/internal/platform/config/service.go:785.40,786.36 1 1
orbyte/internal/platform/config/service.go:786.36,788.3 1 1
orbyte/internal/platform/config/service.go:789.2,789.11 1 0
orbyte/internal/platform/config/service.go:792.39,793.31 1 1
orbyte/internal/platform/config/service.go:794.11,795.14 1 0
orbyte/internal/platform/config/service.go:796.14,797.40 1 1
orbyte/internal/platform/config/service.go:798.16,799.25 1 0
orbyte/internal/platform/config/service.go:800.13,801.25 1 0
orbyte/internal/platform/config/service.go:802.10,803.15 1 1
orbyte/internal/platform/config/service.go:807.43,808.31 1 1
orbyte/internal/platform/config/service.go:809.16,810.41 1 1
orbyte/internal/platform/config/service.go:811.13,813.30 2 1
orbyte/internal/platform/config/service.go:813.30,814.51 1 1
orbyte/internal/platform/config/service.go:814.51,816.5 1 1
orbyte/internal/platform/config/service.go:818.3,818.15 1 1
orbyte/internal/platform/config/service.go:819.10,820.13 1 1
orbyte/internal/platform/config/service.go:824.56,826.2 1 1
orbyte/internal/platform/config/service.go:828.60,829.29 1 1
orbyte/internal/platform/config/service.go:829.29,830.24 1 1
orbyte/internal/platform/config/service.go:830.24,832.4 1 1
orbyte/internal/platform/config/service.go:834.2,834.14 1 1
orbyte/internal/platform/config/service.go:837.52,838.21 1 1
orbyte/internal/platform/config/service.go:838.21,840.3 1 0
orbyte/internal/platform/config/service.go:841.2,842.32 2 1
orbyte/internal/platform/config/service.go:842.32,844.3 1 1
orbyte/internal/platform/config/service.go:845.2,845.15 1 1
orbyte/internal/platform/config/service.go:848.46,849.33 1 1
orbyte/internal/platform/config/service.go:849.33,851.3 1 1
orbyte/internal/platform/document/memory_repository.go:18.46,27.2 1 1
orbyte/internal/platform/document/memory_repository.go:29.65,30.50 1 1
orbyte/internal/platform/document/memory_repository.go:30.50,32.3 1 0
orbyte/internal/platform/document/memory_repository.go:33.2,34.12 2 1
orbyte/internal/platform/document/memory_repository.go:37.82,40.2 2 1
orbyte/internal/platform/document/memory_repository.go:42.59,44.36 2 0
orbyte/internal/platform/document/memory_repository.go:44.36,46.3 1 0
orbyte/internal/platform/document/memory_repository.go:47.2,47.39 1 0
orbyte/internal/platform/document/memory_repository.go:47.39,49.3 1 0
orbyte/internal/platform/document/memory_repository.go:50.2,50.13 1 0
orbyte/internal/platform/document/memory_repository.go:53.83,54.43 1 1
orbyte/internal/platform/document/memory_repository.go:54.43,56.3 1 1
orbyte/internal/platform/document/memory_repository.go:57.2,57.72 1 1
orbyte/internal/platform/document/memory_repository.go:57.72,59.3 1 0
orbyte/internal/platform/document/memory_repository.go:60.2,61.12 2 1
orbyte/internal/platform/document/memory_repository.go:64.96,66.49 2 1
orbyte/internal/platform/document/memory_repository.go:66.49,68.3 1 1
orbyte/internal/platform/document/memory_repository.go:69.2,69.40 1 1
orbyte/internal/platform/document/memory_repository.go:69.40,69.90 1 0
orbyte/internal/platform/document/memory_repository.go:70.2,70.14 1 1
orbyte/internal/platform/document/memory_repository.go:73.60,79.2 5 1
orbyte/internal/platform/document/memory_repository.go:81.72,83.8 2 1
orbyte/internal/platform/document/memory_repository.go:83.8,87.3 3 1
orbyte/internal/platform/document/memory_repository.go:88.2,88.19 1 1
orbyte/internal/platform/document/memory_repository.go:91.51,93.35 2 0
orbyte/internal/platform/document/memory_repository.go:93.35,95.3 1 0
orbyte/internal/platform/document/memory_repository.go:96.2,96.42 1 0
orbyte/internal/platform/document/memory_repository.go:96.42,98.3 1 0
orbyte/internal/platform/document/memory_repository.go:99.2,99.16 1 0
orbyte/internal/platform/document/memory_repository.go:102.77,104.40 2 1
orbyte/internal/platform/document/memory_repository.go:104.40,104.84 1 1
orbyte/internal/platform/document/memory_repository.go:105.2,106.45 2 1
orbyte/internal/platform/document/memory_repository.go:106.45,109.3 2 1
orbyte/internal/platform/document/memory_repository.go:110.2,110.12 1 1
orbyte/internal/platform/document/memory_repository.go:113.64,115.2 1 0
orbyte/internal/platform/document/memory_repository.go:117.77,119.40 2 1
orbyte/internal/platform/document/memory_repository.go:119.40,119.96 1 0
orbyte/internal/platform/document/memory_repository.go:120.2,121.45 2 1
orbyte/internal/platform/document/memory_repository.go:121.45,124.3 2 1
orbyte/internal/platform/document/memory_repository.go:125.2,125.12 1 1
orbyte/internal/platform/document/memory_repository.go:128.64,130.2 1 1
orbyte/internal/platform/document/memory_repository.go:132.95,134.40 2 1
orbyte/internal/platform/document/memory_repository.go:134.40,134.96 1 0
orbyte/internal/platform/document/memory_repository.go:135.2,136.45 2 1
orbyte/internal/platform/document/memory_repository.go:136.45,139.3 2 1
orbyte/internal/platform/document/memory_repository.go:140.2,140.12 1 1
orbyte/internal/platform/document/memory_repository.go:143.76,145.2 1 1
orbyte/internal/platform/document/postgres_repository.go:16.60,18.2 1 1
orbyte/internal/platform/document/postgres_repository.go:20.67,27.16 3 1
orbyte/internal/platform/document/postgres_repository.go:27.16,29.3 1 0
orbyte/internal/platform/document/postgres_repository.go:30.2,31.16 2 1
orbyte/internal/platform/document/postgres_repository.go:31.16,33.3 1 0
orbyte/internal/platform/document/postgres_repository.go:35.2,45.16 2 1
orbyte/internal/platform/document/postgres_repository.go:45.16,47.3 1 0
orbyte/internal/platform/document/postgres_repository.go:48.2,48.12 1 1
orbyte/internal/platform/document/postgres_repository.go:51.84,71.16 6 1
orbyte/internal/platform/document/postgres_repository.go:71.16,73.3 1 0
orbyte/internal/platform/document/postgres_repository.go:74.2,76.18 3 1
orbyte/internal/platform/document/postgres_repository.go:79.61,87.16 3 1
orbyte/internal/platform/document/postgres_repository.go:87.16,89.3 1 0
orbyte/internal/platform/document/postgres_repository.go:90.2,93.18 3 1
orbyte/internal/platform/document/postgres_repository.go:93.18,97.194 4 1
orbyte/internal/platform/document/postgres_repository.go:97.194,98.12 1 0
orbyte/internal/platform/document/postgres_repository.go:100.3,102.27 3 1
orbyte/internal/platform/document/postgres_repository.go:104.2,104.13 1 1
orbyte/internal/platform/document/postgres_repository.go:107.85,113.16 3 1
orbyte/internal/platform/document/postgres_repository.go:113.16,115.3 1 0
orbyte/internal/platform/document/postgres_repository.go:116.2,116.12 1 1
orbyte/internal/platform/document/postgres_repository.go:119.98,126.16 3 1
orbyte/internal/platform/document/postgres_repository.go:126.16,128.3 1 0
orbyte/internal/platform/document/postgres_repository.go:129.2,131.18 3 1
orbyte/internal/platform/document/postgres_repository.go:131.18,133.163 2 1
orbyte/internal/platform/document/postgres_repository.go:133.163,134.12 1 0
orbyte/internal/platform/document/postgres_repository.go:136.3,136.30 1 1
orbyte/internal/platform/document/postgres_repository.go:138.2,138.14 1 1
orbyte/internal/platform/document/postgres_repository.go:141.62,143.16 2 1
orbyte/internal/platform/document/postgres_repository.go:143.16,145.3 1 0
orbyte/internal/platform/document/postgres_repository.go:146.2,147.16 2 1
orbyte/internal/platform/document/postgres_repository.go:147.16,149.3 1 0
orbyte/internal/platform/document/postgres_repository.go:151.2,200.12 3 1
orbyte/internal/platform/document/postgres_repository.go:203.74,243.16 4 1
orbyte/internal/platform/document/postgres_repository.go:243.16,245.3 1 0
orbyte/internal/platform/document/postgres_repository.go:246.2,246.23 1 1
orbyte/internal/platform/document/postgres_repository.go:246.23,248.3 1 0
orbyte/internal/platform/document/postgres_repository.go:249.2,251.70 3 1
orbyte/internal/platform/document/postgres_repository.go:251.70,253.3 1 0
orbyte/internal/platform/document/postgres_repository.go:254.2,258.21 5 1
orbyte/internal/platform/document/postgres_repository.go:261.53,271.16 3 1
orbyte/internal/platform/document/postgres_repository.go:271.16,273.3 1 0
orbyte/internal/platform/document/postgres_repository.go:274.2,277.18 3 1
orbyte/internal/platform/document/postgres_repository.go:277.18,306.17 2 1
orbyte/internal/platform/document/postgres_repository.go:306.17,307.12 1 0
orbyte/internal/platform/document/postgres_repository.go:309.3,309.24 1 1
orbyte/internal/platform/document/postgres_repository.go:309.24,311.4 1 0
orbyte/internal/platform/document/postgres_repository.go:312.3,314.71 3 1
orbyte/internal/platform/document/postgres_repository.go:314.71,315.12 1 0
orbyte/internal/platform/document/postgres_repository.go:317.3,321.36 5 1
orbyte/internal/platform/document/postgres_repository.go:323.2,323.42 1 1
orbyte/internal/platform/document/postgres_repository.go:323.42,325.3 1 0
orbyte/internal/platform/document/postgres_repository.go:326.2,326.16 1 1
orbyte/internal/platform/document/postgres_repository.go:329.53,330.16 1 1
orbyte/internal/platform/document/postgres_repository.go:330.16,332.3 1 1
orbyte/internal/platform/document/postgres_repository.go:333.2,333.10 1 0
orbyte/internal/platform/document/postgres_repository.go:336.79,338.16 2 1
orbyte/internal/platform/document/postgres_repository.go:338.16,340.3 1 0
orbyte/internal/platform/document/postgres_repository.go:341.2,341.15 1 1
orbyte/internal/platform/document/postgres_repository.go:341.15,341.36 1 1
orbyte/internal/platform/document/postgres_repository.go:342.2,342.129 1 1
orbyte/internal/platform/document/postgres_repository.go:342.129,344.3 1 0
orbyte/internal/platform/document/postgres_repository.go:345.2,345.29 1 1
orbyte/internal/platform/document/postgres_repository.go:345.29,347.17 2 1
orbyte/internal/platform/document/postgres_repository.go:347.17,349.4 1 0
orbyte/internal/platform/document/postgres_repository.go:350.3,355.17 1 1
orbyte/internal/platform/document/postgres_repository.go:355.17,357.4 1 0
orbyte/internal/platform/document/postgres_repository.go:359.2,359.20 1 1
orbyte/internal/platform/document/postgres_repository.go:362.66,368.16 2 1
orbyte/internal/platform/document/postgres_repository.go:368.16,370.3 1 1
orbyte/internal/platform/document/postgres_repository.go:371.2,373.18 3 1
orbyte/internal/platform/document/postgres_repository.go:373.18,376.169 3 1
orbyte/internal/platform/document/postgres_repository.go:376.169,377.12 1 0
orbyte/internal/platform/document/postgres_repository.go:379.3,380.30 2 1
orbyte/internal/platform/document/postgres_repository.go:382.2,382.14 1 1
orbyte/internal/platform/document/postgres_repository.go:385.79,387.16 2 1
orbyte/internal/platform/document/postgres_repository.go:387.16,389.3 1 0
orbyte/internal/platform/document/postgres_repository.go:390.2,390.15 1 1
orbyte/internal/platform/document/postgres_repository.go:390.15,390.36 1 1
orbyte/internal/platform/document/postgres_repository.go:391.2,391.129 1 1
orbyte/internal/platform/document/postgres_repository.go:391.129,393.3 1 0
orbyte/internal/platform/document/postgres_repository.go:394.2,394.29 1 1
orbyte/internal/platform/document/postgres_repository.go:394.29,396.17 2 1
orbyte/internal/platform/document/postgres_repository.go:396.17,398.4 1 0
orbyte/internal/platform/document/postgres_repository.go:399.3,404.17 1 1
orbyte/internal/platform/document/postgres_repository.go:404.17,406.4 1 0
orbyte/internal/platform/document/postgres_repository.go:408.2,408.20 1 1
orbyte/internal/platform/document/postgres_repository.go:411.66,417.16 2 1
orbyte/internal/platform/document/postgres_repository.go:417.16,419.3 1 1
orbyte/internal/platform/document/postgres_repository.go:420.2,422.18 3 1
orbyte/internal/platform/document/postgres_repository.go:422.18,425.131 3 1
orbyte/internal/platform/document/postgres_repository.go:425.131,426.12 1 0
orbyte/internal/platform/document/postgres_repository.go:428.3,429.30 2 1
orbyte/internal/platform/document/postgres_repository.go:431.2,431.14 1 1
orbyte/internal/platform/document/postgres_repository.go:434.97,436.16 2 1
orbyte/internal/platform/document/postgres_repository.go:436.16,438.3 1 0
orbyte/internal/platform/document/postgres_repository.go:439.2,439.15 1 1
orbyte/internal/platform/document/postgres_repository.go:439.15,439.36 1 1
orbyte/internal/platform/document/postgres_repository.go:440.2,440.135 1 1
orbyte/internal/platform/document/postgres_repository.go:440.135,442.3 1 0
orbyte/internal/platform/document/postgres_repository.go:443.2,443.41 1 1
orbyte/internal/platform/document/postgres_repository.go:443.41,449.17 1 1
orbyte/internal/platform/document/postgres_repository.go:449.17,451.4 1 0
orbyte/internal/platform/document/postgres_repository.go:453.2,453.20 1 1
orbyte/internal/platform/document/postgres_repository.go:456.78,462.16 2 1
orbyte/internal/platform/document/postgres_repository.go:462.16,464.3 1 1
orbyte/internal/platform/document/postgres_repository.go:465.2,467.18 3 1
orbyte/internal/platform/document/postgres_repository.go:467.18,469.172 2 1
orbyte/internal/platform/document/postgres_repository.go:469.172,470.12 1 0
orbyte/internal/platform/document/postgres_repository.go:472.3,472.30 1 1
orbyte/internal/platform/document/postgres_repository.go:474.2,474.14 1 1
orbyte/internal/platform/document/service.go:17.28,29.2 3 1
orbyte/internal/platform/document/service.go:31.57,33.2 1 1
orbyte/internal/platform/document/service.go:35.50,36.20 1 1
orbyte/internal/platform/document/service.go:36.20,38.3 1 0
orbyte/internal/platform/document/service.go:39.2,39.35 1 1
orbyte/internal/platform/document/service.go:42.68,43.28 1 1
orbyte/internal/platform/document/service.go:43.28,45.3 1 0
orbyte/internal/platform/document/service.go:46.2,46.25 1 1
orbyte/internal/platform/document/service.go:46.25,48.3 1 0
orbyte/internal/platform/document/service.go:49.2,49.58 1 1
orbyte/internal/platform/document/service.go:49.58,51.3 1 0
orbyte/internal/platform/document/service.go:52.2,52.44 1 1
orbyte/internal/platform/document/service.go:55.44,58.27 3 0
orbyte/internal/platform/document/service.go:58.27,60.3 1 0
orbyte/internal/platform/document/service.go:61.2,61.13 1 0
orbyte/internal/platform/document/service.go:64.35,66.2 1 0
orbyte/internal/platform/document/service.go:68.58,70.9 2 1
orbyte/internal/platform/document/service.go:70.9,72.3 1 0
orbyte/internal/platform/document/service.go:73.2,73.20 1 1
orbyte/internal/platform/document/service.go:76.71,78.9 2 1
orbyte/internal/platform/document/service.go:78.9,80.3 1 0
orbyte/internal/platform/document/service.go:81.2,81.17 1 1
orbyte/internal/platform/document/service.go:84.83,86.2 1 0
orbyte/internal/platform/document/service.go:88.45,90.2 1 0
orbyte/internal/platform/document/service.go:92.124,94.9 2 1
orbyte/internal/platform/document/service.go:94.9,96.3 1 0
orbyte/internal/platform/document/service.go:97.2,122.50 5 1
orbyte/internal/platform/document/service.go:122.50,124.3 1 0
orbyte/internal/platform/document/service.go:125.2,125.20 1 1
orbyte/internal/platform/document/service.go:128.115,130.16 2 1
orbyte/internal/platform/document/service.go:130.16,132.3 1 0
orbyte/internal/platform/document/service.go:133.2,133.93 1 1
orbyte/internal/platform/document/service.go:133.93,135.3 1 0
orbyte/internal/platform/document/service.go:136.2,138.50 3 1
orbyte/internal/platform/document/service.go:138.50,140.3 1 0
orbyte/internal/platform/document/service.go:141.2,141.20 1 1
orbyte/internal/platform/document/service.go:144.95,147.2 2 1
orbyte/internal/platform/document/service.go:149.71,151.16 2 1
orbyte/internal/platform/document/service.go:151.16,153.3 1 0
orbyte/internal/platform/document/service.go:154.2,154.23 1 1
orbyte/internal/platform/document/service.go:154.23,155.24 1 1
orbyte/internal/platform/document/service.go:155.24,157.4 1 1
orbyte/internal/platform/document/service.go:158.3,159.27 2 1
orbyte/internal/platform/document/service.go:159.27,161.4 1 1
orbyte/internal/platform/document/service.go:162.3,162.52 1 1
orbyte/internal/platform/document/service.go:162.52,164.4 1 0
orbyte/internal/platform/document/service.go:166.2,166.60 1 1
orbyte/internal/platform/document/service.go:166.60,168.3 1 0
orbyte/internal/platform/document/service.go:169.2,170.34 2 1
orbyte/internal/platform/document/service.go:173.113,175.16 2 1
orbyte/internal/platform/document/service.go:175.16,177.3 1 0
orbyte/internal/platform/document/service.go:178.2,179.16 2 1
orbyte/internal/platform/document/service.go:179.16,181.3 1 0
orbyte/internal/platform/document/service.go:182.2,182.47 1 1
orbyte/internal/platform/document/service.go:182.47,184.3 1 1
orbyte/internal/platform/document/service.go:185.2,195.60 4 1
orbyte/internal/platform/document/service.go:195.60,197.3 1 0
orbyte/internal/platform/document/service.go:198.2,199.40 2 1
orbyte/internal/platform/document/service.go:202.140,204.16 2 1
orbyte/internal/platform/document/service.go:204.16,206.3 1 0
orbyte/internal/platform/document/service.go:207.2,208.16 2 1
orbyte/internal/platform/document/service.go:208.16,210.3 1 0
orbyte/internal/platform/document/service.go:211.2,211.59 1 1
orbyte/internal/platform/document/service.go:211.59,213.3 1 0
orbyte/internal/platform/document/service.go:214.2,226.72 4 1
orbyte/internal/platform/document/service.go:226.72,228.3 1 0
orbyte/internal/platform/document/service.go:229.2,230.46 2 1
orbyte/internal/platform/document/service.go:233.63,235.16 2 0
orbyte/internal/platform/document/service.go:235.16,237.3 1 0
orbyte/internal/platform/document/service.go:238.2,241.29 4 0
orbyte/internal/platform/document/service.go:241.29,242.24 1 0
orbyte/internal/platform/document/service.go:242.24,244.12 2 0
orbyte/internal/platform/document/service.go:246.3,246.36 1 0
orbyte/internal/platform/document/service.go:248.2,248.12 1 0
orbyte/internal/platform/document/service.go:248.12,250.3 1 0
orbyte/internal/platform/document/service.go:251.2,251.63 1 0
orbyte/internal/platform/document/service.go:251.63,253.3 1 0
orbyte/internal/platform/document/service.go:254.2,255.34 2 0
orbyte/internal/platform/document/service.go:258.75,260.16 2 0
orbyte/internal/platform/document/service.go:260.16,262.3 1 0
orbyte/internal/platform/document/service.go:263.2,266.41 4 0
orbyte/internal/platform/document/service.go:266.41,267.36 1 0
orbyte/internal/platform/document/service.go:267.36,269.12 2 0
orbyte/internal/platform/document/service.go:271.3,271.42 1 0
orbyte/internal/platform/document/service.go:273.2,273.12 1 0
orbyte/internal/platform/document/service.go:273.12,275.3 1 0
orbyte/internal/platform/document/service.go:276.2,276.69 1 0
orbyte/internal/platform/document/service.go:276.69,278.3 1 0
orbyte/internal/platform/document/service.go:279.2,280.34 2 0
orbyte/internal/platform/document/service.go:283.55,284.31 1 1
orbyte/internal/platform/document/service.go:284.31,285.25 1 1
orbyte/internal/platform/document/service.go:285.25,287.4 1 1
orbyte/internal/platform/document/service.go:289.2,289.14 1 1
orbyte/internal/platform/document/service.go:292.49,295.2 2 1
orbyte/internal/platform/document/service.go:297.62,299.23 2 1
orbyte/internal/platform/document/service.go:299.23,301.3 1 0
orbyte/internal/platform/document/service.go:302.2,304.19 3 1
orbyte/internal/platform/document/service.go:307.116,313.2 5 1
orbyte/internal/platform/document/service.go:315.107,317.14 2 1
orbyte/internal/platform/document/service.go:318.15,319.20 1 1
orbyte/internal/platform/document/service.go:320.20,323.14 3 1
orbyte/internal/platform/document/service.go:324.10,327.14 3 1
orbyte/internal/platform/document/service.go:331.80,333.63 2 1
orbyte/internal/platform/document/service.go:333.63,335.3 1 1
orbyte/internal/platform/document/service.go:336.2,336.12 1 1
orbyte/internal/platform/document/service.go:339.52,340.18 1 1
orbyte/internal/platform/document/service.go:340.18,342.3 1 0
orbyte/internal/platform/document/service.go:343.2,344.32 2 1
orbyte/internal/platform/document/service.go:344.32,346.3 1 1
orbyte/internal/platform/document/service.go:347.2,347.15 1 1
orbyte/internal/platform/document/service.go:350.31,351.31 1 1
orbyte/internal/platform/document/service.go:352.22,353.25 1 1
orbyte/internal/platform/document/service.go:354.13,356.30 2 0
orbyte/internal/platform/document/service.go:356.30,358.4 1 0
orbyte/internal/platform/document/service.go:359.3,359.15 1 0
orbyte/internal/platform/document/service.go:360.10,361.15 1 1
orbyte/internal/platform/document/service.go:365.58,366.20 1 1
orbyte/internal/platform/document/service.go:366.20,368.3 1 0
orbyte/internal/platform/document/service.go:369.2,370.8 2 1
orbyte/internal/platform/document/service.go:370.8,372.3 1 1
orbyte/internal/platform/document/service.go:373.2,373.25 1 1
orbyte/internal/platform/document/service.go:376.97,377.26 1 1
orbyte/internal/platform/document/service.go:377.26,379.3 1 0
orbyte/internal/platform/document/service.go:380.2,381.43 2 1
orbyte/internal/platform/document/service.go:381.43,382.57 1 1
orbyte/internal/platform/document/service.go:382.57,384.4 1 1
orbyte/internal/platform/document/service.go:386.2,386.17 1 1
orbyte/internal/platform/document/service.go:389.80,390.27 1 1
orbyte/internal/platform/document/service.go:390.27,391.33 1 1
orbyte/internal/platform/document/service.go:391.33,393.4 1 1
orbyte/internal/platform/document/service.go:395.2,395.14 1 0
orbyte/internal/platform/document/service.go:398.69,400.27 2 0
orbyte/internal/platform/document/service.go:400.27,402.3 1 0
orbyte/internal/platform/document/service.go:403.2,404.13 2 0
orbyte/internal/platform/model/memory_repository.go:13.46,18.2 1 1
orbyte/internal/platform/model/memory_repository.go:20.65,23.2 2 1
orbyte/internal/platform/model/memory_repository.go:25.59,27.37 2 1
orbyte/internal/platform/model/memory_repository.go:27.37,29.3 1 1
orbyte/internal/platform/model/memory_repository.go:30.2,30.40 1 1
orbyte/internal/platform/model/memory_repository.go:30.40,30.78 1 0
orbyte/internal/platform/model/memory_repository.go:31.2,31.14 1 1
orbyte/internal/platform/model/memory_repository.go:34.73,37.2 2 1
orbyte/internal/platform/model/memory_repository.go:39.60,40.46 1 1
orbyte/internal/platform/model/memory_repository.go:40.46,42.3 1 1
orbyte/internal/platform/model/memory_repository.go:43.2,44.12 2 1
orbyte/internal/platform/model/memory_repository.go:47.68,48.39 1 1
orbyte/internal/platform/model/memory_repository.go:48.39,50.3 1 0
orbyte/internal/platform/model/memory_repository.go:51.2,52.12 2 1
orbyte/internal/platform/model/memory_repository.go:55.74,57.9 2 1
orbyte/internal/platform/model/memory_repository.go:57.9,59.3 1 0
orbyte/internal/platform/model/memory_repository.go:60.2,61.17 2 1
orbyte/internal/platform/model/memory_repository.go:64.66,66.43 2 1
orbyte/internal/platform/model/memory_repository.go:66.43,68.3 1 1
orbyte/internal/platform/model/memory_repository.go:69.2,69.40 1 1
orbyte/internal/platform/model/memory_repository.go:69.40,69.76 1 1
orbyte/internal/platform/model/memory_repository.go:70.2,70.14 1 1
orbyte/internal/platform/model/memory_repository.go:73.93,76.29 3 1
orbyte/internal/platform/model/memory_repository.go:76.29,77.43 1 1
orbyte/internal/platform/model/memory_repository.go:77.43,78.12 1 1
orbyte/internal/platform/model/memory_repository.go:80.3,80.36 1 1
orbyte/internal/platform/model/memory_repository.go:82.2,83.43 2 1
orbyte/internal/platform/model/memory_repository.go:83.43,86.18 3 1
orbyte/internal/platform/model/memory_repository.go:87.13,88.48 1 0
orbyte/internal/platform/model/memory_repository.go:89.21,90.112 1 0
orbyte/internal/platform/model/memory_repository.go:91.21,92.112 1 0
orbyte/internal/platform/model/memory_repository.go:94.3,94.17 1 1
orbyte/internal/platform/model/memory_repository.go:94.17,96.4 1 0
orbyte/internal/platform/model/memory_repository.go:97.3,97.22 1 1
orbyte/internal/platform/model/memory_repository.go:99.2,101.28 3 1
orbyte/internal/platform/model/memory_repository.go:101.28,103.3 1 1
orbyte/internal/platform/model/memory_repository.go:104.2,105.25 2 1
orbyte/internal/platform/model/memory_repository.go:105.25,107.3 1 1
orbyte/internal/platform/model/memory_repository.go:108.2,108.40 1 1
orbyte/internal/platform/model/postgres_repository.go:13.60,15.2 1 1
orbyte/internal/platform/model/postgres_repository.go:17.67,37.2 5 1
orbyte/internal/platform/model/postgres_repository.go:39.61,42.16 3 0
orbyte/internal/platform/model/postgres_repository.go:42.16,44.3 1 0
orbyte/internal/platform/model/postgres_repository.go:45.2,47.18 3 0
orbyte/internal/platform/model/postgres_repository.go:47.18,49.9 2 0
orbyte/internal/platform/model/postgres_repository.go:49.9,51.4 1 0
orbyte/internal/platform/model/postgres_repository.go:53.2,53.14 1 0
orbyte/internal/platform/model/postgres_repository.go:56.75,65.16 5 1
orbyte/internal/platform/model/postgres_repository.go:65.16,67.3 1 0
orbyte/internal/platform/model/postgres_repository.go:68.2,70.19 3 1
orbyte/internal/platform/model/postgres_repository.go:73.62,86.2 4 1
orbyte/internal/platform/model/postgres_repository.go:88.70,92.2 3 0
orbyte/internal/platform/model/postgres_repository.go:94.76,100.211 3 1
orbyte/internal/platform/model/postgres_repository.go:100.211,102.3 1 0
orbyte/internal/platform/model/postgres_repository.go:103.2,104.19 2 1
orbyte/internal/platform/model/postgres_repository.go:107.68,110.16 3 0
orbyte/internal/platform/model/postgres_repository.go:110.16,112.3 1 0
orbyte/internal/platform/model/postgres_repository.go:113.2,115.18 3 0
orbyte/internal/platform/model/postgres_repository.go:115.18,120.153 2 0
orbyte/internal/platform/model/postgres_repository.go:120.153,121.12 1 0
orbyte/internal/platform/model/postgres_repository.go:123.3,124.30 2 0
orbyte/internal/platform/model/postgres_repository.go:126.2,126.14 1 0
orbyte/internal/platform/model/postgres_repository.go:129.95,133.106 4 1
orbyte/internal/platform/model/postgres_repository.go:133.106,135.3 1 0
orbyte/internal/platform/model/postgres_repository.go:136.2,137.16 2 1
orbyte/internal/platform/model/postgres_repository.go:137.16,139.3 1 0
orbyte/internal/platform/model/postgres_repository.go:140.2,142.18 3 1
orbyte/internal/platform/model/postgres_repository.go:142.18,147.153 2 1
orbyte/internal/platform/model/postgres_repository.go:147.153,149.4 1 0
orbyte/internal/platform/model/postgres_repository.go:150.3,151.30 2 1
orbyte/internal/platform/model/postgres_repository.go:153.2,153.26 1 1
orbyte/internal/platform/model/postgres_repository.go:156.86,162.248 2 0
orbyte/internal/platform/model/postgres_repository.go:162.248,164.3 1 0
orbyte/internal/platform/model/postgres_repository.go:165.2,167.19 3 0
orbyte/internal/platform/model/query.go:10.65,11.21 1 1
orbyte/internal/platform/model/query.go:11.21,13.3 1 1
orbyte/internal/platform/model/query.go:14.2,14.25 1 1
orbyte/internal/platform/model/query.go:14.25,16.3 1 1
orbyte/internal/platform/model/query.go:17.2,17.34 1 1
orbyte/internal/platform/model/query.go:17.34,19.3 1 1
orbyte/internal/platform/model/query.go:20.2,21.25 2 1
orbyte/internal/platform/model/query.go:21.25,23.3 1 1
orbyte/internal/platform/model/query.go:24.2,24.65 1 1
orbyte/internal/platform/model/query.go:24.65,26.3 1 1
orbyte/internal/platform/model/query.go:27.2,28.40 2 1
orbyte/internal/platform/model/query.go:28.40,31.31 3 1
orbyte/internal/platform/model/query.go:31.31,32.12 1 1
orbyte/internal/platform/model/query.go:34.3,34.33 1 1
orbyte/internal/platform/model/query.go:34.33,36.4 1 1
orbyte/internal/platform/model/query.go:37.3,37.23 1 1
orbyte/internal/platform/model/query.go:39.2,40.19 2 1
orbyte/internal/platform/model/query.go:43.55,44.32 1 1
orbyte/internal/platform/model/query.go:45.44,46.14 1 0
orbyte/internal/platform/model/query.go:48.2,48.35 1 1
orbyte/internal/platform/model/query.go:48.35,49.42 1 1
orbyte/internal/platform/model/query.go:49.42,51.4 1 1
orbyte/internal/platform/model/query.go:53.2,53.14 1 1
orbyte/internal/platform/model/service.go:20.28,22.2 1 1
orbyte/internal/platform/model/service.go:24.57,31.2 1 1
orbyte/internal/platform/model/service.go:33.60,34.17 1 1
orbyte/internal/platform/model/service.go:34.17,36.3 1 1
orbyte/internal/platform/model/service.go:37.2,42.3 1 1
orbyte/internal/platform/model/service.go:45.43,47.2 1 1
orbyte/internal/platform/model/service.go:49.58,51.2 1 1
orbyte/internal/platform/model/service.go:53.50,54.82 1 1
orbyte/internal/platform/model/service.go:54.82,56.3 1 1
orbyte/internal/platform/model/service.go:57.2,57.56 1 1
orbyte/internal/platform/model/service.go:57.56,59.3 1 0
orbyte/internal/platform/model/service.go:60.2,60.35 1 1
orbyte/internal/platform/model/service.go:60.35,61.80 1 1
orbyte/internal/platform/model/service.go:61.80,63.4 1 1
orbyte/internal/platform/model/service.go:65.2,65.41 1 1
orbyte/internal/platform/model/service.go:65.41,66.186 1 1
orbyte/internal/platform/model/service.go:66.186,68.4 1 1
orbyte/internal/platform/model/service.go:70.2,70.35 1 1
orbyte/internal/platform/model/service.go:73.46,75.2 1 1
orbyte/internal/platform/model/service.go:77.61,79.2 1 1
orbyte/internal/platform/model/service.go:81.74,82.49 1 1
orbyte/internal/platform/model/service.go:82.49,84.3 1 0
orbyte/internal/platform/model/service.go:85.2,85.24 1 1
orbyte/internal/platform/model/service.go:88.74,89.49 1 1
orbyte/internal/platform/model/service.go:89.49,91.3 1 0
orbyte/internal/platform/model/service.go:92.2,92.24 1 1
orbyte/internal/platform/model/service.go:95.80,96.49 1 1
orbyte/internal/platform/model/service.go:96.49,98.3 1 0
orbyte/internal/platform/model/service.go:99.2,99.27 1 1
orbyte/internal/platform/model/service.go:102.91,104.9 2 1
orbyte/internal/platform/model/service.go:104.9,106.3 1 0
orbyte/internal/platform/model/service.go:107.2,118.68 3 1
orbyte/internal/platform/model/service.go:118.68,120.3 1 1
orbyte/internal/platform/model/service.go:121.2,121.50 1 1
orbyte/internal/platform/model/service.go:121.50,123.3 1 0
orbyte/internal/platform/model/service.go:124.2,124.20 1 1
orbyte/internal/platform/model/service.go:127.116,129.9 2 1
orbyte/internal/platform/model/service.go:129.9,131.3 1 0
orbyte/internal/platform/model/service.go:132.2,133.9 2 1
orbyte/internal/platform/model/service.go:133.9,135.3 1 0
orbyte/internal/platform/model/service.go:136.2,136.63 1 1
orbyte/internal/platform/model/service.go:136.63,138.3 1 1
orbyte/internal/platform/model/service.go:139.2,144.73 6 1
orbyte/internal/platform/model/service.go:144.73,146.3 1 1
orbyte/internal/platform/model/service.go:147.2,147.50 1 1
orbyte/internal/platform/model/service.go:147.50,149.3 1 0
orbyte/internal/platform/model/service.go:150.2,150.20 1 1
orbyte/internal/platform/model/service.go:153.60,155.9 2 1
orbyte/internal/platform/model/service.go:155.9,157.3 1 1
orbyte/internal/platform/model/service.go:158.2,158.20 1 1
orbyte/internal/platform/model/service.go:161.115,163.9 2 1
orbyte/internal/platform/model/service.go:163.9,165.3 1 0
orbyte/internal/platform/model/service.go:166.2,167.9 2 1
orbyte/internal/platform/model/service.go:167.9,169.3 1 0
orbyte/internal/platform/model/service.go:170.2,171.9 2 1
orbyte/internal/platform/model/service.go:171.9,173.3 1 0
orbyte/internal/platform/model/service.go:174.2,176.63 3 1
orbyte/internal/platform/model/service.go:179.97,181.9 2 1
orbyte/internal/platform/model/service.go:181.9,183.3 1 0
orbyte/internal/platform/model/service.go:184.2,185.9 2 1
orbyte/internal/platform/model/service.go:185.9,187.3 1 0
orbyte/internal/platform/model/service.go:188.2,188.26 1 1
orbyte/internal/platform/model/service.go:188.26,190.3 1 1
orbyte/internal/platform/model/service.go:191.2,192.47 2 1
orbyte/internal/platform/model/service.go:195.77,197.9 2 1
orbyte/internal/platform/model/service.go:197.9,199.3 1 0
orbyte/internal/platform/model/service.go:200.2,201.16 2 1
orbyte/internal/platform/model/service.go:201.16,203.3 1 0
orbyte/internal/platform/model/service.go:204.2,206.9 1 1
orbyte/internal/platform/model/service.go:206.9,208.3 1 1
orbyte/internal/platform/model/service.go:209.2,211.29 3 0
orbyte/internal/platform/model/service.go:211.29,212.43 1 0
orbyte/internal/platform/model/service.go:212.43,213.12 1 0
orbyte/internal/platform/model/service.go:215.3,215.36 1 0
orbyte/internal/platform/model/service.go:217.2,218.19 2 0
orbyte/internal/platform/model/service.go:218.19,220.3 1 0
orbyte/internal/platform/model/service.go:221.2,221.43 1 0
orbyte/internal/platform/model/service.go:221.43,224.20 3 0
orbyte/internal/platform/model/service.go:224.20,227.4 2 0
orbyte/internal/platform/model/service.go:228.3,228.17 1 0
orbyte/internal/platform/model/service.go:228.17,230.4 1 0
orbyte/internal/platform/model/service.go:231.3,231.22 1 0
orbyte/internal/platform/model/service.go:233.2,237.28 5 0
orbyte/internal/platform/model/service.go:237.28,239.3 1 0
orbyte/internal/platform/model/service.go:240.2,241.25 2 0
orbyte/internal/platform/model/service.go:241.25,243.3 1 0
orbyte/internal/platform/model/service.go:244.2,244.40 1 0
orbyte/internal/platform/model/service.go:247.126,249.16 2 1
orbyte/internal/platform/model/service.go:249.16,251.3 1 0
orbyte/internal/platform/model/service.go:252.2,253.16 2 1
orbyte/internal/platform/model/service.go:253.16,256.3 2 0
orbyte/internal/platform/model/service.go:257.2,257.29 1 1
orbyte/internal/platform/model/service.go:260.130,262.16 2 1
orbyte/internal/platform/model/service.go:262.16,264.3 1 0
orbyte/internal/platform/model/service.go:265.2,266.16 2 1
orbyte/internal/platform/model/service.go:266.16,268.3 1 0
orbyte/internal/platform/model/service.go:269.2,269.29 1 1
orbyte/internal/platform/model/service.go:272.139,273.33 1 1
orbyte/internal/platform/model/service.go:273.33,275.3 1 1
orbyte/internal/platform/model/service.go:276.2,277.9 2 1
orbyte/internal/platform/model/service.go:277.9,279.3 1 0
orbyte/internal/platform/model/service.go:280.2,281.56 2 1
orbyte/internal/platform/model/service.go:281.56,283.10 2 1
orbyte/internal/platform/model/service.go:283.10,285.4 1 0
orbyte/internal/platform/model/service.go:286.3,287.17 2 1
orbyte/internal/platform/model/service.go:287.17,289.4 1 0
orbyte/internal/platform/model/service.go:290.3,291.33 2 1
orbyte/internal/platform/model/service.go:291.33,293.4 1 1
orbyte/internal/platform/model/service.go:294.3,295.38 2 1
orbyte/internal/platform/model/service.go:295.38,297.16 2 1
orbyte/internal/platform/model/service.go:297.16,299.5 1 1
orbyte/internal/platform/model/service.go:300.4,300.22 1 1
orbyte/internal/platform/model/service.go:300.22,301.45 1 1
orbyte/internal/platform/model/service.go:301.45,302.14 1 0
orbyte/internal/platform/model/service.go:304.5,304.67 1 1
orbyte/internal/platform/model/service.go:304.67,306.6 1 0
orbyte/internal/platform/model/service.go:307.5,307.104 1 1
orbyte/internal/platform/model/service.go:307.104,309.6 1 0
orbyte/internal/platform/model/service.go:310.5,310.13 1 1
orbyte/internal/platform/model/service.go:312.4,314.44 3 1
orbyte/internal/platform/model/service.go:314.44,316.19 2 1
orbyte/internal/platform/model/service.go:316.19,318.6 1 0
orbyte/internal/platform/model/service.go:319.5,319.113 1 1
orbyte/internal/platform/model/service.go:319.113,322.6 2 0
orbyte/internal/platform/model/service.go:323.5,324.13 2 1
orbyte/internal/platform/model/service.go:326.4,327.11 2 0
orbyte/internal/platform/model/service.go:327.11,329.5 1 0
orbyte/internal/platform/model/service.go:330.4,331.21 2 0
orbyte/internal/platform/model/service.go:331.21,333.5 1 0
orbyte/internal/platform/model/service.go:334.4,335.18 2 0
orbyte/internal/platform/model/service.go:335.18,337.5 1 0
orbyte/internal/platform/model/service.go:338.4,338.112 1 0
orbyte/internal/platform/model/service.go:338.112,340.5 1 0
orbyte/internal/platform/model/service.go:341.4,341.38 1 0
orbyte/internal/platform/model/service.go:343.3,343.32 1 1
orbyte/internal/platform/model/service.go:345.2,345.20 1 1
orbyte/internal/platform/model/service.go:348.105,349.26 1 1
orbyte/internal/platform/model/service.go:349.26,351.3 1 0
orbyte/internal/platform/model/service.go:352.2,352.35 1 1
orbyte/internal/platform/model/service.go:352.35,353.74 1 1
orbyte/internal/platform/model/service.go:353.74,355.4 1 0
orbyte/internal/platform/model/service.go:356.3,356.94 1 1
orbyte/internal/platform/model/service.go:356.94,357.56 1 1
orbyte/internal/platform/model/service.go:357.56,359.19 2 1
orbyte/internal/platform/model/service.go:359.19,361.6 1 0
orbyte/internal/platform/model/service.go:362.5,362.37 1 1
orbyte/internal/platform/model/service.go:366.2,366.35 1 1
orbyte/internal/platform/model/service.go:366.35,367.52 1 1
orbyte/internal/platform/model/service.go:367.52,368.12 1 1
orbyte/internal/platform/model/service.go:370.3,370.55 1 1
orbyte/internal/platform/model/service.go:370.55,372.18 2 1
orbyte/internal/platform/model/service.go:372.18,374.5 1 0
orbyte/internal/platform/model/service.go:375.4,375.36 1 1
orbyte/internal/platform/model/service.go:378.2,378.35 1 1
orbyte/internal/platform/model/service.go:378.35,379.87 1 1
orbyte/internal/platform/model/service.go:379.87,381.4 1 1
orbyte/internal/platform/model/service.go:382.3,382.48 1 1
orbyte/internal/platform/model/service.go:382.48,383.42 1 1
orbyte/internal/platform/model/service.go:383.42,384.170 1 1
orbyte/internal/platform/model/service.go:384.170,386.6 1 1
orbyte/internal/platform/model/service.go:390.2,390.12 1 1
orbyte/internal/platform/model/service.go:393.88,394.41 1 1
orbyte/internal/platform/model/service.go:394.41,395.53 1 1
orbyte/internal/platform/model/service.go:395.53,397.4 1 1
orbyte/internal/platform/model/service.go:399.2,399.36 1 0
orbyte/internal/platform/model/service.go:402.68,403.34 1 1
orbyte/internal/platform/model/service.go:403.34,404.37 1 1
orbyte/internal/platform/model/service.go:404.37,405.12 1 0
orbyte/internal/platform/model/service.go:407.3,409.56 3 1
orbyte/internal/platform/model/service.go:409.56,410.79 1 0
orbyte/internal/platform/model/service.go:410.79,412.5 1 0
orbyte/internal/platform/model/service.go:413.4,413.12 1 0
orbyte/internal/platform/model/service.go:415.3,415.45 1 1
orbyte/internal/platform/model/service.go:415.45,417.4 1 1
orbyte/internal/platform/model/service.go:419.2,419.13 1 1
orbyte/internal/platform/model/service.go:422.58,423.51 1 1
orbyte/internal/platform/model/service.go:423.51,425.3 1 1
orbyte/internal/platform/model/service.go:426.2,426.39 1 1
orbyte/internal/platform/model/service.go:429.54,430.21 1 1
orbyte/internal/platform/model/service.go:430.21,432.3 1 1
orbyte/internal/platform/model/service.go:433.2,433.34 1 1
orbyte/internal/platform/model/service.go:436.52,437.21 1 1
orbyte/internal/platform/model/service.go:437.21,439.3 1 0
orbyte/internal/platform/model/service.go:440.2,441.32 2 1
orbyte/internal/platform/model/service.go:441.32,443.3 1 1
orbyte/internal/platform/model/service.go:444.2,444.15 1 1
orbyte/internal/platform/model/service.go:447.43,448.38 1 1
orbyte/internal/platform/model/service.go:448.38,450.3 1 1
orbyte/internal/platform/model/service.go:451.2,451.35 1 1
orbyte/internal/platform/model/service.go:454.36,455.31 1 1
orbyte/internal/platform/model/service.go:456.14,457.34 1 1
orbyte/internal/platform/model/service.go:458.20,459.43 1 0
orbyte/internal/platform/model/service.go:460.11,461.29 1 0
orbyte/internal/platform/model/service.go:462.13,463.38 1 0
orbyte/internal/platform/model/service.go:464.15,465.49 1 0
orbyte/internal/platform/model/service.go:466.12,467.12 1 0
orbyte/internal/platform/model/service.go:467.12,469.4 1 0
orbyte/internal/platform/model/service.go:470.3,470.17 1 0
orbyte/internal/platform/model/service.go:471.10,472.53 1 0
orbyte/internal/platform/model/sql_query.go:8.101,12.40 4 1
orbyte/internal/platform/model/sql_query.go:12.40,14.15 2 1
orbyte/internal/platform/model/sql_query.go:14.15,17.4 2 1
orbyte/internal/platform/model/sql_query.go:17.9,20.4 2 0
orbyte/internal/platform/model/sql_query.go:21.3,21.11 1 1
orbyte/internal/platform/model/sql_query.go:23.2,25.25 3 1
orbyte/internal/platform/model/sql_query.go:25.25,27.17 2 1
orbyte/internal/platform/model/sql_query.go:27.17,29.4 1 0
orbyte/internal/platform/model/sql_query.go:29.9,31.4 1 1
orbyte/internal/platform/model/sql_query.go:33.2,34.16 2 1
orbyte/internal/platform/model/sql_query.go:34.16,37.3 2 1
orbyte/internal/platform/model/sql_query.go:38.2,39.36 2 1
orbyte/internal/platform/model/sql_query.go:42.46,43.13 1 1
orbyte/internal/platform/model/sql_query.go:44.12,45.21 1 0
orbyte/internal/platform/model/sql_query.go:46.20,47.22 1 0
orbyte/internal/platform/model/sql_query.go:48.20,49.22 1 0
orbyte/internal/platform/model/sql_query.go:50.10,51.68 1 1
orbyte/internal/platform/model/sql_query.go:55.72,56.13 1 1
orbyte/internal/platform/model/sql_query.go:57.12,58.28 1 0
orbyte/internal/platform/model/sql_query.go:59.20,60.43 1 0
orbyte/internal/platform/model/sql_query.go:61.20,62.43 1 0
orbyte/internal/platform/model/sql_query.go:63.10,65.36 2 1
orbyte/internal/platform/model/sql_query.go:65.36,66.24 1 1
orbyte/internal/platform/model/sql_query.go:66.24,68.10 2 1
orbyte/internal/platform/model/sql_query.go:71.3,72.71 2 1
orbyte/internal/platform/model/tx_repository.go:13.48,15.2 1 0
orbyte/internal/platform/model/tx_repository.go:17.61,37.2 5 0
orbyte/internal/platform/model/tx_repository.go:39.55,42.16 3 0
orbyte/internal/platform/model/tx_repository.go:42.16,44.3 1 0
orbyte/internal/platform/model/tx_repository.go:45.2,47.18 3 0
orbyte/internal/platform/model/tx_repository.go:47.18,49.9 2 0
orbyte/internal/platform/model/tx_repository.go:49.9,51.4 1 0
orbyte/internal/platform/model/tx_repository.go:53.2,53.14 1 0
orbyte/internal/platform/model/tx_repository.go:56.69,60.2 3 0
orbyte/internal/platform/model/tx_repository.go:62.56,75.2 4 0
orbyte/internal/platform/model/tx_repository.go:77.64,81.2 3 0
orbyte/internal/platform/model/tx_repository.go:83.70,89.211 3 0
orbyte/internal/platform/model/tx_repository.go:89.211,91.3 1 0
orbyte/internal/platform/model/tx_repository.go:92.2,93.19 2 0
orbyte/internal/platform/model/tx_repository.go:96.62,99.16 3 0
orbyte/internal/platform/model/tx_repository.go:99.16,101.3 1 0
orbyte/internal/platform/model/tx_repository.go:102.2,104.18 3 0
orbyte/internal/platform/model/tx_repository.go:104.18,109.153 2 0
orbyte/internal/platform/model/tx_repository.go:109.153,110.12 1 0
orbyte/internal/platform/model/tx_repository.go:112.3,113.30 2 0
orbyte/internal/platform/model/tx_repository.go:115.2,115.14 1 0
orbyte/internal/platform/model/tx_repository.go:118.89,122.106 4 0
orbyte/internal/platform/model/tx_repository.go:122.106,124.3 1 0
orbyte/internal/platform/model/tx_repository.go:125.2,126.16 2 0
orbyte/internal/platform/model/tx_repository.go:126.16,128.3 1 0
orbyte/internal/platform/model/tx_repository.go:129.2,131.18 3 0
orbyte/internal/platform/model/tx_repository.go:131.18,136.153 2 0
orbyte/internal/platform/model/tx_repository.go:136.153,138.4 1 0
[...]
orbyte/internal/platform/analytics/service.go:673.60,675.66 2 1
orbyte/internal/platform/analytics/service.go:675.66,687.3 1 1
orbyte/internal/platform/analytics/service.go:688.2,688.60 1 1
orbyte/internal/platform/analytics/service.go:688.60,700.3 1 1
orbyte/internal/platform/analytics/service.go:701.2,716.15 3 1
orbyte/internal/platform/analytics/service.go:719.70,721.61 2 1
orbyte/internal/platform/analytics/service.go:721.61,723.3 1 1
orbyte/internal/platform/analytics/service.go:724.2,724.55 1 1
orbyte/internal/platform/analytics/service.go:724.55,726.3 1 1
orbyte/internal/platform/analytics/service.go:727.2,727.55 1 1
orbyte/internal/platform/analytics/service.go:727.55,729.3 1 0
orbyte/internal/platform/analytics/service.go:730.2,730.51 1 1
orbyte/internal/platform/analytics/service.go:730.51,730.125 1 0
orbyte/internal/platform/analytics/service.go:731.2,731.15 1 1
orbyte/internal/platform/analytics/service.go:734.57,735.18 1 1
orbyte/internal/platform/analytics/service.go:736.16,737.29 1 0
orbyte/internal/platform/analytics/service.go:738.16,739.31 1 0
orbyte/internal/platform/analytics/service.go:740.17,741.31 1 0
orbyte/internal/platform/analytics/service.go:742.10,743.34 1 1
orbyte/internal/platform/app/adapters.go:10.60,13.43 3 1
orbyte/internal/platform/app/adapters.go:13.43,15.3 1 1
orbyte/internal/platform/app/adapters.go:16.2,17.22 2 0
orbyte/internal/platform/app/adapters.go:17.22,19.3 1 0
orbyte/internal/platform/app/adapters.go:20.2,21.16 2 0
orbyte/internal/platform/app/adapters.go:21.16,24.3 2 0
orbyte/internal/platform/app/adapters.go:25.2,27.41 3 0
orbyte/internal/platform/app/app.go:83.49,85.2 1 1
orbyte/internal/platform/app/app.go:92.38,95.16 3 1
orbyte/internal/platform/app/app.go:95.16,96.28 1 1
orbyte/internal/platform/app/app.go:96.28,98.4 1 1
orbyte/internal/platform/app/app.go:99.3,99.73 1 0
orbyte/internal/platform/app/app.go:101.2,101.63 1 1
orbyte/internal/platform/app/app.go:101.63,103.3 1 0
orbyte/internal/platform/app/app.go:105.2,106.19 2 1
orbyte/internal/platform/app/app.go:106.19,108.3 1 0
orbyte/internal/platform/app/app.go:109.2,110.95 2 1
orbyte/internal/platform/app/app.go:110.95,112.3 1 0
orbyte/internal/platform/app/app.go:113.2,114.296 2 1
orbyte/internal/platform/app/app.go:114.296,116.3 1 0
orbyte/internal/platform/app/app.go:117.2,118.63 2 1
orbyte/internal/platform/app/app.go:118.63,120.3 1 0
orbyte/internal/platform/app/app.go:121.2,121.65 1 1
orbyte/internal/platform/app/app.go:121.65,123.3 1 0
orbyte/internal/platform/app/app.go:124.2,124.134 1 1
orbyte/internal/platform/app/app.go:124.134,126.3 1 0
orbyte/internal/platform/app/app.go:127.2,132.16 5 1
orbyte/internal/platform/app/app.go:132.16,134.3 1 1
orbyte/internal/platform/app/app.go:136.2,171.8 1 1
orbyte/internal/platform/app/app.go:174.56,175.58 1 1
orbyte/internal/platform/app/app.go:175.58,177.3 1 0
orbyte/internal/platform/app/app.go:178.2,178.64 1 1
orbyte/internal/platform/app/app.go:178.64,180.3 1 1
orbyte/internal/platform/app/app.go:181.2,182.16 2 1
orbyte/internal/platform/app/app.go:182.16,184.3 1 0
orbyte/internal/platform/app/app.go:185.2,187.12 3 1
orbyte/internal/platform/app/app.go:190.53,192.42 2 1
orbyte/internal/platform/app/app.go:192.42,194.3 1 0
orbyte/internal/platform/app/app.go:195.2,195.55 1 1
orbyte/internal/platform/app/app.go:198.35,199.60 1 1
orbyte/internal/platform/app/app.go:200.32,201.14 1 1
orbyte/internal/platform/app/app.go:202.10,203.15 1 1
orbyte/internal/platform/app/app.go:207.38,209.77 2 1
orbyte/internal/platform/app/app.go:209.77,211.3 1 1
orbyte/internal/platform/app/app.go:212.2,212.12 1 1
orbyte/internal/platform/app/app.go:215.423,217.50 2 1
orbyte/internal/platform/app/app.go:217.50,218.59 1 1
orbyte/internal/platform/app/app.go:218.59,220.4 1 0
orbyte/internal/platform/app/app.go:222.2,222.37 1 1
orbyte/internal/platform/app/app.go:222.37,223.64 1 1
orbyte/internal/platform/app/app.go:223.64,225.4 1 0
orbyte/internal/platform/app/app.go:226.3,226.50 1 1
orbyte/internal/platform/app/app.go:226.50,227.60 1 1
orbyte/internal/platform/app/app.go:227.60,229.5 1 0
orbyte/internal/platform/app/app.go:232.2,232.64 1 1
orbyte/internal/platform/app/app.go:232.64,233.45 1 1
orbyte/internal/platform/app/app.go:233.45,234.48 1 0
orbyte/internal/platform/app/app.go:234.48,236.5 1 0
orbyte/internal/platform/app/app.go:239.2,239.37 1 1
orbyte/internal/platform/app/app.go:239.37,240.47 1 1
orbyte/internal/platform/app/app.go:240.47,241.73 1 1
orbyte/internal/platform/app/app.go:241.73,243.5 1 0
orbyte/internal/platform/app/app.go:245.3,245.52 1 1
orbyte/internal/platform/app/app.go:245.52,246.76 1 1
orbyte/internal/platform/app/app.go:246.76,248.5 1 0
orbyte/internal/platform/app/app.go:250.3,250.39 1 1
orbyte/internal/platform/app/app.go:250.39,251.65 1 1
orbyte/internal/platform/app/app.go:251.65,253.5 1 0
orbyte/internal/platform/app/app.go:255.3,255.42 1 1
orbyte/internal/platform/app/app.go:255.42,256.68 1 1
orbyte/internal/platform/app/app.go:256.68,258.5 1 0
orbyte/internal/platform/app/app.go:260.3,260.42 1 1
orbyte/internal/platform/app/app.go:260.42,261.68 1 1
orbyte/internal/platform/app/app.go:261.68,263.5 1 0
orbyte/internal/platform/app/app.go:265.3,265.48 1 1
orbyte/internal/platform/app/app.go:265.48,266.73 1 1
orbyte/internal/platform/app/app.go:266.73,268.5 1 0
orbyte/internal/platform/app/app.go:270.3,270.45 1 1
orbyte/internal/platform/app/app.go:270.45,278.20 1 1
orbyte/internal/platform/app/app.go:278.20,280.5 1 0
orbyte/internal/platform/app/app.go:282.3,282.42 1 1
orbyte/internal/platform/app/app.go:282.42,283.119 1 1
orbyte/internal/platform/app/app.go:283.119,285.5 1 0
orbyte/internal/platform/app/app.go:288.2,288.73 1 1
orbyte/internal/platform/app/app.go:288.73,290.3 1 0
orbyte/internal/platform/app/app.go:291.2,291.86 1 1
orbyte/internal/platform/app/app.go:291.86,293.3 1 0
orbyte/internal/platform/app/app.go:294.2,294.79 1 1
orbyte/internal/platform/app/app.go:294.79,296.3 1 0
orbyte/internal/platform/app/app.go:297.2,299.37 3 1
orbyte/internal/platform/app/app.go:299.37,300.57 1 1
orbyte/internal/platform/app/app.go:300.57,308.20 1 1
orbyte/internal/platform/app/app.go:308.20,310.5 1 0
orbyte/internal/platform/app/app.go:313.2,313.12 1 1
orbyte/internal/platform/app/app.go:316.93,318.35 2 1
orbyte/internal/platform/app/app.go:318.35,320.3 1 1
orbyte/internal/platform/app/app.go:321.2,321.36 1 1
orbyte/internal/platform/app/app.go:321.36,322.44 1 1
orbyte/internal/platform/app/app.go:322.44,324.4 1 0
orbyte/internal/platform/app/app.go:325.3,325.47 1 1
orbyte/internal/platform/app/app.go:325.47,327.4 1 1
orbyte/internal/platform/app/app.go:328.3,328.33 1 1
orbyte/internal/platform/app/app.go:330.2,330.36 1 1
orbyte/internal/platform/app/app.go:330.36,331.63 1 1
orbyte/internal/platform/app/app.go:331.63,332.113 1 1
orbyte/internal/platform/app/app.go:332.113,333.13 1 1
orbyte/internal/platform/app/app.go:335.4,335.50 1 1
orbyte/internal/platform/app/app.go:335.50,337.5 1 1
orbyte/internal/platform/app/app.go:340.2,340.12 1 1
orbyte/internal/platform/app/app.go:343.57,345.37 2 1
orbyte/internal/platform/app/app.go:345.37,347.3 1 1
orbyte/internal/platform/app/app.go:348.2,349.13 2 1
orbyte/internal/platform/app/app.go:352.89,354.29 2 1
orbyte/internal/platform/app/app.go:354.29,356.3 1 1
orbyte/internal/platform/app/app.go:357.2,357.14 1 1
orbyte/internal/platform/app/app.go:360.83,362.29 2 1
orbyte/internal/platform/app/app.go:362.29,364.3 1 1
orbyte/internal/platform/app/app.go:365.2,365.14 1 1
orbyte/internal/platform/app/app.go:368.119,369.37 1 1
orbyte/internal/platform/app/app.go:369.37,370.60 1 1
orbyte/internal/platform/app/app.go:370.60,377.19 1 1
orbyte/internal/platform/app/app.go:377.19,379.5 1 0
orbyte/internal/platform/app/app.go:380.4,380.136 1 1
orbyte/internal/platform/app/app.go:380.136,382.5 1 0
orbyte/internal/platform/app/app.go:384.3,384.64 1 1
orbyte/internal/platform/app/app.go:384.64,391.19 2 1
orbyte/internal/platform/app/app.go:391.19,393.5 1 0
orbyte/internal/platform/app/app.go:394.4,394.62 1 1
orbyte/internal/platform/app/app.go:394.62,395.130 1 1
orbyte/internal/platform/app/app.go:395.130,397.6 1 0
orbyte/internal/platform/app/app.go:400.3,400.54 1 1
orbyte/internal/platform/app/app.go:400.54,414.19 1 1
orbyte/internal/platform/app/app.go:414.19,416.5 1 0
orbyte/internal/platform/app/app.go:419.2,419.104 1 1
orbyte/internal/platform/app/app.go:419.104,421.41 2 0
orbyte/internal/platform/app/app.go:421.41,423.4 1 0
orbyte/internal/platform/app/app.go:424.3,424.128 1 0
orbyte/internal/platform/app/app.go:424.128,426.4 1 0
orbyte/internal/platform/app/app.go:427.3,427.118 1 0
orbyte/internal/platform/app/app.go:427.118,429.4 1 0
orbyte/internal/platform/app/app.go:430.3,430.87 1 0
orbyte/internal/platform/app/app.go:430.87,432.4 1 0
orbyte/internal/platform/app/app.go:433.3,433.40 1 0
orbyte/internal/platform/app/app.go:434.17,436.3 1 0
orbyte/internal/platform/app/app.go:437.2,437.105 1 1
orbyte/internal/platform/app/app.go:437.105,439.41 2 0
orbyte/internal/platform/app/app.go:439.41,441.4 1 0
orbyte/internal/platform/app/app.go:442.3,442.128 1 0
orbyte/internal/platform/app/app.go:442.128,444.4 1 0
orbyte/internal/platform/app/app.go:445.3,445.118 1 0
orbyte/internal/platform/app/app.go:445.118,447.4 1 0
orbyte/internal/platform/app/app.go:448.3,448.87 1 0
orbyte/internal/platform/app/app.go:448.87,450.4 1 0
orbyte/internal/platform/app/app.go:451.3,451.40 1 0
orbyte/internal/platform/app/app.go:452.17,454.3 1 0
orbyte/internal/platform/app/app.go:455.2,455.109 1 1
orbyte/internal/platform/app/app.go:455.109,457.38 2 0
orbyte/internal/platform/app/app.go:457.38,459.4 1 0
orbyte/internal/platform/app/app.go:460.3,460.94 1 0
orbyte/internal/platform/app/app.go:460.94,462.4 1 0
orbyte/internal/platform/app/app.go:463.3,463.115 1 0
orbyte/internal/platform/app/app.go:463.115,465.4 1 0
orbyte/internal/platform/app/app.go:466.3,466.146 1 0
orbyte/internal/platform/app/app.go:466.146,468.4 1 0
orbyte/internal/platform/app/app.go:469.3,469.121 1 0
orbyte/internal/platform/app/app.go:469.121,471.4 1 0
orbyte/internal/platform/app/app.go:472.3,472.105 1 0
orbyte/internal/platform/app/app.go:472.105,474.4 1 0
orbyte/internal/platform/app/app.go:475.3,475.40 1 0
orbyte/internal/platform/app/app.go:476.17,478.3 1 0
orbyte/internal/platform/app/app.go:479.2,479.107 1 1
orbyte/internal/platform/app/app.go:479.107,480.119 1 0
orbyte/internal/platform/app/app.go:480.119,482.4 1 0
orbyte/internal/platform/app/app.go:483.3,483.147 1 0
orbyte/internal/platform/app/app.go:483.147,485.4 1 0
orbyte/internal/platform/app/app.go:486.3,486.156 1 0
orbyte/internal/platform/app/app.go:486.156,488.4 1 0
orbyte/internal/platform/app/app.go:489.3,489.40 1 0
orbyte/internal/platform/app/app.go:490.17,492.3 1 0
orbyte/internal/platform/app/app.go:493.2,493.106 1 1
orbyte/internal/platform/app/app.go:493.106,498.19 5 0
orbyte/internal/platform/app/app.go:498.19,500.4 1 0
orbyte/internal/platform/app/app.go:501.3,501.19 1 0
orbyte/internal/platform/app/app.go:501.19,503.4 1 0
orbyte/internal/platform/app/app.go:504.3,504.65 1 0
orbyte/internal/platform/app/app.go:504.65,506.4 1 0
orbyte/internal/platform/app/app.go:507.3,508.41 2 0
orbyte/internal/platform/app/app.go:508.41,510.4 1 0
orbyte/internal/platform/app/app.go:511.3,513.18 3 0
orbyte/internal/platform/app/app.go:513.18,515.4 1 0
orbyte/internal/platform/app/app.go:516.3,521.4 1 0
orbyte/internal/platform/app/app.go:522.17,524.3 1 0
orbyte/internal/platform/app/app.go:525.2,525.103 1 1
orbyte/internal/platform/app/app.go:525.103,527.73 2 0
orbyte/internal/platform/app/app.go:527.73,529.4 1 0
orbyte/internal/platform/app/app.go:530.3,530.74 1 0
orbyte/internal/platform/app/app.go:530.74,532.4 1 0
orbyte/internal/platform/app/app.go:533.3,533.109 1 0
orbyte/internal/platform/app/app.go:534.17,536.3 1 0
orbyte/internal/platform/app/app.go:537.2,537.112 1 1
orbyte/internal/platform/app/app.go:537.112,538.137 1 0
orbyte/internal/platform/app/app.go:538.137,540.4 1 0
orbyte/internal/platform/app/app.go:541.3,542.89 2 0
orbyte/internal/platform/app/app.go:542.89,544.4 1 0
orbyte/internal/platform/app/app.go:545.3,545.40 1 0
orbyte/internal/platform/app/app.go:546.17,548.3 1 0
orbyte/internal/platform/app/app.go:549.2,549.12 1 1
orbyte/internal/platform/app/app.go:552.41,553.22 1 1
orbyte/internal/platform/app/app.go:553.22,555.3 1 0
orbyte/internal/platform/app/app.go:556.2,556.18 1 1
orbyte/internal/platform/app/app.go:559.129,560.42 1 1
orbyte/internal/platform/app/app.go:560.42,562.57 2 1
orbyte/internal/platform/app/app.go:562.57,570.4 1 1
orbyte/internal/platform/app/app.go:571.3,571.58 1 1
orbyte/internal/platform/app/app.go:571.58,579.4 1 1
orbyte/internal/platform/app/app.go:580.3,580.61 1 1
orbyte/internal/platform/app/app.go:580.61,587.4 1 1
orbyte/internal/platform/app/app.go:588.3,588.57 1 1
orbyte/internal/platform/app/app.go:588.57,597.4 1 1
orbyte/internal/platform/app/app.go:601.94,603.42 2 1
orbyte/internal/platform/app/app.go:603.42,604.32 1 1
orbyte/internal/platform/app/app.go:604.32,605.12 1 1
orbyte/internal/platform/app/app.go:607.3,607.68 1 1
orbyte/internal/platform/app/app.go:607.68,608.70 1 1
orbyte/internal/platform/app/app.go:608.70,609.13 1 1
orbyte/internal/platform/app/app.go:611.4,611.64 1 1
orbyte/internal/platform/app/app.go:614.2,614.15 1 1
orbyte/internal/platform/app/app.go:617.47,620.18 3 1
orbyte/internal/platform/app/app.go:620.18,622.3 1 1
orbyte/internal/platform/app/app.go:623.2,623.17 1 1
orbyte/internal/platform/app/app.go:623.17,625.3 1 1
orbyte/internal/platform/app/app.go:626.2,626.29 1 1
orbyte/internal/platform/app/app.go:629.46,630.92 1 1
orbyte/internal/platform/app/app.go:630.92,632.3 1 0
orbyte/internal/platform/app/app.go:633.2,633.102 1 1
orbyte/internal/platform/app/app.go:633.102,635.3 1 1
orbyte/internal/platform/app/app.go:636.2,636.92 1 1
orbyte/internal/platform/app/app.go:636.92,637.65 1 1
orbyte/internal/platform/app/app.go:638.40,639.14 1 1
orbyte/internal/platform/app/app.go:640.11,641.81 1 0
orbyte/internal/platform/app/app.go:646.45,648.34 2 1
orbyte/internal/platform/app/app.go:648.34,650.3 1 1
orbyte/internal/platform/app/app.go:651.2,657.36 3 1
orbyte/internal/platform/app/app.go:657.36,664.3 1 1
orbyte/internal/platform/app/app.go:667.55,668.17 1 1
orbyte/internal/platform/app/app.go:669.63,670.97 1 1
orbyte/internal/platform/app/app.go:671.39,672.118 1 1
orbyte/internal/platform/app/app.go:673.37,674.84 1 1
orbyte/internal/platform/app/app.go:675.36,676.86 1 1
orbyte/internal/platform/app/app.go:677.33,678.104 1 1
orbyte/internal/platform/app/app.go:679.42,680.99 1 1
orbyte/internal/platform/app/app.go:681.10,682.26 1 1
orbyte/internal/platform/app/app.go:686.49,687.17 1 1
orbyte/internal/platform/app/app.go:688.37,704.3 1 1
orbyte/internal/platform/app/app.go:705.39,728.3 1 1
orbyte/internal/platform/app/app.go:729.42,741.3 1 1
orbyte/internal/platform/app/app.go:742.10,743.12 1 1
orbyte/internal/platform/app/app.go:747.49,748.17 1 1
orbyte/internal/platform/app/app.go:749.106,750.27 1 1
orbyte/internal/platform/app/app.go:751.10,752.25 1 1
orbyte/internal/platform/app/app.go:756.54,757.55 1 1
orbyte/internal/platform/app/app.go:757.55,759.3 1 1
orbyte/internal/platform/app/app.go:760.2,760.43 1 1
orbyte/internal/platform/app/app.go:763.52,764.55 1 1
orbyte/internal/platform/app/app.go:764.55,766.3 1 1
orbyte/internal/platform/app/app.go:767.2,767.67 1 1
orbyte/internal/platform/app/app.go:770.64,772.29 2 1
orbyte/internal/platform/app/app.go:773.16,774.41 1 0
orbyte/internal/platform/app/app.go:775.13,777.30 2 1
orbyte/internal/platform/app/app.go:777.30,778.70 1 1
orbyte/internal/platform/app/app.go:778.70,780.5 1 1
orbyte/internal/platform/app/app.go:782.3,782.15 1 1
orbyte/internal/platform/app/app.go:783.10,784.13 1 0
orbyte/internal/platform/app/app.go:788.53,789.39 1 1
orbyte/internal/platform/app/app.go:789.39,791.3 1 1
orbyte/internal/platform/app/app.go:792.2,792.14 1 0
orbyte/internal/platform/app/app.go:795.51,796.35 1 1
orbyte/internal/platform/app/app.go:797.11,798.15 1 0
orbyte/internal/platform/app/app.go:799.13,800.20 1 0
orbyte/internal/platform/app/app.go:801.13,802.20 1 0
orbyte/internal/platform/app/app.go:803.15,804.20 1 1
orbyte/internal/platform/app/app.go:805.10,806.11 1 0
orbyte/internal/platform/app/app.go:810.36,813.2 2 1
orbyte/internal/platform/app/app.go:815.59,816.29 1 1
orbyte/internal/platform/app/app.go:816.29,817.24 1 1
orbyte/internal/platform/app/app.go:817.24,819.4 1 1
orbyte/internal/platform/app/app.go:821.2,821.14 1 1
orbyte/internal/platform/app/app.go:824.49,825.23 1 1
orbyte/internal/platform/app/app.go:825.23,827.3 1 1
orbyte/internal/platform/app/app.go:828.2,828.19 1 1
orbyte/internal/platform/app/app.go:831.42,832.31 1 1
orbyte/internal/platform/app/app.go:832.31,833.37 1 1
orbyte/internal/platform/app/app.go:833.37,835.4 1 1
orbyte/internal/platform/app/app.go:837.2,837.11 1 0
orbyte/internal/platform/app/app.go:840.49,1869.2 4 1
orbyte/internal/platform/app/app.go:1871.32,1873.2 1 1
orbyte/internal/platform/app/app.go:1875.32,1877.2 1 1
orbyte/internal/platform/app/app.go:1879.45,1881.2 1 1
orbyte/internal/platform/app/app.go:1883.38,1885.2 1 1
orbyte/internal/platform/app/app.go:1887.52,1888.28 1 1
orbyte/internal/platform/app/app.go:1888.28,1891.3 2 1
orbyte/internal/platform/app/app.go:1892.2,1892.19 1 1
orbyte/internal/platform/app/app.go:1892.19,1894.3 1 1
orbyte/internal/platform/app/app.go:1895.2,1895.25 1 1
orbyte/internal/platform/app/app.go:1895.25,1897.3 1 1
orbyte/internal/platform/app/app.go:1898.2,1898.33 1 1
orbyte/internal/platform/app/app.go:1898.33,1900.3 1 1
orbyte/internal/platform/app/app.go:1903.33,1904.28 1 1
orbyte/internal/platform/app/app.go:1904.28,1907.3 2 1
orbyte/internal/platform/app/app.go:1910.29,1912.33 2 1
orbyte/internal/platform/app/app.go:1912.33,1914.3 1 1
orbyte/internal/platform/app/app.go:1915.2,1915.25 1 1
orbyte/internal/platform/app/app.go:1915.25,1917.3 1 1
orbyte/internal/platform/app/app.go:1918.2,1918.19 1 1
orbyte/internal/platform/app/app.go:1918.19,1920.3 1 1
orbyte/internal/platform/app/app.go:1921.2,1921.36 1 1
orbyte/internal/platform/app/app.go:1921.36,1922.21 1 0
orbyte/internal/platform/app/app.go:1922.21,1923.12 1 0
orbyte/internal/platform/app/app.go:1925.3,1925.35 1 0
orbyte/internal/platform/app/app.go:1925.35,1927.4 1 0
orbyte/internal/platform/app/app.go:1929.2,1929.23 1 1
orbyte/internal/platform/app/app.go:1929.23,1931.3 1 1
orbyte/internal/platform/app/app.go:1932.2,1932.27 1 0
orbyte/internal/platform/app/construction.go:75.105,95.50 3 1
orbyte/internal/platform/app/construction.go:95.50,97.3 1 1
orbyte/internal/platform/app/construction.go:98.2,98.64 1 1
orbyte/internal/platform/app/construction.go:98.64,100.3 1 1
orbyte/internal/platform/app/construction.go:101.2,119.43 18 1
orbyte/internal/platform/app/construction.go:119.43,149.3 29 0
orbyte/internal/platform/app/construction.go:151.2,158.14 8 1
orbyte/internal/platform/app/construction.go:161.87,162.60 1 1
orbyte/internal/platform/app/construction.go:162.60,164.3 1 1
orbyte/internal/platform/app/construction.go:165.2,165.52 1 0
orbyte/internal/platform/app/construction.go:165.52,167.3 1 0
orbyte/internal/platform/app/construction.go:168.2,168.58 1 0
orbyte/internal/platform/app/construction.go:168.58,181.3 2 0
orbyte/internal/platform/app/router.go:10.55,117.2 1 1
orbyte/internal/platform/app/runtime.go:16.58,24.35 7 1
orbyte/internal/platform/app/runtime.go:24.35,24.78 1 0
orbyte/internal/platform/app/runtime.go:24.96,24.144 1 0
orbyte/internal/platform/app/runtime.go:25.2,25.35 1 1
orbyte/internal/platform/app/runtime.go:25.35,25.84 1 0
orbyte/internal/platform/app/runtime.go:25.102,25.156 1 0
orbyte/internal/platform/app/runtime.go:26.2,26.34 1 1
orbyte/internal/platform/app/runtime.go:26.34,26.82 1 0
orbyte/internal/platform/app/runtime.go:26.100,26.153 1 0
orbyte/internal/platform/app/runtime.go:28.2,31.3 1 1
