mode: set
clinic/cmd/server/main.go:15.13,17.15 2 0
clinic/cmd/server/main.go:17.15,18.45 1 0
clinic/cmd/server/main.go:18.45,20.4 1 0
clinic/cmd/server/main.go:22.2,32.12 5 0
clinic/cmd/server/main.go:32.12,36.54 4 0
clinic/cmd/server/main.go:36.54,38.4 1 0
clinic/cmd/server/main.go:41.2,42.79 2 0
clinic/cmd/server/main.go:42.79,45.3 2 0
clinic/cmd/server/main.go:46.2,46.30 1 0
clinic/internal/platform/analytics/delivery_adapters.go:30.66,32.2 1 1
clinic/internal/platform/analytics/delivery_adapters.go:36.83,37.21 1 1
clinic/internal/platform/analytics/delivery_adapters.go:37.21,39.3 1 1
clinic/internal/platform/analytics/delivery_adapters.go:40.2,40.57 1 1
clinic/internal/platform/analytics/delivery_adapters.go:47.82,48.21 1 1
clinic/internal/platform/analytics/delivery_adapters.go:48.21,50.3 1 0
clinic/internal/platform/analytics/delivery_adapters.go:51.2,52.19 2 1
clinic/internal/platform/analytics/delivery_adapters.go:52.19,54.3 1 1
clinic/internal/platform/analytics/delivery_adapters.go:55.2,56.16 2 1
clinic/internal/platform/analytics/delivery_adapters.go:56.16,58.3 1 0
clinic/internal/platform/analytics/delivery_adapters.go:59.2,62.16 4 1
clinic/internal/platform/analytics/delivery_adapters.go:62.16,64.3 1 0
clinic/internal/platform/analytics/delivery_adapters.go:65.2,66.53 2 1
clinic/internal/platform/analytics/delivery_adapters.go:66.53,68.3 1 0
clinic/internal/platform/analytics/delivery_adapters.go:69.2,69.12 1 1
clinic/internal/platform/analytics/delivery_adapters.go:78.101,80.2 1 0
clinic/internal/platform/analytics/delivery_adapters.go:95.80,96.21 1 1
clinic/internal/platform/analytics/delivery_adapters.go:96.21,98.3 1 0
clinic/internal/platform/analytics/delivery_adapters.go:99.2,102.30 4 1
clinic/internal/platform/analytics/delivery_adapters.go:102.30,104.3 1 1
clinic/internal/platform/analytics/delivery_adapters.go:105.2,110.16 6 0
clinic/internal/platform/analytics/delivery_adapters.go:110.16,112.3 1 0
clinic/internal/platform/analytics/delivery_adapters.go:113.2,114.20 2 0
clinic/internal/platform/analytics/delivery_adapters.go:114.20,116.3 1 0
clinic/internal/platform/analytics/delivery_adapters.go:117.2,117.12 1 0
clinic/internal/platform/analytics/delivery_adapters.go:117.12,118.91 1 0
clinic/internal/platform/analytics/delivery_adapters.go:118.91,120.4 1 0
clinic/internal/platform/analytics/delivery_adapters.go:121.3,121.13 1 0
clinic/internal/platform/analytics/delivery_adapters.go:123.2,124.19 2 0
clinic/internal/platform/analytics/delivery_adapters.go:124.19,126.3 1 0
clinic/internal/platform/analytics/delivery_adapters.go:127.2,127.68 1 0
clinic/internal/platform/analytics/delivery_adapters.go:130.89,132.21 2 1
clinic/internal/platform/analytics/delivery_adapters.go:132.21,134.3 1 1
clinic/internal/platform/analytics/delivery_adapters.go:135.2,135.54 1 1
clinic/internal/platform/analytics/delivery_adapters.go:135.54,137.3 1 0
clinic/internal/platform/analytics/delivery_adapters.go:138.2,139.16 2 1
clinic/internal/platform/analytics/delivery_adapters.go:139.16,141.3 1 0
clinic/internal/platform/analytics/delivery_adapters.go:142.2,143.73 2 1
clinic/internal/platform/analytics/delivery_adapters.go:146.89,147.56 1 1
clinic/internal/platform/analytics/delivery_adapters.go:147.56,149.3 1 0
clinic/internal/platform/analytics/delivery_adapters.go:150.2,160.16 10 1
clinic/internal/platform/analytics/delivery_adapters.go:160.16,162.3 1 0
clinic/internal/platform/analytics/delivery_adapters.go:163.2,171.16 4 1
clinic/internal/platform/analytics/delivery_adapters.go:171.16,173.3 1 0
clinic/internal/platform/analytics/delivery_adapters.go:174.2,177.39 4 1
clinic/internal/platform/analytics/delivery_adapters.go:177.39,179.3 1 0
clinic/internal/platform/analytics/delivery_adapters.go:180.2,180.26 1 1
clinic/internal/platform/analytics/delivery_adapters.go:183.65,185.27 2 1
clinic/internal/platform/analytics/delivery_adapters.go:185.27,187.3 1 1
clinic/internal/platform/analytics/delivery_adapters.go:188.2,188.15 1 1
clinic/internal/platform/analytics/delivery_adapters.go:191.97,193.16 2 0
clinic/internal/platform/analytics/delivery_adapters.go:193.16,195.3 1 0
clinic/internal/platform/analytics/delivery_adapters.go:196.2,198.16 3 0
clinic/internal/platform/analytics/delivery_adapters.go:198.16,200.3 1 0
clinic/internal/platform/analytics/delivery_adapters.go:201.2,202.17 2 0
clinic/internal/platform/analytics/delivery_adapters.go:202.17,203.43 1 0
clinic/internal/platform/analytics/delivery_adapters.go:203.43,205.4 1 0
clinic/internal/platform/analytics/delivery_adapters.go:207.2,207.42 1 0
clinic/internal/platform/analytics/delivery_adapters.go:207.42,209.3 1 0
clinic/internal/platform/analytics/delivery_adapters.go:210.2,210.31 1 0
clinic/internal/platform/analytics/delivery_adapters.go:210.31,211.48 1 0
clinic/internal/platform/analytics/delivery_adapters.go:211.48,213.4 1 0
clinic/internal/platform/analytics/delivery_adapters.go:215.2,216.16 2 0
clinic/internal/platform/analytics/delivery_adapters.go:216.16,218.3 1 0
clinic/internal/platform/analytics/delivery_adapters.go:219.2,219.45 1 0
clinic/internal/platform/analytics/delivery_adapters.go:219.45,221.3 1 0
clinic/internal/platform/analytics/delivery_adapters.go:222.2,222.39 1 0
clinic/internal/platform/analytics/delivery_adapters.go:222.39,224.3 1 0
clinic/internal/platform/analytics/delivery_adapters.go:225.2,225.22 1 0
clinic/internal/platform/analytics/delivery_adapters.go:243.86,244.21 1 1
clinic/internal/platform/analytics/delivery_adapters.go:244.21,246.3 1 0
clinic/internal/platform/analytics/delivery_adapters.go:247.2,248.16 2 1
clinic/internal/platform/analytics/delivery_adapters.go:248.16,250.3 1 0
clinic/internal/platform/analytics/delivery_adapters.go:251.2,251.19 1 1
clinic/internal/platform/analytics/delivery_adapters.go:251.19,253.3 1 1
clinic/internal/platform/analytics/delivery_adapters.go:254.2,255.16 2 0
clinic/internal/platform/analytics/delivery_adapters.go:255.16,257.3 1 0
clinic/internal/platform/analytics/delivery_adapters.go:258.2,260.16 3 0
clinic/internal/platform/analytics/delivery_adapters.go:260.16,262.3 1 0
clinic/internal/platform/analytics/delivery_adapters.go:263.2,263.13 1 0
clinic/internal/platform/analytics/delivery_adapters.go:263.13,264.83 1 0
clinic/internal/platform/analytics/delivery_adapters.go:264.83,266.4 1 0
clinic/internal/platform/analytics/delivery_adapters.go:268.2,269.12 2 0
clinic/internal/platform/analytics/delivery_adapters.go:272.75,273.21 1 1
clinic/internal/platform/analytics/delivery_adapters.go:273.21,275.3 1 0
clinic/internal/platform/analytics/delivery_adapters.go:276.2,277.20 2 1
clinic/internal/platform/analytics/delivery_adapters.go:277.20,279.3 1 1
clinic/internal/platform/analytics/delivery_adapters.go:280.2,284.16 5 0
clinic/internal/platform/analytics/delivery_adapters.go:284.16,286.3 1 0
clinic/internal/platform/analytics/delivery_adapters.go:287.2,287.20 1 0
clinic/internal/platform/analytics/delivery_adapters.go:290.95,292.16 2 1
clinic/internal/platform/analytics/delivery_adapters.go:292.16,294.3 1 1
clinic/internal/platform/analytics/delivery_adapters.go:295.2,296.67 2 1
clinic/internal/platform/analytics/delivery_adapters.go:296.67,298.3 1 0
clinic/internal/platform/analytics/delivery_adapters.go:299.2,299.56 1 1
clinic/internal/platform/analytics/delivery_adapters.go:302.74,304.57 2 0
clinic/internal/platform/analytics/delivery_adapters.go:304.57,306.3 1 0
clinic/internal/platform/analytics/delivery_adapters.go:307.2,307.32 1 0
clinic/internal/platform/analytics/delivery_adapters.go:310.45,311.31 1 1
clinic/internal/platform/analytics/delivery_adapters.go:311.31,312.18 1 1
clinic/internal/platform/analytics/delivery_adapters.go:312.18,314.4 1 1
clinic/internal/platform/analytics/delivery_adapters.go:316.2,316.11 1 1
clinic/internal/platform/analytics/export.go:14.97,18.161 4 1
clinic/internal/platform/analytics/export.go:18.161,20.3 1 0
clinic/internal/platform/analytics/export.go:21.2,21.27 1 1
clinic/internal/platform/analytics/export.go:21.27,33.46 2 1
clinic/internal/platform/analytics/export.go:33.46,35.4 1 0
clinic/internal/platform/analytics/export.go:37.2,38.39 2 1
clinic/internal/platform/analytics/export.go:38.39,40.3 1 0
clinic/internal/platform/analytics/export.go:41.2,41.25 1 1
clinic/internal/platform/analytics/export.go:44.98,49.33 5 1
clinic/internal/platform/analytics/export.go:49.33,51.61 2 1
clinic/internal/platform/analytics/export.go:51.61,53.4 1 0
clinic/internal/platform/analytics/export.go:55.2,55.34 1 1
clinic/internal/platform/analytics/export.go:55.34,57.39 2 1
clinic/internal/platform/analytics/export.go:57.39,59.61 2 1
clinic/internal/platform/analytics/export.go:59.61,61.5 1 0
clinic/internal/platform/analytics/export.go:64.2,65.16 2 1
clinic/internal/platform/analytics/export.go:65.16,67.3 1 0
clinic/internal/platform/analytics/export.go:68.2,68.25 1 1
clinic/internal/platform/analytics/export.go:71.97,85.33 13 1
clinic/internal/platform/analytics/export.go:85.33,87.3 1 1
clinic/internal/platform/analytics/export.go:88.2,90.27 3 1
clinic/internal/platform/analytics/export.go:90.27,102.32 2 1
clinic/internal/platform/analytics/export.go:102.32,104.4 1 1
clinic/internal/platform/analytics/export.go:105.3,105.13 1 1
clinic/internal/platform/analytics/export.go:107.2,108.40 2 1
clinic/internal/platform/analytics/export.go:108.40,110.3 1 0
clinic/internal/platform/analytics/export.go:111.2,111.25 1 1
clinic/internal/platform/analytics/export.go:114.90,115.18 1 1
clinic/internal/platform/analytics/export.go:115.18,117.3 1 1
clinic/internal/platform/analytics/export.go:118.2,118.20 1 1
clinic/internal/platform/analytics/export.go:118.20,120.3 1 0
clinic/internal/platform/analytics/export.go:121.2,121.25 1 1
clinic/internal/platform/analytics/export.go:121.25,123.3 1 0
clinic/internal/platform/analytics/export.go:124.2,124.22 1 1
clinic/internal/platform/analytics/export.go:124.22,126.3 1 0
clinic/internal/platform/analytics/export.go:127.2,127.22 1 1
clinic/internal/platform/analytics/export.go:127.22,129.3 1 1
clinic/internal/platform/analytics/export.go:130.2,130.24 1 1
clinic/internal/platform/analytics/export.go:130.24,132.3 1 0
clinic/internal/platform/analytics/export.go:133.2,133.28 1 1
clinic/internal/platform/analytics/export.go:133.28,135.3 1 1
clinic/internal/platform/analytics/export.go:136.2,137.57 2 1
clinic/internal/platform/analytics/export.go:137.57,139.3 1 0
clinic/internal/platform/analytics/export.go:140.2,140.17 1 1
clinic/internal/platform/analytics/export.go:143.62,144.19 1 1
clinic/internal/platform/analytics/export.go:144.19,146.3 1 0
clinic/internal/platform/analytics/export.go:147.2,147.39 1 1
clinic/internal/platform/analytics/export.go:150.48,151.19 1 1
clinic/internal/platform/analytics/export.go:151.19,153.3 1 0
clinic/internal/platform/analytics/export.go:154.2,154.32 1 1
clinic/internal/platform/analytics/export.go:157.58,158.19 1 1
clinic/internal/platform/analytics/export.go:158.19,160.3 1 0
clinic/internal/platform/analytics/export.go:161.2,161.37 1 1
clinic/internal/platform/analytics/export.go:164.59,165.19 1 1
clinic/internal/platform/analytics/export.go:165.19,167.3 1 0
clinic/internal/platform/analytics/export.go:168.2,168.38 1 1
clinic/internal/platform/analytics/export.go:171.78,172.19 1 1
clinic/internal/platform/analytics/export.go:172.19,174.3 1 0
clinic/internal/platform/analytics/export.go:175.2,175.47 1 1
clinic/internal/platform/analytics/export.go:178.98,180.9 2 1
clinic/internal/platform/analytics/export.go:180.9,182.3 1 0
clinic/internal/platform/analytics/export.go:183.2,183.19 1 1
clinic/internal/platform/analytics/export.go:183.19,185.3 1 0
clinic/internal/platform/analytics/export.go:186.2,187.49 2 1
clinic/internal/platform/analytics/export.go:187.49,188.135 1 1
clinic/internal/platform/analytics/export.go:188.135,190.4 1 1
clinic/internal/platform/analytics/export.go:192.2,196.20 5 1
clinic/internal/platform/analytics/export.go:196.20,198.3 1 0
clinic/internal/platform/analytics/export.go:198.8,198.68 1 1
clinic/internal/platform/analytics/export.go:198.68,200.3 1 1
clinic/internal/platform/analytics/export.go:200.8,203.3 2 1
clinic/internal/platform/analytics/export.go:204.2,204.27 1 1
clinic/internal/platform/analytics/export.go:204.27,205.24 1 1
clinic/internal/platform/analytics/export.go:205.24,207.4 1 1
clinic/internal/platform/analytics/export.go:207.9,209.4 1 1
clinic/internal/platform/analytics/export.go:211.2,222.60 2 1
clinic/internal/platform/analytics/export.go:222.60,224.3 1 0
clinic/internal/platform/analytics/export.go:225.2,225.29 1 1
clinic/internal/platform/analytics/export.go:225.29,234.18 1 1
clinic/internal/platform/analytics/export.go:234.18,236.4 1 0
clinic/internal/platform/analytics/export.go:238.2,238.27 1 1
clinic/internal/platform/analytics/export.go:238.27,240.3 1 1
clinic/internal/platform/analytics/export.go:241.2,241.46 1 1
clinic/internal/platform/analytics/export.go:244.67,245.17 1 1
clinic/internal/platform/analytics/export.go:246.18,247.27 1 1
clinic/internal/platform/analytics/export.go:248.20,249.29 1 1
clinic/internal/platform/analytics/export.go:250.17,251.26 1 1
clinic/internal/platform/analytics/export.go:252.15,253.24 1 1
clinic/internal/platform/analytics/export.go:254.22,255.30 1 1
clinic/internal/platform/analytics/export.go:256.10,257.13 1 0
clinic/internal/platform/analytics/export.go:261.71,262.19 1 1
clinic/internal/platform/analytics/export.go:262.19,264.3 1 0
clinic/internal/platform/analytics/export.go:265.2,265.37 1 1
clinic/internal/platform/analytics/export.go:268.78,274.20 3 1
clinic/internal/platform/analytics/export.go:275.14,276.69 1 1
clinic/internal/platform/analytics/export.go:277.13,278.68 1 0
clinic/internal/platform/analytics/export.go:279.10,280.68 1 0
clinic/internal/platform/analytics/export.go:282.2,282.16 1 1
clinic/internal/platform/analytics/export.go:282.16,284.3 1 0
clinic/internal/platform/analytics/export.go:285.2,294.32 2 1
clinic/internal/platform/analytics/export.go:294.32,296.3 1 0
clinic/internal/platform/analytics/export.go:297.2,299.50 3 1
clinic/internal/platform/analytics/export.go:299.50,301.3 1 0
clinic/internal/platform/analytics/export.go:302.2,302.60 1 1
clinic/internal/platform/analytics/export.go:302.60,304.3 1 0
clinic/internal/platform/analytics/export.go:305.2,305.31 1 1
clinic/internal/platform/analytics/export.go:305.31,306.100 1 0
clinic/internal/platform/analytics/export.go:306.100,308.4 1 0
clinic/internal/platform/analytics/export.go:310.2,310.26 1 1
clinic/internal/platform/analytics/export.go:313.54,314.48 1 1
clinic/internal/platform/analytics/export.go:314.48,315.47 1 1
clinic/internal/platform/analytics/export.go:315.47,316.12 1 0
clinic/internal/platform/analytics/export.go:318.3,318.48 1 1
clinic/internal/platform/analytics/export.go:318.48,320.4 1 0
clinic/internal/platform/analytics/export.go:321.3,322.60 2 1
clinic/internal/platform/analytics/export.go:322.60,324.4 1 0
clinic/internal/platform/analytics/export.go:326.2,326.12 1 1
clinic/internal/platform/analytics/export.go:329.61,330.19 1 1
clinic/internal/platform/analytics/export.go:330.19,332.3 1 0
clinic/internal/platform/analytics/export.go:333.2,333.41 1 1
clinic/internal/platform/analytics/memory_repository.go:20.46,22.2 1 1
clinic/internal/platform/analytics/memory_repository.go:24.77,27.2 2 1
clinic/internal/platform/analytics/memory_repository.go:29.66,32.2 2 1
clinic/internal/platform/analytics/memory_repository.go:34.55,36.40 2 1
clinic/internal/platform/analytics/memory_repository.go:36.40,36.100 1 1
clinic/internal/platform/analytics/memory_repository.go:37.2,37.14 1 1
clinic/internal/platform/analytics/memory_repository.go:40.67,43.33 3 1
clinic/internal/platform/analytics/memory_repository.go:43.33,44.60 1 1
clinic/internal/platform/analytics/memory_repository.go:44.60,45.12 1 0
clinic/internal/platform/analytics/memory_repository.go:47.3,47.70 1 1
clinic/internal/platform/analytics/memory_repository.go:47.70,48.12 1 0
clinic/internal/platform/analytics/memory_repository.go:50.3,50.65 1 1
clinic/internal/platform/analytics/memory_repository.go:50.65,51.12 1 1
clinic/internal/platform/analytics/memory_repository.go:53.3,53.40 1 1
clinic/internal/platform/analytics/memory_repository.go:55.2,55.52 1 1
clinic/internal/platform/analytics/memory_repository.go:55.52,57.3 1 0
clinic/internal/platform/analytics/memory_repository.go:58.2,58.17 1 1
clinic/internal/platform/analytics/memory_repository.go:61.61,63.39 2 0
clinic/internal/platform/analytics/memory_repository.go:63.39,65.3 1 0
clinic/internal/platform/analytics/memory_repository.go:66.2,66.61 1 0
clinic/internal/platform/analytics/memory_repository.go:69.68,71.39 2 1
clinic/internal/platform/analytics/memory_repository.go:71.39,72.42 1 1
clinic/internal/platform/analytics/memory_repository.go:72.42,73.12 1 0
clinic/internal/platform/analytics/memory_repository.go:75.3,75.40 1 1
clinic/internal/platform/analytics/memory_repository.go:77.2,78.12 2 1
clinic/internal/platform/analytics/memory_repository.go:81.62,84.2 2 1
clinic/internal/platform/analytics/memory_repository.go:86.80,88.2 1 0
clinic/internal/platform/analytics/memory_repository.go:90.101,92.35 2 1
clinic/internal/platform/analytics/memory_repository.go:92.35,93.61 1 1
clinic/internal/platform/analytics/memory_repository.go:93.61,94.12 1 1
clinic/internal/platform/analytics/memory_repository.go:96.3,96.56 1 1
clinic/internal/platform/analytics/memory_repository.go:96.56,97.12 1 0
clinic/internal/platform/analytics/memory_repository.go:99.3,99.51 1 1
clinic/internal/platform/analytics/memory_repository.go:99.51,100.12 1 0
clinic/internal/platform/analytics/memory_repository.go:102.3,102.32 1 1
clinic/internal/platform/analytics/memory_repository.go:104.2,104.40 1 1
clinic/internal/platform/analytics/memory_repository.go:104.40,104.100 1 0
clinic/internal/platform/analytics/memory_repository.go:105.2,105.37 1 1
clinic/internal/platform/analytics/memory_repository.go:105.37,107.3 1 0
clinic/internal/platform/analytics/memory_repository.go:108.2,108.14 1 1
clinic/internal/platform/analytics/memory_repository.go:111.62,116.2 4 1
clinic/internal/platform/analytics/memory_repository.go:118.67,120.41 2 1
clinic/internal/platform/analytics/memory_repository.go:120.41,121.65 1 1
clinic/internal/platform/analytics/memory_repository.go:121.65,122.12 1 0
clinic/internal/platform/analytics/memory_repository.go:124.3,124.60 1 1
clinic/internal/platform/analytics/memory_repository.go:124.60,125.12 1 0
clinic/internal/platform/analytics/memory_repository.go:127.3,127.68 1 1
clinic/internal/platform/analytics/memory_repository.go:127.68,128.12 1 0
clinic/internal/platform/analytics/memory_repository.go:130.3,130.74 1 1
clinic/internal/platform/analytics/memory_repository.go:130.74,131.12 1 0
clinic/internal/platform/analytics/memory_repository.go:133.3,133.52 1 1
clinic/internal/platform/analytics/memory_repository.go:135.2,135.40 1 1
clinic/internal/platform/analytics/memory_repository.go:135.40,136.65 1 1
clinic/internal/platform/analytics/memory_repository.go:136.65,137.12 1 0
clinic/internal/platform/analytics/memory_repository.go:139.3,139.60 1 1
clinic/internal/platform/analytics/memory_repository.go:139.60,140.12 1 0
clinic/internal/platform/analytics/memory_repository.go:142.3,142.50 1 1
clinic/internal/platform/analytics/memory_repository.go:144.2,144.43 1 1
clinic/internal/platform/analytics/memory_repository.go:144.43,145.65 1 1
clinic/internal/platform/analytics/memory_repository.go:145.65,146.12 1 0
clinic/internal/platform/analytics/memory_repository.go:148.3,148.60 1 1
clinic/internal/platform/analytics/memory_repository.go:148.60,149.12 1 0
clinic/internal/platform/analytics/memory_repository.go:151.3,151.56 1 1
clinic/internal/platform/analytics/memory_repository.go:153.2,153.15 1 1
clinic/internal/platform/analytics/memory_repository.go:156.97,158.53 2 1
clinic/internal/platform/analytics/memory_repository.go:158.53,160.20 2 1
clinic/internal/platform/analytics/memory_repository.go:161.19,163.17 2 0
clinic/internal/platform/analytics/memory_repository.go:163.17,164.13 1 0
clinic/internal/platform/analytics/memory_repository.go:166.4,166.15 1 0
clinic/internal/platform/analytics/memory_repository.go:167.11,169.17 2 1
clinic/internal/platform/analytics/memory_repository.go:169.17,170.13 1 1
clinic/internal/platform/analytics/memory_repository.go:172.4,173.31 2 1
clinic/internal/platform/analytics/memory_repository.go:175.3,176.17 2 1
clinic/internal/platform/analytics/memory_repository.go:176.17,179.4 2 1
clinic/internal/platform/analytics/memory_repository.go:180.3,185.34 6 1
clinic/internal/platform/analytics/memory_repository.go:187.2,188.27 2 1
clinic/internal/platform/analytics/memory_repository.go:188.27,190.3 1 1
clinic/internal/platform/analytics/memory_repository.go:191.2,191.40 1 1
clinic/internal/platform/analytics/memory_repository.go:191.40,191.96 1 0
clinic/internal/platform/analytics/memory_repository.go:192.2,192.14 1 1
clinic/internal/platform/analytics/memory_repository.go:195.77,198.2 2 1
clinic/internal/platform/analytics/memory_repository.go:200.71,202.40 2 1
clinic/internal/platform/analytics/memory_repository.go:202.40,202.96 1 0
clinic/internal/platform/analytics/memory_repository.go:203.2,203.14 1 1
clinic/internal/platform/analytics/memory_repository.go:206.79,207.27 1 1
clinic/internal/platform/analytics/memory_repository.go:207.27,208.32 1 1
clinic/internal/platform/analytics/memory_repository.go:208.32,211.4 2 1
clinic/internal/platform/analytics/memory_repository.go:213.2,213.12 1 0
clinic/internal/platform/analytics/memory_repository.go:216.63,219.2 2 1
clinic/internal/platform/analytics/memory_repository.go:221.57,223.40 2 1
clinic/internal/platform/analytics/memory_repository.go:223.40,223.100 1 1
clinic/internal/platform/analytics/memory_repository.go:224.2,224.14 1 1
clinic/internal/platform/analytics/memory_repository.go:227.78,230.2 2 1
clinic/internal/platform/analytics/memory_repository.go:232.67,234.40 2 1
clinic/internal/platform/analytics/memory_repository.go:234.40,234.96 1 0
clinic/internal/platform/analytics/memory_repository.go:235.2,235.14 1 1
clinic/internal/platform/analytics/memory_repository.go:238.80,239.39 1 1
clinic/internal/platform/analytics/memory_repository.go:239.39,240.24 1 1
clinic/internal/platform/analytics/memory_repository.go:240.24,242.4 1 1
clinic/internal/platform/analytics/memory_repository.go:244.2,244.32 1 0
clinic/internal/platform/analytics/memory_repository.go:247.78,250.2 2 1
clinic/internal/platform/analytics/memory_repository.go:252.68,254.40 2 1
clinic/internal/platform/analytics/memory_repository.go:254.40,254.96 1 1
clinic/internal/platform/analytics/memory_repository.go:255.2,255.14 1 1
clinic/internal/platform/analytics/memory_repository.go:258.96,261.2 2 1
clinic/internal/platform/analytics/memory_repository.go:263.87,265.40 2 1
clinic/internal/platform/analytics/memory_repository.go:265.40,265.96 1 0
clinic/internal/platform/analytics/memory_repository.go:266.2,266.14 1 1
clinic/internal/platform/analytics/memory_repository.go:269.70,272.29 3 1
clinic/internal/platform/analytics/memory_repository.go:272.29,273.37 1 1
clinic/internal/platform/analytics/memory_repository.go:273.37,274.12 1 1
clinic/internal/platform/analytics/memory_repository.go:276.3,277.34 2 0
clinic/internal/platform/analytics/memory_repository.go:279.2,283.39 4 1
clinic/internal/platform/analytics/memory_repository.go:283.39,284.40 1 1
clinic/internal/platform/analytics/memory_repository.go:284.40,285.12 1 1
clinic/internal/platform/analytics/memory_repository.go:287.3,287.53 1 0
clinic/internal/platform/analytics/memory_repository.go:287.53,288.12 1 0
clinic/internal/platform/analytics/memory_repository.go:290.3,291.44 2 0
clinic/internal/platform/analytics/memory_repository.go:293.2,296.40 3 1
clinic/internal/platform/analytics/memory_repository.go:296.40,297.40 1 1
clinic/internal/platform/analytics/memory_repository.go:297.40,298.12 1 1
clinic/internal/platform/analytics/memory_repository.go:300.3,300.57 1 0
clinic/internal/platform/analytics/memory_repository.go:300.57,301.12 1 0
clinic/internal/platform/analytics/memory_repository.go:303.3,303.56 1 0
clinic/internal/platform/analytics/memory_repository.go:305.2,308.47 3 1
clinic/internal/platform/analytics/memory_repository.go:308.47,309.38 1 1
clinic/internal/platform/analytics/memory_repository.go:309.38,310.12 1 1
clinic/internal/platform/analytics/memory_repository.go:312.3,312.55 1 0
clinic/internal/platform/analytics/memory_repository.go:312.55,313.12 1 0
clinic/internal/platform/analytics/memory_repository.go:315.3,315.42 1 0
clinic/internal/platform/analytics/memory_repository.go:317.2,318.12 2 1
clinic/internal/platform/analytics/postgres_repository.go:17.60,19.2 1 1
clinic/internal/platform/analytics/postgres_repository.go:21.79,22.48 1 1
clinic/internal/platform/analytics/postgres_repository.go:22.48,24.111 2 1
clinic/internal/platform/analytics/postgres_repository.go:24.111,26.4 1 0
clinic/internal/platform/analytics/postgres_repository.go:28.2,28.44 1 1
clinic/internal/platform/analytics/postgres_repository.go:28.44,30.102 2 1
clinic/internal/platform/analytics/postgres_repository.go:30.102,32.4 1 0
clinic/internal/platform/analytics/postgres_repository.go:34.2,34.12 1 1
clinic/internal/platform/analytics/postgres_repository.go:37.79,41.2 3 1
clinic/internal/platform/analytics/postgres_repository.go:43.73,46.16 3 1
clinic/internal/platform/analytics/postgres_repository.go:46.16,48.3 1 0
clinic/internal/platform/analytics/postgres_repository.go:49.2,51.18 3 1
clinic/internal/platform/analytics/postgres_repository.go:51.18,53.233 2 1
clinic/internal/platform/analytics/postgres_repository.go:53.233,55.4 1 1
clinic/internal/platform/analytics/postgres_repository.go:57.2,57.14 1 1
clinic/internal/platform/analytics/postgres_repository.go:60.81,64.2 3 1
clinic/internal/platform/analytics/postgres_repository.go:66.65,70.2 3 1
clinic/internal/platform/analytics/postgres_repository.go:72.59,75.16 3 1
clinic/internal/platform/analytics/postgres_repository.go:75.16,77.3 1 0
clinic/internal/platform/analytics/postgres_repository.go:78.2,80.18 3 1
clinic/internal/platform/analytics/postgres_repository.go:80.18,82.124 2 1
clinic/internal/platform/analytics/postgres_repository.go:82.124,84.4 1 1
clinic/internal/platform/analytics/postgres_repository.go:86.2,86.14 1 1
clinic/internal/platform/analytics/postgres_repository.go:89.80,93.2 3 1
clinic/internal/platform/analytics/postgres_repository.go:95.69,98.16 3 1
clinic/internal/platform/analytics/postgres_repository.go:98.16,100.3 1 0
clinic/internal/platform/analytics/postgres_repository.go:101.2,103.18 3 1
clinic/internal/platform/analytics/postgres_repository.go:103.18,105.149 2 1
clinic/internal/platform/analytics/postgres_repository.go:105.149,107.4 1 1
clinic/internal/platform/analytics/postgres_repository.go:109.2,109.14 1 1
clinic/internal/platform/analytics/postgres_repository.go:112.82,116.16 4 1
clinic/internal/platform/analytics/postgres_repository.go:116.16,118.3 1 0
clinic/internal/platform/analytics/postgres_repository.go:119.2,119.19 1 1
clinic/internal/platform/analytics/postgres_repository.go:122.80,126.2 3 1
clinic/internal/platform/analytics/postgres_repository.go:128.70,131.16 3 1
clinic/internal/platform/analytics/postgres_repository.go:131.16,133.3 1 0
clinic/internal/platform/analytics/postgres_repository.go:134.2,136.18 3 1
clinic/internal/platform/analytics/postgres_repository.go:136.18,139.177 3 1
clinic/internal/platform/analytics/postgres_repository.go:139.177,140.25 1 1
clinic/internal/platform/analytics/postgres_repository.go:140.25,142.5 1 1
clinic/internal/platform/analytics/postgres_repository.go:143.4,143.31 1 1
clinic/internal/platform/analytics/postgres_repository.go:146.2,146.14 1 1
clinic/internal/platform/analytics/postgres_repository.go:149.98,153.2 3 1
clinic/internal/platform/analytics/postgres_repository.go:155.89,158.16 3 1
clinic/internal/platform/analytics/postgres_repository.go:158.16,160.3 1 0
clinic/internal/platform/analytics/postgres_repository.go:161.2,163.18 3 1
clinic/internal/platform/analytics/postgres_repository.go:163.18,165.146 2 1
clinic/internal/platform/analytics/postgres_repository.go:165.146,167.4 1 1
clinic/internal/platform/analytics/postgres_repository.go:169.2,169.14 1 1
clinic/internal/platform/analytics/postgres_repository.go:172.68,174.16 2 1
clinic/internal/platform/analytics/postgres_repository.go:174.16,176.3 1 0
clinic/internal/platform/analytics/postgres_repository.go:177.2,179.12 3 1
clinic/internal/platform/analytics/postgres_repository.go:182.57,185.2 2 1
clinic/internal/platform/analytics/postgres_repository.go:187.69,191.24 4 1
clinic/internal/platform/analytics/postgres_repository.go:191.24,194.3 2 1
clinic/internal/platform/analytics/postgres_repository.go:195.2,195.26 1 1
clinic/internal/platform/analytics/postgres_repository.go:195.26,198.3 2 1
clinic/internal/platform/analytics/postgres_repository.go:199.2,199.24 1 1
clinic/internal/platform/analytics/postgres_repository.go:199.24,202.3 2 1
clinic/internal/platform/analytics/postgres_repository.go:203.2,203.22 1 1
clinic/internal/platform/analytics/postgres_repository.go:203.22,205.3 1 1
clinic/internal/platform/analytics/postgres_repository.go:206.2,207.21 2 1
clinic/internal/platform/analytics/postgres_repository.go:207.21,210.3 2 1
clinic/internal/platform/analytics/postgres_repository.go:211.2,211.37 1 1
clinic/internal/platform/analytics/postgres_repository.go:214.63,215.16 1 1
clinic/internal/platform/analytics/postgres_repository.go:215.16,217.3 1 0
clinic/internal/platform/analytics/postgres_repository.go:218.2,220.40 3 1
clinic/internal/platform/analytics/postgres_repository.go:220.40,220.100 1 0
clinic/internal/platform/analytics/postgres_repository.go:221.2,221.14 1 1
clinic/internal/platform/analytics/postgres_repository.go:224.70,228.2 3 1
clinic/internal/platform/analytics/postgres_repository.go:230.64,232.16 2 1
clinic/internal/platform/analytics/postgres_repository.go:232.16,234.3 1 0
clinic/internal/platform/analytics/postgres_repository.go:235.2,246.12 3 1
clinic/internal/platform/analytics/postgres_repository.go:249.82,251.2 1 1
clinic/internal/platform/analytics/postgres_repository.go:253.103,257.23 4 1
clinic/internal/platform/analytics/postgres_repository.go:257.23,260.3 2 1
clinic/internal/platform/analytics/postgres_repository.go:261.2,261.20 1 1
clinic/internal/platform/analytics/postgres_repository.go:261.20,264.3 2 1
clinic/internal/platform/analytics/postgres_repository.go:265.2,265.18 1 1
clinic/internal/platform/analytics/postgres_repository.go:265.18,268.3 2 1
clinic/internal/platform/analytics/postgres_repository.go:269.2,269.22 1 1
clinic/internal/platform/analytics/postgres_repository.go:269.22,271.3 1 1
clinic/internal/platform/analytics/postgres_repository.go:272.2,273.15 2 1
clinic/internal/platform/analytics/postgres_repository.go:273.15,274.21 1 1
clinic/internal/platform/analytics/postgres_repository.go:274.21,276.4 1 0
clinic/internal/platform/analytics/postgres_repository.go:276.9,278.4 1 1
clinic/internal/platform/analytics/postgres_repository.go:279.3,279.29 1 1
clinic/internal/platform/analytics/postgres_repository.go:281.2,282.16 2 1
clinic/internal/platform/analytics/postgres_repository.go:282.16,284.3 1 0
clinic/internal/platform/analytics/postgres_repository.go:285.2,287.18 3 1
clinic/internal/platform/analytics/postgres_repository.go:287.18,289.45 2 1
clinic/internal/platform/analytics/postgres_repository.go:289.45,290.12 1 0
clinic/internal/platform/analytics/postgres_repository.go:292.3,293.56 2 1
clinic/internal/platform/analytics/postgres_repository.go:293.56,294.12 1 0
clinic/internal/platform/analytics/postgres_repository.go:296.3,296.30 1 1
clinic/internal/platform/analytics/postgres_repository.go:298.2,298.40 1 1
clinic/internal/platform/analytics/postgres_repository.go:298.40,298.100 1 0
clinic/internal/platform/analytics/postgres_repository.go:299.2,299.14 1 1
clinic/internal/platform/analytics/postgres_repository.go:302.64,303.39 1 1
clinic/internal/platform/analytics/postgres_repository.go:303.39,305.232 2 1
clinic/internal/platform/analytics/postgres_repository.go:305.232,307.4 1 0
clinic/internal/platform/analytics/postgres_repository.go:309.2,309.38 1 1
clinic/internal/platform/analytics/postgres_repository.go:309.38,311.168 2 1
clinic/internal/platform/analytics/postgres_repository.go:311.168,313.4 1 0
clinic/internal/platform/analytics/postgres_repository.go:315.2,315.41 1 1
clinic/internal/platform/analytics/postgres_repository.go:315.41,317.190 2 1
clinic/internal/platform/analytics/postgres_repository.go:317.190,319.4 1 0
clinic/internal/platform/analytics/postgres_repository.go:321.2,321.12 1 1
clinic/internal/platform/analytics/postgres_repository.go:324.69,328.26 4 1
clinic/internal/platform/analytics/postgres_repository.go:328.26,331.3 2 0
clinic/internal/platform/analytics/postgres_repository.go:332.2,332.24 1 1
clinic/internal/platform/analytics/postgres_repository.go:332.24,335.3 2 0
clinic/internal/platform/analytics/postgres_repository.go:336.2,336.28 1 1
clinic/internal/platform/analytics/postgres_repository.go:336.28,339.3 2 0
clinic/internal/platform/analytics/postgres_repository.go:340.2,340.30 1 1
clinic/internal/platform/analytics/postgres_repository.go:340.30,343.3 2 0
clinic/internal/platform/analytics/postgres_repository.go:344.2,345.22 2 1
clinic/internal/platform/analytics/postgres_repository.go:345.22,347.3 1 0
clinic/internal/platform/analytics/postgres_repository.go:348.2,349.16 2 1
clinic/internal/platform/analytics/postgres_repository.go:349.16,351.19 2 1
clinic/internal/platform/analytics/postgres_repository.go:351.19,353.204 2 1
clinic/internal/platform/analytics/postgres_repository.go:353.204,355.5 1 1
clinic/internal/platform/analytics/postgres_repository.go:358.2,359.16 2 1
clinic/internal/platform/analytics/postgres_repository.go:359.16,361.21 2 1
clinic/internal/platform/analytics/postgres_repository.go:361.21,363.137 2 1
clinic/internal/platform/analytics/postgres_repository.go:363.137,365.5 1 1
clinic/internal/platform/analytics/postgres_repository.go:368.2,369.16 2 1
clinic/internal/platform/analytics/postgres_repository.go:369.16,371.22 2 1
clinic/internal/platform/analytics/postgres_repository.go:371.22,373.161 2 1
clinic/internal/platform/analytics/postgres_repository.go:373.161,375.5 1 1
clinic/internal/platform/analytics/postgres_repository.go:378.2,378.15 1 1
clinic/internal/platform/analytics/postgres_repository.go:381.99,384.26 3 1
clinic/internal/platform/analytics/postgres_repository.go:384.26,387.3 2 0
clinic/internal/platform/analytics/postgres_repository.go:388.2,388.24 1 1
clinic/internal/platform/analytics/postgres_repository.go:388.24,391.3 2 0
clinic/internal/platform/analytics/postgres_repository.go:392.2,392.28 1 1
clinic/internal/platform/analytics/postgres_repository.go:392.28,395.3 2 0
clinic/internal/platform/analytics/postgres_repository.go:396.2,396.30 1 1
clinic/internal/platform/analytics/postgres_repository.go:396.30,399.3 2 0
clinic/internal/platform/analytics/postgres_repository.go:401.2,408.29 4 1
clinic/internal/platform/analytics/postgres_repository.go:408.29,416.3 3 0
clinic/internal/platform/analytics/postgres_repository.go:416.8,418.3 1 1
clinic/internal/platform/analytics/postgres_repository.go:419.2,419.22 1 1
clinic/internal/platform/analytics/postgres_repository.go:419.22,421.3 1 0
clinic/internal/platform/analytics/postgres_repository.go:422.2,424.16 3 1
clinic/internal/platform/analytics/postgres_repository.go:424.16,426.3 1 0
clinic/internal/platform/analytics/postgres_repository.go:427.2,429.18 3 1
clinic/internal/platform/analytics/postgres_repository.go:429.18,432.162 3 1
clinic/internal/platform/analytics/postgres_repository.go:432.162,433.12 1 0
clinic/internal/platform/analytics/postgres_repository.go:435.3,435.30 1 1
clinic/internal/platform/analytics/postgres_repository.go:437.2,437.14 1 1
clinic/internal/platform/analytics/postgres_repository.go:440.80,442.16 2 1
clinic/internal/platform/analytics/postgres_repository.go:442.16,444.3 1 0
clinic/internal/platform/analytics/postgres_repository.go:445.2,447.18 3 1
clinic/internal/platform/analytics/postgres_repository.go:447.18,449.45 2 1
clinic/internal/platform/analytics/postgres_repository.go:449.45,450.12 1 0
clinic/internal/platform/analytics/postgres_repository.go:452.3,453.56 2 1
clinic/internal/platform/analytics/postgres_repository.go:453.56,454.12 1 0
clinic/internal/platform/analytics/postgres_repository.go:456.3,456.30 1 1
clinic/internal/platform/analytics/postgres_repository.go:458.2,458.40 1 1
clinic/internal/platform/analytics/postgres_repository.go:458.40,458.100 1 0
clinic/internal/platform/analytics/postgres_repository.go:459.2,459.14 1 1
clinic/internal/platform/analytics/postgres_repository.go:462.43,463.23 1 1
clinic/internal/platform/analytics/postgres_repository.go:463.23,465.3 1 0
clinic/internal/platform/analytics/postgres_repository.go:466.2,467.36 2 1
clinic/internal/platform/analytics/postgres_repository.go:467.36,469.3 1 1
clinic/internal/platform/analytics/postgres_repository.go:470.2,470.15 1 1
clinic/internal/platform/analytics/postgres_repository.go:473.55,475.2 1 1
clinic/internal/platform/analytics/postgres_repository.go:477.26,477.52 1 0
clinic/internal/platform/analytics/postgres_repository.go:479.46,480.20 1 1
clinic/internal/platform/analytics/postgres_repository.go:480.20,482.3 1 0
clinic/internal/platform/analytics/postgres_repository.go:483.2,483.14 1 1
clinic/internal/platform/analytics/postgres_repository.go:486.72,493.32 2 1
clinic/internal/platform/analytics/postgres_repository.go:493.32,494.82 1 1
clinic/internal/platform/analytics/postgres_repository.go:494.82,496.4 1 0
clinic/internal/platform/analytics/postgres_repository.go:498.2,498.12 1 1
clinic/internal/platform/analytics/scheduler.go:15.83,16.19 1 1
clinic/internal/platform/analytics/scheduler.go:16.19,18.3 1 0
clinic/internal/platform/analytics/scheduler.go:19.2,19.20 1 1
clinic/internal/platform/analytics/scheduler.go:19.20,21.3 1 0
clinic/internal/platform/analytics/scheduler.go:22.2,22.79 1 1
clinic/internal/platform/analytics/scheduler.go:25.51,28.12 3 1
clinic/internal/platform/analytics/scheduler.go:28.12,31.7 3 1
clinic/internal/platform/analytics/scheduler.go:31.7,32.11 1 1
clinic/internal/platform/analytics/scheduler.go:33.22,34.11 1 1
clinic/internal/platform/analytics/scheduler.go:35.20,39.72 4 1
clinic/internal/platform/analytics/scheduler.go:45.28,46.21 1 1
clinic/internal/platform/analytics/scheduler.go:46.21,48.3 1 1
clinic/internal/platform/analytics/service.go:252.197,254.2 1 1
clinic/internal/platform/analytics/service.go:256.228,258.2 1 1
clinic/internal/platform/analytics/service.go:260.39,264.33 4 1
clinic/internal/platform/analytics/service.go:264.33,272.24 8 1
clinic/internal/platform/analytics/service.go:272.24,274.4 1 0
clinic/internal/platform/analytics/service.go:275.3,278.49 4 1
clinic/internal/platform/analytics/service.go:281.2,282.46 2 1
clinic/internal/platform/analytics/service.go:282.46,283.22 1 1
clinic/internal/platform/analytics/service.go:284.15,285.18 1 1
clinic/internal/platform/analytics/service.go:286.20,287.23 1 0
clinic/internal/platform/analytics/service.go:290.2,292.37 3 1
clinic/internal/platform/analytics/service.go:292.37,293.26 1 1
clinic/internal/platform/analytics/service.go:294.18,295.25 1 1
clinic/internal/platform/analytics/service.go:296.19,297.14 1 0
clinic/internal/platform/analytics/service.go:298.19,299.14 1 0
clinic/internal/platform/analytics/service.go:302.2,302.61 1 1
clinic/internal/platform/analytics/service.go:302.61,305.3 2 0
clinic/internal/platform/analytics/service.go:307.2,310.30 4 1
clinic/internal/platform/analytics/service.go:310.30,311.31 1 1
clinic/internal/platform/analytics/service.go:311.31,313.4 1 0
clinic/internal/platform/analytics/service.go:315.2,315.18 1 1
clinic/internal/platform/analytics/service.go:315.18,320.24 5 1
clinic/internal/platform/analytics/service.go:320.24,322.4 1 1
clinic/internal/platform/analytics/service.go:325.2,329.22 2 1
clinic/internal/platform/analytics/service.go:329.22,331.3 1 1
clinic/internal/platform/analytics/service.go:333.2,334.18 2 1
clinic/internal/platform/analytics/service.go:334.18,335.47 1 1
clinic/internal/platform/analytics/service.go:335.47,337.4 1 1
clinic/internal/platform/analytics/service.go:340.2,350.3 1 1
clinic/internal/platform/analytics/service.go:353.60,354.16 1 1
clinic/internal/platform/analytics/service.go:355.15,356.14 1 1
clinic/internal/platform/analytics/service.go:357.19,358.18 1 1
clinic/internal/platform/analytics/service.go:359.18,360.17 1 0
clinic/internal/platform/analytics/service.go:361.18,362.17 1 0
clinic/internal/platform/analytics/service.go:363.19,364.18 1 0
clinic/internal/platform/analytics/service.go:368.55,370.19 2 1
clinic/internal/platform/analytics/service.go:370.19,371.76 1 1
clinic/internal/platform/analytics/service.go:371.76,373.4 1 0
clinic/internal/platform/analytics/service.go:374.3,374.55 1 1
clinic/internal/platform/analytics/service.go:374.55,376.4 1 0
clinic/internal/platform/analytics/service.go:377.3,377.66 1 1
clinic/internal/platform/analytics/service.go:377.66,379.4 1 0
clinic/internal/platform/analytics/service.go:380.3,380.44 1 1
clinic/internal/platform/analytics/service.go:380.44,382.4 1 0
clinic/internal/platform/analytics/service.go:384.2,384.22 1 1
clinic/internal/platform/analytics/service.go:387.58,388.19 1 1
clinic/internal/platform/analytics/service.go:388.19,390.3 1 0
clinic/internal/platform/analytics/service.go:391.2,391.33 1 1
clinic/internal/platform/analytics/service.go:394.88,395.19 1 1
clinic/internal/platform/analytics/service.go:395.19,397.3 1 0
clinic/internal/platform/analytics/service.go:398.2,398.52 1 1
clinic/internal/platform/analytics/service.go:401.46,402.19 1 1
clinic/internal/platform/analytics/service.go:402.19,404.3 1 0
clinic/internal/platform/analytics/service.go:405.2,405.31 1 1
clinic/internal/platform/analytics/service.go:408.58,409.19 1 1
clinic/internal/platform/analytics/service.go:409.19,411.3 1 0
clinic/internal/platform/analytics/service.go:412.2,412.37 1 1
clinic/internal/platform/analytics/service.go:415.52,416.19 1 0
clinic/internal/platform/analytics/service.go:416.19,418.3 1 0
clinic/internal/platform/analytics/service.go:419.2,419.33 1 0
clinic/internal/platform/analytics/service.go:422.59,423.19 1 1
clinic/internal/platform/analytics/service.go:423.19,425.3 1 0
clinic/internal/platform/analytics/service.go:426.2,426.39 1 1
clinic/internal/platform/analytics/service.go:429.50,431.2 1 1
clinic/internal/platform/analytics/service.go:433.59,436.37 3 1
clinic/internal/platform/analytics/service.go:436.37,445.3 1 1
clinic/internal/platform/analytics/service.go:446.2,446.15 1 1
clinic/internal/platform/analytics/service.go:449.64,451.25 2 1
clinic/internal/platform/analytics/service.go:451.25,453.3 1 1
clinic/internal/platform/analytics/service.go:454.2,454.42 1 1
clinic/internal/platform/analytics/service.go:457.89,459.9 2 1
clinic/internal/platform/analytics/service.go:459.9,461.3 1 0
clinic/internal/platform/analytics/service.go:462.2,462.17 1 1
clinic/internal/platform/analytics/service.go:463.23,464.48 1 0
clinic/internal/platform/analytics/service.go:465.18,466.44 1 1
clinic/internal/platform/analytics/service.go:467.10,468.20 1 0
clinic/internal/platform/analytics/service.go:472.42,473.69 1 1
clinic/internal/platform/analytics/service.go:473.69,474.73 1 1
clinic/internal/platform/analytics/service.go:474.73,475.54 1 1
clinic/internal/platform/analytics/service.go:475.54,477.5 1 0
clinic/internal/platform/analytics/service.go:480.2,480.12 1 1
clinic/internal/platform/analytics/service.go:483.71,484.19 1 1
clinic/internal/platform/analytics/service.go:484.19,486.3 1 0
clinic/internal/platform/analytics/service.go:487.2,487.74 1 1
clinic/internal/platform/analytics/service.go:490.83,492.37 2 1
clinic/internal/platform/analytics/service.go:492.37,496.10 4 1
clinic/internal/platform/analytics/service.go:496.10,499.4 2 1
clinic/internal/platform/analytics/service.go:500.3,515.77 16 1
clinic/internal/platform/analytics/service.go:517.2,518.33 2 1
clinic/internal/platform/analytics/service.go:518.33,520.3 1 1
clinic/internal/platform/analytics/service.go:521.2,521.40 1 1
clinic/internal/platform/analytics/service.go:521.40,521.100 1 0
clinic/internal/platform/analytics/service.go:522.2,522.14 1 1
clinic/internal/platform/analytics/service.go:525.83,526.20 1 1
clinic/internal/platform/analytics/service.go:526.20,528.3 1 0
clinic/internal/platform/analytics/service.go:529.2,529.33 1 1
clinic/internal/platform/analytics/service.go:529.33,538.3 8 1
clinic/internal/platform/analytics/service.go:541.106,543.23 2 1
clinic/internal/platform/analytics/service.go:543.23,545.3 1 0
clinic/internal/platform/analytics/service.go:546.2,547.17 2 1
clinic/internal/platform/analytics/service.go:548.23,549.46 1 1
clinic/internal/platform/analytics/service.go:550.18,551.42 1 0
clinic/internal/platform/analytics/service.go:552.10,553.20 1 0
clinic/internal/platform/analytics/service.go:557.59,559.9 2 1
clinic/internal/platform/analytics/service.go:559.9,561.3 1 0
clinic/internal/platform/analytics/service.go:562.2,568.9 7 1
clinic/internal/platform/analytics/service.go:568.9,572.3 1 1
clinic/internal/platform/analytics/service.go:573.2,583.9 1 0
clinic/internal/platform/analytics/service.go:586.79,588.17 2 1
clinic/internal/platform/analytics/service.go:588.17,590.3 1 0
clinic/internal/platform/analytics/service.go:591.2,592.19 2 1
clinic/internal/platform/analytics/service.go:592.19,594.3 1 0
clinic/internal/platform/analytics/service.go:595.2,595.17 1 1
clinic/internal/platform/analytics/service.go:598.75,600.21 2 1
clinic/internal/platform/analytics/service.go:601.16,603.19 2 1
clinic/internal/platform/analytics/service.go:603.19,605.4 1 0
clinic/internal/platform/analytics/service.go:606.3,607.39 2 1
clinic/internal/platform/analytics/service.go:608.17,610.39 2 1
clinic/internal/platform/analytics/service.go:611.10,613.39 2 1
clinic/internal/platform/analytics/service.go:617.60,619.66 2 1
clinic/internal/platform/analytics/service.go:619.66,631.3 1 1
clinic/internal/platform/analytics/service.go:632.2,632.60 1 1
clinic/internal/platform/analytics/service.go:632.60,644.3 1 1
clinic/internal/platform/analytics/service.go:645.2,660.15 3 1
clinic/internal/platform/analytics/service.go:663.70,665.61 2 1
clinic/internal/platform/analytics/service.go:665.61,667.3 1 1
clinic/internal/platform/analytics/service.go:668.2,668.55 1 1
clinic/internal/platform/analytics/service.go:668.55,670.3 1 1
clinic/internal/platform/analytics/service.go:671.2,671.55 1 1
clinic/internal/platform/analytics/service.go:671.55,673.3 1 0
clinic/internal/platform/analytics/service.go:674.2,674.51 1 1
clinic/internal/platform/analytics/service.go:674.51,674.125 1 0
clinic/internal/platform/analytics/service.go:675.2,675.15 1 1
clinic/internal/platform/analytics/service.go:678.57,679.18 1 1
clinic/internal/platform/analytics/service.go:680.16,681.29 1 0
clinic/internal/platform/analytics/service.go:682.16,683.31 1 0
clinic/internal/platform/analytics/service.go:684.17,685.31 1 0
clinic/internal/platform/analytics/service.go:686.10,687.34 1 1
clinic/internal/platform/config/memory_repository.go:9.61,11.32 2 1
clinic/internal/platform/config/memory_repository.go:11.32,13.3 1 1
clinic/internal/platform/config/memory_repository.go:14.2,14.43 1 1
clinic/internal/platform/config/memory_repository.go:17.58,20.2 2 1
clinic/internal/platform/config/memory_repository.go:22.43,24.34 2 1
clinic/internal/platform/config/memory_repository.go:24.34,26.3 1 1
clinic/internal/platform/config/memory_repository.go:27.2,27.42 1 1
clinic/internal/platform/config/memory_repository.go:27.42,29.3 1 1
clinic/internal/platform/config/memory_repository.go:30.2,30.16 1 1
clinic/internal/platform/config/service.go:9.28,20.2 3 1
clinic/internal/platform/config/service.go:22.57,24.2 1 1
clinic/internal/platform/config/service.go:26.49,28.2 1 1
clinic/internal/platform/config/service.go:30.35,33.32 3 1
clinic/internal/platform/config/service.go:33.32,35.3 1 1
clinic/internal/platform/config/service.go:36.2,36.13 1 1
clinic/internal/platform/audit/memory_repository.go:9.46,11.2 1 1
clinic/internal/platform/audit/memory_repository.go:13.52,16.2 2 1
clinic/internal/platform/audit/memory_repository.go:18.43,20.40 2 1
clinic/internal/platform/audit/memory_repository.go:20.40,22.3 1 0
clinic/internal/platform/audit/memory_repository.go:23.2,23.14 1 1
clinic/internal/platform/audit/postgres_repository.go:14.60,16.2 1 1
clinic/internal/platform/audit/postgres_repository.go:18.54,20.16 2 1
clinic/internal/platform/audit/postgres_repository.go:20.16,22.3 1 0
clinic/internal/platform/audit/postgres_repository.go:23.2,40.12 3 1
clinic/internal/platform/audit/postgres_repository.go:43.45,50.16 3 1
clinic/internal/platform/audit/postgres_repository.go:50.16,52.3 1 0
clinic/internal/platform/audit/postgres_repository.go:53.2,55.18 3 1
clinic/internal/platform/audit/postgres_repository.go:55.18,58.190 3 1
clinic/internal/platform/audit/postgres_repository.go:58.190,59.12 1 0
clinic/internal/platform/audit/postgres_repository.go:61.3,62.30 2 1
clinic/internal/platform/audit/postgres_repository.go:64.2,64.40 1 1
clinic/internal/platform/audit/postgres_repository.go:64.40,66.3 1 0
clinic/internal/platform/audit/postgres_repository.go:67.2,67.14 1 1
clinic/internal/platform/audit/service.go:7.28,9.2 1 1
clinic/internal/platform/audit/service.go:11.57,13.2 1 1
clinic/internal/platform/audit/service.go:15.45,17.2 1 1
clinic/internal/platform/audit/service.go:19.34,21.2 1 1
clinic/internal/platform/document/memory_repository.go:14.46,19.2 1 1
clinic/internal/platform/document/memory_repository.go:21.65,22.50 1 1
clinic/internal/platform/document/memory_repository.go:22.50,24.3 1 0
clinic/internal/platform/document/memory_repository.go:25.2,26.12 2 1
clinic/internal/platform/document/memory_repository.go:29.82,32.2 2 1
clinic/internal/platform/document/memory_repository.go:34.59,36.36 2 0
clinic/internal/platform/document/memory_repository.go:36.36,38.3 1 0
clinic/internal/platform/document/memory_repository.go:39.2,39.39 1 0
clinic/internal/platform/document/memory_repository.go:39.39,41.3 1 0
clinic/internal/platform/document/memory_repository.go:42.2,42.13 1 0
clinic/internal/platform/document/memory_repository.go:45.60,48.2 2 1
clinic/internal/platform/document/memory_repository.go:50.72,53.2 2 0
clinic/internal/platform/document/memory_repository.go:55.51,57.35 2 0
clinic/internal/platform/document/memory_repository.go:57.35,59.3 1 0
clinic/internal/platform/document/memory_repository.go:60.2,60.42 1 0
clinic/internal/platform/document/memory_repository.go:60.42,62.3 1 0
clinic/internal/platform/document/memory_repository.go:63.2,63.16 1 0
clinic/internal/platform/document/postgres_repository.go:16.60,18.2 1 1
clinic/internal/platform/document/postgres_repository.go:20.67,33.16 3 1
clinic/internal/platform/document/postgres_repository.go:33.16,35.3 1 0
clinic/internal/platform/document/postgres_repository.go:36.2,36.12 1 1
clinic/internal/platform/document/postgres_repository.go:39.84,53.16 4 1
clinic/internal/platform/document/postgres_repository.go:53.16,55.3 1 0
clinic/internal/platform/document/postgres_repository.go:56.2,56.18 1 1
clinic/internal/platform/document/postgres_repository.go:59.61,66.16 3 1
clinic/internal/platform/document/postgres_repository.go:66.16,68.3 1 0
clinic/internal/platform/document/postgres_repository.go:69.2,72.18 3 1
clinic/internal/platform/document/postgres_repository.go:72.18,74.121 2 1
clinic/internal/platform/document/postgres_repository.go:74.121,75.12 1 0
clinic/internal/platform/document/postgres_repository.go:77.3,77.27 1 1
clinic/internal/platform/document/postgres_repository.go:79.2,79.13 1 1
clinic/internal/platform/document/postgres_repository.go:82.62,84.16 2 1
clinic/internal/platform/document/postgres_repository.go:84.16,86.3 1 0
clinic/internal/platform/document/postgres_repository.go:88.2,135.12 3 1
clinic/internal/platform/document/postgres_repository.go:138.74,176.16 4 1
clinic/internal/platform/document/postgres_repository.go:176.16,178.3 1 0
clinic/internal/platform/document/postgres_repository.go:179.2,179.23 1 1
clinic/internal/platform/document/postgres_repository.go:179.23,181.3 1 0
clinic/internal/platform/document/postgres_repository.go:182.2,184.70 3 1
clinic/internal/platform/document/postgres_repository.go:184.70,186.3 1 0
clinic/internal/platform/document/postgres_repository.go:187.2,187.21 1 1
clinic/internal/platform/document/postgres_repository.go:190.53,200.16 3 1
clinic/internal/platform/document/postgres_repository.go:200.16,202.3 1 0
clinic/internal/platform/document/postgres_repository.go:203.2,206.18 3 1
clinic/internal/platform/document/postgres_repository.go:206.18,233.17 2 1
clinic/internal/platform/document/postgres_repository.go:233.17,234.12 1 0
clinic/internal/platform/document/postgres_repository.go:236.3,236.24 1 1
clinic/internal/platform/document/postgres_repository.go:236.24,238.4 1 0
clinic/internal/platform/document/postgres_repository.go:239.3,241.71 3 1
clinic/internal/platform/document/postgres_repository.go:241.71,242.12 1 0
clinic/internal/platform/document/postgres_repository.go:244.3,244.36 1 1
clinic/internal/platform/document/postgres_repository.go:246.2,246.42 1 1
clinic/internal/platform/document/postgres_repository.go:246.42,248.3 1 0
clinic/internal/platform/document/postgres_repository.go:249.2,249.16 1 1
clinic/internal/platform/document/postgres_repository.go:252.53,253.16 1 1
clinic/internal/platform/document/postgres_repository.go:253.16,255.3 1 1
clinic/internal/platform/document/postgres_repository.go:256.2,256.10 1 0
clinic/internal/platform/document/service.go:16.28,25.2 3 1
clinic/internal/platform/document/service.go:27.57,29.2 1 1
clinic/internal/platform/document/service.go:31.50,32.20 1 1
clinic/internal/platform/document/service.go:32.20,34.3 1 0
clinic/internal/platform/document/service.go:35.2,35.35 1 1
clinic/internal/platform/document/service.go:38.44,41.27 3 0
clinic/internal/platform/document/service.go:41.27,43.3 1 0
clinic/internal/platform/document/service.go:44.2,44.13 1 0
clinic/internal/platform/document/service.go:47.35,49.2 1 0
clinic/internal/platform/document/service.go:51.58,53.9 2 0
clinic/internal/platform/document/service.go:53.9,55.3 1 0
clinic/internal/platform/document/service.go:56.2,56.20 1 0
clinic/internal/platform/document/service.go:59.71,61.9 2 1
clinic/internal/platform/document/service.go:61.9,63.3 1 0
clinic/internal/platform/document/service.go:64.2,64.17 1 1
clinic/internal/platform/document/service.go:67.45,69.2 1 0
clinic/internal/platform/document/service.go:71.124,73.9 2 1
clinic/internal/platform/document/service.go:73.9,75.3 1 0
clinic/internal/platform/document/service.go:76.2,101.50 5 1
clinic/internal/platform/document/service.go:101.50,103.3 1 0
clinic/internal/platform/document/service.go:104.2,104.20 1 1
clinic/internal/platform/document/service.go:107.49,110.2 2 1
clinic/internal/platform/application/document_actions.go:28.119,30.2 1 1
clinic/internal/platform/application/document_actions.go:32.129,34.16 2 1
clinic/internal/platform/application/document_actions.go:34.16,36.3 1 0
clinic/internal/platform/application/document_actions.go:37.2,37.69 1 1
clinic/internal/platform/application/document_actions.go:37.69,39.3 1 1
clinic/internal/platform/application/document_actions.go:40.2,40.62 1 1
clinic/internal/platform/application/document_actions.go:40.62,42.3 1 0
clinic/internal/platform/application/document_actions.go:43.2,44.16 2 1
clinic/internal/platform/application/document_actions.go:44.16,46.3 1 0
clinic/internal/platform/application/document_actions.go:47.2,47.27 1 1
clinic/internal/platform/application/document_actions.go:47.27,49.3 1 0
clinic/internal/platform/application/document_actions.go:50.2,53.16 3 1
clinic/internal/platform/application/document_actions.go:53.16,55.3 1 0
clinic/internal/platform/application/document_actions.go:57.2,104.103 13 1
clinic/internal/platform/application/document_actions.go:104.103,106.3 1 0
clinic/internal/platform/application/document_actions.go:107.2,107.101 1 1
clinic/internal/platform/application/document_actions.go:107.101,109.3 1 0
clinic/internal/platform/application/document_actions.go:110.2,110.20 1 1
clinic/internal/platform/application/document_actions.go:113.158,115.16 2 1
clinic/internal/platform/application/document_actions.go:115.16,117.3 1 0
clinic/internal/platform/application/document_actions.go:118.2,118.37 1 1
clinic/internal/platform/application/document_actions.go:118.37,120.3 1 1
clinic/internal/platform/application/document_actions.go:121.2,121.69 1 1
clinic/internal/platform/application/document_actions.go:121.69,123.3 1 0
clinic/internal/platform/application/document_actions.go:124.2,124.62 1 1
clinic/internal/platform/application/document_actions.go:124.62,126.3 1 0
clinic/internal/platform/application/document_actions.go:128.2,174.108 13 1
clinic/internal/platform/application/document_actions.go:174.108,176.3 1 0
clinic/internal/platform/application/document_actions.go:177.2,177.20 1 1
clinic/internal/platform/application/document_actions.go:180.130,182.16 2 1
clinic/internal/platform/application/document_actions.go:182.16,184.3 1 0
clinic/internal/platform/application/document_actions.go:185.2,185.69 1 1
clinic/internal/platform/application/document_actions.go:185.69,187.3 1 0
clinic/internal/platform/application/document_actions.go:188.2,188.62 1 1
clinic/internal/platform/application/document_actions.go:188.62,190.3 1 0
clinic/internal/platform/application/document_actions.go:191.2,192.16 2 1
clinic/internal/platform/application/document_actions.go:192.16,194.3 1 0
clinic/internal/platform/application/document_actions.go:195.2,196.16 2 1
clinic/internal/platform/application/document_actions.go:196.16,198.3 1 0
clinic/internal/platform/application/document_actions.go:199.2,245.103 12 1
clinic/internal/platform/application/document_actions.go:245.103,247.3 1 0
clinic/internal/platform/application/document_actions.go:248.2,248.70 1 1
clinic/internal/platform/application/document_actions.go:248.70,250.3 1 0
clinic/internal/platform/application/document_actions.go:251.2,251.20 1 1
clinic/internal/platform/application/document_actions.go:254.129,255.124 1 1
clinic/internal/platform/application/document_actions.go:255.124,257.3 1 1
clinic/internal/platform/application/document_actions.go:260.129,262.2 1 1
clinic/internal/platform/application/document_actions.go:264.129,265.127 1 1
clinic/internal/platform/application/document_actions.go:265.127,267.3 1 1
clinic/internal/platform/application/document_actions.go:270.187,272.16 2 1
clinic/internal/platform/application/document_actions.go:272.16,274.3 1 0
clinic/internal/platform/application/document_actions.go:275.2,275.69 1 1
clinic/internal/platform/application/document_actions.go:275.69,277.3 1 0
clinic/internal/platform/application/document_actions.go:278.2,278.62 1 1
clinic/internal/platform/application/document_actions.go:278.62,280.3 1 0
clinic/internal/platform/application/document_actions.go:281.2,282.16 2 1
clinic/internal/platform/application/document_actions.go:282.16,284.3 1 0
clinic/internal/platform/application/document_actions.go:285.2,286.16 2 1
clinic/internal/platform/application/document_actions.go:286.16,288.3 1 0
clinic/internal/platform/application/document_actions.go:289.2,321.103 12 1
clinic/internal/platform/application/document_actions.go:321.103,323.3 1 0
clinic/internal/platform/application/document_actions.go:324.2,324.25 1 1
clinic/internal/platform/application/document_actions.go:324.25,325.40 1 1
clinic/internal/platform/application/document_actions.go:325.40,327.4 1 0
clinic/internal/platform/application/document_actions.go:329.2,329.20 1 1
clinic/internal/platform/application/document_actions.go:338.131,340.2 1 1
clinic/internal/platform/application/document_actions.go:342.164,344.16 2 1
clinic/internal/platform/application/document_actions.go:344.16,346.3 1 0
clinic/internal/platform/application/document_actions.go:347.2,347.47 1 1
clinic/internal/platform/application/document_actions.go:347.47,349.3 1 0
clinic/internal/platform/application/document_actions.go:350.2,350.49 1 1
clinic/internal/platform/application/document_actions.go:350.49,352.3 1 0
clinic/internal/platform/application/document_actions.go:353.2,353.51 1 1
clinic/internal/platform/application/document_actions.go:353.51,355.3 1 0
clinic/internal/platform/application/document_actions.go:356.2,356.39 1 1
clinic/internal/platform/application/document_actions.go:359.169,361.16 2 1
clinic/internal/platform/application/document_actions.go:361.16,363.3 1 0
clinic/internal/platform/application/document_actions.go:364.2,364.47 1 1
clinic/internal/platform/application/document_actions.go:364.47,366.3 1 0
clinic/internal/platform/application/document_actions.go:367.2,367.49 1 1
clinic/internal/platform/application/document_actions.go:367.49,369.3 1 0
clinic/internal/platform/application/document_actions.go:370.2,370.51 1 1
clinic/internal/platform/application/document_actions.go:370.51,372.3 1 0
clinic/internal/platform/application/document_actions.go:373.2,373.39 1 1
clinic/internal/platform/application/document_actions.go:380.62,382.2 1 1
clinic/internal/platform/application/document_actions.go:384.177,386.2 1 1
clinic/internal/platform/application/document_actions.go:388.182,390.2 1 1
clinic/internal/platform/application/document_actions.go:392.178,394.16 2 1
clinic/internal/platform/application/document_actions.go:394.16,396.3 1 0
clinic/internal/platform/application/document_actions.go:397.2,397.15 1 1
clinic/internal/platform/application/document_actions.go:397.15,399.3 1 1
clinic/internal/platform/application/document_actions.go:401.2,401.74 1 1
clinic/internal/platform/application/document_actions.go:401.74,403.3 1 1
clinic/internal/platform/application/document_actions.go:404.2,404.57 1 1
clinic/internal/platform/application/document_actions.go:404.57,406.3 1 0
clinic/internal/platform/application/document_actions.go:407.2,407.59 1 1
clinic/internal/platform/application/document_actions.go:407.59,409.3 1 0
clinic/internal/platform/application/document_actions.go:410.2,410.61 1 1
clinic/internal/platform/application/document_actions.go:410.61,412.3 1 0
clinic/internal/platform/application/document_actions.go:413.2,413.20 1 1
clinic/internal/platform/application/document_actions.go:416.90,418.16 2 1
clinic/internal/platform/application/document_actions.go:418.16,420.3 1 0
clinic/internal/platform/application/document_actions.go:421.2,456.16 3 1
clinic/internal/platform/application/document_actions.go:456.16,458.3 1 0
clinic/internal/platform/application/document_actions.go:459.2,460.16 2 1
clinic/internal/platform/application/document_actions.go:460.16,462.3 1 0
clinic/internal/platform/application/document_actions.go:463.2,463.15 1 1
clinic/internal/platform/application/document_actions.go:463.15,465.3 1 1
clinic/internal/platform/application/document_actions.go:466.2,466.12 1 1
clinic/internal/platform/application/document_actions.go:469.60,471.16 2 1
clinic/internal/platform/application/document_actions.go:471.16,473.3 1 0
clinic/internal/platform/application/document_actions.go:474.2,483.12 3 1
clinic/internal/platform/application/document_actions.go:486.64,488.16 2 1
clinic/internal/platform/application/document_actions.go:488.16,490.3 1 0
clinic/internal/platform/application/document_actions.go:491.2,498.12 3 1
clinic/internal/platform/application/document_actions.go:501.73,510.2 3 1
clinic/internal/platform/application/document_actions.go:512.36,513.16 1 1
clinic/internal/platform/application/document_actions.go:513.16,515.3 1 1
clinic/internal/platform/application/document_actions.go:516.2,516.10 1 1
clinic/internal/platform/app/app.go:48.17,50.16 2 1
clinic/internal/platform/app/app.go:50.16,52.3 1 0
clinic/internal/platform/app/app.go:54.2,67.21 14 1
clinic/internal/platform/app/app.go:67.21,102.3 11 0
clinic/internal/platform/app/app.go:103.2,114.16 10 1
clinic/internal/platform/app/app.go:114.16,116.3 1 1
clinic/internal/platform/app/app.go:118.2,137.3 1 1
clinic/internal/platform/app/app.go:140.32,142.2 1 1
clinic/internal/platform/app/app.go:144.38,146.2 1 1
clinic/internal/platform/app/app.go:148.52,149.25 1 1
clinic/internal/platform/app/app.go:149.25,151.3 1 1
clinic/internal/platform/app/app.go:152.2,152.33 1 1
clinic/internal/platform/app/app.go:152.33,154.3 1 1
clinic/internal/platform/app/app.go:157.29,158.33 1 1
clinic/internal/platform/app/app.go:158.33,160.3 1 1
clinic/internal/platform/app/app.go:161.2,161.25 1 1
clinic/internal/platform/app/app.go:161.25,163.3 1 1
clinic/internal/platform/app/app.go:164.2,164.23 1 1
clinic/internal/platform/app/app.go:164.23,166.3 1 1
clinic/internal/platform/app/app.go:167.2,167.27 1 0
clinic/internal/platform/eventing/handlers.go:15.118,17.2 1 1
clinic/internal/platform/eventing/handlers.go:19.82,21.16 2 1
clinic/internal/platform/eventing/handlers.go:21.16,23.3 1 0
clinic/internal/platform/eventing/handlers.go:24.2,25.12 2 1
clinic/internal/platform/eventing/memory_repository.go:11.46,13.2 1 1
clinic/internal/platform/eventing/memory_repository.go:15.57,18.2 2 1
clinic/internal/platform/eventing/memory_repository.go:20.66,23.2 2 1
clinic/internal/platform/eventing/memory_repository.go:25.67,26.33 1 1
clinic/internal/platform/eventing/memory_repository.go:26.33,27.26 1 1
clinic/internal/platform/eventing/memory_repository.go:27.26,29.4 1 1
clinic/internal/platform/eventing/memory_repository.go:31.2,31.23 1 0
clinic/internal/platform/eventing/memory_repository.go:34.49,36.40 2 1
clinic/internal/platform/eventing/memory_repository.go:36.40,36.98 1 0
clinic/internal/platform/eventing/memory_repository.go:37.2,37.14 1 1
clinic/internal/platform/eventing/memory_repository.go:40.56,42.40 2 1
clinic/internal/platform/eventing/memory_repository.go:42.40,42.96 1 0
clinic/internal/platform/eventing/memory_repository.go:43.2,43.14 1 1
clinic/internal/platform/eventing/memory_repository.go:46.65,48.40 2 1
clinic/internal/platform/eventing/memory_repository.go:48.40,48.96 1 0
clinic/internal/platform/eventing/memory_repository.go:49.2,49.14 1 1
clinic/internal/platform/eventing/memory_repository.go:52.67,54.26 2 1
clinic/internal/platform/eventing/memory_repository.go:54.26,55.38 1 1
clinic/internal/platform/eventing/memory_repository.go:55.38,56.12 1 1
clinic/internal/platform/eventing/memory_repository.go:58.3,61.41 4 1
clinic/internal/platform/eventing/memory_repository.go:61.41,62.9 1 0
clinic/internal/platform/eventing/memory_repository.go:65.2,65.16 1 1
clinic/internal/platform/eventing/memory_repository.go:68.87,69.26 1 1
clinic/internal/platform/eventing/memory_repository.go:69.26,70.33 1 1
clinic/internal/platform/eventing/memory_repository.go:70.33,73.9 3 1
clinic/internal/platform/eventing/memory_repository.go:76.2,76.12 1 1
clinic/internal/platform/eventing/memory_repository.go:79.83,80.26 1 1
clinic/internal/platform/eventing/memory_repository.go:80.26,81.33 1 1
clinic/internal/platform/eventing/memory_repository.go:81.33,86.4 4 1
clinic/internal/platform/eventing/memory_repository.go:88.2,88.12 1 0
clinic/internal/platform/eventing/memory_repository.go:91.74,94.2 2 1
clinic/internal/platform/eventing/postgres_repository.go:15.60,17.2 1 1
clinic/internal/platform/eventing/postgres_repository.go:19.59,21.16 2 1
clinic/internal/platform/eventing/postgres_repository.go:21.16,23.3 1 0
clinic/internal/platform/eventing/postgres_repository.go:24.2,31.12 3 1
clinic/internal/platform/eventing/postgres_repository.go:34.68,43.2 3 1
clinic/internal/platform/eventing/postgres_repository.go:45.69,50.16 5 1
clinic/internal/platform/eventing/postgres_repository.go:50.16,52.3 1 0
clinic/internal/platform/eventing/postgres_repository.go:53.2,54.19 2 1
clinic/internal/platform/eventing/postgres_repository.go:57.51,60.16 3 1
clinic/internal/platform/eventing/postgres_repository.go:60.16,62.3 1 0
clinic/internal/platform/eventing/postgres_repository.go:63.2,65.18 3 1
clinic/internal/platform/eventing/postgres_repository.go:65.18,68.155 3 1
clinic/internal/platform/eventing/postgres_repository.go:68.155,69.12 1 0
clinic/internal/platform/eventing/postgres_repository.go:71.3,72.30 2 1
clinic/internal/platform/eventing/postgres_repository.go:74.2,74.40 1 1
clinic/internal/platform/eventing/postgres_repository.go:74.40,74.98 1 0
clinic/internal/platform/eventing/postgres_repository.go:75.2,75.14 1 1
clinic/internal/platform/eventing/postgres_repository.go:78.58,81.16 3 1
clinic/internal/platform/eventing/postgres_repository.go:81.16,83.3 1 0
clinic/internal/platform/eventing/postgres_repository.go:84.2,86.18 3 1
clinic/internal/platform/eventing/postgres_repository.go:86.18,89.160 3 1
clinic/internal/platform/eventing/postgres_repository.go:89.160,90.12 1 0
clinic/internal/platform/eventing/postgres_repository.go:92.3,92.25 1 1
clinic/internal/platform/eventing/postgres_repository.go:92.25,94.4 1 0
clinic/internal/platform/eventing/postgres_repository.go:95.3,95.30 1 1
clinic/internal/platform/eventing/postgres_repository.go:97.2,97.40 1 1
clinic/internal/platform/eventing/postgres_repository.go:97.40,97.96 1 0
clinic/internal/platform/eventing/postgres_repository.go:98.2,98.14 1 1
clinic/internal/platform/eventing/postgres_repository.go:101.67,104.16 3 1
clinic/internal/platform/eventing/postgres_repository.go:104.16,106.3 1 0
clinic/internal/platform/eventing/postgres_repository.go:107.2,109.18 3 1
clinic/internal/platform/eventing/postgres_repository.go:109.18,111.144 2 1
clinic/internal/platform/eventing/postgres_repository.go:111.144,112.12 1 0
clinic/internal/platform/eventing/postgres_repository.go:114.3,114.30 1 1
clinic/internal/platform/eventing/postgres_repository.go:116.2,116.40 1 1
clinic/internal/platform/eventing/postgres_repository.go:116.40,116.96 1 0
clinic/internal/platform/eventing/postgres_repository.go:117.2,117.14 1 1
clinic/internal/platform/eventing/postgres_repository.go:120.69,121.16 1 1
clinic/internal/platform/eventing/postgres_repository.go:121.16,123.3 1 0
clinic/internal/platform/eventing/postgres_repository.go:124.2,136.16 3 1
clinic/internal/platform/eventing/postgres_repository.go:136.16,138.3 1 0
clinic/internal/platform/eventing/postgres_repository.go:139.2,141.18 3 1
clinic/internal/platform/eventing/postgres_repository.go:141.18,144.160 3 1
clinic/internal/platform/eventing/postgres_repository.go:144.160,145.12 1 0
clinic/internal/platform/eventing/postgres_repository.go:147.3,147.25 1 1
clinic/internal/platform/eventing/postgres_repository.go:147.25,149.4 1 0
clinic/internal/platform/eventing/postgres_repository.go:150.3,150.30 1 1
clinic/internal/platform/eventing/postgres_repository.go:152.2,152.14 1 1
clinic/internal/platform/eventing/postgres_repository.go:155.89,159.2 3 1
clinic/internal/platform/eventing/postgres_repository.go:161.85,165.2 3 1
clinic/internal/platform/eventing/postgres_repository.go:167.76,171.2 3 1
clinic/internal/platform/eventing/postgres_repository.go:173.36,174.16 1 1
clinic/internal/platform/eventing/postgres_repository.go:174.16,176.3 1 1
clinic/internal/platform/eventing/postgres_repository.go:177.2,177.10 1 1
clinic/internal/platform/eventing/service.go:25.28,27.2 1 1
clinic/internal/platform/eventing/service.go:29.110,30.16 1 1
clinic/internal/platform/eventing/service.go:30.16,32.3 1 0
clinic/internal/platform/eventing/service.go:33.2,33.19 1 1
clinic/internal/platform/eventing/service.go:33.19,35.3 1 0
clinic/internal/platform/eventing/service.go:36.2,36.99 1 1
clinic/internal/platform/eventing/service.go:39.70,41.2 1 1
clinic/internal/platform/eventing/service.go:43.45,44.48 1 1
clinic/internal/platform/eventing/service.go:44.48,46.3 1 0
clinic/internal/platform/eventing/service.go:47.2,55.4 3 1
clinic/internal/platform/eventing/service.go:58.40,60.2 1 1
clinic/internal/platform/eventing/service.go:62.47,64.2 1 1
clinic/internal/platform/eventing/service.go:66.56,68.2 1 1
clinic/internal/platform/eventing/service.go:70.59,73.29 3 1
clinic/internal/platform/eventing/service.go:73.29,76.10 3 1
clinic/internal/platform/eventing/service.go:76.10,78.68 2 0
clinic/internal/platform/eventing/service.go:78.68,80.5 1 0
clinic/internal/platform/eventing/service.go:81.4,81.12 1 0
clinic/internal/platform/eventing/service.go:83.3,83.50 1 1
clinic/internal/platform/eventing/service.go:83.50,85.70 2 1
clinic/internal/platform/eventing/service.go:85.70,89.69 4 1
clinic/internal/platform/eventing/service.go:89.69,91.6 1 0
clinic/internal/platform/eventing/service.go:92.5,92.18 1 1
clinic/internal/platform/eventing/service.go:94.4,94.84 1 1
clinic/internal/platform/eventing/service.go:96.3,96.124 1 1
clinic/internal/platform/eventing/service.go:96.124,98.4 1 0
clinic/internal/platform/eventing/service.go:99.3,102.2 4 1
clinic/internal/platform/eventing/service.go:104.2,104.24 1 1
clinic/internal/platform/eventing/service.go:107.76,108.38 1 1
clinic/internal/platform/eventing/service.go:108.38,111.141 3 1
clinic/internal/platform/eventing/service.go:111.141,113.4 1 0
clinic/internal/platform/eventing/service.go:114.3,122.5 1 1
clinic/internal/platform/eventing/service.go:124.2,126.120 3 1
clinic/internal/platform/eventing/service.go:136.85,137.19 1 1
clinic/internal/platform/eventing/service.go:137.19,139.3 1 0
clinic/internal/platform/eventing/service.go:140.2,140.16 1 1
clinic/internal/platform/eventing/service.go:140.16,142.3 1 0
clinic/internal/platform/eventing/service.go:143.2,143.72 1 1
clinic/internal/platform/eventing/service.go:146.52,149.12 3 1
clinic/internal/platform/eventing/service.go:149.12,152.7 3 1
clinic/internal/platform/eventing/service.go:152.7,153.11 1 1
clinic/internal/platform/eventing/service.go:154.22,155.11 1 1
clinic/internal/platform/eventing/service.go:156.20,157.46 1 1
clinic/internal/platform/eventing/service.go:163.29,164.21 1 1
clinic/internal/platform/eventing/service.go:164.21,166.3 1 1
clinic/internal/platform/logging/service.go:21.28,23.2 1 0
clinic/internal/platform/logging/service.go:25.54,26.19 1 1
clinic/internal/platform/logging/service.go:26.19,28.3 1 0
clinic/internal/platform/logging/service.go:29.2,29.33 1 1
clinic/internal/platform/logging/service.go:32.63,34.2 1 1
clinic/internal/platform/logging/service.go:36.64,38.2 1 0
clinic/internal/platform/logging/service.go:40.69,46.33 2 1
clinic/internal/platform/logging/service.go:46.33,48.3 1 1
clinic/internal/platform/logging/service.go:49.2,50.16 2 1
clinic/internal/platform/logging/service.go:50.16,52.3 1 0
clinic/internal/platform/logging/service.go:53.2,55.46 3 1
clinic/internal/platform/logging/service.go:58.83,60.2 1 1
clinic/internal/platform/logging/service.go:62.48,65.2 2 1
clinic/internal/platform/observability/service.go:34.28,39.2 1 1
clinic/internal/platform/observability/service.go:41.36,43.2 1 1
clinic/internal/platform/observability/service.go:45.49,49.2 3 1
clinic/internal/platform/observability/service.go:51.57,58.2 6 1
clinic/internal/platform/observability/service.go:60.39,64.31 4 1
clinic/internal/platform/observability/service.go:64.31,66.3 1 1
clinic/internal/platform/observability/service.go:67.2,68.30 2 1
clinic/internal/platform/observability/service.go:68.30,70.18 2 1
clinic/internal/platform/observability/service.go:70.18,72.4 1 1
clinic/internal/platform/observability/service.go:73.3,73.95 1 1
clinic/internal/platform/observability/service.go:75.2,75.77 1 1
clinic/internal/platform/observability/service.go:78.45,82.31 4 1
clinic/internal/platform/observability/service.go:82.31,84.3 1 1
clinic/internal/platform/observability/service.go:85.2,86.27 2 1
clinic/internal/platform/observability/service.go:86.27,89.3 2 1
clinic/internal/platform/observability/service.go:90.2,91.30 2 1
clinic/internal/platform/observability/service.go:91.30,93.3 1 1
clinic/internal/platform/observability/service.go:94.2,95.33 2 1
clinic/internal/platform/observability/service.go:95.33,101.3 5 1
clinic/internal/platform/observability/service.go:102.2,102.41 1 1
clinic/internal/platform/observability/service.go:105.38,108.2 2 1
clinic/internal/platform/observability/service.go:110.73,111.24 1 1
clinic/internal/platform/observability/service.go:111.24,112.34 1 1
clinic/internal/platform/observability/service.go:112.34,114.4 1 1
clinic/internal/platform/observability/service.go:116.2,116.18 1 0
clinic/internal/platform/observability/service.go:119.80,120.24 1 1
clinic/internal/platform/observability/service.go:120.24,121.34 1 1
clinic/internal/platform/observability/service.go:121.34,123.4 1 1
clinic/internal/platform/observability/service.go:125.2,125.18 1 0
clinic/internal/platform/organization/memory_repository.go:8.85,10.2 1 1
clinic/internal/platform/organization/memory_repository.go:12.48,14.2 1 1
clinic/internal/platform/organization/memory_repository.go:16.51,18.2 1 1
clinic/internal/platform/organization/postgres_repository.go:12.60,14.2 1 1
clinic/internal/platform/organization/postgres_repository.go:16.50,32.16 4 1
clinic/internal/platform/organization/postgres_repository.go:32.16,34.3 1 0
clinic/internal/platform/organization/postgres_repository.go:35.2,35.13 1 1
clinic/internal/platform/organization/postgres_repository.go:38.53,45.16 3 1
clinic/internal/platform/organization/postgres_repository.go:45.16,47.3 1 0
clinic/internal/platform/organization/postgres_repository.go:48.2,51.18 3 1
clinic/internal/platform/organization/postgres_repository.go:51.18,63.17 2 1
clinic/internal/platform/organization/postgres_repository.go:63.17,64.12 1 0
clinic/internal/platform/organization/postgres_repository.go:66.3,66.38 1 1
clinic/internal/platform/organization/postgres_repository.go:68.2,68.18 1 1
clinic/internal/platform/organization/service.go:9.28,30.2 4 1
clinic/internal/platform/organization/service.go:32.57,34.2 1 1
clinic/internal/platform/organization/service.go:36.39,38.2 1 1
clinic/internal/platform/organization/service.go:40.42,42.2 1 1
clinic/internal/platform/organization/service.go:44.59,49.46 2 1
clinic/internal/platform/organization/service.go:49.46,51.32 2 1
clinic/internal/platform/organization/service.go:51.32,54.4 2 1
clinic/internal/platform/organization/service.go:56.2,56.12 1 1
clinic/internal/platform/monitoring/service.go:56.172,58.2 1 1
clinic/internal/platform/monitoring/service.go:60.37,62.44 2 1
clinic/internal/platform/monitoring/service.go:62.44,65.3 2 1
clinic/internal/platform/monitoring/service.go:66.2,67.47 2 1
clinic/internal/platform/monitoring/service.go:67.47,68.22 1 1
clinic/internal/platform/monitoring/service.go:69.18,70.27 1 0
clinic/internal/platform/monitoring/service.go:71.21,72.30 1 0
clinic/internal/platform/monitoring/service.go:73.21,74.30 1 1
clinic/internal/platform/monitoring/service.go:75.22,76.30 1 0
clinic/internal/platform/monitoring/service.go:79.2,80.47 2 1
clinic/internal/platform/monitoring/service.go:80.47,81.22 1 1
clinic/internal/platform/monitoring/service.go:82.15,83.31 1 1
clinic/internal/platform/monitoring/service.go:84.20,85.36 1 0
clinic/internal/platform/monitoring/service.go:86.20,87.36 1 0
clinic/internal/platform/monitoring/service.go:90.2,90.55 1 1
clinic/internal/platform/monitoring/service.go:90.55,91.26 1 1
clinic/internal/platform/monitoring/service.go:92.18,93.38 1 1
clinic/internal/platform/monitoring/service.go:94.19,95.39 1 0
clinic/internal/platform/monitoring/service.go:96.19,97.39 1 0
clinic/internal/platform/monitoring/service.go:100.2,102.18 3 1
[...]
clinic/internal/platform/workflow/postgres_repository.go:29.2,34.16 3 1
clinic/internal/platform/workflow/postgres_repository.go:34.16,36.3 1 0
clinic/internal/platform/workflow/postgres_repository.go:37.2,37.12 1 1
clinic/internal/platform/workflow/postgres_repository.go:40.75,51.16 4 1
clinic/internal/platform/workflow/postgres_repository.go:51.16,53.3 1 0
clinic/internal/platform/workflow/postgres_repository.go:54.2,54.64 1 1
clinic/internal/platform/workflow/postgres_repository.go:54.64,56.3 1 0
clinic/internal/platform/workflow/postgres_repository.go:57.2,57.66 1 1
clinic/internal/platform/workflow/postgres_repository.go:57.66,59.3 1 0
clinic/internal/platform/workflow/postgres_repository.go:60.2,60.18 1 1
clinic/internal/platform/workflow/postgres_repository.go:63.61,66.16 3 1
clinic/internal/platform/workflow/postgres_repository.go:66.16,68.3 1 0
clinic/internal/platform/workflow/postgres_repository.go:69.2,71.18 3 1
clinic/internal/platform/workflow/postgres_repository.go:71.18,77.72 2 1
clinic/internal/platform/workflow/postgres_repository.go:77.72,78.12 1 0
clinic/internal/platform/workflow/postgres_repository.go:80.3,80.65 1 1
clinic/internal/platform/workflow/postgres_repository.go:80.65,81.12 1 0
clinic/internal/platform/workflow/postgres_repository.go:83.3,83.67 1 1
clinic/internal/platform/workflow/postgres_repository.go:83.67,84.12 1 0
clinic/internal/platform/workflow/postgres_repository.go:86.3,86.29 1 1
clinic/internal/platform/workflow/postgres_repository.go:88.2,88.40 1 1
clinic/internal/platform/workflow/postgres_repository.go:88.40,88.78 1 0
clinic/internal/platform/workflow/postgres_repository.go:89.2,89.14 1 1
clinic/internal/platform/workflow/postgres_repository.go:92.56,99.2 3 1
clinic/internal/platform/workflow/postgres_repository.go:101.49,104.16 3 1
clinic/internal/platform/workflow/postgres_repository.go:104.16,106.3 1 0
clinic/internal/platform/workflow/postgres_repository.go:107.2,109.18 3 1
clinic/internal/platform/workflow/postgres_repository.go:109.18,111.145 2 1
clinic/internal/platform/workflow/postgres_repository.go:111.145,112.12 1 0
clinic/internal/platform/workflow/postgres_repository.go:114.3,114.30 1 1
clinic/internal/platform/workflow/postgres_repository.go:116.2,116.40 1 1
clinic/internal/platform/workflow/postgres_repository.go:116.40,116.96 1 0
clinic/internal/platform/workflow/postgres_repository.go:117.2,117.14 1 1
clinic/internal/platform/workflow/postgres_repository.go:120.76,124.2 3 1
clinic/internal/platform/workflow/postgres_repository.go:126.68,133.2 3 1
clinic/internal/platform/workflow/postgres_repository.go:135.57,138.16 3 1
clinic/internal/platform/workflow/postgres_repository.go:138.16,140.3 1 0
clinic/internal/platform/workflow/postgres_repository.go:141.2,143.18 3 1
clinic/internal/platform/workflow/postgres_repository.go:143.18,145.131 2 1
clinic/internal/platform/workflow/postgres_repository.go:145.131,146.12 1 0
clinic/internal/platform/workflow/postgres_repository.go:148.3,148.30 1 1
clinic/internal/platform/workflow/postgres_repository.go:150.2,150.40 1 1
clinic/internal/platform/workflow/postgres_repository.go:150.40,150.100 1 0
clinic/internal/platform/workflow/postgres_repository.go:151.2,151.14 1 1
clinic/internal/platform/workflow/postgres_repository.go:154.84,158.2 3 1
clinic/internal/platform/workflow/service.go:14.28,30.2 3 1
clinic/internal/platform/workflow/service.go:32.57,34.2 1 1
clinic/internal/platform/workflow/service.go:36.50,37.19 1 1
clinic/internal/platform/workflow/service.go:37.19,39.3 1 0
clinic/internal/platform/workflow/service.go:40.2,40.35 1 1
clinic/internal/platform/workflow/service.go:43.55,45.9 2 1
clinic/internal/platform/workflow/service.go:45.9,47.3 1 0
clinic/internal/platform/workflow/service.go:48.2,48.17 1 1
clinic/internal/platform/workflow/service.go:51.89,53.9 2 1
clinic/internal/platform/workflow/service.go:53.9,55.3 1 0
clinic/internal/platform/workflow/service.go:56.2,56.35 1 1
clinic/internal/platform/workflow/service.go:56.35,57.62 1 1
clinic/internal/platform/workflow/service.go:57.62,67.4 1 1
clinic/internal/platform/workflow/service.go:69.2,69.88 1 0
clinic/internal/platform/workflow/service.go:72.110,73.31 1 1
clinic/internal/platform/workflow/service.go:73.31,82.18 1 1
clinic/internal/platform/workflow/service.go:82.18,84.4 1 0
clinic/internal/platform/workflow/service.go:86.2,86.31 1 1
clinic/internal/platform/workflow/service.go:86.31,94.18 1 1
clinic/internal/platform/workflow/service.go:94.18,96.4 1 0
clinic/internal/platform/workflow/service.go:98.2,98.12 1 1
clinic/internal/platform/workflow/service.go:101.38,103.2 1 1
clinic/internal/platform/workflow/service.go:105.46,107.2 1 1
clinic/internal/platform/workflow/service.go:109.58,111.2 1 1
clinic/internal/platform/workflow/service.go:113.87,114.50 1 1
clinic/internal/platform/workflow/service.go:114.50,115.68 1 1
clinic/internal/platform/workflow/service.go:115.68,116.83 1 1
clinic/internal/platform/workflow/service.go:116.83,118.5 1 0
clinic/internal/platform/workflow/service.go:121.2,121.42 1 1
clinic/internal/platform/workflow/service.go:121.42,122.57 1 1
clinic/internal/platform/workflow/service.go:122.57,123.71 1 1
clinic/internal/platform/workflow/service.go:123.71,125.5 1 0
clinic/internal/platform/workflow/service.go:128.2,128.12 1 1
clinic/internal/platform/httpx/documents.go:35.167,36.80 1 1
clinic/internal/platform/httpx/documents.go:36.80,38.3 1 1
clinic/internal/platform/httpx/documents.go:40.2,40.81 1 1
clinic/internal/platform/httpx/documents.go:40.81,43.24 3 1
clinic/internal/platform/httpx/documents.go:43.24,46.4 2 0
clinic/internal/platform/httpx/documents.go:48.3,49.62 2 1
clinic/internal/platform/httpx/documents.go:49.62,52.4 2 0
clinic/internal/platform/httpx/documents.go:53.3,53.31 1 1
clinic/internal/platform/httpx/documents.go:53.31,56.4 2 0
clinic/internal/platform/httpx/documents.go:57.3,58.17 2 1
clinic/internal/platform/httpx/documents.go:58.17,62.4 3 0
clinic/internal/platform/httpx/documents.go:63.3,64.45 2 1
clinic/internal/platform/httpx/documents.go:67.2,67.81 1 1
clinic/internal/platform/httpx/documents.go:67.81,69.10 2 1
clinic/internal/platform/httpx/documents.go:69.10,72.4 2 0
clinic/internal/platform/httpx/documents.go:73.3,74.17 2 1
clinic/internal/platform/httpx/documents.go:74.17,77.4 2 0
clinic/internal/platform/httpx/documents.go:78.3,78.40 1 1
clinic/internal/platform/httpx/documents.go:81.2,81.81 1 1
clinic/internal/platform/httpx/documents.go:81.81,83.10 2 1
clinic/internal/platform/httpx/documents.go:83.10,86.4 2 0
clinic/internal/platform/httpx/documents.go:87.3,89.24 3 1
clinic/internal/platform/httpx/documents.go:89.24,92.4 2 0
clinic/internal/platform/httpx/documents.go:93.3,94.62 2 1
clinic/internal/platform/httpx/documents.go:94.62,97.4 2 0
clinic/internal/platform/httpx/documents.go:98.3,99.17 2 1
clinic/internal/platform/httpx/documents.go:99.17,103.4 3 1
clinic/internal/platform/httpx/documents.go:104.3,105.40 2 1
clinic/internal/platform/httpx/documents.go:108.2,108.82 1 1
clinic/internal/platform/httpx/documents.go:108.82,110.10 2 1
clinic/internal/platform/httpx/documents.go:110.10,113.4 2 0
clinic/internal/platform/httpx/documents.go:115.3,117.105 3 1
clinic/internal/platform/httpx/documents.go:117.105,120.4 2 0
clinic/internal/platform/httpx/documents.go:121.3,121.23 1 1
clinic/internal/platform/httpx/documents.go:121.23,124.4 2 0
clinic/internal/platform/httpx/documents.go:126.3,126.21 1 1
clinic/internal/platform/httpx/documents.go:127.17,129.25 2 1
clinic/internal/platform/httpx/documents.go:129.25,132.5 2 0
clinic/internal/platform/httpx/documents.go:133.4,134.18 2 1
clinic/internal/platform/httpx/documents.go:134.18,138.5 3 1
clinic/internal/platform/httpx/documents.go:139.4,140.41 2 1
clinic/internal/platform/httpx/documents.go:141.18,143.25 2 1
clinic/internal/platform/httpx/documents.go:143.25,146.5 2 0
clinic/internal/platform/httpx/documents.go:147.4,148.18 2 1
clinic/internal/platform/httpx/documents.go:148.18,152.5 3 0
clinic/internal/platform/httpx/documents.go:153.4,154.41 2 1
clinic/internal/platform/httpx/documents.go:155.17,157.25 2 1
clinic/internal/platform/httpx/documents.go:157.25,160.5 2 0
clinic/internal/platform/httpx/documents.go:161.4,162.18 2 1
clinic/internal/platform/httpx/documents.go:162.18,166.5 3 0
clinic/internal/platform/httpx/documents.go:167.4,168.41 2 1
clinic/internal/platform/httpx/documents.go:169.17,171.25 2 1
clinic/internal/platform/httpx/documents.go:171.25,174.5 2 0
clinic/internal/platform/httpx/documents.go:175.4,176.18 2 1
clinic/internal/platform/httpx/documents.go:176.18,180.5 3 0
clinic/internal/platform/httpx/documents.go:181.4,182.41 2 1
clinic/internal/platform/httpx/documents.go:183.17,185.25 2 1
clinic/internal/platform/httpx/documents.go:185.25,188.5 2 0
clinic/internal/platform/httpx/documents.go:189.4,190.18 2 1
clinic/internal/platform/httpx/documents.go:190.18,194.5 3 0
clinic/internal/platform/httpx/documents.go:195.4,196.41 2 1
clinic/internal/platform/httpx/documents.go:197.11,198.69 1 1
clinic/internal/platform/httpx/documents.go:203.74,204.16 1 1
clinic/internal/platform/httpx/documents.go:204.16,206.3 1 0
clinic/internal/platform/httpx/documents.go:207.2,208.66 2 1
clinic/internal/platform/httpx/documents.go:211.49,213.19 2 1
clinic/internal/platform/httpx/documents.go:213.19,215.3 1 1
clinic/internal/platform/httpx/documents.go:216.2,216.16 1 0
clinic/internal/platform/httpx/documents.go:219.53,221.48 2 1
clinic/internal/platform/httpx/documents.go:221.48,223.3 1 0
clinic/internal/platform/httpx/documents.go:224.2,224.23 1 1
clinic/internal/platform/httpx/documents.go:227.53,229.73 2 1
clinic/internal/platform/httpx/documents.go:229.73,231.3 1 0
clinic/internal/platform/httpx/documents.go:232.2,232.23 1 1
clinic/internal/platform/httpx/ops.go:18.254,19.87 1 1
clinic/internal/platform/httpx/ops.go:19.87,21.3 1 1
clinic/internal/platform/httpx/ops.go:23.2,23.81 1 1
clinic/internal/platform/httpx/ops.go:23.81,25.3 1 1
clinic/internal/platform/httpx/ops.go:27.2,27.91 1 1
clinic/internal/platform/httpx/ops.go:27.91,29.17 2 1
clinic/internal/platform/httpx/ops.go:29.17,32.4 2 0
clinic/internal/platform/httpx/ops.go:33.3,33.69 1 1
clinic/internal/platform/httpx/ops.go:36.2,36.88 1 1
clinic/internal/platform/httpx/ops.go:36.88,38.3 1 1
clinic/internal/platform/httpx/ops.go:40.2,40.87 1 1
clinic/internal/platform/httpx/ops.go:40.87,42.3 1 1
clinic/internal/platform/httpx/ops.go:44.2,44.80 1 1
clinic/internal/platform/httpx/ops.go:44.80,46.3 1 1
clinic/internal/platform/httpx/ops.go:48.2,48.78 1 1
clinic/internal/platform/httpx/ops.go:48.78,51.3 2 1
clinic/internal/platform/httpx/ops.go:53.2,53.84 1 1
clinic/internal/platform/httpx/ops.go:53.84,55.3 1 1
clinic/internal/platform/httpx/ops.go:57.2,57.84 1 1
clinic/internal/platform/httpx/ops.go:57.84,59.3 1 1
clinic/internal/platform/httpx/ops.go:61.2,61.95 1 1
clinic/internal/platform/httpx/ops.go:61.95,63.17 2 1
clinic/internal/platform/httpx/ops.go:63.17,66.4 2 0
clinic/internal/platform/httpx/ops.go:67.3,67.47 1 1
clinic/internal/platform/httpx/ops.go:70.2,70.94 1 1
clinic/internal/platform/httpx/ops.go:70.94,72.3 1 1
clinic/internal/platform/httpx/ops.go:74.2,74.91 1 1
clinic/internal/platform/httpx/ops.go:74.91,76.17 2 1
clinic/internal/platform/httpx/ops.go:76.17,79.4 2 0
clinic/internal/platform/httpx/ops.go:80.3,80.92 1 1
clinic/internal/platform/httpx/ops.go:83.2,83.90 1 1
clinic/internal/platform/httpx/ops.go:83.90,85.17 2 1
clinic/internal/platform/httpx/ops.go:85.17,88.4 2 0
clinic/internal/platform/httpx/ops.go:89.3,89.93 1 1
clinic/internal/platform/httpx/ops.go:92.2,92.104 1 1
clinic/internal/platform/httpx/ops.go:92.104,94.17 2 1
clinic/internal/platform/httpx/ops.go:94.17,97.4 2 0
clinic/internal/platform/httpx/ops.go:98.3,99.20 2 1
clinic/internal/platform/httpx/ops.go:99.20,101.4 1 0
clinic/internal/platform/httpx/ops.go:102.3,103.10 2 1
clinic/internal/platform/httpx/ops.go:103.10,106.4 2 0
clinic/internal/platform/httpx/ops.go:107.3,107.85 1 1
clinic/internal/platform/httpx/ops.go:110.2,110.92 1 1
clinic/internal/platform/httpx/ops.go:110.92,112.24 2 1
clinic/internal/platform/httpx/ops.go:112.24,114.4 1 0
clinic/internal/platform/httpx/ops.go:115.3,116.51 2 1
clinic/internal/platform/httpx/ops.go:116.51,118.18 2 1
clinic/internal/platform/httpx/ops.go:118.18,121.5 2 0
clinic/internal/platform/httpx/ops.go:122.4,122.18 1 1
clinic/internal/platform/httpx/ops.go:124.3,124.103 1 1
clinic/internal/platform/httpx/ops.go:127.2,127.112 1 1
clinic/internal/platform/httpx/ops.go:127.112,129.24 2 1
clinic/internal/platform/httpx/ops.go:129.24,131.4 1 0
clinic/internal/platform/httpx/ops.go:132.3,133.20 2 1
clinic/internal/platform/httpx/ops.go:133.20,135.4 1 0
clinic/internal/platform/httpx/ops.go:136.3,137.51 2 1
clinic/internal/platform/httpx/ops.go:137.51,139.18 2 0
clinic/internal/platform/httpx/ops.go:139.18,142.5 2 0
clinic/internal/platform/httpx/ops.go:143.4,143.18 1 0
clinic/internal/platform/httpx/ops.go:145.3,146.10 2 1
clinic/internal/platform/httpx/ops.go:146.10,149.4 2 0
clinic/internal/platform/httpx/ops.go:150.3,150.113 1 1
clinic/internal/platform/httpx/ops.go:153.2,153.92 1 1
clinic/internal/platform/httpx/ops.go:153.92,155.17 2 1
clinic/internal/platform/httpx/ops.go:155.17,158.4 2 0
clinic/internal/platform/httpx/ops.go:159.3,160.10 2 1
clinic/internal/platform/httpx/ops.go:160.10,163.4 2 0
clinic/internal/platform/httpx/ops.go:164.3,164.44 1 1
clinic/internal/platform/httpx/ops.go:167.2,167.90 1 1
clinic/internal/platform/httpx/ops.go:167.90,169.17 2 1
clinic/internal/platform/httpx/ops.go:169.17,172.4 2 0
clinic/internal/platform/httpx/ops.go:173.3,174.68 2 1
clinic/internal/platform/httpx/ops.go:177.2,177.104 1 1
clinic/internal/platform/httpx/ops.go:177.104,179.17 2 0
clinic/internal/platform/httpx/ops.go:179.17,182.4 2 0
clinic/internal/platform/httpx/ops.go:183.3,184.22 2 0
clinic/internal/platform/httpx/ops.go:184.22,186.4 1 0
clinic/internal/platform/httpx/ops.go:187.3,188.136 2 0
clinic/internal/platform/httpx/ops.go:191.2,191.111 1 1
clinic/internal/platform/httpx/ops.go:191.111,193.17 2 1
clinic/internal/platform/httpx/ops.go:193.17,196.4 2 0
clinic/internal/platform/httpx/ops.go:197.3,198.22 2 1
clinic/internal/platform/httpx/ops.go:198.22,200.4 1 0
clinic/internal/platform/httpx/ops.go:201.3,203.19 3 1
clinic/internal/platform/httpx/ops.go:203.19,205.4 1 1
clinic/internal/platform/httpx/ops.go:206.3,207.17 2 1
clinic/internal/platform/httpx/ops.go:208.15,209.81 1 1
clinic/internal/platform/httpx/ops.go:210.14,211.80 1 1
clinic/internal/platform/httpx/ops.go:212.11,213.80 1 1
clinic/internal/platform/httpx/ops.go:215.3,215.17 1 1
clinic/internal/platform/httpx/ops.go:215.17,218.4 2 0
clinic/internal/platform/httpx/ops.go:219.3,219.23 1 1
clinic/internal/platform/httpx/ops.go:219.23,222.4 2 1
clinic/internal/platform/httpx/ops.go:222.9,222.29 1 1
clinic/internal/platform/httpx/ops.go:222.29,225.4 2 1
clinic/internal/platform/httpx/ops.go:225.9,228.4 2 1
clinic/internal/platform/httpx/ops.go:229.3,230.26 2 1
clinic/internal/platform/httpx/ops.go:233.2,233.93 1 1
clinic/internal/platform/httpx/ops.go:233.93,246.17 3 1
clinic/internal/platform/httpx/ops.go:246.17,249.4 2 0
clinic/internal/platform/httpx/ops.go:250.3,250.42 1 1
clinic/internal/platform/httpx/ops.go:253.2,253.92 1 1
clinic/internal/platform/httpx/ops.go:253.92,255.3 1 1
clinic/internal/platform/httpx/ops.go:257.2,257.96 1 1
clinic/internal/platform/httpx/ops.go:257.96,259.3 1 1
clinic/internal/platform/httpx/ops.go:261.2,261.101 1 1
clinic/internal/platform/httpx/ops.go:261.101,263.3 1 1
clinic/internal/platform/httpx/ops.go:265.2,265.102 1 1
clinic/internal/platform/httpx/ops.go:265.102,267.3 1 1
clinic/internal/platform/httpx/ops.go:269.2,269.113 1 1
clinic/internal/platform/httpx/ops.go:269.113,271.3 1 1
clinic/internal/platform/httpx/ops.go:273.2,273.102 1 1
clinic/internal/platform/httpx/ops.go:273.102,275.23 2 1
clinic/internal/platform/httpx/ops.go:275.23,278.4 2 0
clinic/internal/platform/httpx/ops.go:279.3,280.10 2 1
clinic/internal/platform/httpx/ops.go:280.10,283.4 2 0
clinic/internal/platform/httpx/ops.go:284.3,287.35 4 1
clinic/internal/platform/httpx/ops.go:290.2,290.110 1 1
clinic/internal/platform/httpx/ops.go:290.110,295.17 5 1
clinic/internal/platform/httpx/ops.go:295.17,298.4 2 0
clinic/internal/platform/httpx/ops.go:299.3,299.47 1 1
clinic/internal/platform/httpx/ops.go:302.2,302.109 1 1
clinic/internal/platform/httpx/ops.go:302.109,307.17 5 1
clinic/internal/platform/httpx/ops.go:307.17,310.4 2 0
clinic/internal/platform/httpx/ops.go:311.3,311.47 1 1
clinic/internal/platform/httpx/ops.go:314.2,314.110 1 1
clinic/internal/platform/httpx/ops.go:314.110,316.19 2 1
clinic/internal/platform/httpx/ops.go:316.19,319.4 2 0
clinic/internal/platform/httpx/ops.go:320.3,321.17 2 1
clinic/internal/platform/httpx/ops.go:321.17,324.4 2 0
clinic/internal/platform/httpx/ops.go:325.3,325.64 1 1
clinic/internal/platform/httpx/ops.go:325.64,328.4 2 0
clinic/internal/platform/httpx/ops.go:329.3,329.74 1 1
clinic/internal/platform/httpx/ops.go:332.2,332.97 1 1
clinic/internal/platform/httpx/ops.go:332.97,334.60 2 1
clinic/internal/platform/httpx/ops.go:334.60,335.26 1 1
clinic/internal/platform/httpx/ops.go:335.26,336.13 1 0
clinic/internal/platform/httpx/ops.go:338.4,339.18 2 1
clinic/internal/platform/httpx/ops.go:339.18,342.5 2 0
clinic/internal/platform/httpx/ops.go:343.4,344.10 2 1
clinic/internal/platform/httpx/ops.go:346.3,346.66 1 0
clinic/internal/platform/httpx/ops.go:349.2,349.96 1 1
clinic/internal/platform/httpx/ops.go:349.96,351.3 1 1
clinic/internal/platform/httpx/ops.go:353.2,353.89 1 1
clinic/internal/platform/httpx/ops.go:353.89,355.3 1 1
clinic/internal/platform/httpx/ops.go:357.2,357.93 1 1
clinic/internal/platform/httpx/ops.go:357.93,359.3 1 1
clinic/internal/platform/httpx/ops.go:362.51,364.62 2 1
clinic/internal/platform/httpx/ops.go:364.62,366.3 1 0
clinic/internal/platform/httpx/ops.go:367.2,367.27 1 1
clinic/internal/platform/httpx/ops.go:370.74,372.51 2 1
clinic/internal/platform/httpx/ops.go:372.51,374.17 2 0
clinic/internal/platform/httpx/ops.go:374.17,376.4 1 0
clinic/internal/platform/httpx/ops.go:377.3,377.18 1 0
clinic/internal/platform/httpx/ops.go:379.2,379.45 1 1
clinic/internal/platform/httpx/ops.go:379.45,381.17 2 0
clinic/internal/platform/httpx/ops.go:381.17,383.4 1 0
clinic/internal/platform/httpx/ops.go:384.3,384.16 1 0
clinic/internal/platform/httpx/ops.go:386.2,386.54 1 1
clinic/internal/platform/httpx/ops.go:386.54,388.17 2 1
clinic/internal/platform/httpx/ops.go:388.17,390.4 1 0
clinic/internal/platform/httpx/ops.go:391.3,391.19 1 1
clinic/internal/platform/httpx/ops.go:393.2,393.15 1 1
clinic/internal/platform/httpx/router.go:25.402,28.78 2 1
clinic/internal/platform/httpx/router.go:28.78,33.3 1 1
clinic/internal/platform/httpx/router.go:35.2,35.87 1 1
clinic/internal/platform/httpx/router.go:35.87,44.3 1 1
clinic/internal/platform/httpx/router.go:46.2,49.50 3 1
clinic/internal/platform/httpx/router.go:52.66,56.2 3 1
clinic/internal/platform/httpx/router.go:58.53,64.34 5 1
clinic/internal/platform/httpx/router.go:64.34,67.27 3 1
clinic/internal/platform/httpx/router.go:68.30,69.34 1 1
clinic/internal/platform/httpx/router.go:70.28,71.32 1 1
clinic/internal/platform/httpx/router.go:72.29,73.33 1 0
clinic/internal/platform/httpx/router.go:74.28,75.32 1 0
clinic/internal/platform/httpx/router.go:79.2,84.4 1 1
clinic/internal/platform/httpx/router.go:87.109,88.16 1 1
clinic/internal/platform/httpx/router.go:88.16,90.3 1 0
clinic/internal/platform/httpx/router.go:91.2,91.71 1 1
clinic/internal/platform/httpx/router.go:91.71,94.26 3 1
clinic/internal/platform/httpx/router.go:94.26,96.4 1 1
clinic/internal/platform/httpx/router.go:97.3,107.20 11 1
clinic/internal/platform/httpx/router.go:107.20,115.4 1 1
clinic/internal/platform/httpx/router.go:124.48,127.2 2 1
