mode: set
orbyte/internal/platform/activity/service.go:57.28,63.2 1 1
orbyte/internal/platform/activity/service.go:65.117,66.111 1 1
orbyte/internal/platform/activity/service.go:66.111,68.3 1 0
orbyte/internal/platform/activity/service.go:69.2,80.18 4 1
orbyte/internal/platform/activity/service.go:83.82,84.114 1 0
orbyte/internal/platform/activity/service.go:84.114,86.3 1 0
orbyte/internal/platform/activity/service.go:87.2,90.18 4 0
orbyte/internal/platform/activity/service.go:93.113,94.114 1 1
orbyte/internal/platform/activity/service.go:94.114,96.3 1 0
orbyte/internal/platform/activity/service.go:97.2,109.18 4 1
orbyte/internal/platform/activity/service.go:112.65,113.30 1 1
orbyte/internal/platform/activity/service.go:113.30,114.50 1 1
orbyte/internal/platform/activity/service.go:114.50,115.12 1 0
orbyte/internal/platform/activity/service.go:117.3,119.30 3 1
orbyte/internal/platform/activity/service.go:121.2,121.58 1 0
orbyte/internal/platform/activity/service.go:124.73,126.34 2 1
orbyte/internal/platform/activity/service.go:126.34,127.65 1 1
orbyte/internal/platform/activity/service.go:127.65,128.12 1 0
orbyte/internal/platform/activity/service.go:130.3,133.5 1 1
orbyte/internal/platform/activity/service.go:135.2,135.36 1 1
orbyte/internal/platform/activity/service.go:135.36,136.65 1 1
orbyte/internal/platform/activity/service.go:136.65,137.12 1 0
orbyte/internal/platform/activity/service.go:139.3,142.5 1 1
orbyte/internal/platform/activity/service.go:144.2,144.40 1 1
orbyte/internal/platform/activity/service.go:144.40,144.98 1 1
orbyte/internal/platform/activity/service.go:145.2,145.14 1 1
orbyte/internal/platform/activity/service.go:148.43,149.38 1 1
orbyte/internal/platform/activity/service.go:149.38,151.3 1 0
orbyte/internal/platform/activity/service.go:152.2,152.35 1 1
orbyte/internal/platform/activity/service.go:155.52,156.21 1 1
orbyte/internal/platform/activity/service.go:156.21,158.3 1 1
orbyte/internal/platform/activity/service.go:159.2,160.32 2 0
orbyte/internal/platform/activity/service.go:160.32,162.3 1 0
orbyte/internal/platform/activity/service.go:163.2,163.15 1 0
orbyte/internal/platform/jobs/memory_repository.go:15.46,20.2 1 1
orbyte/internal/platform/jobs/memory_repository.go:22.64,25.24 3 1
orbyte/internal/platform/jobs/memory_repository.go:25.24,26.54 1 1
orbyte/internal/platform/jobs/memory_repository.go:26.54,27.46 1 1
orbyte/internal/platform/jobs/memory_repository.go:27.46,29.5 1 1
orbyte/internal/platform/jobs/memory_repository.go:32.2,33.24 2 1
orbyte/internal/platform/jobs/memory_repository.go:33.24,35.3 1 1
orbyte/internal/platform/jobs/memory_repository.go:36.2,36.33 1 1
orbyte/internal/platform/jobs/memory_repository.go:39.55,44.2 4 1
orbyte/internal/platform/jobs/memory_repository.go:46.41,50.29 4 0
orbyte/internal/platform/jobs/memory_repository.go:50.29,52.3 1 0
orbyte/internal/platform/jobs/memory_repository.go:53.2,53.40 1 0
orbyte/internal/platform/jobs/memory_repository.go:53.40,53.96 1 0
orbyte/internal/platform/jobs/memory_repository.go:54.2,54.14 1 0
orbyte/internal/platform/jobs/memory_repository.go:57.94,60.16 3 1
orbyte/internal/platform/jobs/memory_repository.go:60.16,62.3 1 0
orbyte/internal/platform/jobs/memory_repository.go:63.2,64.25 2 1
orbyte/internal/platform/jobs/memory_repository.go:64.25,66.3 1 1
orbyte/internal/platform/jobs/memory_repository.go:67.2,67.38 1 1
orbyte/internal/platform/jobs/memory_repository.go:67.38,69.3 1 0
orbyte/internal/platform/jobs/memory_repository.go:70.2,71.25 2 1
orbyte/internal/platform/jobs/memory_repository.go:71.25,73.133 2 1
orbyte/internal/platform/jobs/memory_repository.go:73.133,74.12 1 1
orbyte/internal/platform/jobs/memory_repository.go:76.3,78.29 3 1
orbyte/internal/platform/jobs/memory_repository.go:78.29,80.4 1 1
orbyte/internal/platform/jobs/memory_repository.go:81.3,85.26 5 1
orbyte/internal/platform/jobs/memory_repository.go:85.26,86.9 1 0
orbyte/internal/platform/jobs/memory_repository.go:89.2,89.14 1 1
orbyte/internal/platform/jobs/memory_repository.go:92.101,96.9 4 1
orbyte/internal/platform/jobs/memory_repository.go:96.9,98.3 1 0
orbyte/internal/platform/jobs/memory_repository.go:99.2,105.12 7 1
orbyte/internal/platform/jobs/memory_repository.go:108.92,112.40 4 1
orbyte/internal/platform/jobs/memory_repository.go:112.40,114.3 1 0
orbyte/internal/platform/jobs/memory_repository.go:115.2,117.12 3 1
orbyte/internal/platform/jobs/memory_repository.go:120.108,124.9 4 1
orbyte/internal/platform/jobs/memory_repository.go:124.9,126.3 1 0
orbyte/internal/platform/jobs/memory_repository.go:127.2,132.12 6 1
orbyte/internal/platform/jobs/memory_repository.go:135.73,139.9 4 0
orbyte/internal/platform/jobs/memory_repository.go:139.9,141.3 1 0
orbyte/internal/platform/jobs/memory_repository.go:142.2,146.28 5 0
orbyte/internal/platform/jobs/memory_repository.go:146.28,148.3 1 0
orbyte/internal/platform/jobs/memory_repository.go:149.2,150.12 2 0
orbyte/internal/platform/jobs/postgres_repository.go:15.60,17.2 1 1
orbyte/internal/platform/jobs/postgres_repository.go:19.66,20.37 1 1
orbyte/internal/platform/jobs/postgres_repository.go:20.37,21.57 1 1
orbyte/internal/platform/jobs/postgres_repository.go:21.57,23.4 1 0
orbyte/internal/platform/jobs/postgres_repository.go:25.2,26.16 2 1
orbyte/internal/platform/jobs/postgres_repository.go:26.16,28.3 1 0
orbyte/internal/platform/jobs/postgres_repository.go:29.2,34.170 2 1
orbyte/internal/platform/jobs/postgres_repository.go:34.170,35.38 1 0
orbyte/internal/platform/jobs/postgres_repository.go:35.38,36.58 1 0
orbyte/internal/platform/jobs/postgres_repository.go:36.58,38.5 1 0
orbyte/internal/platform/jobs/postgres_repository.go:40.3,40.27 1 0
orbyte/internal/platform/jobs/postgres_repository.go:42.2,42.33 1 1
orbyte/internal/platform/jobs/postgres_repository.go:45.74,53.2 2 1
orbyte/internal/platform/jobs/postgres_repository.go:55.57,63.2 2 1
orbyte/internal/platform/jobs/postgres_repository.go:65.43,73.16 3 1
orbyte/internal/platform/jobs/postgres_repository.go:73.16,75.3 1 0
orbyte/internal/platform/jobs/postgres_repository.go:76.2,78.18 3 1
orbyte/internal/platform/jobs/postgres_repository.go:78.18,79.43 1 1
orbyte/internal/platform/jobs/postgres_repository.go:79.43,81.4 1 1
orbyte/internal/platform/jobs/postgres_repository.go:83.2,83.14 1 1
orbyte/internal/platform/jobs/postgres_repository.go:86.96,87.16 1 0
orbyte/internal/platform/jobs/postgres_repository.go:87.16,89.3 1 0
orbyte/internal/platform/jobs/postgres_repository.go:90.2,111.16 3 0
orbyte/internal/platform/jobs/postgres_repository.go:111.16,113.3 1 0
orbyte/internal/platform/jobs/postgres_repository.go:114.2,116.18 3 0
orbyte/internal/platform/jobs/postgres_repository.go:116.18,118.9 2 0
orbyte/internal/platform/jobs/postgres_repository.go:118.9,120.4 1 0
orbyte/internal/platform/jobs/postgres_repository.go:122.2,122.40 1 0
orbyte/internal/platform/jobs/postgres_repository.go:122.40,122.96 1 0
orbyte/internal/platform/jobs/postgres_repository.go:123.2,123.14 1 0
orbyte/internal/platform/jobs/postgres_repository.go:126.94,133.2 3 1
orbyte/internal/platform/jobs/postgres_repository.go:135.103,137.16 2 0
orbyte/internal/platform/jobs/postgres_repository.go:137.16,139.3 1 0
orbyte/internal/platform/jobs/postgres_repository.go:140.2,145.12 3 0
orbyte/internal/platform/jobs/postgres_repository.go:148.110,155.2 3 0
orbyte/internal/platform/jobs/postgres_repository.go:157.75,164.2 3 0
orbyte/internal/platform/jobs/postgres_repository.go:170.46,179.183 2 1
orbyte/internal/platform/jobs/postgres_repository.go:179.183,181.3 1 1
orbyte/internal/platform/jobs/postgres_repository.go:182.2,184.21 3 1
orbyte/internal/platform/jobs/postgres_repository.go:184.21,186.3 1 0
orbyte/internal/platform/jobs/postgres_repository.go:187.2,187.19 1 1
orbyte/internal/platform/jobs/postgres_repository.go:187.19,189.3 1 0
orbyte/internal/platform/jobs/postgres_repository.go:190.2,190.19 1 1
orbyte/internal/platform/jobs/postgres_repository.go:190.19,192.3 1 0
orbyte/internal/platform/jobs/postgres_repository.go:193.2,193.18 1 1
orbyte/internal/platform/jobs/postgres_repository.go:196.50,198.2 1 1
orbyte/internal/platform/jobs/postgres_repository.go:200.39,201.82 1 1
orbyte/internal/platform/jobs/postgres_repository.go:201.82,203.3 1 0
orbyte/internal/platform/jobs/postgres_repository.go:204.2,204.115 1 1
orbyte/internal/platform/jobs/postgres_repository.go:204.115,206.3 1 0
orbyte/internal/platform/jobs/postgres_repository.go:207.2,207.14 1 1
orbyte/internal/platform/jobs/service.go:64.28,66.2 1 1
orbyte/internal/platform/jobs/service.go:68.57,69.17 1 1
orbyte/internal/platform/jobs/service.go:69.17,71.3 1 0
orbyte/internal/platform/jobs/service.go:72.2,78.3 1 1
orbyte/internal/platform/jobs/service.go:81.65,82.34 1 1
orbyte/internal/platform/jobs/service.go:82.34,84.3 1 0
orbyte/internal/platform/jobs/service.go:85.2,87.28 3 1
orbyte/internal/platform/jobs/service.go:90.75,91.14 1 1
orbyte/internal/platform/jobs/service.go:91.14,93.3 1 0
orbyte/internal/platform/jobs/service.go:94.2,97.25 4 1
orbyte/internal/platform/jobs/service.go:100.77,102.2 1 1
orbyte/internal/platform/jobs/service.go:104.100,107.2 2 1
orbyte/internal/platform/jobs/service.go:109.114,120.2 3 1
orbyte/internal/platform/jobs/service.go:122.46,124.2 1 1
orbyte/internal/platform/jobs/service.go:126.51,128.9 2 0
orbyte/internal/platform/jobs/service.go:128.9,130.3 1 0
orbyte/internal/platform/jobs/service.go:131.2,131.20 1 0
orbyte/internal/platform/jobs/service.go:132.21,133.62 1 0
orbyte/internal/platform/jobs/service.go:134.20,135.18 1 0
orbyte/internal/platform/jobs/service.go:137.2,137.61 1 0
orbyte/internal/platform/jobs/service.go:137.61,139.3 1 0
orbyte/internal/platform/jobs/service.go:140.2,141.17 2 0
orbyte/internal/platform/jobs/service.go:144.32,145.31 1 0
orbyte/internal/platform/jobs/service.go:145.31,147.3 1 0
orbyte/internal/platform/jobs/service.go:148.2,148.22 1 0
orbyte/internal/platform/jobs/service.go:151.37,153.31 2 0
orbyte/internal/platform/jobs/service.go:153.31,154.21 1 0
orbyte/internal/platform/jobs/service.go:155.21,156.20 1 0
orbyte/internal/platform/jobs/service.go:157.22,158.21 1 0
orbyte/internal/platform/jobs/service.go:159.24,160.23 1 0
orbyte/internal/platform/jobs/service.go:161.21,162.20 1 0
orbyte/internal/platform/jobs/service.go:163.25,164.24 1 0
orbyte/internal/platform/jobs/service.go:167.2,167.16 1 0
orbyte/internal/platform/jobs/service.go:170.49,171.14 1 1
orbyte/internal/platform/jobs/service.go:171.14,173.3 1 0
orbyte/internal/platform/jobs/service.go:174.2,175.21 2 1
orbyte/internal/platform/jobs/service.go:175.21,178.3 2 0
orbyte/internal/platform/jobs/service.go:179.2,183.16 5 1
orbyte/internal/platform/jobs/service.go:186.26,187.14 1 1
orbyte/internal/platform/jobs/service.go:187.14,189.3 1 0
orbyte/internal/platform/jobs/service.go:190.2,194.19 5 1
orbyte/internal/platform/jobs/service.go:194.19,196.3 1 1
orbyte/internal/platform/jobs/service.go:197.2,197.13 1 1
orbyte/internal/platform/jobs/service.go:200.45,204.6 4 1
orbyte/internal/platform/jobs/service.go:204.6,206.17 2 1
orbyte/internal/platform/jobs/service.go:206.17,208.11 2 0
orbyte/internal/platform/jobs/service.go:209.22,210.11 1 0
orbyte/internal/platform/jobs/service.go:211.73,211.73 0 0
orbyte/internal/platform/jobs/service.go:213.9,213.31 1 1
orbyte/internal/platform/jobs/service.go:213.31,215.4 1 1
orbyte/internal/platform/jobs/service.go:215.9,215.34 1 1
orbyte/internal/platform/jobs/service.go:215.34,217.4 1 1
orbyte/internal/platform/jobs/service.go:218.3,218.10 1 1
orbyte/internal/platform/jobs/service.go:219.21,220.10 1 1
orbyte/internal/platform/jobs/service.go:221.19,221.19 0 1
orbyte/internal/platform/jobs/service.go:226.35,229.24 3 1
orbyte/internal/platform/jobs/service.go:229.24,231.3 1 0
orbyte/internal/platform/jobs/service.go:234.44,237.24 3 1
orbyte/internal/platform/jobs/service.go:237.24,239.3 1 1
orbyte/internal/platform/jobs/service.go:242.75,246.28 4 1
orbyte/internal/platform/jobs/service.go:246.28,248.21 2 1
orbyte/internal/platform/jobs/service.go:248.21,249.121 1 1
orbyte/internal/platform/jobs/service.go:249.121,251.5 1 0
orbyte/internal/platform/jobs/service.go:252.4,253.12 2 1
orbyte/internal/platform/jobs/service.go:255.3,258.36 4 1
orbyte/internal/platform/jobs/service.go:258.36,260.4 1 0
orbyte/internal/platform/jobs/service.go:261.3,261.17 1 1
orbyte/internal/platform/jobs/service.go:261.17,263.39 2 1
orbyte/internal/platform/jobs/service.go:263.39,265.5 1 1
orbyte/internal/platform/jobs/service.go:265.10,267.5 1 1
orbyte/internal/platform/jobs/service.go:268.4,268.99 1 1
orbyte/internal/platform/jobs/service.go:268.99,270.5 1 0
orbyte/internal/platform/jobs/service.go:271.4,272.12 2 1
orbyte/internal/platform/jobs/service.go:274.3,274.87 1 1
orbyte/internal/platform/jobs/service.go:274.87,276.4 1 0
orbyte/internal/platform/jobs/service.go:277.3,277.22 1 1
orbyte/internal/platform/jobs/service.go:279.2,279.21 1 1
orbyte/internal/platform/jobs/service.go:282.109,283.47 1 1
orbyte/internal/platform/jobs/service.go:283.47,284.31 1 0
orbyte/internal/platform/jobs/service.go:284.31,284.45 1 0
orbyte/internal/platform/jobs/service.go:286.2,287.19 2 1
orbyte/internal/platform/jobs/service.go:287.19,289.3 1 0
orbyte/internal/platform/jobs/service.go:290.2,293.12 4 1
orbyte/internal/platform/jobs/service.go:293.12,297.7 4 1
orbyte/internal/platform/jobs/service.go:297.7,298.11 1 1
orbyte/internal/platform/jobs/service.go:299.22,300.11 1 1
orbyte/internal/platform/jobs/service.go:301.20,302.79 1 1
orbyte/internal/platform/jobs/service.go:302.79,303.13 1 0
orbyte/internal/platform/jobs/service.go:304.24,304.24 0 0
orbyte/internal/platform/jobs/service.go:305.14,305.14 0 0
orbyte/internal/platform/jobs/service.go:307.6,308.12 2 0
orbyte/internal/platform/jobs/service.go:313.2,313.27 1 1
orbyte/internal/platform/jobs/service.go:313.27,316.10 3 1
orbyte/internal/platform/jobs/service.go:317.23,318.14 1 0
orbyte/internal/platform/jobs/service.go:319.11,320.14 1 1
orbyte/internal/platform/jobs/service.go:325.48,329.2 3 1
orbyte/internal/platform/jobs/service.go:331.52,332.18 1 1
orbyte/internal/platform/jobs/service.go:332.18,334.3 1 1
orbyte/internal/platform/jobs/service.go:335.2,336.32 2 1
orbyte/internal/platform/jobs/service.go:336.32,338.3 1 1
orbyte/internal/platform/jobs/service.go:339.2,339.12 1 1
orbyte/internal/platform/jobs/service.go:342.28,346.2 3 1
orbyte/internal/platform/jobs/service.go:348.52,349.11 1 0
orbyte/internal/platform/jobs/service.go:349.11,351.3 1 0
orbyte/internal/platform/jobs/service.go:352.2,352.10 1 0
orbyte/internal/platform/observability/service.go:71.28,80.2 1 1
orbyte/internal/platform/observability/service.go:82.36,84.2 1 0
orbyte/internal/platform/observability/service.go:86.49,90.2 3 0
orbyte/internal/platform/observability/service.go:92.57,99.2 6 0
orbyte/internal/platform/observability/service.go:101.39,105.31 4 1
orbyte/internal/platform/observability/service.go:105.31,107.3 1 1
orbyte/internal/platform/observability/service.go:108.2,109.30 2 1
orbyte/internal/platform/observability/service.go:109.30,111.18 2 1
orbyte/internal/platform/observability/service.go:111.18,113.4 1 1
orbyte/internal/platform/observability/service.go:114.3,114.95 1 1
orbyte/internal/platform/observability/service.go:116.2,116.77 1 1
orbyte/internal/platform/observability/service.go:119.66,120.19 1 1
orbyte/internal/platform/observability/service.go:120.19,122.3 1 0
orbyte/internal/platform/observability/service.go:123.2,126.106 4 1
orbyte/internal/platform/observability/service.go:129.70,130.19 1 1
orbyte/internal/platform/observability/service.go:130.19,132.3 1 0
orbyte/internal/platform/observability/service.go:133.2,136.103 4 1
orbyte/internal/platform/observability/service.go:139.76,140.20 1 1
orbyte/internal/platform/observability/service.go:140.20,142.3 1 0
orbyte/internal/platform/observability/service.go:143.2,146.107 4 1
orbyte/internal/platform/observability/service.go:149.58,153.32 4 0
orbyte/internal/platform/observability/service.go:153.32,155.3 1 0
orbyte/internal/platform/observability/service.go:156.2,156.40 1 0
orbyte/internal/platform/observability/service.go:156.40,156.78 1 0
orbyte/internal/platform/observability/service.go:157.2,157.14 1 0
orbyte/internal/platform/observability/service.go:160.62,164.29 4 0
orbyte/internal/platform/observability/service.go:164.29,166.3 1 0
orbyte/internal/platform/observability/service.go:167.2,167.40 1 0
orbyte/internal/platform/observability/service.go:167.40,167.78 1 0
orbyte/internal/platform/observability/service.go:168.2,168.14 1 0
orbyte/internal/platform/observability/service.go:171.68,175.31 4 0
orbyte/internal/platform/observability/service.go:175.31,177.3 1 0
orbyte/internal/platform/observability/service.go:178.2,178.40 1 0
orbyte/internal/platform/observability/service.go:178.40,178.80 1 0
orbyte/internal/platform/observability/service.go:179.2,179.14 1 0
orbyte/internal/platform/observability/service.go:182.55,186.36 4 1
orbyte/internal/platform/observability/service.go:186.36,188.3 1 1
orbyte/internal/platform/observability/service.go:189.2,189.40 1 1
orbyte/internal/platform/observability/service.go:189.40,189.78 1 1
orbyte/internal/platform/observability/service.go:190.2,190.14 1 1
orbyte/internal/platform/observability/service.go:193.89,197.9 4 1
orbyte/internal/platform/observability/service.go:197.9,199.3 1 0
orbyte/internal/platform/observability/service.go:200.2,200.38 1 1
orbyte/internal/platform/observability/service.go:200.38,201.37 1 1
orbyte/internal/platform/observability/service.go:201.37,203.4 1 1
orbyte/internal/platform/observability/service.go:205.2,205.31 1 1
orbyte/internal/platform/observability/service.go:205.31,206.38 1 1
orbyte/internal/platform/observability/service.go:206.38,208.4 1 0
orbyte/internal/platform/observability/service.go:210.2,218.12 9 1
orbyte/internal/platform/observability/service.go:221.94,225.9 4 1
orbyte/internal/platform/observability/service.go:225.9,227.3 1 0
orbyte/internal/platform/observability/service.go:228.2,228.26 1 1
orbyte/internal/platform/observability/service.go:228.26,230.3 1 1
orbyte/internal/platform/observability/service.go:231.2,231.38 1 1
orbyte/internal/platform/observability/service.go:231.38,232.37 1 1
orbyte/internal/platform/observability/service.go:232.37,234.4 1 0
orbyte/internal/platform/observability/service.go:236.2,236.31 1 1
orbyte/internal/platform/observability/service.go:236.31,237.38 1 1
orbyte/internal/platform/observability/service.go:237.38,239.4 1 0
orbyte/internal/platform/observability/service.go:241.2,253.12 13 1
orbyte/internal/platform/observability/service.go:256.73,260.9 4 1
orbyte/internal/platform/observability/service.go:260.9,262.3 1 0
orbyte/internal/platform/observability/service.go:263.2,263.46 1 1
orbyte/internal/platform/observability/service.go:263.46,264.37 1 1
orbyte/internal/platform/observability/service.go:264.37,266.4 1 1
orbyte/internal/platform/observability/service.go:268.2,276.12 9 1
orbyte/internal/platform/observability/service.go:279.82,283.9 4 1
orbyte/internal/platform/observability/service.go:283.9,285.3 1 0
orbyte/internal/platform/observability/service.go:286.2,286.48 1 1
orbyte/internal/platform/observability/service.go:286.48,288.3 1 1
orbyte/internal/platform/observability/service.go:289.2,297.12 9 1
orbyte/internal/platform/observability/service.go:300.73,308.2 7 1
orbyte/internal/platform/observability/service.go:310.70,318.2 7 1
orbyte/internal/platform/observability/service.go:320.72,328.2 7 1
orbyte/internal/platform/observability/service.go:330.54,331.29 1 1
orbyte/internal/platform/observability/service.go:331.29,332.24 1 1
orbyte/internal/platform/observability/service.go:332.24,334.4 1 1
orbyte/internal/platform/observability/service.go:336.2,336.14 1 0
orbyte/internal/platform/observability/service.go:339.45,343.31 4 1
orbyte/internal/platform/observability/service.go:343.31,345.3 1 1
orbyte/internal/platform/observability/service.go:346.2,347.27 2 1
orbyte/internal/platform/observability/service.go:347.27,350.3 2 1
orbyte/internal/platform/observability/service.go:351.2,352.30 2 1
orbyte/internal/platform/observability/service.go:352.30,354.3 1 1
orbyte/internal/platform/observability/service.go:355.2,356.33 2 1
orbyte/internal/platform/observability/service.go:356.33,362.3 5 1
orbyte/internal/platform/observability/service.go:363.2,363.41 1 1
orbyte/internal/platform/observability/service.go:366.38,369.2 2 1
orbyte/internal/platform/observability/service.go:371.73,372.24 1 1
orbyte/internal/platform/observability/service.go:372.24,373.34 1 1
orbyte/internal/platform/observability/service.go:373.34,375.4 1 1
orbyte/internal/platform/observability/service.go:377.2,377.18 1 0
orbyte/internal/platform/observability/service.go:380.80,381.24 1 1
orbyte/internal/platform/observability/service.go:381.24,382.34 1 1
orbyte/internal/platform/observability/service.go:382.34,384.4 1 1
orbyte/internal/platform/observability/service.go:386.2,386.18 1 0
orbyte/internal/platform/logging/service.go:21.28,23.2 1 0
orbyte/internal/platform/logging/service.go:25.54,26.19 1 1
orbyte/internal/platform/logging/service.go:26.19,28.3 1 0
orbyte/internal/platform/logging/service.go:29.2,29.33 1 1
orbyte/internal/platform/logging/service.go:32.63,34.2 1 1
orbyte/internal/platform/logging/service.go:36.64,38.2 1 0
orbyte/internal/platform/logging/service.go:40.69,46.33 2 1
orbyte/internal/platform/logging/service.go:46.33,48.3 1 1
orbyte/internal/platform/logging/service.go:49.2,50.16 2 1
orbyte/internal/platform/logging/service.go:50.16,52.3 1 0
orbyte/internal/platform/logging/service.go:53.2,55.46 3 1
orbyte/internal/platform/logging/service.go:58.83,60.2 1 1
orbyte/internal/platform/logging/service.go:62.48,65.2 2 1
orbyte/internal/platform/organization/memory_repository.go:8.85,10.2 1 1
orbyte/internal/platform/organization/memory_repository.go:12.48,14.2 1 1
orbyte/internal/platform/organization/memory_repository.go:16.51,18.2 1 1
orbyte/internal/platform/organization/postgres_repository.go:12.60,14.2 1 1
orbyte/internal/platform/organization/postgres_repository.go:16.50,32.16 4 1
orbyte/internal/platform/organization/postgres_repository.go:32.16,34.3 1 0
orbyte/internal/platform/organization/postgres_repository.go:35.2,35.13 1 1
orbyte/internal/platform/organization/postgres_repository.go:38.53,45.16 3 1
orbyte/internal/platform/organization/postgres_repository.go:45.16,47.3 1 0
orbyte/internal/platform/organization/postgres_repository.go:48.2,51.18 3 1
orbyte/internal/platform/organization/postgres_repository.go:51.18,63.17 2 1
orbyte/internal/platform/organization/postgres_repository.go:63.17,64.12 1 0
orbyte/internal/platform/organization/postgres_repository.go:66.3,66.38 1 1
orbyte/internal/platform/organization/postgres_repository.go:68.2,68.18 1 1
orbyte/internal/platform/organization/service.go:9.28,30.2 4 1
orbyte/internal/platform/organization/service.go:32.57,34.2 1 1
orbyte/internal/platform/organization/service.go:36.39,38.2 1 1
orbyte/internal/platform/organization/service.go:40.42,42.2 1 1
orbyte/internal/platform/organization/service.go:44.59,49.46 2 1
orbyte/internal/platform/organization/service.go:49.46,51.32 2 1
orbyte/internal/platform/organization/service.go:51.32,54.4 2 1
orbyte/internal/platform/organization/service.go:56.2,56.12 1 1
orbyte/internal/platform/audit/memory_repository.go:9.46,11.2 1 1
orbyte/internal/platform/audit/memory_repository.go:13.52,16.2 2 1
orbyte/internal/platform/audit/memory_repository.go:18.43,20.40 2 1
orbyte/internal/platform/audit/memory_repository.go:20.40,22.3 1 0
orbyte/internal/platform/audit/memory_repository.go:23.2,23.14 1 1
orbyte/internal/platform/audit/postgres_repository.go:14.60,16.2 1 1
orbyte/internal/platform/audit/postgres_repository.go:18.54,20.16 2 1
orbyte/internal/platform/audit/postgres_repository.go:20.16,22.3 1 0
orbyte/internal/platform/audit/postgres_repository.go:23.2,40.12 3 1
orbyte/internal/platform/audit/postgres_repository.go:43.45,50.16 3 1
orbyte/internal/platform/audit/postgres_repository.go:50.16,52.3 1 0
orbyte/internal/platform/audit/postgres_repository.go:53.2,55.18 3 1
orbyte/internal/platform/audit/postgres_repository.go:55.18,58.190 3 1
orbyte/internal/platform/audit/postgres_repository.go:58.190,59.12 1 0
orbyte/internal/platform/audit/postgres_repository.go:61.3,62.30 2 1
orbyte/internal/platform/audit/postgres_repository.go:64.2,64.40 1 1
orbyte/internal/platform/audit/postgres_repository.go:64.40,66.3 1 0
orbyte/internal/platform/audit/postgres_repository.go:67.2,67.14 1 1
orbyte/internal/platform/audit/service.go:7.28,9.2 1 1
orbyte/internal/platform/audit/service.go:11.57,13.2 1 1
orbyte/internal/platform/audit/service.go:15.45,17.2 1 1
orbyte/internal/platform/audit/service.go:19.34,21.2 1 1
orbyte/cmd/migrate/main.go:18.13,19.22 1 0
orbyte/cmd/migrate/main.go:19.22,21.3 1 0
orbyte/cmd/migrate/main.go:22.2,23.16 2 0
orbyte/cmd/migrate/main.go:23.16,25.3 1 0
orbyte/cmd/migrate/main.go:26.2,26.43 1 0
orbyte/cmd/migrate/main.go:26.43,28.3 1 0
orbyte/cmd/migrate/main.go:29.2,29.15 1 0
orbyte/cmd/migrate/main.go:29.15,29.39 1 0
orbyte/cmd/migrate/main.go:31.2,31.20 1 0
orbyte/cmd/migrate/main.go:32.12,33.62 1 0
orbyte/cmd/migrate/main.go:33.62,35.4 1 0
orbyte/cmd/migrate/main.go:36.16,37.64 1 0
orbyte/cmd/migrate/main.go:37.64,39.4 1 0
orbyte/cmd/migrate/main.go:40.10,41.47 1 0
orbyte/cmd/migrate/main.go:45.46,46.49 1 0
orbyte/cmd/migrate/main.go:46.49,48.3 1 0
orbyte/cmd/migrate/main.go:49.2,50.16 2 0
orbyte/cmd/migrate/main.go:50.16,52.3 1 0
orbyte/cmd/migrate/main.go:53.2,54.16 2 0
orbyte/cmd/migrate/main.go:54.16,56.3 1 0
orbyte/cmd/migrate/main.go:57.2,57.29 1 0
orbyte/cmd/migrate/main.go:57.29,59.17 2 0
orbyte/cmd/migrate/main.go:59.17,61.4 1 0
orbyte/cmd/migrate/main.go:62.3,64.32 3 0
orbyte/cmd/migrate/main.go:64.32,66.12 2 0
orbyte/cmd/migrate/main.go:68.3,68.55 1 0
orbyte/cmd/migrate/main.go:68.55,70.4 1 0
orbyte/cmd/migrate/main.go:71.3,72.17 2 0
orbyte/cmd/migrate/main.go:72.17,74.4 1 0
orbyte/cmd/migrate/main.go:75.3,75.82 1 0
orbyte/cmd/migrate/main.go:75.82,78.4 2 0
orbyte/cmd/migrate/main.go:79.3,82.52 1 0
orbyte/cmd/migrate/main.go:82.52,85.4 2 0
orbyte/cmd/migrate/main.go:86.3,86.37 1 0
orbyte/cmd/migrate/main.go:86.37,88.4 1 0
orbyte/cmd/migrate/main.go:89.3,89.35 1 0
orbyte/cmd/migrate/main.go:91.2,91.12 1 0
orbyte/cmd/migrate/main.go:94.48,95.49 1 0
orbyte/cmd/migrate/main.go:95.49,97.3 1 0
orbyte/cmd/migrate/main.go:98.2,99.16 2 0
orbyte/cmd/migrate/main.go:99.16,101.3 1 0
orbyte/cmd/migrate/main.go:102.2,103.16 2 0
orbyte/cmd/migrate/main.go:103.16,105.3 1 0
orbyte/cmd/migrate/main.go:106.2,106.29 1 0
orbyte/cmd/migrate/main.go:106.29,109.26 3 0
orbyte/cmd/migrate/main.go:109.26,111.4 1 0
orbyte/cmd/migrate/main.go:112.3,112.37 1 0
orbyte/cmd/migrate/main.go:114.2,114.12 1 0
orbyte/cmd/migrate/main.go:117.45,126.2 2 0
orbyte/cmd/migrate/main.go:128.63,130.16 2 0
orbyte/cmd/migrate/main.go:130.16,132.3 1 0
orbyte/cmd/migrate/main.go:133.2,135.18 3 0
orbyte/cmd/migrate/main.go:135.18,138.57 3 0
orbyte/cmd/migrate/main.go:138.57,140.4 1 0
orbyte/cmd/migrate/main.go:141.3,141.29 1 0
orbyte/cmd/migrate/main.go:143.2,143.19 1 0
orbyte/cmd/migrate/main.go:146.51,148.16 2 0
orbyte/cmd/migrate/main.go:148.16,150.3 1 0
orbyte/cmd/migrate/main.go:151.2,152.32 2 0
orbyte/cmd/migrate/main.go:152.32,153.64 1 0
orbyte/cmd/migrate/main.go:153.64,154.12 1 0
orbyte/cmd/migrate/main.go:156.3,156.58 1 0
orbyte/cmd/migrate/main.go:158.2,159.19 2 0
orbyte/cmd/migrate/main.go:162.41,165.2 2 0
orbyte/cmd/migrate/main.go:167.41,170.2 2 0
orbyte/cmd/modulegen/main.go:32.13,33.48 1 0
orbyte/cmd/modulegen/main.go:33.48,35.3 1 0
orbyte/cmd/modulegen/main.go:36.2,38.16 3 0
orbyte/cmd/modulegen/main.go:38.16,40.3 1 0
orbyte/cmd/modulegen/main.go:41.2,42.16 2 0
orbyte/cmd/modulegen/main.go:42.16,44.3 1 0
orbyte/cmd/modulegen/main.go:45.2,46.16 2 0
orbyte/cmd/modulegen/main.go:46.16,48.3 1 0
orbyte/cmd/modulegen/main.go:49.2,49.17 1 0
orbyte/cmd/modulegen/main.go:50.17,52.17 2 0
orbyte/cmd/modulegen/main.go:52.17,54.4 1 0
orbyte/cmd/modulegen/main.go:55.3,55.30 1 0
orbyte/cmd/modulegen/main.go:56.18,57.58 1 0
orbyte/cmd/modulegen/main.go:58.14,60.17 2 0
orbyte/cmd/modulegen/main.go:60.17,62.4 1 0
orbyte/cmd/modulegen/main.go:63.3,64.35 2 0
orbyte/cmd/modulegen/main.go:64.35,67.4 2 0
orbyte/cmd/modulegen/main.go:68.14,70.17 2 0
orbyte/cmd/modulegen/main.go:70.17,72.4 1 0
orbyte/cmd/modulegen/main.go:73.3,74.35 2 0
orbyte/cmd/modulegen/main.go:74.35,77.4 2 0
orbyte/cmd/modulegen/main.go:78.10,79.44 1 0
orbyte/cmd/modulegen/main.go:83.61,113.39 30 0
orbyte/cmd/modulegen/main.go:113.39,115.3 1 0
orbyte/cmd/modulegen/main.go:116.2,117.18 2 0
orbyte/cmd/modulegen/main.go:120.40,121.35 1 0
orbyte/cmd/modulegen/main.go:121.35,123.3 1 0
orbyte/cmd/modulegen/main.go:124.2,124.32 1 0
orbyte/cmd/modulegen/main.go:127.41,130.2 2 0
orbyte/cmd/modulegen/main.go:132.53,142.42 2 0
orbyte/cmd/modulegen/main.go:142.42,144.51 2 0
orbyte/cmd/modulegen/main.go:144.51,150.4 1 0
orbyte/cmd/modulegen/main.go:152.2,152.12 1 0
orbyte/internal/modules/clinic.go:12.63,14.2 1 1
orbyte/internal/modules/clinic.go:16.59,308.2 1 1
orbyte/internal/modules/registry.go:16.31,18.2 1 0
orbyte/internal/modules/registry.go:20.68,21.17 1 1
orbyte/internal/modules/registry.go:22.22,23.45 1 1
orbyte/internal/modules/registry.go:24.21,25.68 1 1
orbyte/internal/modules/registry.go:26.18,27.62 1 1
orbyte/internal/modules/registry.go:28.10,29.63 1 1
orbyte/internal/modules/registry.go:33.47,39.2 2 1
orbyte/internal/modules/registry.go:41.50,43.2 1 1
orbyte/internal/modules/registry.go:45.47,47.2 1 1
orbyte/internal/modules/registry.go:49.84,51.2 1 1
orbyte/internal/modules/registry.go:53.119,55.21 2 1
orbyte/internal/modules/registry.go:55.21,57.3 1 1
orbyte/internal/modules/registry.go:58.2,58.19 1 1
orbyte/internal/modulegen/generator.go:22.55,24.49 2 1
orbyte/internal/modulegen/generator.go:24.49,26.3 1 0
orbyte/internal/modulegen/generator.go:27.2,32.16 5 1
orbyte/internal/modulegen/generator.go:32.16,34.3 1 0
orbyte/internal/modulegen/generator.go:35.2,38.16 3 1
orbyte/internal/modulegen/generator.go:38.16,40.3 1 0
orbyte/internal/modulegen/generator.go:41.2,43.33 2 1
orbyte/internal/modulegen/generator.go:43.33,45.17 2 1
orbyte/internal/modulegen/generator.go:45.17,47.4 1 0
orbyte/internal/modulegen/generator.go:48.3,48.120 1 1
orbyte/internal/modulegen/generator.go:51.2,51.29 1 1
orbyte/internal/modulegen/generator.go:51.29,53.17 2 1
orbyte/internal/modulegen/generator.go:53.17,55.4 1 0
orbyte/internal/modulegen/generator.go:56.3,56.112 1 1
orbyte/internal/modulegen/generator.go:59.2,59.46 1 1
orbyte/internal/modulegen/generator.go:59.46,61.70 2 1
orbyte/internal/modulegen/generator.go:61.70,63.4 1 0
orbyte/internal/modulegen/generator.go:64.3,64.105 1 1
orbyte/internal/modulegen/generator.go:67.2,67.26 1 1
orbyte/internal/modulegen/generator.go:67.26,69.17 2 1
orbyte/internal/modulegen/generator.go:69.17,71.4 1 0
orbyte/internal/modulegen/generator.go:72.3,72.110 1 1
orbyte/internal/modulegen/generator.go:75.2,75.30 1 1
orbyte/internal/modulegen/generator.go:75.30,77.17 2 1
orbyte/internal/modulegen/generator.go:77.17,79.4 1 0
orbyte/internal/modulegen/generator.go:80.3,80.127 1 1
orbyte/internal/modulegen/generator.go:83.2,84.16 2 1
orbyte/internal/modulegen/generator.go:84.16,86.3 1 0
orbyte/internal/modulegen/generator.go:87.2,88.40 2 1
orbyte/internal/modulegen/generator.go:88.40,88.80 1 1
orbyte/internal/modulegen/generator.go:89.2,89.44 1 1
orbyte/internal/modulegen/generator.go:92.53,94.16 2 1
orbyte/internal/modulegen/generator.go:94.16,96.3 1 0
orbyte/internal/modulegen/generator.go:97.2,97.34 1 1
orbyte/internal/modulegen/generator.go:97.34,98.69 1 1
orbyte/internal/modulegen/generator.go:98.69,100.4 1 0
orbyte/internal/modulegen/generator.go:101.3,101.78 1 1
orbyte/internal/modulegen/generator.go:101.78,103.4 1 0
orbyte/internal/modulegen/generator.go:105.2,105.18 1 1
orbyte/internal/modulegen/generator.go:108.68,111.16 3 1
orbyte/internal/modulegen/generator.go:111.16,113.3 1 0
orbyte/internal/modulegen/generator.go:114.2,116.40 3 1
orbyte/internal/modulegen/generator.go:116.40,118.3 1 0
orbyte/internal/modulegen/generator.go:119.2,119.55 1 1
orbyte/internal/modulegen/generator.go:119.55,121.3 1 0
orbyte/internal/modulegen/generator.go:122.2,122.128 1 1
orbyte/internal/modulegen/generator.go:122.128,124.3 1 0
orbyte/internal/modulegen/generator.go:125.2,125.53 1 1
orbyte/internal/modulegen/generator.go:125.53,127.3 1 0
orbyte/internal/modulegen/generator.go:128.2,130.18 3 1
orbyte/internal/modulegen/generator.go:133.80,135.16 2 1
orbyte/internal/modulegen/generator.go:135.16,137.3 1 0
orbyte/internal/modulegen/generator.go:138.2,138.31 1 1
orbyte/internal/modulegen/spec.go:29.48,30.51 1 0
orbyte/internal/modulegen/spec.go:31.37,34.13 3 0
orbyte/internal/modulegen/spec.go:35.38,38.13 3 0
orbyte/internal/modulegen/spec.go:39.10,40.49 1 0
orbyte/internal/modulegen/spec.go:44.40,45.12 1 0
orbyte/internal/modulegen/spec.go:45.12,47.3 1 0
orbyte/internal/modulegen/spec.go:48.2,48.13 1 0
orbyte/internal/modulegen/spec.go:48.13,50.3 1 0
orbyte/internal/modulegen/spec.go:51.2,51.16 1 0
orbyte/internal/modulegen/spec.go:162.42,164.35 2 0
orbyte/internal/modulegen/spec.go:164.35,166.3 1 0
orbyte/internal/modulegen/spec.go:167.2,168.16 2 0
orbyte/internal/modulegen/spec.go:168.16,170.3 1 0
orbyte/internal/modulegen/spec.go:171.2,171.55 1 0
orbyte/internal/modulegen/spec.go:171.55,173.3 1 0
orbyte/internal/modulegen/spec.go:174.2,174.18 1 0
orbyte/internal/modulegen/spec.go:177.57,179.39 2 1
orbyte/internal/modulegen/spec.go:179.39,181.3 1 1
orbyte/internal/modulegen/spec.go:182.2,182.40 1 1
orbyte/internal/modulegen/spec.go:182.40,184.3 1 1
orbyte/internal/modulegen/spec.go:185.2,185.43 1 1
orbyte/internal/modulegen/spec.go:185.43,187.3 1 0
orbyte/internal/modulegen/spec.go:188.2,188.48 1 1
orbyte/internal/modulegen/spec.go:188.48,190.3 1 1
orbyte/internal/modulegen/spec.go:191.2,191.40 1 1
orbyte/internal/modulegen/spec.go:191.40,193.3 1 1
orbyte/internal/modulegen/spec.go:194.2,194.31 1 1
orbyte/internal/modulegen/spec.go:194.31,196.3 1 1
orbyte/internal/modulegen/spec.go:197.2,197.36 1 1
orbyte/internal/modulegen/spec.go:197.36,199.3 1 1
orbyte/internal/modulegen/spec.go:200.2,200.28 1 1
orbyte/internal/modulegen/spec.go:200.28,202.3 1 1
orbyte/internal/modulegen/spec.go:203.2,204.43 2 1
orbyte/internal/modulegen/spec.go:204.43,205.78 1 1
orbyte/internal/modulegen/spec.go:205.78,207.4 1 0
orbyte/internal/modulegen/spec.go:209.2,231.59 23 1
orbyte/internal/modulegen/spec.go:234.49,235.38 1 1
orbyte/internal/modulegen/spec.go:235.38,237.3 1 0
orbyte/internal/modulegen/spec.go:238.2,238.47 1 1
orbyte/internal/modulegen/spec.go:238.47,240.3 1 0
orbyte/internal/modulegen/spec.go:241.2,241.26 1 1
orbyte/internal/modulegen/spec.go:242.60,242.60 0 1
orbyte/internal/modulegen/spec.go:243.10,244.68 1 0
orbyte/internal/modulegen/spec.go:246.2,247.46 2 1
orbyte/internal/modulegen/spec.go:247.46,249.3 1 0
orbyte/internal/modulegen/spec.go:250.2,251.54 2 1
orbyte/internal/modulegen/spec.go:251.54,252.70 1 1
orbyte/internal/modulegen/spec.go:252.70,254.4 1 0
orbyte/internal/modulegen/spec.go:256.2,257.59 2 1
orbyte/internal/modulegen/spec.go:257.59,258.81 1 1
orbyte/internal/modulegen/spec.go:258.81,260.4 1 0
orbyte/internal/modulegen/spec.go:261.3,261.67 1 1
orbyte/internal/modulegen/spec.go:261.67,263.4 1 0
orbyte/internal/modulegen/spec.go:265.2,265.72 1 1
orbyte/internal/modulegen/spec.go:265.72,266.50 1 1
orbyte/internal/modulegen/spec.go:266.50,268.4 1 0
orbyte/internal/modulegen/spec.go:270.2,270.69 1 1
orbyte/internal/modulegen/spec.go:270.69,271.46 1 1
orbyte/internal/modulegen/spec.go:271.46,273.4 1 0
orbyte/internal/modulegen/spec.go:274.3,274.34 1 1
orbyte/internal/modulegen/spec.go:274.34,276.4 1 0
orbyte/internal/modulegen/spec.go:277.3,278.43 2 1
orbyte/internal/modulegen/spec.go:278.43,279.42 1 1
orbyte/internal/modulegen/spec.go:279.42,281.5 1 0
orbyte/internal/modulegen/spec.go:282.4,282.43 1 1
orbyte/internal/modulegen/spec.go:282.43,284.5 1 0
orbyte/internal/modulegen/spec.go:285.4,285.23 1 1
orbyte/internal/modulegen/spec.go:285.23,287.5 1 0
orbyte/internal/modulegen/spec.go:288.4,288.26 1 1
orbyte/internal/modulegen/spec.go:291.2,291.12 1 1
orbyte/internal/modulegen/spec.go:294.36,295.26 1 1
orbyte/internal/modulegen/spec.go:296.20,297.241 1 1
orbyte/internal/modulegen/spec.go:297.241,299.4 1 1
orbyte/internal/modulegen/spec.go:300.3,300.103 1 1
orbyte/internal/modulegen/spec.go:301.17,302.241 1 1
orbyte/internal/modulegen/spec.go:302.241,304.4 1 1
orbyte/internal/modulegen/spec.go:305.3,305.90 1 1
orbyte/internal/modulegen/spec.go:306.18,307.241 1 1
orbyte/internal/modulegen/spec.go:307.241,309.4 1 1
orbyte/internal/modulegen/spec.go:310.3,310.103 1 1
orbyte/internal/modulegen/spec.go:311.23,312.241 1 0
orbyte/internal/modulegen/spec.go:312.241,314.4 1 0
orbyte/internal/modulegen/spec.go:315.3,315.90 1 0
orbyte/internal/modulegen/spec.go:317.2,317.43 1 1
orbyte/internal/modulegen/spec.go:317.43,319.41 2 1
orbyte/internal/modulegen/spec.go:319.41,325.4 1 1
orbyte/internal/modulegen/spec.go:329.38,330.102 1 1
orbyte/internal/modulegen/spec.go:330.102,332.3 1 1
orbyte/internal/modulegen/spec.go:333.2,333.65 1 1
orbyte/internal/modulegen/spec.go:333.65,335.3 1 1
orbyte/internal/modulegen/spec.go:336.2,336.95 1 1
orbyte/internal/modulegen/spec.go:336.95,338.3 1 1
orbyte/internal/modulegen/spec.go:339.2,339.58 1 1
orbyte/internal/modulegen/spec.go:339.58,341.3 1 1
orbyte/internal/modulegen/spec.go:342.2,342.102 1 1
orbyte/internal/modulegen/spec.go:342.102,347.3 1 1
orbyte/internal/modulegen/spec.go:350.39,355.2 4 1
orbyte/internal/modulegen/spec.go:357.39,366.2 8 1
orbyte/internal/modulegen/spec.go:368.55,369.18 1 1
orbyte/internal/modulegen/spec.go:369.18,371.3 1 1
orbyte/internal/modulegen/spec.go:372.2,372.18 1 1
orbyte/internal/modulegen/spec.go:375.38,378.2 2 1
orbyte/internal/modulegen/spec.go:380.61,381.18 1 1
orbyte/internal/modulegen/spec.go:381.18,383.3 1 1
orbyte/internal/modulegen/spec.go:386.65,387.18 1 1
orbyte/internal/modulegen/spec.go:387.18,390.3 2 1
orbyte/internal/modulegen/spec.go:393.73,394.22 1 1
orbyte/internal/modulegen/spec.go:394.22,396.3 1 0
orbyte/internal/modulegen/spec.go:397.2,397.43 1 1
orbyte/internal/modulegen/spec.go:400.53,401.53 1 1
orbyte/internal/modulegen/spec.go:402.21,403.13 1 0
orbyte/internal/modulegen/spec.go:404.17,428.13 10 1
orbyte/internal/modulegen/spec.go:429.20,453.13 10 0
orbyte/internal/modulegen/spec.go:454.22,478.13 10 0
orbyte/internal/modulegen/spec.go:479.27,504.13 11 1
orbyte/internal/modulegen/spec.go:505.10,506.55 1 0
orbyte/internal/modulegen/spec.go:510.40,511.35 1 1
orbyte/internal/modulegen/spec.go:511.35,513.3 1 0
orbyte/internal/modulegen/spec.go:514.2,514.13 1 1
orbyte/internal/modulegen/templates.go:47.48,87.2 6 1
orbyte/internal/modulegen/templates.go:89.68,91.31 2 1
orbyte/internal/modulegen/templates.go:91.31,97.21 2 1
orbyte/internal/modulegen/templates.go:97.21,99.4 1 1
orbyte/internal/modulegen/templates.go:100.3,100.21 1 1
orbyte/internal/modulegen/templates.go:100.21,102.4 1 0
orbyte/internal/modulegen/templates.go:103.3,103.20 1 1
orbyte/internal/modulegen/templates.go:103.20,105.4 1 0
orbyte/internal/modulegen/templates.go:106.3,106.22 1 1
orbyte/internal/modulegen/templates.go:106.22,108.4 1 1
orbyte/internal/modulegen/templates.go:109.3,109.51 1 1
orbyte/internal/modulegen/templates.go:109.51,111.4 1 0
orbyte/internal/modulegen/templates.go:112.3,112.49 1 1
orbyte/internal/modulegen/templates.go:112.49,114.4 1 1
orbyte/internal/modulegen/templates.go:115.3,115.33 1 1
orbyte/internal/modulegen/templates.go:115.33,117.4 1 1
orbyte/internal/modulegen/templates.go:118.3,118.33 1 1
orbyte/internal/modulegen/templates.go:118.33,120.4 1 1
orbyte/internal/modulegen/templates.go:121.3,121.55 1 1
orbyte/internal/modulegen/templates.go:121.55,123.4 1 1
orbyte/internal/modulegen/templates.go:124.3,124.56 1 1
orbyte/internal/modulegen/templates.go:124.56,126.4 1 1
orbyte/internal/modulegen/templates.go:127.3,127.32 1 1
orbyte/internal/modulegen/templates.go:127.32,129.4 1 1
orbyte/internal/modulegen/templates.go:130.3,130.52 1 1
orbyte/internal/modulegen/templates.go:130.52,132.4 1 0
orbyte/internal/modulegen/templates.go:133.3,133.52 1 1
orbyte/internal/modulegen/templates.go:133.52,135.4 1 0
orbyte/internal/modulegen/templates.go:136.3,136.40 1 1
orbyte/internal/modulegen/templates.go:136.40,138.49 2 0
orbyte/internal/modulegen/templates.go:138.49,140.5 1 0
orbyte/internal/modulegen/templates.go:141.4,141.87 1 0
orbyte/internal/modulegen/templates.go:143.3,143.55 1 1
orbyte/internal/modulegen/templates.go:145.2,145.12 1 1
orbyte/internal/modulegen/templates.go:148.78,149.31 1 1
orbyte/internal/modulegen/templates.go:149.31,150.29 1 1
orbyte/internal/modulegen/templates.go:150.29,152.4 1 1
orbyte/internal/modulegen/templates.go:154.2,154.22 1 1
orbyte/internal/modulegen/templates.go:154.22,156.3 1 1
orbyte/internal/modulegen/templates.go:157.2,157.22 1 1
orbyte/internal/modulegen/templates.go:160.38,161.31 1 1
orbyte/internal/modulegen/templates.go:162.14,163.30 1 1
orbyte/internal/modulegen/templates.go:164.12,165.12 1 0
orbyte/internal/modulegen/templates.go:165.12,167.4 1 0
orbyte/internal/modulegen/templates.go:168.3,168.17 1 0
orbyte/internal/modulegen/templates.go:169.11,170.29 1 0
orbyte/internal/modulegen/templates.go:171.13,172.34 1 0
orbyte/internal/modulegen/templates.go:173.15,174.49 1 0
orbyte/internal/modulegen/templates.go:175.15,176.58 1 0
orbyte/internal/modulegen/templates.go:177.10,178.49 1 0
orbyte/internal/modulegen/templates.go:182.45,183.31 1 1
orbyte/internal/modulegen/templates.go:183.31,184.37 1 1
orbyte/internal/modulegen/templates.go:184.37,186.4 1 1
orbyte/internal/modulegen/templates.go:188.2,188.11 1 0
orbyte/internal/modulegen/templates.go:191.40,192.55 1 1
orbyte/internal/modulegen/templates.go:192.55,194.3 1 1
orbyte/internal/modulegen/templates.go:195.2,195.21 1 1
orbyte/internal/modulegen/templates.go:195.21,197.3 1 0
orbyte/internal/modulegen/templates.go:198.2,199.29 2 1
orbyte/internal/modulegen/templates.go:199.29,200.17 1 1
orbyte/internal/modulegen/templates.go:200.17,201.12 1 0
orbyte/internal/modulegen/templates.go:203.3,204.20 2 1
orbyte/internal/modulegen/templates.go:204.20,206.4 1 1
orbyte/internal/modulegen/templates.go:208.2,208.18 1 1
orbyte/internal/modulegen/templates.go:208.18,210.3 1 0
orbyte/internal/modulegen/templates.go:211.2,211.19 1 1
orbyte/internal/modulegen/templates.go:214.73,216.16 2 1
orbyte/internal/modulegen/templates.go:216.16,218.3 1 0
orbyte/internal/modulegen/templates.go:219.2,220.48 2 1
orbyte/internal/modulegen/templates.go:220.48,222.3 1 0
orbyte/internal/modulegen/templates.go:223.2,224.16 2 1
orbyte/internal/modulegen/templates.go:224.16,226.3 1 0
orbyte/internal/modulegen/templates.go:227.2,227.31 1 1
orbyte/internal/modulegen/templates.go:230.67,234.2 1 1
orbyte/cmd/server/main.go:17.13,20.16 3 0
orbyte/cmd/server/main.go:20.16,23.3 2 0
orbyte/cmd/server/main.go:24.2,28.16 2 0
orbyte/cmd/server/main.go:28.16,31.3 2 0
orbyte/cmd/server/main.go:32.2,32.15 1 0
orbyte/cmd/server/main.go:32.15,33.45 1 0
orbyte/cmd/server/main.go:33.45,35.4 1 0
orbyte/cmd/server/main.go:37.2,50.12 5 0
orbyte/cmd/server/main.go:50.12,55.54 5 0
orbyte/cmd/server/main.go:55.54,57.4 1 0
orbyte/cmd/server/main.go:60.2,61.79 2 0
orbyte/cmd/server/main.go:61.79,64.3 2 0
orbyte/cmd/server/main.go:65.2,65.30 1 0
orbyte/cmd/server/main.go:68.72,70.15 2 0
orbyte/cmd/server/main.go:70.15,72.3 1 0
orbyte/cmd/server/main.go:73.2,74.16 2 0
orbyte/cmd/server/main.go:74.16,76.3 1 0
orbyte/cmd/server/main.go:77.2,78.31 2 0
orbyte/cmd/server/main.go:78.31,80.3 1 0
orbyte/cmd/server/main.go:81.2,81.45 1 0
orbyte/internal/platform/analytics/delivery_adapters.go:30.66,32.2 1 1
orbyte/internal/platform/analytics/delivery_adapters.go:36.83,37.21 1 1
orbyte/internal/platform/analytics/delivery_adapters.go:37.21,39.3 1 1
orbyte/internal/platform/analytics/delivery_adapters.go:40.2,40.57 1 1
orbyte/internal/platform/analytics/delivery_adapters.go:47.82,48.21 1 1
orbyte/internal/platform/analytics/delivery_adapters.go:48.21,50.3 1 0
orbyte/internal/platform/analytics/delivery_adapters.go:51.2,52.19 2 1
orbyte/internal/platform/analytics/delivery_adapters.go:52.19,54.3 1 1
orbyte/internal/platform/analytics/delivery_adapters.go:55.2,56.16 2 1
orbyte/internal/platform/analytics/delivery_adapters.go:56.16,58.3 1 0
orbyte/internal/platform/analytics/delivery_adapters.go:59.2,62.16 4 1
orbyte/internal/platform/analytics/delivery_adapters.go:62.16,64.3 1 0
orbyte/internal/platform/analytics/delivery_adapters.go:65.2,66.53 2 1
orbyte/internal/platform/analytics/delivery_adapters.go:66.53,68.3 1 0
orbyte/internal/platform/analytics/delivery_adapters.go:69.2,69.12 1 1
orbyte/internal/platform/analytics/delivery_adapters.go:78.101,80.2 1 0
orbyte/internal/platform/analytics/delivery_adapters.go:95.80,96.21 1 1
orbyte/internal/platform/analytics/delivery_adapters.go:96.21,98.3 1 0
orbyte/internal/platform/analytics/delivery_adapters.go:99.2,102.30 4 1
orbyte/internal/platform/analytics/delivery_adapters.go:102.30,104.3 1 1
orbyte/internal/platform/analytics/delivery_adapters.go:105.2,110.16 6 0
orbyte/internal/platform/analytics/delivery_adapters.go:110.16,112.3 1 0
orbyte/internal/platform/analytics/delivery_adapters.go:113.2,114.20 2 0
orbyte/internal/platform/analytics/delivery_adapters.go:114.20,116.3 1 0
orbyte/internal/platform/analytics/delivery_adapters.go:117.2,117.12 1 0
orbyte/internal/platform/analytics/delivery_adapters.go:117.12,118.91 1 0
orbyte/internal/platform/analytics/delivery_adapters.go:118.91,120.4 1 0
orbyte/internal/platform/analytics/delivery_adapters.go:121.3,121.13 1 0
orbyte/internal/platform/analytics/delivery_adapters.go:123.2,124.19 2 0
orbyte/internal/platform/analytics/delivery_adapters.go:124.19,126.3 1 0
orbyte/internal/platform/analytics/delivery_adapters.go:127.2,127.68 1 0
orbyte/internal/platform/analytics/delivery_adapters.go:130.89,132.21 2 1
orbyte/internal/platform/analytics/delivery_adapters.go:132.21,134.17 2 1
orbyte/internal/platform/analytics/delivery_adapters.go:134.17,136.4 1 0
orbyte/internal/platform/analytics/delivery_adapters.go:137.3,137.22 1 1
orbyte/internal/platform/analytics/delivery_adapters.go:138.8,139.55 1 0
orbyte/internal/platform/analytics/delivery_adapters.go:139.55,141.4 1 0
orbyte/internal/platform/analytics/delivery_adapters.go:143.2,144.16 2 1
orbyte/internal/platform/analytics/delivery_adapters.go:144.16,146.3 1 0
orbyte/internal/platform/analytics/delivery_adapters.go:147.2,148.73 2 1
orbyte/internal/platform/analytics/delivery_adapters.go:151.89,152.56 1 1
orbyte/internal/platform/analytics/delivery_adapters.go:152.56,154.3 1 0
orbyte/internal/platform/analytics/delivery_adapters.go:155.2,165.16 10 1
orbyte/internal/platform/analytics/delivery_adapters.go:165.16,167.3 1 0
orbyte/internal/platform/analytics/delivery_adapters.go:168.2,176.16 4 1
orbyte/internal/platform/analytics/delivery_adapters.go:176.16,178.3 1 0
orbyte/internal/platform/analytics/delivery_adapters.go:179.2,182.39 4 1
orbyte/internal/platform/analytics/delivery_adapters.go:182.39,184.3 1 0
orbyte/internal/platform/analytics/delivery_adapters.go:185.2,185.26 1 1
orbyte/internal/platform/analytics/delivery_adapters.go:188.65,190.27 2 1
orbyte/internal/platform/analytics/delivery_adapters.go:190.27,192.3 1 1
orbyte/internal/platform/analytics/delivery_adapters.go:193.2,193.15 1 1
orbyte/internal/platform/analytics/delivery_adapters.go:196.97,198.16 2 0
orbyte/internal/platform/analytics/delivery_adapters.go:198.16,200.3 1 0
orbyte/internal/platform/analytics/delivery_adapters.go:201.2,203.16 3 0
orbyte/internal/platform/analytics/delivery_adapters.go:203.16,205.3 1 0
orbyte/internal/platform/analytics/delivery_adapters.go:206.2,207.17 2 0
orbyte/internal/platform/analytics/delivery_adapters.go:207.17,208.43 1 0
orbyte/internal/platform/analytics/delivery_adapters.go:208.43,210.4 1 0
orbyte/internal/platform/analytics/delivery_adapters.go:212.2,212.42 1 0
orbyte/internal/platform/analytics/delivery_adapters.go:212.42,214.3 1 0
orbyte/internal/platform/analytics/delivery_adapters.go:215.2,215.31 1 0
orbyte/internal/platform/analytics/delivery_adapters.go:215.31,216.48 1 0
orbyte/internal/platform/analytics/delivery_adapters.go:216.48,218.4 1 0
orbyte/internal/platform/analytics/delivery_adapters.go:220.2,221.16 2 0
orbyte/internal/platform/analytics/delivery_adapters.go:221.16,223.3 1 0
orbyte/internal/platform/analytics/delivery_adapters.go:224.2,224.45 1 0
orbyte/internal/platform/analytics/delivery_adapters.go:224.45,226.3 1 0
orbyte/internal/platform/analytics/delivery_adapters.go:227.2,227.39 1 0
orbyte/internal/platform/analytics/delivery_adapters.go:227.39,229.3 1 0
orbyte/internal/platform/analytics/delivery_adapters.go:230.2,230.22 1 0
orbyte/internal/platform/analytics/delivery_adapters.go:248.86,249.21 1 1
orbyte/internal/platform/analytics/delivery_adapters.go:249.21,251.3 1 0
orbyte/internal/platform/analytics/delivery_adapters.go:252.2,253.16 2 1
orbyte/internal/platform/analytics/delivery_adapters.go:253.16,255.3 1 0
orbyte/internal/platform/analytics/delivery_adapters.go:256.2,256.19 1 1
orbyte/internal/platform/analytics/delivery_adapters.go:256.19,258.3 1 1
orbyte/internal/platform/analytics/delivery_adapters.go:259.2,260.16 2 0
orbyte/internal/platform/analytics/delivery_adapters.go:260.16,262.3 1 0
orbyte/internal/platform/analytics/delivery_adapters.go:263.2,265.16 3 0
orbyte/internal/platform/analytics/delivery_adapters.go:265.16,267.3 1 0
orbyte/internal/platform/analytics/delivery_adapters.go:268.2,268.13 1 0
orbyte/internal/platform/analytics/delivery_adapters.go:268.13,269.83 1 0
orbyte/internal/platform/analytics/delivery_adapters.go:269.83,271.4 1 0
orbyte/internal/platform/analytics/delivery_adapters.go:273.2,274.12 2 0
orbyte/internal/platform/analytics/delivery_adapters.go:277.75,278.21 1 1
orbyte/internal/platform/analytics/delivery_adapters.go:278.21,280.3 1 0
orbyte/internal/platform/analytics/delivery_adapters.go:281.2,282.20 2 1
orbyte/internal/platform/analytics/delivery_adapters.go:282.20,284.3 1 1
orbyte/internal/platform/analytics/delivery_adapters.go:285.2,289.16 5 0
orbyte/internal/platform/analytics/delivery_adapters.go:289.16,291.3 1 0
orbyte/internal/platform/analytics/delivery_adapters.go:292.2,292.20 1 0
orbyte/internal/platform/analytics/delivery_adapters.go:295.95,297.16 2 1
orbyte/internal/platform/analytics/delivery_adapters.go:297.16,299.17 2 1
orbyte/internal/platform/analytics/delivery_adapters.go:299.17,301.4 1 0
orbyte/internal/platform/analytics/delivery_adapters.go:302.3,302.17 1 1
orbyte/internal/platform/analytics/delivery_adapters.go:304.2,305.67 2 1
orbyte/internal/platform/analytics/delivery_adapters.go:305.67,307.3 1 0
orbyte/internal/platform/analytics/delivery_adapters.go:308.2,308.56 1 1
orbyte/internal/platform/analytics/delivery_adapters.go:311.74,313.57 2 0
orbyte/internal/platform/analytics/delivery_adapters.go:313.57,315.3 1 0
orbyte/internal/platform/analytics/delivery_adapters.go:316.2,316.32 1 0
orbyte/internal/platform/analytics/delivery_adapters.go:319.45,320.31 1 1
orbyte/internal/platform/analytics/delivery_adapters.go:320.31,321.18 1 1
orbyte/internal/platform/analytics/delivery_adapters.go:321.18,323.4 1 1
orbyte/internal/platform/analytics/delivery_adapters.go:325.2,325.11 1 1
orbyte/internal/platform/analytics/export.go:14.97,18.161 4 1
orbyte/internal/platform/analytics/export.go:18.161,20.3 1 0
orbyte/internal/platform/analytics/export.go:21.2,21.27 1 1
orbyte/internal/platform/analytics/export.go:21.27,33.46 2 1
orbyte/internal/platform/analytics/export.go:33.46,35.4 1 0
orbyte/internal/platform/analytics/export.go:37.2,38.39 2 1
orbyte/internal/platform/analytics/export.go:38.39,40.3 1 0
orbyte/internal/platform/analytics/export.go:41.2,41.25 1 1
orbyte/internal/platform/analytics/export.go:44.98,49.33 5 1
orbyte/internal/platform/analytics/export.go:49.33,51.61 2 1
orbyte/internal/platform/analytics/export.go:51.61,53.4 1 0
orbyte/internal/platform/analytics/export.go:55.2,55.34 1 1
orbyte/internal/platform/analytics/export.go:55.34,57.39 2 1
orbyte/internal/platform/analytics/export.go:57.39,59.61 2 1
orbyte/internal/platform/analytics/export.go:59.61,61.5 1 0
orbyte/internal/platform/analytics/export.go:64.2,65.16 2 1
orbyte/internal/platform/analytics/export.go:65.16,67.3 1 0
orbyte/internal/platform/analytics/export.go:68.2,68.25 1 1
orbyte/internal/platform/analytics/export.go:71.97,85.33 13 1
orbyte/internal/platform/analytics/export.go:85.33,87.3 1 1
orbyte/internal/platform/analytics/export.go:88.2,90.27 3 1
orbyte/internal/platform/analytics/export.go:90.27,102.32 2 1
orbyte/internal/platform/analytics/export.go:102.32,104.4 1 1
orbyte/internal/platform/analytics/export.go:105.3,105.13 1 1
orbyte/internal/platform/analytics/export.go:107.2,108.40 2 1
orbyte/internal/platform/analytics/export.go:108.40,110.3 1 0
orbyte/internal/platform/analytics/export.go:111.2,111.25 1 1
orbyte/internal/platform/analytics/export.go:114.90,115.18 1 1
orbyte/internal/platform/analytics/export.go:115.18,117.3 1 1
orbyte/internal/platform/analytics/export.go:118.2,118.20 1 1
orbyte/internal/platform/analytics/export.go:118.20,120.3 1 0
orbyte/internal/platform/analytics/export.go:121.2,121.25 1 1
orbyte/internal/platform/analytics/export.go:121.25,123.3 1 0
orbyte/internal/platform/analytics/export.go:124.2,124.22 1 1
orbyte/internal/platform/analytics/export.go:124.22,126.3 1 0
orbyte/internal/platform/analytics/export.go:127.2,127.22 1 1
orbyte/internal/platform/analytics/export.go:127.22,129.3 1 1
orbyte/internal/platform/analytics/export.go:130.2,130.24 1 1
orbyte/internal/platform/analytics/export.go:130.24,132.3 1 0
orbyte/internal/platform/analytics/export.go:133.2,133.28 1 1
orbyte/internal/platform/analytics/export.go:133.28,135.3 1 1
orbyte/internal/platform/analytics/export.go:136.2,137.57 2 1
orbyte/internal/platform/analytics/export.go:137.57,139.3 1 0
orbyte/internal/platform/analytics/export.go:140.2,140.17 1 1
orbyte/internal/platform/analytics/export.go:143.90,144.53 1 0
orbyte/internal/platform/analytics/export.go:144.53,145.44 1 0
orbyte/internal/platform/analytics/export.go:145.44,147.4 1 0
orbyte/internal/platform/analytics/export.go:148.3,148.50 1 0
orbyte/internal/platform/analytics/export.go:148.50,150.4 1 0
orbyte/internal/platform/analytics/export.go:152.2,152.38 1 0
orbyte/internal/platform/analytics/export.go:155.62,156.19 1 1
orbyte/internal/platform/analytics/export.go:156.19,158.3 1 0
orbyte/internal/platform/analytics/export.go:159.2,159.39 1 1
orbyte/internal/platform/analytics/export.go:162.48,163.19 1 1
orbyte/internal/platform/analytics/export.go:163.19,165.3 1 0
orbyte/internal/platform/analytics/export.go:166.2,166.32 1 1
orbyte/internal/platform/analytics/export.go:169.58,170.19 1 1
orbyte/internal/platform/analytics/export.go:170.19,172.3 1 0
orbyte/internal/platform/analytics/export.go:173.2,173.37 1 1
orbyte/internal/platform/analytics/export.go:176.59,177.19 1 1
orbyte/internal/platform/analytics/export.go:177.19,179.3 1 0
orbyte/internal/platform/analytics/export.go:180.2,180.38 1 1
orbyte/internal/platform/analytics/export.go:183.78,184.19 1 1
orbyte/internal/platform/analytics/export.go:184.19,186.3 1 0
orbyte/internal/platform/analytics/export.go:187.2,187.47 1 1
orbyte/internal/platform/analytics/export.go:190.98,192.9 2 1
orbyte/internal/platform/analytics/export.go:192.9,194.3 1 0
orbyte/internal/platform/analytics/export.go:195.2,195.19 1 1
orbyte/internal/platform/analytics/export.go:195.19,197.3 1 0
orbyte/internal/platform/analytics/export.go:198.2,199.49 2 1
orbyte/internal/platform/analytics/export.go:199.49,200.135 1 1
orbyte/internal/platform/analytics/export.go:200.135,202.4 1 1
orbyte/internal/platform/analytics/export.go:204.2,208.20 5 1
orbyte/internal/platform/analytics/export.go:208.20,210.3 1 0
orbyte/internal/platform/analytics/export.go:210.8,210.68 1 1
orbyte/internal/platform/analytics/export.go:210.68,212.3 1 1
orbyte/internal/platform/analytics/export.go:212.8,215.3 2 1
orbyte/internal/platform/analytics/export.go:216.2,216.27 1 1
orbyte/internal/platform/analytics/export.go:216.27,217.24 1 1
orbyte/internal/platform/analytics/export.go:217.24,219.4 1 1
orbyte/internal/platform/analytics/export.go:219.9,221.4 1 1
orbyte/internal/platform/analytics/export.go:223.2,234.60 2 1
orbyte/internal/platform/analytics/export.go:234.60,236.3 1 0
orbyte/internal/platform/analytics/export.go:237.2,237.29 1 1
orbyte/internal/platform/analytics/export.go:237.29,246.18 1 1
orbyte/internal/platform/analytics/export.go:246.18,248.4 1 0
orbyte/internal/platform/analytics/export.go:250.2,250.27 1 1
orbyte/internal/platform/analytics/export.go:250.27,252.3 1 1
orbyte/internal/platform/analytics/export.go:253.2,253.46 1 1
orbyte/internal/platform/analytics/export.go:256.67,257.17 1 1
orbyte/internal/platform/analytics/export.go:258.18,259.27 1 1
orbyte/internal/platform/analytics/export.go:260.20,261.29 1 1
orbyte/internal/platform/analytics/export.go:262.17,263.26 1 1
orbyte/internal/platform/analytics/export.go:264.15,265.24 1 1
orbyte/internal/platform/analytics/export.go:266.22,267.30 1 1
orbyte/internal/platform/analytics/export.go:268.10,269.13 1 0
orbyte/internal/platform/analytics/export.go:273.71,274.19 1 1
orbyte/internal/platform/analytics/export.go:274.19,276.3 1 0
orbyte/internal/platform/analytics/export.go:277.2,277.37 1 1
orbyte/internal/platform/analytics/export.go:280.78,286.20 3 1
orbyte/internal/platform/analytics/export.go:287.14,288.69 1 1
orbyte/internal/platform/analytics/export.go:289.13,290.68 1 0
orbyte/internal/platform/analytics/export.go:291.10,292.68 1 0
orbyte/internal/platform/analytics/export.go:294.2,294.16 1 1
orbyte/internal/platform/analytics/export.go:294.16,296.3 1 0
orbyte/internal/platform/analytics/export.go:297.2,306.32 2 1
orbyte/internal/platform/analytics/export.go:306.32,308.3 1 0
orbyte/internal/platform/analytics/export.go:309.2,311.50 3 1
orbyte/internal/platform/analytics/export.go:311.50,313.3 1 0
orbyte/internal/platform/analytics/export.go:314.2,314.60 1 1
orbyte/internal/platform/analytics/export.go:314.60,316.3 1 0
orbyte/internal/platform/analytics/export.go:317.2,317.31 1 1
orbyte/internal/platform/analytics/export.go:317.31,318.100 1 0
orbyte/internal/platform/analytics/export.go:318.100,320.4 1 0
orbyte/internal/platform/analytics/export.go:322.2,322.26 1 1
orbyte/internal/platform/analytics/export.go:325.54,326.48 1 1
orbyte/internal/platform/analytics/export.go:326.48,327.47 1 1
orbyte/internal/platform/analytics/export.go:327.47,328.12 1 0
orbyte/internal/platform/analytics/export.go:330.3,330.48 1 1
orbyte/internal/platform/analytics/export.go:330.48,332.4 1 0
orbyte/internal/platform/analytics/export.go:333.3,334.60 2 1
orbyte/internal/platform/analytics/export.go:334.60,336.4 1 0
orbyte/internal/platform/analytics/export.go:338.2,338.12 1 1
orbyte/internal/platform/analytics/export.go:341.61,342.19 1 1
orbyte/internal/platform/analytics/export.go:342.19,344.3 1 0
orbyte/internal/platform/analytics/export.go:345.2,345.41 1 1
orbyte/internal/platform/analytics/jobs.go:19.52,21.19 2 1
orbyte/internal/platform/analytics/jobs.go:21.19,23.3 1 0
orbyte/internal/platform/analytics/jobs.go:24.2,24.111 1 1
orbyte/internal/platform/analytics/jobs.go:24.111,26.17 2 0
orbyte/internal/platform/analytics/jobs.go:26.17,28.4 1 0
orbyte/internal/platform/analytics/jobs.go:29.3,29.57 1 0
orbyte/internal/platform/analytics/jobs.go:31.2,31.115 1 1
orbyte/internal/platform/analytics/jobs.go:31.115,33.17 2 0
orbyte/internal/platform/analytics/jobs.go:33.17,35.4 1 0
orbyte/internal/platform/analytics/jobs.go:36.3,36.46 1 0
orbyte/internal/platform/analytics/jobs.go:36.46,38.4 1 0
orbyte/internal/platform/analytics/jobs.go:39.3,39.65 1 0
orbyte/internal/platform/analytics/jobs.go:41.2,41.118 1 1
orbyte/internal/platform/analytics/jobs.go:41.118,43.17 2 0
orbyte/internal/platform/analytics/jobs.go:43.17,45.4 1 0
orbyte/internal/platform/analytics/jobs.go:46.3,46.51 1 0
orbyte/internal/platform/analytics/jobs.go:46.51,48.4 1 0
orbyte/internal/platform/analytics/jobs.go:49.3,49.68 1 0
orbyte/internal/platform/analytics/jobs.go:51.2,51.116 1 1
orbyte/internal/platform/analytics/jobs.go:51.116,53.17 2 0
orbyte/internal/platform/analytics/jobs.go:53.17,55.4 1 0
orbyte/internal/platform/analytics/jobs.go:56.3,56.53 1 0
orbyte/internal/platform/analytics/jobs.go:56.53,58.4 1 0
orbyte/internal/platform/analytics/jobs.go:59.3,59.68 1 0
orbyte/internal/platform/analytics/jobs.go:61.2,61.110 1 1
orbyte/internal/platform/analytics/jobs.go:61.110,63.17 2 0
orbyte/internal/platform/analytics/jobs.go:63.17,65.4 1 0
orbyte/internal/platform/analytics/jobs.go:66.3,66.57 1 0
orbyte/internal/platform/analytics/jobs.go:70.69,72.15 2 0
orbyte/internal/platform/analytics/jobs.go:72.15,74.3 1 0
orbyte/internal/platform/analytics/jobs.go:75.2,76.16 2 0
orbyte/internal/platform/analytics/jobs.go:76.16,78.3 1 0
orbyte/internal/platform/analytics/jobs.go:79.2,79.20 1 0
orbyte/internal/platform/analytics/memory_repository.go:20.46,22.2 1 1
orbyte/internal/platform/analytics/memory_repository.go:24.77,27.2 2 1
orbyte/internal/platform/analytics/memory_repository.go:29.66,32.2 2 1
orbyte/internal/platform/analytics/memory_repository.go:34.55,36.40 2 1
orbyte/internal/platform/analytics/memory_repository.go:36.40,36.100 1 1
orbyte/internal/platform/analytics/memory_repository.go:37.2,37.14 1 1
orbyte/internal/platform/analytics/memory_repository.go:40.67,43.33 3 1
orbyte/internal/platform/analytics/memory_repository.go:43.33,44.60 1 1
orbyte/internal/platform/analytics/memory_repository.go:44.60,45.12 1 0
orbyte/internal/platform/analytics/memory_repository.go:47.3,47.70 1 1
orbyte/internal/platform/analytics/memory_repository.go:47.70,48.12 1 0
orbyte/internal/platform/analytics/memory_repository.go:50.3,50.65 1 1
orbyte/internal/platform/analytics/memory_repository.go:50.65,51.12 1 1
orbyte/internal/platform/analytics/memory_repository.go:53.3,53.40 1 1
orbyte/internal/platform/analytics/memory_repository.go:55.2,55.52 1 1
orbyte/internal/platform/analytics/memory_repository.go:55.52,57.3 1 0
orbyte/internal/platform/analytics/memory_repository.go:58.2,58.17 1 1
orbyte/internal/platform/analytics/memory_repository.go:61.61,63.39 2 0
orbyte/internal/platform/analytics/memory_repository.go:63.39,65.3 1 0
orbyte/internal/platform/analytics/memory_repository.go:66.2,66.61 1 0
orbyte/internal/platform/analytics/memory_repository.go:69.68,71.39 2 1
orbyte/internal/platform/analytics/memory_repository.go:71.39,72.42 1 1
orbyte/internal/platform/analytics/memory_repository.go:72.42,73.12 1 0
orbyte/internal/platform/analytics/memory_repository.go:75.3,75.40 1 1
orbyte/internal/platform/analytics/memory_repository.go:77.2,78.12 2 1
orbyte/internal/platform/analytics/memory_repository.go:81.62,84.2 2 1
orbyte/internal/platform/analytics/memory_repository.go:86.80,88.2 1 0
orbyte/internal/platform/analytics/memory_repository.go:90.101,92.35 2 1
orbyte/internal/platform/analytics/memory_repository.go:92.35,93.61 1 1
orbyte/internal/platform/analytics/memory_repository.go:93.61,94.12 1 1
orbyte/internal/platform/analytics/memory_repository.go:96.3,96.56 1 1
orbyte/internal/platform/analytics/memory_repository.go:96.56,97.12 1 0
orbyte/internal/platform/analytics/memory_repository.go:99.3,99.51 1 1
orbyte/internal/platform/analytics/memory_repository.go:99.51,100.12 1 0
orbyte/internal/platform/analytics/memory_repository.go:102.3,102.32 1 1
orbyte/internal/platform/analytics/memory_repository.go:104.2,104.40 1 1
orbyte/internal/platform/analytics/memory_repository.go:104.40,104.100 1 0
orbyte/internal/platform/analytics/memory_repository.go:105.2,105.37 1 1
orbyte/internal/platform/analytics/memory_repository.go:105.37,107.3 1 0
orbyte/internal/platform/analytics/memory_repository.go:108.2,108.14 1 1
orbyte/internal/platform/analytics/memory_repository.go:111.62,116.2 4 1
orbyte/internal/platform/analytics/memory_repository.go:118.67,120.41 2 1
orbyte/internal/platform/analytics/memory_repository.go:120.41,121.65 1 1
orbyte/internal/platform/analytics/memory_repository.go:121.65,122.12 1 0
orbyte/internal/platform/analytics/memory_repository.go:124.3,124.60 1 1
orbyte/internal/platform/analytics/memory_repository.go:124.60,125.12 1 0
orbyte/internal/platform/analytics/memory_repository.go:127.3,127.68 1 1
orbyte/internal/platform/analytics/memory_repository.go:127.68,128.12 1 0
orbyte/internal/platform/analytics/memory_repository.go:130.3,130.74 1 1
orbyte/internal/platform/analytics/memory_repository.go:130.74,131.12 1 0
orbyte/internal/platform/analytics/memory_repository.go:133.3,133.52 1 1
orbyte/internal/platform/analytics/memory_repository.go:135.2,135.40 1 1
orbyte/internal/platform/analytics/memory_repository.go:135.40,136.65 1 1
orbyte/internal/platform/analytics/memory_repository.go:136.65,137.12 1 0
orbyte/internal/platform/analytics/memory_repository.go:139.3,139.60 1 1
orbyte/internal/platform/analytics/memory_repository.go:139.60,140.12 1 0
orbyte/internal/platform/analytics/memory_repository.go:142.3,142.50 1 1
orbyte/internal/platform/analytics/memory_repository.go:144.2,144.43 1 1
orbyte/internal/platform/analytics/memory_repository.go:144.43,145.65 1 1
orbyte/internal/platform/analytics/memory_repository.go:145.65,146.12 1 0
orbyte/internal/platform/analytics/memory_repository.go:148.3,148.60 1 1
orbyte/internal/platform/analytics/memory_repository.go:148.60,149.12 1 0
orbyte/internal/platform/analytics/memory_repository.go:151.3,151.56 1 1
orbyte/internal/platform/analytics/memory_repository.go:153.2,153.15 1 1
orbyte/internal/platform/analytics/memory_repository.go:156.97,158.53 2 1
orbyte/internal/platform/analytics/memory_repository.go:158.53,160.20 2 1
orbyte/internal/platform/analytics/memory_repository.go:161.19,163.17 2 0
orbyte/internal/platform/analytics/memory_repository.go:163.17,164.13 1 0
orbyte/internal/platform/analytics/memory_repository.go:166.4,166.15 1 0
orbyte/internal/platform/analytics/memory_repository.go:167.11,169.17 2 1
orbyte/internal/platform/analytics/memory_repository.go:169.17,170.13 1 1
orbyte/internal/platform/analytics/memory_repository.go:172.4,173.31 2 1
orbyte/internal/platform/analytics/memory_repository.go:175.3,176.17 2 1
orbyte/internal/platform/analytics/memory_repository.go:176.17,179.4 2 1
orbyte/internal/platform/analytics/memory_repository.go:180.3,185.34 6 1
orbyte/internal/platform/analytics/memory_repository.go:187.2,188.27 2 1
orbyte/internal/platform/analytics/memory_repository.go:188.27,190.3 1 1
orbyte/internal/platform/analytics/memory_repository.go:191.2,191.40 1 1
orbyte/internal/platform/analytics/memory_repository.go:191.40,191.96 1 0
orbyte/internal/platform/analytics/memory_repository.go:192.2,192.14 1 1
orbyte/internal/platform/analytics/memory_repository.go:195.77,198.2 2 1
orbyte/internal/platform/analytics/memory_repository.go:200.71,202.40 2 1
orbyte/internal/platform/analytics/memory_repository.go:202.40,202.96 1 0
orbyte/internal/platform/analytics/memory_repository.go:203.2,203.14 1 1
orbyte/internal/platform/analytics/memory_repository.go:206.79,207.27 1 1
orbyte/internal/platform/analytics/memory_repository.go:207.27,208.32 1 1
orbyte/internal/platform/analytics/memory_repository.go:208.32,211.4 2 1
orbyte/internal/platform/analytics/memory_repository.go:213.2,213.12 1 0
orbyte/internal/platform/analytics/memory_repository.go:216.63,219.2 2 1
orbyte/internal/platform/analytics/memory_repository.go:221.57,223.40 2 1
orbyte/internal/platform/analytics/memory_repository.go:223.40,223.100 1 1
orbyte/internal/platform/analytics/memory_repository.go:224.2,224.14 1 1
orbyte/internal/platform/analytics/memory_repository.go:227.78,230.2 2 1
orbyte/internal/platform/analytics/memory_repository.go:232.67,234.40 2 1
orbyte/internal/platform/analytics/memory_repository.go:234.40,234.96 1 0
orbyte/internal/platform/analytics/memory_repository.go:235.2,235.14 1 1
orbyte/internal/platform/analytics/memory_repository.go:238.80,239.39 1 1
orbyte/internal/platform/analytics/memory_repository.go:239.39,240.24 1 1
orbyte/internal/platform/analytics/memory_repository.go:240.24,242.4 1 1
orbyte/internal/platform/analytics/memory_repository.go:244.2,244.32 1 0
orbyte/internal/platform/analytics/memory_repository.go:247.78,250.2 2 1
orbyte/internal/platform/analytics/memory_repository.go:252.68,254.40 2 1
orbyte/internal/platform/analytics/memory_repository.go:254.40,254.96 1 1
orbyte/internal/platform/analytics/memory_repository.go:255.2,255.14 1 1
orbyte/internal/platform/analytics/memory_repository.go:258.96,261.2 2 1
orbyte/internal/platform/analytics/memory_repository.go:263.87,265.40 2 1
orbyte/internal/platform/analytics/memory_repository.go:265.40,265.96 1 0
orbyte/internal/platform/analytics/memory_repository.go:266.2,266.14 1 1
orbyte/internal/platform/analytics/memory_repository.go:269.70,272.29 3 1
orbyte/internal/platform/analytics/memory_repository.go:272.29,273.37 1 1
orbyte/internal/platform/analytics/memory_repository.go:273.37,274.12 1 1
orbyte/internal/platform/analytics/memory_repository.go:276.3,277.34 2 0
orbyte/internal/platform/analytics/memory_repository.go:279.2,283.39 4 1
orbyte/internal/platform/analytics/memory_repository.go:283.39,284.40 1 1
orbyte/internal/platform/analytics/memory_repository.go:284.40,285.12 1 1
orbyte/internal/platform/analytics/memory_repository.go:287.3,287.53 1 0
orbyte/internal/platform/analytics/memory_repository.go:287.53,288.12 1 0
orbyte/internal/platform/analytics/memory_repository.go:290.3,291.44 2 0
orbyte/internal/platform/analytics/memory_repository.go:293.2,296.40 3 1
orbyte/internal/platform/analytics/memory_repository.go:296.40,297.40 1 1
orbyte/internal/platform/analytics/memory_repository.go:297.40,298.12 1 1
orbyte/internal/platform/analytics/memory_repository.go:300.3,300.57 1 0
orbyte/internal/platform/analytics/memory_repository.go:300.57,301.12 1 0
orbyte/internal/platform/analytics/memory_repository.go:303.3,303.56 1 0
orbyte/internal/platform/analytics/memory_repository.go:305.2,308.47 3 1
orbyte/internal/platform/analytics/memory_repository.go:308.47,309.38 1 1
orbyte/internal/platform/analytics/memory_repository.go:309.38,310.12 1 1
orbyte/internal/platform/analytics/memory_repository.go:312.3,312.55 1 0
orbyte/internal/platform/analytics/memory_repository.go:312.55,313.12 1 0
orbyte/internal/platform/analytics/memory_repository.go:315.3,315.42 1 0
orbyte/internal/platform/analytics/memory_repository.go:317.2,318.12 2 1
orbyte/internal/platform/analytics/postgres_repository.go:17.60,19.2 1 1
orbyte/internal/platform/analytics/postgres_repository.go:21.79,22.48 1 1
orbyte/internal/platform/analytics/postgres_repository.go:22.48,24.111 2 1
orbyte/internal/platform/analytics/postgres_repository.go:24.111,26.4 1 0
orbyte/internal/platform/analytics/postgres_repository.go:28.2,28.44 1 1
orbyte/internal/platform/analytics/postgres_repository.go:28.44,30.102 2 1
orbyte/internal/platform/analytics/postgres_repository.go:30.102,32.4 1 0
orbyte/internal/platform/analytics/postgres_repository.go:34.2,34.12 1 1
orbyte/internal/platform/analytics/postgres_repository.go:37.79,41.2 3 1
orbyte/internal/platform/analytics/postgres_repository.go:43.73,46.16 3 1
orbyte/internal/platform/analytics/postgres_repository.go:46.16,48.3 1 0
orbyte/internal/platform/analytics/postgres_repository.go:49.2,51.18 3 1
orbyte/internal/platform/analytics/postgres_repository.go:51.18,53.233 2 1
orbyte/internal/platform/analytics/postgres_repository.go:53.233,55.4 1 1
orbyte/internal/platform/analytics/postgres_repository.go:57.2,57.14 1 1
orbyte/internal/platform/analytics/postgres_repository.go:60.81,64.2 3 1
orbyte/internal/platform/analytics/postgres_repository.go:66.65,70.2 3 1
orbyte/internal/platform/analytics/postgres_repository.go:72.59,75.16 3 1
orbyte/internal/platform/analytics/postgres_repository.go:75.16,77.3 1 0
orbyte/internal/platform/analytics/postgres_repository.go:78.2,80.18 3 1
orbyte/internal/platform/analytics/postgres_repository.go:80.18,82.124 2 1
orbyte/internal/platform/analytics/postgres_repository.go:82.124,84.4 1 1
orbyte/internal/platform/analytics/postgres_repository.go:86.2,86.14 1 1
orbyte/internal/platform/analytics/postgres_repository.go:89.80,93.2 3 1
orbyte/internal/platform/analytics/postgres_repository.go:95.69,98.16 3 1
orbyte/internal/platform/analytics/postgres_repository.go:98.16,100.3 1 0
orbyte/internal/platform/analytics/postgres_repository.go:101.2,103.18 3 1
orbyte/internal/platform/analytics/postgres_repository.go:103.18,105.149 2 1
orbyte/internal/platform/analytics/postgres_repository.go:105.149,107.4 1 1
orbyte/internal/platform/analytics/postgres_repository.go:109.2,109.14 1 1
orbyte/internal/platform/analytics/postgres_repository.go:112.82,116.16 4 1
orbyte/internal/platform/analytics/postgres_repository.go:116.16,118.3 1 0
orbyte/internal/platform/analytics/postgres_repository.go:119.2,119.19 1 1
orbyte/internal/platform/analytics/postgres_repository.go:122.80,126.2 3 1
orbyte/internal/platform/analytics/postgres_repository.go:128.70,131.16 3 1
orbyte/internal/platform/analytics/postgres_repository.go:131.16,133.3 1 0
orbyte/internal/platform/analytics/postgres_repository.go:134.2,136.18 3 1
orbyte/internal/platform/analytics/postgres_repository.go:136.18,139.177 3 1
orbyte/internal/platform/analytics/postgres_repository.go:139.177,140.25 1 1
orbyte/internal/platform/analytics/postgres_repository.go:140.25,142.5 1 1
orbyte/internal/platform/analytics/postgres_repository.go:143.4,143.31 1 1
orbyte/internal/platform/analytics/postgres_repository.go:146.2,146.14 1 1
orbyte/internal/platform/analytics/postgres_repository.go:149.98,153.2 3 1
orbyte/internal/platform/analytics/postgres_repository.go:155.89,158.16 3 1
orbyte/internal/platform/analytics/postgres_repository.go:158.16,160.3 1 0
orbyte/internal/platform/analytics/postgres_repository.go:161.2,163.18 3 1
orbyte/internal/platform/analytics/postgres_repository.go:163.18,165.146 2 1
orbyte/internal/platform/analytics/postgres_repository.go:165.146,167.4 1 1
orbyte/internal/platform/analytics/postgres_repository.go:169.2,169.14 1 1
orbyte/internal/platform/analytics/postgres_repository.go:172.68,174.16 2 1
orbyte/internal/platform/analytics/postgres_repository.go:174.16,176.3 1 0
orbyte/internal/platform/analytics/postgres_repository.go:177.2,179.12 3 1
orbyte/internal/platform/analytics/postgres_repository.go:182.57,185.2 2 1
orbyte/internal/platform/analytics/postgres_repository.go:187.69,191.24 4 1
orbyte/internal/platform/analytics/postgres_repository.go:191.24,194.3 2 1
orbyte/internal/platform/analytics/postgres_repository.go:195.2,195.26 1 1
orbyte/internal/platform/analytics/postgres_repository.go:195.26,198.3 2 1
orbyte/internal/platform/analytics/postgres_repository.go:199.2,199.24 1 1
orbyte/internal/platform/analytics/postgres_repository.go:199.24,202.3 2 1
orbyte/internal/platform/analytics/postgres_repository.go:203.2,203.22 1 1
orbyte/internal/platform/analytics/postgres_repository.go:203.22,205.3 1 1
orbyte/internal/platform/analytics/postgres_repository.go:206.2,207.21 2 1
orbyte/internal/platform/analytics/postgres_repository.go:207.21,210.3 2 1
orbyte/internal/platform/analytics/postgres_repository.go:211.2,211.37 1 1
orbyte/internal/platform/analytics/postgres_repository.go:214.63,215.16 1 1
orbyte/internal/platform/analytics/postgres_repository.go:215.16,217.3 1 0
orbyte/internal/platform/analytics/postgres_repository.go:218.2,220.40 3 1
orbyte/internal/platform/analytics/postgres_repository.go:220.40,220.100 1 0
orbyte/internal/platform/analytics/postgres_repository.go:221.2,221.14 1 1
orbyte/internal/platform/analytics/postgres_repository.go:224.70,228.2 3 1
orbyte/internal/platform/analytics/postgres_repository.go:230.64,232.16 2 1
orbyte/internal/platform/analytics/postgres_repository.go:232.16,234.3 1 0
orbyte/internal/platform/analytics/postgres_repository.go:235.2,246.12 3 1
orbyte/internal/platform/analytics/postgres_repository.go:249.82,251.2 1 1
orbyte/internal/platform/analytics/postgres_repository.go:253.103,257.23 4 1
orbyte/internal/platform/analytics/postgres_repository.go:257.23,260.3 2 1
orbyte/internal/platform/analytics/postgres_repository.go:261.2,261.20 1 1
orbyte/internal/platform/analytics/postgres_repository.go:261.20,264.3 2 1
orbyte/internal/platform/analytics/postgres_repository.go:265.2,265.18 1 1
orbyte/internal/platform/analytics/postgres_repository.go:265.18,268.3 2 1
orbyte/internal/platform/analytics/postgres_repository.go:269.2,269.22 1 1
orbyte/internal/platform/analytics/postgres_repository.go:269.22,271.3 1 1
orbyte/internal/platform/analytics/postgres_repository.go:272.2,273.15 2 1
orbyte/internal/platform/analytics/postgres_repository.go:273.15,274.21 1 1
orbyte/internal/platform/analytics/postgres_repository.go:274.21,276.4 1 0
orbyte/internal/platform/analytics/postgres_repository.go:276.9,278.4 1 1
orbyte/internal/platform/analytics/postgres_repository.go:279.3,279.29 1 1
orbyte/internal/platform/analytics/postgres_repository.go:281.2,282.16 2 1
orbyte/internal/platform/analytics/postgres_repository.go:282.16,284.3 1 0
orbyte/internal/platform/analytics/postgres_repository.go:285.2,287.18 3 1
orbyte/internal/platform/analytics/postgres_repository.go:287.18,289.45 2 1
orbyte/internal/platform/analytics/postgres_repository.go:289.45,290.12 1 0
orbyte/internal/platform/analytics/postgres_repository.go:292.3,293.56 2 1
orbyte/internal/platform/analytics/postgres_repository.go:293.56,294.12 1 0
orbyte/internal/platform/analytics/postgres_repository.go:296.3,296.30 1 1
orbyte/internal/platform/analytics/postgres_repository.go:298.2,298.40 1 1
orbyte/internal/platform/analytics/postgres_repository.go:298.40,298.100 1 0
orbyte/internal/platform/analytics/postgres_repository.go:299.2,299.14 1 1
orbyte/internal/platform/analytics/postgres_repository.go:302.64,303.39 1 1
orbyte/internal/platform/analytics/postgres_repository.go:303.39,305.232 2 1
orbyte/internal/platform/analytics/postgres_repository.go:305.232,307.4 1 0
orbyte/internal/platform/analytics/postgres_repository.go:309.2,309.38 1 1
orbyte/internal/platform/analytics/postgres_repository.go:309.38,311.168 2 1
orbyte/internal/platform/analytics/postgres_repository.go:311.168,313.4 1 0
orbyte/internal/platform/analytics/postgres_repository.go:315.2,315.41 1 1
orbyte/internal/platform/analytics/postgres_repository.go:315.41,317.190 2 1
orbyte/internal/platform/analytics/postgres_repository.go:317.190,319.4 1 0
orbyte/internal/platform/analytics/postgres_repository.go:321.2,321.12 1 1
orbyte/internal/platform/analytics/postgres_repository.go:324.69,328.26 4 1
orbyte/internal/platform/analytics/postgres_repository.go:328.26,331.3 2 0
orbyte/internal/platform/analytics/postgres_repository.go:332.2,332.24 1 1
orbyte/internal/platform/analytics/postgres_repository.go:332.24,335.3 2 0
orbyte/internal/platform/analytics/postgres_repository.go:336.2,336.28 1 1
orbyte/internal/platform/analytics/postgres_repository.go:336.28,339.3 2 0
orbyte/internal/platform/analytics/postgres_repository.go:340.2,340.30 1 1
orbyte/internal/platform/analytics/postgres_repository.go:340.30,343.3 2 0
orbyte/internal/platform/analytics/postgres_repository.go:344.2,345.22 2 1
orbyte/internal/platform/analytics/postgres_repository.go:345.22,347.3 1 0
orbyte/internal/platform/analytics/postgres_repository.go:348.2,349.16 2 1
orbyte/internal/platform/analytics/postgres_repository.go:349.16,351.19 2 1
orbyte/internal/platform/analytics/postgres_repository.go:351.19,353.204 2 1
[...]
orbyte/internal/platform/httpx/templates.go:77.10,79.4 1 0
orbyte/internal/platform/httpx/templates.go:80.3,81.66 2 1
orbyte/internal/platform/httpx/templates.go:81.66,84.4 2 0
orbyte/internal/platform/httpx/templates.go:85.3,87.17 3 1
orbyte/internal/platform/httpx/templates.go:87.17,90.4 2 0
orbyte/internal/platform/httpx/templates.go:91.3,91.66 1 1
orbyte/internal/platform/httpx/templates.go:93.2,93.91 1 1
orbyte/internal/platform/httpx/templates.go:93.91,95.10 2 1
orbyte/internal/platform/httpx/templates.go:95.10,97.4 1 0
orbyte/internal/platform/httpx/templates.go:98.3,99.31 2 1
orbyte/internal/platform/httpx/templates.go:99.31,101.4 1 0
orbyte/internal/platform/httpx/templates.go:102.3,102.20 1 1
orbyte/internal/platform/httpx/templates.go:102.20,104.4 1 0
orbyte/internal/platform/httpx/templates.go:105.3,106.62 2 1
orbyte/internal/platform/httpx/templates.go:106.62,109.4 2 0
orbyte/internal/platform/httpx/templates.go:110.3,111.17 2 1
orbyte/internal/platform/httpx/templates.go:111.17,114.4 2 0
orbyte/internal/platform/httpx/templates.go:115.3,115.66 1 1
orbyte/internal/platform/httpx/templates.go:117.2,117.92 1 1
orbyte/internal/platform/httpx/templates.go:117.92,119.10 2 0
orbyte/internal/platform/httpx/templates.go:119.10,121.4 1 0
orbyte/internal/platform/httpx/templates.go:122.3,123.33 2 0
orbyte/internal/platform/httpx/templates.go:123.33,125.4 1 0
orbyte/internal/platform/httpx/templates.go:126.3,127.35 2 0
orbyte/internal/platform/httpx/templates.go:127.35,130.4 2 0
orbyte/internal/platform/httpx/templates.go:131.3,132.17 2 0
orbyte/internal/platform/httpx/templates.go:132.17,135.4 2 0
orbyte/internal/platform/httpx/templates.go:136.3,136.66 1 0
orbyte/internal/platform/httpx/templates.go:138.2,138.86 1 1
orbyte/internal/platform/httpx/templates.go:138.86,139.96 1 1
orbyte/internal/platform/httpx/templates.go:139.96,141.4 1 0
orbyte/internal/platform/httpx/templates.go:142.3,143.62 2 1
orbyte/internal/platform/httpx/templates.go:143.62,146.4 2 0
orbyte/internal/platform/httpx/templates.go:147.3,148.17 2 1
orbyte/internal/platform/httpx/templates.go:148.17,151.4 2 0
orbyte/internal/platform/httpx/templates.go:152.3,152.102 1 1
orbyte/internal/platform/httpx/templates.go:152.102,155.4 2 1
orbyte/internal/platform/httpx/templates.go:156.3,157.30 2 1
orbyte/internal/platform/httpx/templates.go:157.30,161.4 3 1
orbyte/internal/platform/httpx/templates.go:162.3,162.40 1 0
orbyte/internal/platform/httpx/templates.go:166.92,169.91 3 1
orbyte/internal/platform/httpx/templates.go:169.91,171.3 1 0
orbyte/internal/platform/httpx/templates.go:172.2,173.46 2 1
orbyte/internal/platform/httpx/templates.go:173.46,175.3 1 1
orbyte/internal/platform/httpx/templates.go:176.2,176.47 1 0
orbyte/internal/platform/httpx/templates.go:176.47,178.3 1 0
orbyte/internal/platform/httpx/templates.go:179.2,179.26 1 0
orbyte/internal/platform/httpx/ui.go:24.364,25.73 1 1
orbyte/internal/platform/httpx/ui.go:25.73,28.3 2 1
orbyte/internal/platform/httpx/ui.go:30.2,30.93 1 1
orbyte/internal/platform/httpx/ui.go:30.93,34.3 3 1
orbyte/internal/platform/httpx/ui.go:36.2,36.94 1 1
orbyte/internal/platform/httpx/ui.go:36.94,46.3 1 1
orbyte/internal/platform/httpx/ui.go:48.2,48.79 1 1
orbyte/internal/platform/httpx/ui.go:48.79,52.3 3 1
orbyte/internal/platform/httpx/ui.go:54.2,54.83 1 1
orbyte/internal/platform/httpx/ui.go:54.83,56.10 2 1
orbyte/internal/platform/httpx/ui.go:56.10,58.4 1 1
orbyte/internal/platform/httpx/ui.go:59.3,63.26 5 1
orbyte/internal/platform/httpx/ui.go:63.26,64.40 1 1
orbyte/internal/platform/httpx/ui.go:64.40,65.46 1 1
orbyte/internal/platform/httpx/ui.go:65.46,67.11 2 1
orbyte/internal/platform/httpx/ui.go:71.3,81.5 1 1
orbyte/internal/platform/httpx/ui.go:84.2,84.79 1 1
orbyte/internal/platform/httpx/ui.go:84.79,86.10 2 0
orbyte/internal/platform/httpx/ui.go:86.10,88.4 1 0
orbyte/internal/platform/httpx/ui.go:89.3,90.64 2 0
orbyte/internal/platform/httpx/ui.go:93.2,93.81 1 1
orbyte/internal/platform/httpx/ui.go:93.81,95.10 2 0
orbyte/internal/platform/httpx/ui.go:95.10,97.4 1 0
orbyte/internal/platform/httpx/ui.go:98.3,99.66 2 0
orbyte/internal/platform/httpx/ui.go:102.2,102.88 1 1
orbyte/internal/platform/httpx/ui.go:102.88,104.10 2 1
orbyte/internal/platform/httpx/ui.go:104.10,106.4 1 0
orbyte/internal/platform/httpx/ui.go:107.3,109.39 3 1
orbyte/internal/platform/httpx/ui.go:109.39,112.4 2 0
orbyte/internal/platform/httpx/ui.go:113.3,114.17 2 1
orbyte/internal/platform/httpx/ui.go:114.17,117.4 2 1
orbyte/internal/platform/httpx/ui.go:118.3,119.23 2 0
orbyte/internal/platform/httpx/ui.go:119.23,132.4 1 0
orbyte/internal/platform/httpx/ui.go:133.3,133.42 1 0
orbyte/internal/platform/httpx/ui.go:136.2,136.80 1 1
orbyte/internal/platform/httpx/ui.go:136.80,138.10 2 1
orbyte/internal/platform/httpx/ui.go:138.10,140.4 1 0
orbyte/internal/platform/httpx/ui.go:141.3,142.20 2 1
orbyte/internal/platform/httpx/ui.go:142.20,145.4 2 0
orbyte/internal/platform/httpx/ui.go:146.3,147.30 2 1
orbyte/internal/platform/httpx/ui.go:147.30,148.27 1 1
orbyte/internal/platform/httpx/ui.go:148.27,151.5 2 1
orbyte/internal/platform/httpx/ui.go:153.3,153.53 1 0
orbyte/internal/platform/httpx/ui.go:156.2,156.88 1 1
orbyte/internal/platform/httpx/ui.go:156.88,158.10 2 1
orbyte/internal/platform/httpx/ui.go:158.10,160.4 1 0
orbyte/internal/platform/httpx/ui.go:161.3,162.17 2 1
orbyte/internal/platform/httpx/ui.go:162.17,165.4 2 0
orbyte/internal/platform/httpx/ui.go:166.3,167.10 2 1
orbyte/internal/platform/httpx/ui.go:167.10,170.4 2 1
orbyte/internal/platform/httpx/ui.go:171.3,171.75 1 1
orbyte/internal/platform/httpx/ui.go:171.75,174.4 2 0
orbyte/internal/platform/httpx/ui.go:175.3,175.99 1 1
orbyte/internal/platform/httpx/ui.go:175.99,178.4 2 0
orbyte/internal/platform/httpx/ui.go:179.3,179.113 1 1
orbyte/internal/platform/httpx/ui.go:179.113,182.4 2 0
orbyte/internal/platform/httpx/ui.go:183.3,183.99 1 1
orbyte/internal/platform/httpx/ui.go:183.99,186.4 2 0
orbyte/internal/platform/httpx/ui.go:187.3,187.44 1 1
orbyte/internal/platform/httpx/ui.go:190.2,190.89 1 1
orbyte/internal/platform/httpx/ui.go:190.89,192.10 2 0
orbyte/internal/platform/httpx/ui.go:192.10,194.4 1 0
orbyte/internal/platform/httpx/ui.go:195.3,196.20 2 0
orbyte/internal/platform/httpx/ui.go:196.20,199.4 2 0
orbyte/internal/platform/httpx/ui.go:200.3,201.69 2 0
orbyte/internal/platform/httpx/ui.go:201.69,204.4 2 0
orbyte/internal/platform/httpx/ui.go:205.3,205.38 1 0
orbyte/internal/platform/httpx/ui.go:208.2,208.89 1 1
orbyte/internal/platform/httpx/ui.go:208.89,209.54 1 1
orbyte/internal/platform/httpx/ui.go:209.54,211.4 1 0
orbyte/internal/platform/httpx/ui.go:212.3,213.22 2 1
orbyte/internal/platform/httpx/ui.go:213.22,216.4 2 0
orbyte/internal/platform/httpx/ui.go:217.3,217.41 1 1
orbyte/internal/platform/httpx/ui.go:217.41,218.33 1 1
orbyte/internal/platform/httpx/ui.go:218.33,219.13 1 1
orbyte/internal/platform/httpx/ui.go:221.4,221.51 1 1
orbyte/internal/platform/httpx/ui.go:221.51,222.32 1 1
orbyte/internal/platform/httpx/ui.go:222.32,223.14 1 0
orbyte/internal/platform/httpx/ui.go:225.5,227.11 3 1
orbyte/internal/platform/httpx/ui.go:230.3,230.62 1 1
orbyte/internal/platform/httpx/ui.go:233.2,233.88 1 1
orbyte/internal/platform/httpx/ui.go:233.88,235.10 2 0
orbyte/internal/platform/httpx/ui.go:235.10,237.4 1 0
orbyte/internal/platform/httpx/ui.go:238.3,238.63 1 0
orbyte/internal/platform/httpx/ui.go:238.63,241.4 2 0
orbyte/internal/platform/httpx/ui.go:242.3,247.30 6 0
orbyte/internal/platform/httpx/ui.go:247.30,248.63 1 0
orbyte/internal/platform/httpx/ui.go:248.63,249.13 1 0
orbyte/internal/platform/httpx/ui.go:251.4,251.57 1 0
orbyte/internal/platform/httpx/ui.go:251.57,252.13 1 0
orbyte/internal/platform/httpx/ui.go:254.4,254.100 1 0
orbyte/internal/platform/httpx/ui.go:254.100,255.13 1 0
orbyte/internal/platform/httpx/ui.go:257.4,268.6 1 0
orbyte/internal/platform/httpx/ui.go:270.3,270.44 1 0
orbyte/internal/platform/httpx/ui.go:270.44,273.19 3 0
orbyte/internal/platform/httpx/ui.go:274.18,275.62 1 0
orbyte/internal/platform/httpx/ui.go:276.22,277.81 1 0
orbyte/internal/platform/httpx/ui.go:278.12,279.54 1 0
orbyte/internal/platform/httpx/ui.go:282.3,282.67 1 0
orbyte/internal/platform/httpx/ui.go:285.2,285.89 1 1
orbyte/internal/platform/httpx/ui.go:285.89,287.10 2 1
orbyte/internal/platform/httpx/ui.go:287.10,289.4 1 0
orbyte/internal/platform/httpx/ui.go:290.3,290.63 1 1
orbyte/internal/platform/httpx/ui.go:290.63,293.4 2 0
orbyte/internal/platform/httpx/ui.go:294.3,295.23 2 1
orbyte/internal/platform/httpx/ui.go:295.23,298.4 2 0
orbyte/internal/platform/httpx/ui.go:299.3,300.17 2 1
orbyte/internal/platform/httpx/ui.go:300.17,303.4 2 0
orbyte/internal/platform/httpx/ui.go:304.3,304.117 1 1
orbyte/internal/platform/httpx/ui.go:304.117,307.4 2 0
orbyte/internal/platform/httpx/ui.go:308.3,312.94 5 1
orbyte/internal/platform/httpx/ui.go:312.94,313.38 1 1
orbyte/internal/platform/httpx/ui.go:313.38,318.5 4 1
orbyte/internal/platform/httpx/ui.go:319.4,319.27 1 1
orbyte/internal/platform/httpx/ui.go:321.3,328.5 1 1
orbyte/internal/platform/httpx/ui.go:331.2,331.100 1 1
orbyte/internal/platform/httpx/ui.go:331.100,333.10 2 0
orbyte/internal/platform/httpx/ui.go:333.10,335.4 1 0
orbyte/internal/platform/httpx/ui.go:336.3,336.63 1 0
orbyte/internal/platform/httpx/ui.go:336.63,339.4 2 0
orbyte/internal/platform/httpx/ui.go:340.3,342.30 3 0
orbyte/internal/platform/httpx/ui.go:342.30,343.100 1 0
orbyte/internal/platform/httpx/ui.go:343.100,344.13 1 0
orbyte/internal/platform/httpx/ui.go:346.4,357.6 1 0
orbyte/internal/platform/httpx/ui.go:359.3,359.67 1 0
orbyte/internal/platform/httpx/ui.go:362.2,362.97 1 1
orbyte/internal/platform/httpx/ui.go:362.97,364.10 2 0
orbyte/internal/platform/httpx/ui.go:364.10,366.4 1 0
orbyte/internal/platform/httpx/ui.go:367.3,367.64 1 0
orbyte/internal/platform/httpx/ui.go:367.64,370.4 2 0
orbyte/internal/platform/httpx/ui.go:371.3,371.57 1 0
orbyte/internal/platform/httpx/ui.go:374.2,374.97 1 1
orbyte/internal/platform/httpx/ui.go:374.97,376.10 2 0
orbyte/internal/platform/httpx/ui.go:376.10,378.4 1 0
orbyte/internal/platform/httpx/ui.go:379.3,379.65 1 0
orbyte/internal/platform/httpx/ui.go:379.65,382.4 2 0
orbyte/internal/platform/httpx/ui.go:383.3,383.57 1 0
orbyte/internal/platform/httpx/ui.go:386.2,386.85 1 1
orbyte/internal/platform/httpx/ui.go:386.85,388.10 2 1
orbyte/internal/platform/httpx/ui.go:388.10,390.4 1 0
orbyte/internal/platform/httpx/ui.go:391.3,393.13 3 1
orbyte/internal/platform/httpx/ui.go:393.13,396.4 2 0
orbyte/internal/platform/httpx/ui.go:397.3,397.69 1 1
orbyte/internal/platform/httpx/ui.go:397.69,400.4 2 0
orbyte/internal/platform/httpx/ui.go:401.3,410.93 2 1
orbyte/internal/platform/httpx/ui.go:410.93,413.4 2 0
orbyte/internal/platform/httpx/ui.go:414.3,415.17 2 1
orbyte/internal/platform/httpx/ui.go:415.17,418.4 2 0
orbyte/internal/platform/httpx/ui.go:419.3,420.99 2 1
orbyte/internal/platform/httpx/ui.go:423.2,423.86 1 1
orbyte/internal/platform/httpx/ui.go:423.86,425.10 2 1
orbyte/internal/platform/httpx/ui.go:425.10,427.4 1 0
orbyte/internal/platform/httpx/ui.go:428.3,429.28 2 1
orbyte/internal/platform/httpx/ui.go:429.28,432.4 2 0
orbyte/internal/platform/httpx/ui.go:433.3,434.13 2 1
orbyte/internal/platform/httpx/ui.go:434.13,437.4 2 0
orbyte/internal/platform/httpx/ui.go:438.3,438.69 1 1
orbyte/internal/platform/httpx/ui.go:438.69,441.4 2 0
orbyte/internal/platform/httpx/ui.go:442.3,443.17 2 1
orbyte/internal/platform/httpx/ui.go:443.17,446.4 2 0
orbyte/internal/platform/httpx/ui.go:447.3,450.42 4 1
orbyte/internal/platform/httpx/ui.go:450.42,452.18 2 1
orbyte/internal/platform/httpx/ui.go:452.18,454.32 2 1
orbyte/internal/platform/httpx/ui.go:454.32,456.6 1 0
orbyte/internal/platform/httpx/ui.go:457.5,457.39 1 1
orbyte/internal/platform/httpx/ui.go:459.4,459.71 1 1
orbyte/internal/platform/httpx/ui.go:459.71,461.5 1 1
orbyte/internal/platform/httpx/ui.go:463.3,464.41 2 1
orbyte/internal/platform/httpx/ui.go:467.2,467.98 1 1
orbyte/internal/platform/httpx/ui.go:467.98,469.10 2 0
orbyte/internal/platform/httpx/ui.go:469.10,471.4 1 0
orbyte/internal/platform/httpx/ui.go:472.3,472.64 1 0
orbyte/internal/platform/httpx/ui.go:472.64,475.4 2 0
orbyte/internal/platform/httpx/ui.go:476.3,477.23 2 0
orbyte/internal/platform/httpx/ui.go:477.23,480.4 2 0
orbyte/internal/platform/httpx/ui.go:481.3,484.100 4 0
orbyte/internal/platform/httpx/ui.go:484.100,486.14 2 0
orbyte/internal/platform/httpx/ui.go:486.14,489.5 2 0
orbyte/internal/platform/httpx/ui.go:490.4,492.18 3 0
orbyte/internal/platform/httpx/ui.go:492.18,495.5 2 0
orbyte/internal/platform/httpx/ui.go:496.9,496.111 1 0
orbyte/internal/platform/httpx/ui.go:496.111,498.22 2 0
orbyte/internal/platform/httpx/ui.go:498.22,503.19 5 0
orbyte/internal/platform/httpx/ui.go:503.19,506.6 2 0
orbyte/internal/platform/httpx/ui.go:507.5,507.29 1 0
orbyte/internal/platform/httpx/ui.go:507.29,508.47 1 0
orbyte/internal/platform/httpx/ui.go:508.47,510.7 1 0
orbyte/internal/platform/httpx/ui.go:512.5,512.27 1 0
orbyte/internal/platform/httpx/ui.go:512.27,513.45 1 0
orbyte/internal/platform/httpx/ui.go:513.45,515.7 1 0
orbyte/internal/platform/httpx/ui.go:519.3,527.17 2 0
orbyte/internal/platform/httpx/ui.go:527.17,530.4 2 0
orbyte/internal/platform/httpx/ui.go:531.3,531.41 1 0
orbyte/internal/platform/httpx/ui.go:534.2,534.96 1 1
orbyte/internal/platform/httpx/ui.go:534.96,536.10 2 0
orbyte/internal/platform/httpx/ui.go:536.10,538.4 1 0
orbyte/internal/platform/httpx/ui.go:539.3,539.64 1 0
orbyte/internal/platform/httpx/ui.go:539.64,542.4 2 0
orbyte/internal/platform/httpx/ui.go:543.3,544.21 2 0
orbyte/internal/platform/httpx/ui.go:544.21,547.4 2 0
orbyte/internal/platform/httpx/ui.go:548.3,549.13 2 0
orbyte/internal/platform/httpx/ui.go:549.13,552.4 2 0
orbyte/internal/platform/httpx/ui.go:553.3,554.17 2 0
orbyte/internal/platform/httpx/ui.go:554.17,557.4 2 0
orbyte/internal/platform/httpx/ui.go:558.3,567.17 2 0
orbyte/internal/platform/httpx/ui.go:567.17,570.4 2 0
orbyte/internal/platform/httpx/ui.go:571.3,571.41 1 0
orbyte/internal/platform/httpx/ui.go:574.2,574.94 1 1
orbyte/internal/platform/httpx/ui.go:574.94,576.10 2 1
orbyte/internal/platform/httpx/ui.go:576.10,578.4 1 0
orbyte/internal/platform/httpx/ui.go:579.3,579.64 1 1
orbyte/internal/platform/httpx/ui.go:579.64,582.4 2 0
orbyte/internal/platform/httpx/ui.go:583.3,584.19 2 1
orbyte/internal/platform/httpx/ui.go:584.19,587.4 2 0
orbyte/internal/platform/httpx/ui.go:588.3,591.43 4 1
orbyte/internal/platform/httpx/ui.go:591.43,594.14 3 1
orbyte/internal/platform/httpx/ui.go:594.14,597.5 2 0
orbyte/internal/platform/httpx/ui.go:598.4,600.18 3 1
orbyte/internal/platform/httpx/ui.go:600.18,603.5 2 1
orbyte/internal/platform/httpx/ui.go:604.9,604.35 1 1
orbyte/internal/platform/httpx/ui.go:604.35,606.22 2 1
orbyte/internal/platform/httpx/ui.go:606.22,609.19 3 1
orbyte/internal/platform/httpx/ui.go:609.19,612.6 2 1
orbyte/internal/platform/httpx/ui.go:615.3,624.17 2 1
orbyte/internal/platform/httpx/ui.go:624.17,627.4 2 0
orbyte/internal/platform/httpx/ui.go:628.3,628.41 1 1
orbyte/internal/platform/httpx/ui.go:632.114,633.41 1 0
orbyte/internal/platform/httpx/ui.go:633.41,634.34 1 0
orbyte/internal/platform/httpx/ui.go:634.34,635.12 1 0
orbyte/internal/platform/httpx/ui.go:637.3,638.17 2 0
orbyte/internal/platform/httpx/ui.go:638.17,640.4 1 0
orbyte/internal/platform/httpx/ui.go:641.3,641.15 1 0
orbyte/internal/platform/httpx/ui.go:643.2,643.12 1 0
orbyte/internal/platform/httpx/ui.go:646.36,648.19 2 1
orbyte/internal/platform/httpx/ui.go:648.19,650.3 1 0
orbyte/internal/platform/httpx/ui.go:651.2,653.29 3 1
orbyte/internal/platform/httpx/ui.go:653.29,655.17 2 1
orbyte/internal/platform/httpx/ui.go:655.17,657.4 1 1
orbyte/internal/platform/httpx/ui.go:659.2,659.12 1 1
orbyte/internal/platform/httpx/ui.go:662.92,663.37 1 1
orbyte/internal/platform/httpx/ui.go:663.37,666.3 2 0
orbyte/internal/platform/httpx/ui.go:667.2,668.9 2 1
orbyte/internal/platform/httpx/ui.go:668.9,671.3 2 1
orbyte/internal/platform/httpx/ui.go:672.2,672.29 1 1
orbyte/internal/platform/httpx/ui.go:672.29,675.3 2 0
orbyte/internal/platform/httpx/ui.go:676.2,676.16 1 1
orbyte/internal/platform/httpx/ui.go:679.90,680.41 1 1
orbyte/internal/platform/httpx/ui.go:680.41,681.42 1 1
orbyte/internal/platform/httpx/ui.go:681.42,682.12 1 0
orbyte/internal/platform/httpx/ui.go:684.3,684.103 1 1
orbyte/internal/platform/httpx/ui.go:684.103,686.4 1 0
orbyte/internal/platform/httpx/ui.go:688.2,688.13 1 1
orbyte/internal/platform/httpx/ui.go:691.257,702.40 10 1
orbyte/internal/platform/httpx/ui.go:702.40,703.32 1 1
orbyte/internal/platform/httpx/ui.go:703.32,704.12 1 1
orbyte/internal/platform/httpx/ui.go:706.3,706.59 1 1
orbyte/internal/platform/httpx/ui.go:706.59,707.48 1 1
orbyte/internal/platform/httpx/ui.go:707.48,708.13 1 1
orbyte/internal/platform/httpx/ui.go:710.4,710.65 1 1
orbyte/internal/platform/httpx/ui.go:710.65,711.13 1 0
orbyte/internal/platform/httpx/ui.go:713.4,713.29 1 1
orbyte/internal/platform/httpx/ui.go:714.34,715.29 1 1
orbyte/internal/platform/httpx/ui.go:715.29,717.72 2 1
orbyte/internal/platform/httpx/ui.go:717.72,718.15 1 0
orbyte/internal/platform/httpx/ui.go:720.6,720.29 1 1
orbyte/internal/platform/httpx/ui.go:720.29,723.7 2 1
orbyte/internal/platform/httpx/ui.go:725.33,727.66 2 1
orbyte/internal/platform/httpx/ui.go:727.66,728.145 1 1
orbyte/internal/platform/httpx/ui.go:728.145,730.32 2 1
orbyte/internal/platform/httpx/ui.go:730.32,733.8 2 1
orbyte/internal/platform/httpx/ui.go:734.7,734.12 1 1
orbyte/internal/platform/httpx/ui.go:737.5,737.22 1 1
orbyte/internal/platform/httpx/ui.go:737.22,738.14 1 0
orbyte/internal/platform/httpx/ui.go:740.31,742.65 2 1
orbyte/internal/platform/httpx/ui.go:742.65,743.135 1 1
orbyte/internal/platform/httpx/ui.go:743.135,745.30 2 1
orbyte/internal/platform/httpx/ui.go:745.30,748.8 2 1
orbyte/internal/platform/httpx/ui.go:749.7,749.12 1 1
orbyte/internal/platform/httpx/ui.go:752.5,752.21 1 1
orbyte/internal/platform/httpx/ui.go:752.21,753.14 1 0
orbyte/internal/platform/httpx/ui.go:756.4,756.31 1 1
orbyte/internal/platform/httpx/ui.go:756.31,759.5 2 1
orbyte/internal/platform/httpx/ui.go:763.2,763.40 1 1
orbyte/internal/platform/httpx/ui.go:763.40,764.32 1 1
orbyte/internal/platform/httpx/ui.go:764.32,765.12 1 1
orbyte/internal/platform/httpx/ui.go:767.3,767.58 1 1
orbyte/internal/platform/httpx/ui.go:767.58,768.49 1 1
orbyte/internal/platform/httpx/ui.go:768.49,769.13 1 1
orbyte/internal/platform/httpx/ui.go:771.4,771.100 1 1
orbyte/internal/platform/httpx/ui.go:771.100,772.13 1 0
orbyte/internal/platform/httpx/ui.go:774.4,774.48 1 1
orbyte/internal/platform/httpx/ui.go:778.2,778.47 1 1
orbyte/internal/platform/httpx/ui.go:778.47,779.53 1 1
orbyte/internal/platform/httpx/ui.go:779.53,781.4 1 0
orbyte/internal/platform/httpx/ui.go:782.3,782.55 1 1
orbyte/internal/platform/httpx/ui.go:784.2,784.49 1 1
orbyte/internal/platform/httpx/ui.go:784.49,784.105 1 1
orbyte/internal/platform/httpx/ui.go:785.2,785.47 1 1
orbyte/internal/platform/httpx/ui.go:785.47,785.99 1 1
orbyte/internal/platform/httpx/ui.go:786.2,786.49 1 1
orbyte/internal/platform/httpx/ui.go:786.49,786.105 1 0
orbyte/internal/platform/httpx/ui.go:787.2,787.47 1 1
orbyte/internal/platform/httpx/ui.go:787.47,787.99 1 0
orbyte/internal/platform/httpx/ui.go:789.2,789.81 1 1
orbyte/internal/platform/httpx/ui.go:792.67,794.21 2 1
orbyte/internal/platform/httpx/ui.go:794.21,796.3 1 1
orbyte/internal/platform/httpx/ui.go:797.2,797.58 1 1
orbyte/internal/platform/httpx/ui.go:797.58,799.3 1 0
orbyte/internal/platform/httpx/ui.go:800.2,800.68 1 1
orbyte/internal/platform/httpx/ui.go:803.42,805.38 2 1
orbyte/internal/platform/httpx/ui.go:805.38,807.3 1 0
orbyte/internal/platform/httpx/ui.go:808.2,808.60 1 1
orbyte/internal/platform/httpx/ui.go:811.44,813.38 2 1
orbyte/internal/platform/httpx/ui.go:813.38,815.3 1 0
orbyte/internal/platform/httpx/ui.go:816.2,816.87 1 1
orbyte/internal/platform/httpx/ui.go:3198.38,3353.2 1 1
